best_valid_epoch:1.0
train loss:0.08312709
valid loss:0.06606231
test loss list:tf.Tensor(0.26412788, shape=(), dtype=float32)
mean test loss:0.26412788
mean loss list:tf.Tensor(0.01785124, shape=(), dtype=float32)
mean mean loss:0.01785124
accuracy list:[<tf.Tensor: shape=(), dtype=float64, numpy=0.9818181818181818>]
mean accuracy:0.9818181818181818
-------
/Users/sherry/Downloads/Systematic-Predicate-Abstraction-using-Machine-Learning-master/Heuristic_selection/benchmarks/single-layer-graph-example/test_data/003-horn_000.smt2
true label:[0, 0, 0, 0, 0, 0, 0, 0, 0, 0, 0, 0, 0, 0, 0, 0, 1, 0, 0, 0, 0, 0, 0, 0, 0, 0, 0, 0, 0, 0, 0, 0, 0, 0, 0, 0, 0, 0, 0, 0, 0, 0, 0, 0, 0, 0, 0, 0, 0, 0, 0, 0, 0, 0, 0]
true label rank:[1 1 1 1 1 1 1 1 1 1 1 1 1 1 1 1 2 1 1 1 1 1 1 1 1 1 1 1 1 1 1 1 1 1 1 1 1
 1 1 1 1 1 1 1 1 1 1 1 1 1 1 1 1 1 1]
predicted label:tf.Tensor(
[0.2185784  0.21426171 0.1323824  0.12687725 0.21963182 0.21448821
 0.14040715 0.21893305 0.13220835 0.22022092 0.22061664 0.21485546
 0.23465285 0.21640724 0.20980766 0.13275728 0.14322823 0.17504036
 0.21771413 0.20658514 0.21957332 0.2287791  0.21452397 0.23730212
 0.21519959 0.22049496 0.21161506 0.2016226  0.21623778 0.26108682
 0.20902446 0.21116316 0.21605012 0.23857048 0.21397552 0.21355078
 0.21606293 0.24505487 0.21243095 0.20475319 0.21626186 0.22445652
 0.208846   0.1915681  0.2143225  0.19786304 0.21622768 0.17661944
 0.21302956 0.21144655 0.2082901  0.2142041  0.21355885 0.21150091
 0.20897618], shape=(55,), dtype=float32)
rounded label:tf.Tensor(
[0. 0. 0. 0. 0. 0. 0. 0. 0. 0. 0. 0. 0. 0. 0. 0. 0. 0. 0. 0. 0. 0. 0. 0.
 0. 0. 0. 0. 0. 0. 0. 0. 0. 0. 0. 0. 0. 0. 0. 0. 0. 0. 0. 0. 0. 0. 0. 0.
 0. 0. 0. 0. 0. 0. 0.], shape=(55,), dtype=float32)
predicted label rank:[1 1 1 1 1 1 1 1 1 1 1 1 1 1 1 1 1 1 1 1 1 1 1 1 1 1 1 1 1 1 1 1 1 1 1 1 1
 1 1 1 1 1 1 1 1 1 1 1 1 1 1 1 1 1 1]
mse:tf.Tensor(0.05631653, shape=(), dtype=float32)
-------
mean(mse_list):0.05631653
