best_valid_epoch:40.0
train loss:0.0004986341
valid loss:0.00022237824
test loss list:tf.Tensor(0.02368654, shape=(), dtype=float32)
mean test loss:0.02368654
mean loss list:tf.Tensor(0.01785124, shape=(), dtype=float32)
mean mean loss:0.01785124
accuracy list:[<tf.Tensor: shape=(), dtype=float64, numpy=1.0>]
mean accuracy:1.0
-------
/Users/sherry/Downloads/Systematic-Predicate-Abstraction-using-Machine-Learning-master/Heuristic_selection/benchmarks/single-layer-graph-example/test_data/003-horn_000.smt2
true label:[0, 0, 0, 0, 0, 0, 0, 0, 0, 0, 0, 0, 0, 0, 0, 0, 1, 0, 0, 0, 0, 0, 0, 0, 0, 0, 0, 0, 0, 0, 0, 0, 0, 0, 0, 0, 0, 0, 0, 0, 0, 0, 0, 0, 0, 0, 0, 0, 0, 0, 0, 0, 0, 0, 0]
true label rank:[1 1 1 1 1 1 1 1 1 1 1 1 1 1 1 1 2 1 1 1 1 1 1 1 1 1 1 1 1 1 1 1 1 1 1 1 1
 1 1 1 1 1 1 1 1 1 1 1 1 1 1 1 1 1 1]
predicted label:tf.Tensor(
[0.00179267 0.00178948 0.11820421 0.13260615 0.00173283 0.00177851
 0.10726336 0.00178853 0.11901641 0.00172767 0.00307336 0.00143781
 0.00296488 0.00265703 0.02193639 0.12109253 0.6824481  0.01414397
 0.00184637 0.01483145 0.0017935  0.01066881 0.00180489 0.00631461
 0.00178352 0.00847161 0.00183401 0.003777   0.0017719  0.01867786
 0.00178671 0.02847332 0.00172696 0.00781751 0.00181228 0.00537449
 0.00178334 0.00727072 0.00179571 0.00480756 0.00174195 0.02584887
 0.00180113 0.03490523 0.00177246 0.00412604 0.00183141 0.00293049
 0.00182313 0.00181258 0.00178793 0.00181276 0.00227639 0.00178722
 0.00179395], shape=(55,), dtype=float32)
rounded label:tf.Tensor(
[0. 0. 0. 0. 0. 0. 0. 0. 0. 0. 0. 0. 0. 0. 0. 0. 1. 0. 0. 0. 0. 0. 0. 0.
 0. 0. 0. 0. 0. 0. 0. 0. 0. 0. 0. 0. 0. 0. 0. 0. 0. 0. 0. 0. 0. 0. 0. 0.
 0. 0. 0. 0. 0. 0. 0.], shape=(55,), dtype=float32)
predicted label rank:[1 1 1 1 1 1 1 1 1 1 1 1 1 1 1 1 2 1 1 1 1 1 1 1 1 1 1 1 1 1 1 1 1 1 1 1 1
 1 1 1 1 1 1 1 1 1 1 1 1 1 1 1 1 1 1]
mse:tf.Tensor(0.0032223142, shape=(), dtype=float32)
-------
mean(mse_list):0.0032223142
