best_valid_epoch:39.0
train loss:0.00017761938
valid loss:0.00017358013
test loss list:tf.Tensor(0.012509971, shape=(), dtype=float32)
mean test loss:0.012509971
mean loss list:tf.Tensor(0.01785124, shape=(), dtype=float32)
mean mean loss:0.01785124
accuracy list:[<tf.Tensor: shape=(), dtype=float64, numpy=1.0>]
mean accuracy:1.0
-------
/Users/sherry/Downloads/Systematic-Predicate-Abstraction-using-Machine-Learning-master/Heuristic_selection/benchmarks/single-layer-graph-example/test_data/003-horn_000.smt2
true label:[0, 0, 0, 0, 0, 0, 0, 0, 0, 0, 0, 0, 0, 0, 0, 0, 1, 0, 0, 0, 0, 0, 0, 0, 0, 0, 0, 0, 0, 0, 0, 0, 0, 0, 0, 0, 0, 0, 0, 0, 0, 0, 0, 0, 0, 0, 0, 0, 0, 0, 0, 0, 0, 0, 0]
true label rank:[1 1 1 1 1 1 1 1 1 1 1 1 1 1 1 1 2 1 1 1 1 1 1 1 1 1 1 1 1 1 1 1 1 1 1 1 1
 1 1 1 1 1 1 1 1 1 1 1 1 1 1 1 1 1 1]
predicted label:tf.Tensor(
[2.48610973e-04 1.29610300e-04 1.02704763e-03 4.01109457e-04
 1.19667653e-04 1.70737505e-04 1.62184238e-04 1.94191933e-04
 1.27136707e-04 2.15828419e-04 1.21876597e-03 7.85589218e-04
 4.07755375e-04 3.82840633e-04 2.96175480e-04 2.12609768e-04
 5.12733757e-01 4.82916832e-04 1.23739243e-04 5.57273626e-04
 1.21015684e-04 1.78515911e-04 1.58190727e-04 2.03192234e-04
 8.94409604e-05 6.70522451e-04 2.03460455e-04 2.12222338e-04
 1.82360411e-04 6.49899244e-04 3.12000513e-04 2.24828720e-04
 2.33769417e-04 9.47117805e-04 1.24692917e-04 1.04105473e-03
 1.43766403e-04 3.21358442e-04 1.16298434e-04 1.58518553e-04
 2.01642513e-04 3.10748816e-04 1.09202687e-04 5.95211983e-04
 1.72138214e-04 2.55635381e-03 1.12891357e-04 9.01728868e-04
 1.13280905e-04 9.18927399e-05 1.73330307e-04 5.86650931e-05
 8.31782818e-04 1.55270100e-04 1.07796914e-04], shape=(55,), dtype=float32)
rounded label:tf.Tensor(
[0. 0. 0. 0. 0. 0. 0. 0. 0. 0. 0. 0. 0. 0. 0. 0. 1. 0. 0. 0. 0. 0. 0. 0.
 0. 0. 0. 0. 0. 0. 0. 0. 0. 0. 0. 0. 0. 0. 0. 0. 0. 0. 0. 0. 0. 0. 0. 0.
 0. 0. 0. 0. 0. 0. 0.], shape=(55,), dtype=float32)
predicted label rank:[1 1 1 1 1 1 1 1 1 1 1 1 1 1 1 1 2 1 1 1 1 1 1 1 1 1 1 1 1 1 1 1 1 1 1 1 1
 1 1 1 1 1 1 1 1 1 1 1 1 1 1 1 1 1 1]
mse:tf.Tensor(0.004317184, shape=(), dtype=float32)
-------
mean(mse_list):0.004317184
