best_valid_epoch:57.0
train loss:0.0001066669
valid loss:0.00010152451
test loss list:tf.Tensor(0.013135951, shape=(), dtype=float32)
mean test loss:0.013135951
mean loss list:tf.Tensor(0.01785124, shape=(), dtype=float32)
mean mean loss:0.01785124
accuracy list:[<tf.Tensor: shape=(), dtype=float64, numpy=1.0>]
mean accuracy:1.0
-------
/Users/sherry/Downloads/Systematic-Predicate-Abstraction-using-Machine-Learning-master/Heuristic_selection/benchmarks/single-layer-graph-example/test_data/003-horn_000.smt2
true label:[0, 0, 0, 0, 0, 0, 0, 0, 0, 0, 0, 0, 0, 0, 0, 0, 1, 0, 0, 0, 0, 0, 0, 0, 0, 0, 0, 0, 0, 0, 0, 0, 0, 0, 0, 0, 0, 0, 0, 0, 0, 0, 0, 0, 0, 0, 0, 0, 0, 0, 0, 0, 0, 0, 0]
true label rank:[1 1 1 1 1 1 1 1 1 1 1 1 1 1 1 1 2 1 1 1 1 1 1 1 1 1 1 1 1 1 1 1 1 1 1 1 1
 1 1 1 1 1 1 1 1 1 1 1 1 1 1 1 1 1 1]
predicted label:tf.Tensor(
[3.7965178e-04 5.8588386e-04 1.0751188e-03 3.0965805e-03 4.4202805e-04
 2.9098988e-04 2.7474165e-03 6.7660213e-04 1.2311339e-03 4.5725703e-04
 2.3231804e-03 1.8634498e-03 2.1270812e-03 1.6121864e-03 2.0191073e-03
 8.6510181e-04 5.1813865e-01 1.3692379e-03 6.6685677e-04 2.2904277e-03
 3.6591291e-04 1.9574761e-03 3.8424134e-04 1.9097030e-03 5.5894256e-04
 8.9788437e-04 2.0009279e-04 1.9141734e-03 6.5013766e-04 3.3421814e-03
 4.0358305e-04 2.4484694e-03 2.3412704e-04 1.0470450e-03 3.6776066e-04
 1.2152493e-03 6.0427189e-04 2.4941862e-03 3.1575561e-04 2.0417869e-03
 4.5165420e-04 2.2054315e-03 5.2851439e-04 1.5113056e-03 4.1326880e-04
 1.6382039e-03 4.1463971e-04 1.8983185e-03 2.6592612e-04 2.9623508e-04
 3.8772821e-04 2.8538704e-04 4.0358603e-03 5.1072240e-04 5.9345365e-04], shape=(55,), dtype=float32)
rounded label:tf.Tensor(
[0. 0. 0. 0. 0. 0. 0. 0. 0. 0. 0. 0. 0. 0. 0. 0. 1. 0. 0. 0. 0. 0. 0. 0.
 0. 0. 0. 0. 0. 0. 0. 0. 0. 0. 0. 0. 0. 0. 0. 0. 0. 0. 0. 0. 0. 0. 0. 0.
 0. 0. 0. 0. 0. 0. 0.], shape=(55,), dtype=float32)
predicted label rank:[1 1 1 1 1 1 1 1 1 1 1 1 1 1 1 1 2 1 1 1 1 1 1 1 1 1 1 1 1 1 1 1 1 1 1 1 1
 1 1 1 1 1 1 1 1 1 1 1 1 1 1 1 1 1 1]
mse:tf.Tensor(0.004223918, shape=(), dtype=float32)
-------
mean(mse_list):0.004223918
