best_valid_epoch:5.0
train loss:0.06623985
valid loss:0.0823678
test loss list:tf.Tensor(0.15523945, shape=(), dtype=float32)
mean test loss:0.15523945
mean loss list:tf.Tensor(0.011492698, shape=(), dtype=float32)
mean mean loss:0.011492698
accuracy list:[<tf.Tensor: shape=(), dtype=float64, numpy=0.9883720930232558>]
mean accuracy:0.9883720930232558
-------
/Users/sherry/Downloads/Systematic-Predicate-Abstraction-using-Machine-Learning-master/Heuristic_selection/benchmarks/single-layer-graph-example/test_data/multivar_true-unreach-call1.c.flat_000.smt2
true label:[0, 0, 0, 0, 0, 0, 0, 0, 0, 0, 0, 0, 0, 0, 0, 0, 0, 0, 0, 0, 0, 0, 0, 0, 0, 0, 0, 0, 0, 0, 0, 0, 0, 0, 0, 1, 0, 0, 0, 0, 0, 0, 0, 0, 0, 0, 0, 0, 0, 0, 0, 0, 0, 0, 0, 0, 0, 0, 0, 0, 0, 0, 0, 0, 0, 0, 0, 0, 0, 0, 0, 0, 0, 0, 0, 0, 0, 0, 0, 0, 0, 0, 0, 0, 0, 0]
true label rank:[1 1 1 1 1 1 1 1 1 1 1 1 1 1 1 1 1 1 1 1 1 1 1 1 1 1 1 1 1 1 1 1 1 1 1 2 1
 1 1 1 1 1 1 1 1 1 1 1 1 1 1 1 1 1 1 1 1 1 1 1 1 1 1 1 1 1 1 1 1 1 1 1 1 1
 1 1 1 1 1 1 1 1 1 1 1 1]
predicted label:tf.Tensor(
[0.07538909 0.18842879 0.15123698 0.07958785 0.17910048 0.06180456
 0.08455077 0.12514758 0.06588197 0.06588197 0.06214508 0.06214508
 0.07510877 0.07510877 0.07342675 0.07342675 0.10792974 0.1079298
 0.15774962 0.12003008 0.1360969  0.10710952 0.17781639 0.07538909
 0.07581171 0.06291378 0.04831818 0.1070163  0.07751012 0.22372198
 0.07615039 0.11654523 0.1393663  0.07885525 0.07885525 0.06774735
 0.22372198 0.08057004 0.08057007 0.09007314 0.09007311 0.13603255
 0.13603258 0.07272738 0.17781639 0.10651356 0.12003008 0.15119407
 0.10710952 0.09710586 0.1360969  0.19294232 0.15774962 0.09546208
 0.1070163  0.10824382 0.07581171 0.2141015  0.04831818 0.13574713
 0.06291378 0.19462141 0.0985595  0.12213114 0.10885945 0.10885942
 0.11123842 0.11123845 0.24278757 0.09719396 0.12146193 0.07889149
 0.1240629  0.13378322 0.12689081 0.12689081 0.12785953 0.12785953
 0.18471637 0.09719396 0.1273601  0.24278757 0.1451368  0.07889149
 0.1771369  0.12146196], shape=(86,), dtype=float32)
rounded label:tf.Tensor(
[0. 0. 0. 0. 0. 0. 0. 0. 0. 0. 0. 0. 0. 0. 0. 0. 0. 0. 0. 0. 0. 0. 0. 0.
 0. 0. 0. 0. 0. 0. 0. 0. 0. 0. 0. 0. 0. 0. 0. 0. 0. 0. 0. 0. 0. 0. 0. 0.
 0. 0. 0. 0. 0. 0. 0. 0. 0. 0. 0. 0. 0. 0. 0. 0. 0. 0. 0. 0. 0. 0. 0. 0.
 0. 0. 0. 0. 0. 0. 0. 0. 0. 0. 0. 0. 0. 0.], shape=(86,), dtype=float32)
predicted label rank:[1 1 1 1 1 1 1 1 1 1 1 1 1 1 1 1 1 1 1 1 1 1 1 1 1 1 1 1 1 1 1 1 1 1 1 1 1
 1 1 1 1 1 1 1 1 1 1 1 1 1 1 1 1 1 1 1 1 1 1 1 1 1 1 1 1 1 1 1 1 1 1 1 1 1
 1 1 1 1 1 1 1 1 1 1 1 1]
mse:tf.Tensor(0.025580587, shape=(), dtype=float32)
-------
mean(mse_list):0.025580587
