best_valid_epoch:4.0
train loss:0.007283308
valid loss:0.006424844
test loss list:tf.Tensor(0.082259685, shape=(), dtype=float32)
mean test loss:0.082259685
mean loss list:tf.Tensor(0.0026809457, shape=(), dtype=float32)
mean mean loss:0.0026809457
accuracy list:[<tf.Tensor: shape=(), dtype=float64, numpy=0.9973118279569892>]
mean accuracy:0.9973118279569892
-------
/Users/sherry/Downloads/Systematic-Predicate-Abstraction-using-Machine-Learning-master/Heuristic_selection/benchmarks/single-layer-graph-example/test_data/jayhorn-tmp_0_000-581.smt2
true label:[0, 0, 0, 0, 0, 0, 0, 0, 0, 0, 0, 0, 0, 0, 0, 0, 0, 0, 0, 0, 0, 0, 0, 0, 0, 0, 0, 0, 0, 0, 0, 0, 0, 0, 0, 0, 0, 0, 0, 0, 0, 0, 0, 0, 0, 0, 0, 0, 0, 0, 0, 0, 0, 0, 0, 0, 0, 0, 0, 0, 0, 0, 0, 0, 0, 0, 0, 0, 0, 0, 0, 0, 0, 0, 0, 0, 0, 0, 0, 0, 0, 0, 0, 0, 0, 0, 0, 0, 0, 0, 0, 0, 0, 0, 0, 0, 0, 0, 0, 0, 0, 0, 0, 0, 0, 0, 0, 0, 0, 0, 0, 0, 0, 0, 0, 0, 0, 0, 0, 0, 0, 0, 0, 0, 0, 0, 0, 0, 0, 0, 0, 0, 0, 0, 0, 0, 0, 0, 0, 0, 0, 0, 0, 0, 0, 0, 0, 0, 0, 0, 0, 0, 0, 0, 0, 0, 0, 0, 0, 0, 0, 0, 0, 0, 0, 0, 0, 0, 0, 0, 0, 0, 0, 0, 0, 0, 0, 0, 0, 0, 0, 0, 0, 0, 0, 0, 0, 0, 0, 0, 0, 0, 0, 0, 0, 0, 0, 0, 0, 0, 0, 0, 0, 0, 0, 0, 0, 0, 0, 0, 0, 0, 0, 0, 0, 0, 0, 0, 0, 0, 0, 0, 0, 0, 0, 0, 0, 0, 0, 0, 0, 0, 0, 0, 0, 0, 0, 0, 0, 0, 0, 0, 0, 0, 0, 0, 0, 0, 0, 0, 0, 0, 0, 0, 0, 0, 0, 0, 0, 0, 0, 0, 0, 0, 0, 0, 0, 0, 0, 0, 0, 0, 0, 0, 0, 0, 0, 0, 0, 0, 0, 0, 0, 0, 0, 0, 0, 0, 0, 0, 0, 0, 0, 0, 0, 0, 0, 0, 0, 0, 0, 0, 0, 0, 0, 0, 0, 0, 0, 0, 0, 0, 0, 0, 0, 0, 0, 0, 0, 0, 0, 0, 0, 0, 0, 0, 0, 0, 0, 0, 0, 0, 0, 0, 0, 0, 0, 0, 0, 0, 0, 0, 0, 0, 0, 0, 0, 0, 0, 0, 0, 0, 0, 1, 0, 0, 0, 0, 0, 0, 0, 0, 0, 0, 0, 0, 0, 0, 0, 0, 0, 0]
true label rank:[1 1 1 1 1 1 1 1 1 1 1 1 1 1 1 1 1 1 1 1 1 1 1 1 1 1 1 1 1 1 1 1 1 1 1 1 1
 1 1 1 1 1 1 1 1 1 1 1 1 1 1 1 1 1 1 1 1 1 1 1 1 1 1 1 1 1 1 1 1 1 1 1 1 1
 1 1 1 1 1 1 1 1 1 1 1 1 1 1 1 1 1 1 1 1 1 1 1 1 1 1 1 1 1 1 1 1 1 1 1 1 1
 1 1 1 1 1 1 1 1 1 1 1 1 1 1 1 1 1 1 1 1 1 1 1 1 1 1 1 1 1 1 1 1 1 1 1 1 1
 1 1 1 1 1 1 1 1 1 1 1 1 1 1 1 1 1 1 1 1 1 1 1 1 1 1 1 1 1 1 1 1 1 1 1 1 1
 1 1 1 1 1 1 1 1 1 1 1 1 1 1 1 1 1 1 1 1 1 1 1 1 1 1 1 1 1 1 1 1 1 1 1 1 1
 1 1 1 1 1 1 1 1 1 1 1 1 1 1 1 1 1 1 1 1 1 1 1 1 1 1 1 1 1 1 1 1 1 1 1 1 1
 1 1 1 1 1 1 1 1 1 1 1 1 1 1 1 1 1 1 1 1 1 1 1 1 1 1 1 1 1 1 1 1 1 1 1 1 1
 1 1 1 1 1 1 1 1 1 1 1 1 1 1 1 1 1 1 1 1 1 1 1 1 1 1 1 1 1 1 1 1 1 1 1 1 1
 1 1 1 1 1 1 1 1 1 1 1 1 1 1 1 1 1 1 1 1 2 1 1 1 1 1 1 1 1 1 1 1 1 1 1 1 1
 1 1]
predicted label:tf.Tensor(
[0.11044127 0.0123136  0.02965897 0.02701712 0.0286634  0.05134624
 0.14638838 0.12310892 0.12272373 0.10422808 0.21595165 0.02879074
 0.10173932 0.10173941 0.01791337 0.01791328 0.02442667 0.0244267
 0.03255388 0.03255415 0.0325551  0.03255537 0.02112627 0.02112618
 0.03280362 0.0328041  0.02915955 0.02915955 0.03073582 0.03073508
 0.03073582 0.03073508 0.04401177 0.0691444  0.02701712 0.05714002
 0.0621455  0.08590427 0.08590427 0.06109899 0.14553228 0.06913975
 0.06920189 0.12074637 0.10065362 0.02010772 0.19074166 0.19074163
 0.08512935 0.14651352 0.13158539 0.13116878 0.09175551 0.21959782
 0.02649298 0.10060653 0.10060662 0.11193866 0.08512935 0.11124447
 0.11124751 0.12466282 0.12466341 0.12446776 0.12446821 0.11085904
 0.11086056 0.1986683  0.19866967 0.02135831 0.0213578  0.09127891
 0.09128451 0.09127885 0.09128454 0.05033785 0.04401177 0.07345894
 0.0286634  0.05761588 0.08590427 0.05762216 0.08590427 0.05386358
 0.0621455  0.0897842  0.05714002 0.05006483 0.0691444  0.09032503
 0.09032494 0.02713588 0.02205649 0.06109899 0.04311392 0.02010772
 0.03779978 0.19074166 0.03822553 0.19074163 0.03071672 0.10065362
 0.05419835 0.12074637 0.02341652 0.14553228 0.06203362 0.06913975
 0.06203359 0.06920189 0.06520665 0.12228259 0.12864202 0.12833029
 0.09138635 0.2213924  0.0267095  0.09396338 0.09396341 0.01744932
 0.01744932 0.0254513  0.0254513  0.02769867 0.02769861 0.02771464
 0.02771455 0.05223405 0.05223387 0.03858078 0.03858101 0.01304731
 0.01304725 0.04972714 0.04972708 0.04972711 0.04972708 0.03428778
 0.04315335 0.0300943  0.03011298 0.03014374 0.08764547 0.01828808
 0.06947103 0.06947103 0.05617684 0.10976315 0.1186417  0.11853498
 0.0824644  0.20026875 0.02717447 0.08835894 0.08835903 0.10846633
 0.05617684 0.09051588 0.09051618 0.11789849 0.11789906 0.1176143
 0.11761484 0.09516788 0.09517208 0.16303036 0.16302654 0.01681197
 0.01681215 0.08496436 0.08496496 0.08496436 0.08496499 0.05607042
 0.03428778 0.09176373 0.01828808 0.04180986 0.06947103 0.0417856
 0.06947103 0.05734637 0.08764547 0.05365285 0.03014374 0.02607858
 0.04315335 0.08294261 0.0300943  0.08294269 0.03011298 0.04540613
 0.11583447 0.12215653 0.12180269 0.10166448 0.18071473 0.01926896
 0.08181795 0.08181801 0.02292395 0.02292395 0.04779312 0.0477933
 0.05359629 0.05359629 0.05386907 0.05386913 0.03328073 0.03328106
 0.03693303 0.03693303 0.02215222 0.0221523  0.0259006  0.02590063
 0.02590054 0.02590066 0.06604713 0.09698507 0.12444308 0.12410831
 0.07820183 0.18079436 0.02341995 0.08613294 0.08613306 0.1081655
 0.06604713 0.07656479 0.07656536 0.1274327  0.12743264 0.1270031
 0.12700355 0.06771022 0.06771395 0.18303579 0.18303868 0.01873237
 0.01873267 0.09835494 0.09835523 0.09835494 0.09835514 0.12361792
 0.10700625 0.10164654 0.10164648 0.02361032 0.02361029 0.03718999
 0.03719005 0.01057699 0.01057705 0.01057699 0.01057705 0.07044253
 0.0605531  0.04193565 0.04193565 0.14868572 0.11689806 0.0923053
 0.09230533 0.11611167 0.1099588  0.10250947 0.10250941 0.09418717
 0.09418947 0.10786518 0.10786527 0.08626294 0.08627835 0.08626294
 0.08627832 0.08137998 0.04193565 0.08408022 0.04193565 0.06256151
 0.07044253 0.06256133 0.0605531  0.04320276 0.0923053  0.05558732
 0.09230533 0.02333891 0.14868572 0.02333894 0.11689806 0.09360427
 0.10335532 0.10230207 0.1023019  0.02620006 0.02620012 0.07801762
 0.07801798 0.02346078 0.02346069 0.02346092 0.02346075 0.04353249
 0.04215267 0.02376133 0.02376136 0.08148354 0.09585086 0.08832842
 0.0883283  0.07672232 0.07672435 0.10786858 0.10786864 0.08199644
 0.08200589 0.08199635 0.08200592 0.08667922 0.02376133 0.07260808
 0.02376136 0.03965294 0.04353249 0.03965271 0.04215267 0.09294638
 0.1058253  0.08441934 0.08441925 0.04868183 0.04868189 0.03513595
 0.03513592 0.01258641 0.01258647 0.01258639 0.01258647 0.07981098
 0.10282955 0.08783832 0.08783817 0.06905207 0.06905216 0.1002804
 0.10028064 0.08205113 0.08204931 0.0820511  0.08204925 0.20696273
 0.02838433 0.06109899 0.14553219 0.14553228 0.06913969 0.06913975
 0.06920186 0.06920189 0.12074643 0.12074637 0.10065386 0.10065362
 0.02010775 0.02010772 0.19074151 0.19074166 0.19074151 0.19074163], shape=(372,), dtype=float32)
rounded label:tf.Tensor(
[0. 0. 0. 0. 0. 0. 0. 0. 0. 0. 0. 0. 0. 0. 0. 0. 0. 0. 0. 0. 0. 0. 0. 0.
 0. 0. 0. 0. 0. 0. 0. 0. 0. 0. 0. 0. 0. 0. 0. 0. 0. 0. 0. 0. 0. 0. 0. 0.
 0. 0. 0. 0. 0. 0. 0. 0. 0. 0. 0. 0. 0. 0. 0. 0. 0. 0. 0. 0. 0. 0. 0. 0.
 0. 0. 0. 0. 0. 0. 0. 0. 0. 0. 0. 0. 0. 0. 0. 0. 0. 0. 0. 0. 0. 0. 0. 0.
 0. 0. 0. 0. 0. 0. 0. 0. 0. 0. 0. 0. 0. 0. 0. 0. 0. 0. 0. 0. 0. 0. 0. 0.
 0. 0. 0. 0. 0. 0. 0. 0. 0. 0. 0. 0. 0. 0. 0. 0. 0. 0. 0. 0. 0. 0. 0. 0.
 0. 0. 0. 0. 0. 0. 0. 0. 0. 0. 0. 0. 0. 0. 0. 0. 0. 0. 0. 0. 0. 0. 0. 0.
 0. 0. 0. 0. 0. 0. 0. 0. 0. 0. 0. 0. 0. 0. 0. 0. 0. 0. 0. 0. 0. 0. 0. 0.
 0. 0. 0. 0. 0. 0. 0. 0. 0. 0. 0. 0. 0. 0. 0. 0. 0. 0. 0. 0. 0. 0. 0. 0.
 0. 0. 0. 0. 0. 0. 0. 0. 0. 0. 0. 0. 0. 0. 0. 0. 0. 0. 0. 0. 0. 0. 0. 0.
 0. 0. 0. 0. 0. 0. 0. 0. 0. 0. 0. 0. 0. 0. 0. 0. 0. 0. 0. 0. 0. 0. 0. 0.
 0. 0. 0. 0. 0. 0. 0. 0. 0. 0. 0. 0. 0. 0. 0. 0. 0. 0. 0. 0. 0. 0. 0. 0.
 0. 0. 0. 0. 0. 0. 0. 0. 0. 0. 0. 0. 0. 0. 0. 0. 0. 0. 0. 0. 0. 0. 0. 0.
 0. 0. 0. 0. 0. 0. 0. 0. 0. 0. 0. 0. 0. 0. 0. 0. 0. 0. 0. 0. 0. 0. 0. 0.
 0. 0. 0. 0. 0. 0. 0. 0. 0. 0. 0. 0. 0. 0. 0. 0. 0. 0. 0. 0. 0. 0. 0. 0.
 0. 0. 0. 0. 0. 0. 0. 0. 0. 0. 0. 0.], shape=(372,), dtype=float32)
predicted label rank:[1 1 1 1 1 1 1 1 1 1 1 1 1 1 1 1 1 1 1 1 1 1 1 1 1 1 1 1 1 1 1 1 1 1 1 1 1
 1 1 1 1 1 1 1 1 1 1 1 1 1 1 1 1 1 1 1 1 1 1 1 1 1 1 1 1 1 1 1 1 1 1 1 1 1
 1 1 1 1 1 1 1 1 1 1 1 1 1 1 1 1 1 1 1 1 1 1 1 1 1 1 1 1 1 1 1 1 1 1 1 1 1
 1 1 1 1 1 1 1 1 1 1 1 1 1 1 1 1 1 1 1 1 1 1 1 1 1 1 1 1 1 1 1 1 1 1 1 1 1
 1 1 1 1 1 1 1 1 1 1 1 1 1 1 1 1 1 1 1 1 1 1 1 1 1 1 1 1 1 1 1 1 1 1 1 1 1
 1 1 1 1 1 1 1 1 1 1 1 1 1 1 1 1 1 1 1 1 1 1 1 1 1 1 1 1 1 1 1 1 1 1 1 1 1
 1 1 1 1 1 1 1 1 1 1 1 1 1 1 1 1 1 1 1 1 1 1 1 1 1 1 1 1 1 1 1 1 1 1 1 1 1
 1 1 1 1 1 1 1 1 1 1 1 1 1 1 1 1 1 1 1 1 1 1 1 1 1 1 1 1 1 1 1 1 1 1 1 1 1
 1 1 1 1 1 1 1 1 1 1 1 1 1 1 1 1 1 1 1 1 1 1 1 1 1 1 1 1 1 1 1 1 1 1 1 1 1
 1 1 1 1 1 1 1 1 1 1 1 1 1 1 1 1 1 1 1 1 1 1 1 1 1 1 1 1 1 1 1 1 1 1 1 1 1
 1 1]
mse:tf.Tensor(0.009193306, shape=(), dtype=float32)
-------
mean(mse_list):0.009193306
