best_valid_epoch:3.0
train loss:0.078241944
valid loss:0.074094296
test loss list:tf.Tensor(0.42582026, shape=(), dtype=float32)
mean test loss:0.42582026
mean loss list:tf.Tensor(0.032016136, shape=(), dtype=float32)
mean mean loss:0.032016136
accuracy list:[<tf.Tensor: shape=(), dtype=float64, numpy=0.9668874172185431>]
mean accuracy:0.9668874172185431
-------
/Users/sherry/Downloads/Systematic-Predicate-Abstraction-using-Machine-Learning-master/Heuristic_selection/benchmarks/single-layer-graph-example/test_data/dillig28.c_000.smt2
true label:[0, 0, 0, 0, 0, 0, 0, 0, 0, 0, 0, 0, 0, 0, 0, 0, 0, 0, 1, 0, 0, 0, 0, 0, 0, 0, 0, 0, 0, 0, 0, 0, 0, 0, 0, 0, 0, 0, 0, 0, 0, 0, 0, 0, 0, 0, 0, 0, 0, 0, 0, 0, 0, 0, 0, 1, 0, 0, 0, 0, 0, 0, 0, 0, 0, 0, 0, 0, 0, 0, 0, 0, 0, 0, 0, 0, 0, 0, 0, 0, 0, 0, 0, 0, 0, 0, 0, 0, 0, 0, 0, 1, 0, 0, 0, 0, 0, 0, 0, 0, 0, 0, 0, 0, 0, 0, 0, 0, 0, 0, 0, 0, 0, 0, 0, 0, 0, 0, 0, 0, 0, 0, 0, 0, 0, 0, 0, 1, 0, 0, 0, 0, 0, 0, 0, 0, 0, 0, 0, 0, 0, 0, 0, 0, 0, 1, 0, 0, 0, 0, 0]
true label rank:[1 1 1 1 1 1 1 1 1 1 1 1 1 1 1 1 1 1 2 1 1 1 1 1 1 1 1 1 1 1 1 1 1 1 1 1 1
 1 1 1 1 1 1 1 1 1 1 1 1 1 1 1 1 1 1 2 1 1 1 1 1 1 1 1 1 1 1 1 1 1 1 1 1 1
 1 1 1 1 1 1 1 1 1 1 1 1 1 1 1 1 1 2 1 1 1 1 1 1 1 1 1 1 1 1 1 1 1 1 1 1 1
 1 1 1 1 1 1 1 1 1 1 1 1 1 1 1 1 2 1 1 1 1 1 1 1 1 1 1 1 1 1 1 1 1 1 2 1 1
 1 1 1]
predicted label:tf.Tensor(
[0.42082044 0.29918134 0.35384727 0.30184335 0.31562278 0.29025567
 0.27654454 0.345195   0.33307022 0.39805266 0.33156985 0.3393775
 0.32998598 0.28990173 0.31917536 0.39004117 0.2996377  0.3525958
 0.41097063 0.39004117 0.31238413 0.3035174  0.3611818  0.354132
 0.33869582 0.39805266 0.29570875 0.3393775  0.34518257 0.33156985
 0.34520113 0.32998598 0.29555434 0.31917536 0.35083824 0.28990173
 0.49800304 0.42082044 0.29918134 0.35384727 0.30184335 0.31562278
 0.29025567 0.27654454 0.345195   0.33307022 0.39805266 0.33156985
 0.3393775  0.32998598 0.28990173 0.31917536 0.39004117 0.2996377
 0.3525958  0.41097063 0.39004117 0.31238413 0.3035174  0.3611818
 0.354132   0.33869582 0.39805266 0.29570875 0.3393775  0.34518257
 0.33156985 0.34520113 0.32998598 0.29555434 0.31917536 0.35083824
 0.28990173 0.42082044 0.29918134 0.35384727 0.30184335 0.31562278
 0.29025567 0.27654454 0.345195   0.33307022 0.39805266 0.33156985
 0.3393775  0.32998598 0.28990173 0.31917536 0.39004117 0.2996377
 0.3525958  0.41097063 0.39004117 0.31238413 0.3035174  0.3611818
 0.354132   0.33869582 0.39805266 0.29570875 0.3393775  0.34518257
 0.33156985 0.34520113 0.32998598 0.29555434 0.31917536 0.35083824
 0.28990173 0.42082044 0.29918134 0.35384727 0.30184335 0.31562278
 0.29025567 0.27654454 0.345195   0.33307022 0.39805266 0.33156985
 0.3393775  0.32998598 0.28990173 0.31917536 0.39004117 0.2996377
 0.3525958  0.41097063 0.39004117 0.31238413 0.3035174  0.3611818
 0.354132   0.33869582 0.39805266 0.29570875 0.3393775  0.34518257
 0.33156985 0.34520113 0.32998598 0.29555434 0.31917536 0.35083827
 0.28990173 0.34228003 0.32998598 0.3057573  0.28990173 0.33263603
 0.31917536], shape=(151,), dtype=float32)
rounded label:tf.Tensor(
[0. 0. 0. 0. 0. 0. 0. 0. 0. 0. 0. 0. 0. 0. 0. 0. 0. 0. 0. 0. 0. 0. 0. 0.
 0. 0. 0. 0. 0. 0. 0. 0. 0. 0. 0. 0. 0. 0. 0. 0. 0. 0. 0. 0. 0. 0. 0. 0.
 0. 0. 0. 0. 0. 0. 0. 0. 0. 0. 0. 0. 0. 0. 0. 0. 0. 0. 0. 0. 0. 0. 0. 0.
 0. 0. 0. 0. 0. 0. 0. 0. 0. 0. 0. 0. 0. 0. 0. 0. 0. 0. 0. 0. 0. 0. 0. 0.
 0. 0. 0. 0. 0. 0. 0. 0. 0. 0. 0. 0. 0. 0. 0. 0. 0. 0. 0. 0. 0. 0. 0. 0.
 0. 0. 0. 0. 0. 0. 0. 0. 0. 0. 0. 0. 0. 0. 0. 0. 0. 0. 0. 0. 0. 0. 0. 0.
 0. 0. 0. 0. 0. 0. 0.], shape=(151,), dtype=float32)
predicted label rank:[1 1 1 1 1 1 1 1 1 1 1 1 1 1 1 1 1 1 1 1 1 1 1 1 1 1 1 1 1 1 1 1 1 1 1 1 1
 1 1 1 1 1 1 1 1 1 1 1 1 1 1 1 1 1 1 1 1 1 1 1 1 1 1 1 1 1 1 1 1 1 1 1 1 1
 1 1 1 1 1 1 1 1 1 1 1 1 1 1 1 1 1 1 1 1 1 1 1 1 1 1 1 1 1 1 1 1 1 1 1 1 1
 1 1 1 1 1 1 1 1 1 1 1 1 1 1 1 1 1 1 1 1 1 1 1 1 1 1 1 1 1 1 1 1 1 1 1 1 1
 1 1 1]
mse:tf.Tensor(0.12150425, shape=(), dtype=float32)
-------
mean(mse_list):0.12150425
