best_valid_epoch:3.0
train loss:0.16418831
valid loss:0.13009618
test loss list:tf.Tensor(0.21279646, shape=(), dtype=float32)
mean test loss:0.21279646
mean loss list:tf.Tensor(0.032016136, shape=(), dtype=float32)
mean mean loss:0.032016136
accuracy list:[<tf.Tensor: shape=(), dtype=float64, numpy=0.9668874172185431>]
mean accuracy:0.9668874172185431
-------
/Users/sherry/Downloads/Systematic-Predicate-Abstraction-using-Machine-Learning-master/Heuristic_selection/benchmarks/single-layer-graph-example/test_data/dillig28.c_000.smt2
true label:[0, 0, 0, 0, 0, 0, 0, 0, 0, 0, 0, 0, 0, 0, 0, 0, 0, 0, 1, 0, 0, 0, 0, 0, 0, 0, 0, 0, 0, 0, 0, 0, 0, 0, 0, 0, 0, 0, 0, 0, 0, 0, 0, 0, 0, 0, 0, 0, 0, 0, 0, 0, 0, 0, 0, 1, 0, 0, 0, 0, 0, 0, 0, 0, 0, 0, 0, 0, 0, 0, 0, 0, 0, 0, 0, 0, 0, 0, 0, 0, 0, 0, 0, 0, 0, 0, 0, 0, 0, 0, 0, 1, 0, 0, 0, 0, 0, 0, 0, 0, 0, 0, 0, 0, 0, 0, 0, 0, 0, 0, 0, 0, 0, 0, 0, 0, 0, 0, 0, 0, 0, 0, 0, 0, 0, 0, 0, 1, 0, 0, 0, 0, 0, 0, 0, 0, 0, 0, 0, 0, 0, 0, 0, 0, 0, 1, 0, 0, 0, 0, 0]
true label rank:[1 1 1 1 1 1 1 1 1 1 1 1 1 1 1 1 1 1 2 1 1 1 1 1 1 1 1 1 1 1 1 1 1 1 1 1 1
 1 1 1 1 1 1 1 1 1 1 1 1 1 1 1 1 1 1 2 1 1 1 1 1 1 1 1 1 1 1 1 1 1 1 1 1 1
 1 1 1 1 1 1 1 1 1 1 1 1 1 1 1 1 1 2 1 1 1 1 1 1 1 1 1 1 1 1 1 1 1 1 1 1 1
 1 1 1 1 1 1 1 1 1 1 1 1 1 1 1 1 2 1 1 1 1 1 1 1 1 1 1 1 1 1 1 1 1 1 2 1 1
 1 1 1]
predicted label:tf.Tensor(
[0.07758006 0.17441663 0.08281434 0.28576994 0.28576994 0.25938332
 0.25938308 0.16588941 0.16588944 0.15645087 0.11994106 0.11038119
 0.10531962 0.06601602 0.07921499 0.08475819 0.19162485 0.08862099
 0.09450957 0.08475819 0.12883353 0.12883452 0.06764117 0.06763974
 0.15012676 0.15645087 0.0642117  0.11038119 0.04872745 0.11994106
 0.15111083 0.10531962 0.09701574 0.07921499 0.07824689 0.06601602
 0.38396254 0.07758006 0.17441663 0.08281434 0.28576994 0.28576994
 0.25938332 0.25938308 0.16588941 0.16588944 0.15645087 0.11994106
 0.11038119 0.10531962 0.06601602 0.07921499 0.08475819 0.19162485
 0.08862099 0.09450957 0.08475819 0.12883353 0.12883452 0.06764117
 0.06763974 0.15012676 0.15645087 0.0642117  0.11038119 0.04872745
 0.11994106 0.15111083 0.10531962 0.09701574 0.07921499 0.07824689
 0.06601602 0.07758006 0.17441663 0.08281434 0.28576994 0.28576994
 0.25938332 0.25938308 0.16588941 0.16588944 0.15645087 0.11994106
 0.11038119 0.10531962 0.06601602 0.07921499 0.08475819 0.19162485
 0.08862099 0.09450957 0.08475819 0.12883353 0.12883452 0.06764117
 0.06763974 0.15012676 0.15645087 0.0642117  0.11038119 0.04872745
 0.11994106 0.15111083 0.10531962 0.09701574 0.07921499 0.07824689
 0.06601602 0.07758006 0.17441663 0.08281434 0.28576994 0.28576994
 0.25938332 0.25938308 0.16588941 0.16588944 0.15645087 0.11994106
 0.11038119 0.10531962 0.06601602 0.07921499 0.08475819 0.19162485
 0.08862099 0.09450957 0.08475819 0.12883353 0.12883452 0.06764117
 0.06763974 0.15012676 0.15645087 0.0642117  0.11038119 0.04872745
 0.11994106 0.15111083 0.10531962 0.09701574 0.07921499 0.07824686
 0.06601602 0.10005662 0.10531962 0.06601548 0.06601602 0.07921499
 0.07921496], shape=(151,), dtype=float32)
rounded label:tf.Tensor(
[0. 0. 0. 0. 0. 0. 0. 0. 0. 0. 0. 0. 0. 0. 0. 0. 0. 0. 0. 0. 0. 0. 0. 0.
 0. 0. 0. 0. 0. 0. 0. 0. 0. 0. 0. 0. 0. 0. 0. 0. 0. 0. 0. 0. 0. 0. 0. 0.
 0. 0. 0. 0. 0. 0. 0. 0. 0. 0. 0. 0. 0. 0. 0. 0. 0. 0. 0. 0. 0. 0. 0. 0.
 0. 0. 0. 0. 0. 0. 0. 0. 0. 0. 0. 0. 0. 0. 0. 0. 0. 0. 0. 0. 0. 0. 0. 0.
 0. 0. 0. 0. 0. 0. 0. 0. 0. 0. 0. 0. 0. 0. 0. 0. 0. 0. 0. 0. 0. 0. 0. 0.
 0. 0. 0. 0. 0. 0. 0. 0. 0. 0. 0. 0. 0. 0. 0. 0. 0. 0. 0. 0. 0. 0. 0. 0.
 0. 0. 0. 0. 0. 0. 0.], shape=(151,), dtype=float32)
predicted label rank:[1 1 1 1 1 1 1 1 1 1 1 1 1 1 1 1 1 1 1 1 1 1 1 1 1 1 1 1 1 1 1 1 1 1 1 1 1
 1 1 1 1 1 1 1 1 1 1 1 1 1 1 1 1 1 1 1 1 1 1 1 1 1 1 1 1 1 1 1 1 1 1 1 1 1
 1 1 1 1 1 1 1 1 1 1 1 1 1 1 1 1 1 1 1 1 1 1 1 1 1 1 1 1 1 1 1 1 1 1 1 1 1
 1 1 1 1 1 1 1 1 1 1 1 1 1 1 1 1 1 1 1 1 1 1 1 1 1 1 1 1 1 1 1 1 1 1 1 1 1
 1 1 1]
mse:tf.Tensor(0.04709393, shape=(), dtype=float32)
-------
mean(mse_list):0.04709393
