best_valid_epoch:1.0
train loss:0.14292966
valid loss:0.1713433
test loss list:tf.Tensor(0.30992553, shape=(), dtype=float32)
mean test loss:0.30992553
mean loss list:tf.Tensor(0.027006166, shape=(), dtype=float32)
mean mean loss:0.027006166
accuracy list:[<tf.Tensor: shape=(), dtype=float64, numpy=0.9722222222222222>]
mean accuracy:0.9722222222222222
-------
/Users/sherry/Downloads/Systematic-Predicate-Abstraction-using-Machine-Learning-master/Heuristic_selection/benchmarks/single-layer-graph-example/test_data/s_disj_ite_05_000.smt2
true label:[0, 0, 1, 0, 0, 0, 0, 0, 0, 0, 0, 0, 0, 0, 0, 0, 0, 0, 0, 0, 0, 0, 0, 0, 0, 0, 0, 0, 0, 0, 0, 0, 0, 1, 0, 0, 0, 0, 0, 0, 0, 0, 0, 0, 0, 0, 0, 0, 0, 0, 0, 1, 0, 0, 0, 0, 0, 0, 0, 0, 0, 0, 0, 0, 0, 0, 0, 0, 0, 0, 0, 0, 0, 0, 0, 0, 0, 0, 0, 0, 0, 0, 0, 0, 0, 0, 0, 0, 0, 0, 0, 0, 0, 0, 0, 0, 0, 0, 0, 0, 0, 0, 0, 0, 0, 0, 0, 0]
true label rank:[1 1 2 1 1 1 1 1 1 1 1 1 1 1 1 1 1 1 1 1 1 1 1 1 1 1 1 1 1 1 1 1 1 2 1 1 1
 1 1 1 1 1 1 1 1 1 1 1 1 1 1 2 1 1 1 1 1 1 1 1 1 1 1 1 1 1 1 1 1 1 1 1 1 1
 1 1 1 1 1 1 1 1 1 1 1 1 1 1 1 1 1 1 1 1 1 1 1 1 1 1 1 1 1 1 1 1 1 1]
predicted label:tf.Tensor(
[0.22344005 0.24811998 0.24926636 0.33208817 0.36141235 0.34239945
 0.22971675 0.31456193 0.19342947 0.19342181 0.31550282 0.3154944
 0.17574751 0.17574751 0.24365878 0.24366057 0.26772982 0.2677355
 0.139913   0.40051845 0.18904263 0.16262075 0.21199551 0.18236187
 0.24926636 0.16234466 0.22296089 0.279463   0.34378287 0.30281237
 0.24427596 0.199265   0.22768223 0.2428509  0.34378287 0.25228024
 0.25227952 0.2646032  0.26457077 0.20374358 0.20371324 0.2105313
 0.21053845 0.2816478  0.139913   0.37882546 0.21199551 0.3743211
 0.16262075 0.33804548 0.18904263 0.34050462 0.40051845 0.16429552
 0.18236187 0.21729034 0.279463   0.22162437 0.22296089 0.2633745
 0.16234466 0.2031112  0.2751518  0.31457448 0.31456193 0.16536745
 0.31208956 0.31208974 0.2677392  0.267745   0.26772982 0.2677355
 0.1476056  0.14760679 0.33456114 0.21199861 0.21199551 0.2689175
 0.22344005 0.27946913 0.279463   0.22238344 0.22768703 0.22768223
 0.1224519  0.21664238 0.21661809 0.2105425  0.21054983 0.2105313
 0.21053845 0.09927434 0.09927535 0.29547295 0.21199551 0.3405062
 0.2689175  0.34050462 0.33456114 0.26615608 0.21199861 0.17874849
 0.279463   0.20311707 0.24811998 0.2031112  0.11457512 0.279469  ], shape=(108,), dtype=float32)
rounded label:tf.Tensor(
[0. 0. 0. 0. 0. 0. 0. 0. 0. 0. 0. 0. 0. 0. 0. 0. 0. 0. 0. 0. 0. 0. 0. 0.
 0. 0. 0. 0. 0. 0. 0. 0. 0. 0. 0. 0. 0. 0. 0. 0. 0. 0. 0. 0. 0. 0. 0. 0.
 0. 0. 0. 0. 0. 0. 0. 0. 0. 0. 0. 0. 0. 0. 0. 0. 0. 0. 0. 0. 0. 0. 0. 0.
 0. 0. 0. 0. 0. 0. 0. 0. 0. 0. 0. 0. 0. 0. 0. 0. 0. 0. 0. 0. 0. 0. 0. 0.
 0. 0. 0. 0. 0. 0. 0. 0. 0. 0. 0. 0.], shape=(108,), dtype=float32)
predicted label rank:[1 1 1 1 1 1 1 1 1 1 1 1 1 1 1 1 1 1 1 1 1 1 1 1 1 1 1 1 1 1 1 1 1 1 1 1 1
 1 1 1 1 1 1 1 1 1 1 1 1 1 1 1 1 1 1 1 1 1 1 1 1 1 1 1 1 1 1 1 1 1 1 1 1 1
 1 1 1 1 1 1 1 1 1 1 1 1 1 1 1 1 1 1 1 1 1 1 1 1 1 1 1 1 1 1 1 1 1 1]
mse:tf.Tensor(0.07598542, shape=(), dtype=float32)
-------
mean(mse_list):0.07598542
