best_valid_epoch:0.0
train loss:0.12158795
valid loss:0.12388296
test loss list:tf.Tensor(0.6639763, shape=(), dtype=float32)
mean test loss:0.6639763
mean loss list:tf.Tensor(0.027006166, shape=(), dtype=float32)
mean mean loss:0.027006166
accuracy list:[<tf.Tensor: shape=(), dtype=float64, numpy=0.9722222222222222>]
mean accuracy:0.9722222222222222
-------
/Users/sherry/Downloads/Systematic-Predicate-Abstraction-using-Machine-Learning-master/Heuristic_selection/benchmarks/single-layer-graph-example/test_data/s_disj_ite_05_000.smt2
true label:[0, 0, 1, 0, 0, 0, 0, 0, 0, 0, 0, 0, 0, 0, 0, 0, 0, 0, 0, 0, 0, 0, 0, 0, 0, 0, 0, 0, 0, 0, 0, 0, 0, 1, 0, 0, 0, 0, 0, 0, 0, 0, 0, 0, 0, 0, 0, 0, 0, 0, 0, 1, 0, 0, 0, 0, 0, 0, 0, 0, 0, 0, 0, 0, 0, 0, 0, 0, 0, 0, 0, 0, 0, 0, 0, 0, 0, 0, 0, 0, 0, 0, 0, 0, 0, 0, 0, 0, 0, 0, 0, 0, 0, 0, 0, 0, 0, 0, 0, 0, 0, 0, 0, 0, 0, 0, 0, 0]
true label rank:[1 1 2 1 1 1 1 1 1 1 1 1 1 1 1 1 1 1 1 1 1 1 1 1 1 1 1 1 1 1 1 1 1 2 1 1 1
 1 1 1 1 1 1 1 1 1 1 1 1 1 1 2 1 1 1 1 1 1 1 1 1 1 1 1 1 1 1 1 1 1 1 1 1 1
 1 1 1 1 1 1 1 1 1 1 1 1 1 1 1 1 1 1 1 1 1 1 1 1 1 1 1 1 1 1 1 1 1 1]
predicted label:tf.Tensor(
[0.47942543 0.47942543 0.47942543 0.49152714 0.4847108  0.48657987
 0.4843395  0.4821684  0.4884713  0.49508357 0.48018414 0.4847108
 0.48625365 0.48657987 0.4809551  0.4843395  0.48393214 0.4821684
 0.49427685 0.48886493 0.49103957 0.4833457  0.48653266 0.48953816
 0.47942543 0.481503   0.47728318 0.48238468 0.4849668  0.4847108
 0.48657987 0.4843395  0.4821684  0.4884713  0.4849668  0.48018414
 0.4847108  0.48625365 0.48657987 0.4809551  0.4843395  0.48393214
 0.4821684  0.48765332 0.49427685 0.48072636 0.48653266 0.48627394
 0.4833457  0.48063526 0.49103957 0.48592138 0.48886493 0.48765332
 0.48953816 0.48072636 0.48238468 0.48627394 0.47728318 0.48063526
 0.481503   0.48592138 0.4847108  0.4821684  0.4821684  0.4847108
 0.48018414 0.4847108  0.48393214 0.4821684  0.48393214 0.4821684
 0.48018414 0.4847108  0.48886493 0.48653266 0.48653266 0.48886493
 0.47942543 0.48238468 0.48238468 0.4847108  0.4821684  0.4821684
 0.4847108  0.48018414 0.4847108  0.48393214 0.4821684  0.48393214
 0.4821684  0.48018414 0.4847108  0.48072636 0.48653266 0.48592138
 0.48886493 0.48592138 0.48886493 0.48072636 0.48653266 0.48072636
 0.48238468 0.48592138 0.47942543 0.48592138 0.48072636 0.48238468], shape=(108,), dtype=float32)
rounded label:tf.Tensor(
[0. 0. 0. 0. 0. 0. 0. 0. 0. 0. 0. 0. 0. 0. 0. 0. 0. 0. 0. 0. 0. 0. 0. 0.
 0. 0. 0. 0. 0. 0. 0. 0. 0. 0. 0. 0. 0. 0. 0. 0. 0. 0. 0. 0. 0. 0. 0. 0.
 0. 0. 0. 0. 0. 0. 0. 0. 0. 0. 0. 0. 0. 0. 0. 0. 0. 0. 0. 0. 0. 0. 0. 0.
 0. 0. 0. 0. 0. 0. 0. 0. 0. 0. 0. 0. 0. 0. 0. 0. 0. 0. 0. 0. 0. 0. 0. 0.
 0. 0. 0. 0. 0. 0. 0. 0. 0. 0. 0. 0.], shape=(108,), dtype=float32)
predicted label rank:[1 1 1 1 1 1 1 1 1 1 1 1 1 1 1 1 1 1 1 1 1 1 1 1 1 1 1 1 1 1 1 1 1 1 1 1 1
 1 1 1 1 1 1 1 1 1 1 1 1 1 1 1 1 1 1 1 1 1 1 1 1 1 1 1 1 1 1 1 1 1 1 1 1 1
 1 1 1 1 1 1 1 1 1 1 1 1 1 1 1 1 1 1 1 1 1 1 1 1 1 1 1 1 1 1 1 1 1 1]
mse:tf.Tensor(0.2354201, shape=(), dtype=float32)
-------
mean(mse_list):0.2354201
best_valid_epoch:0.0
train loss:0.06675204
valid loss:0.060991313
test loss list:tf.Tensor(0.66679597, shape=(), dtype=float32)
mean test loss:0.66679597
mean loss list:tf.Tensor(0.011492698, shape=(), dtype=float32)
mean mean loss:0.011492698
accuracy list:[<tf.Tensor: shape=(), dtype=float64, numpy=0.9883720930232558>]
mean accuracy:0.9883720930232558
-------
/Users/sherry/Downloads/Systematic-Predicate-Abstraction-using-Machine-Learning-master/Heuristic_selection/benchmarks/single-layer-graph-example/test_data/multivar_true-unreach-call1.c.flat_000.smt2
true label:[0, 0, 0, 0, 0, 0, 0, 0, 0, 0, 0, 0, 0, 0, 0, 0, 0, 0, 0, 0, 0, 0, 0, 0, 0, 0, 0, 0, 0, 0, 0, 0, 0, 0, 0, 1, 0, 0, 0, 0, 0, 0, 0, 0, 0, 0, 0, 0, 0, 0, 0, 0, 0, 0, 0, 0, 0, 0, 0, 0, 0, 0, 0, 0, 0, 0, 0, 0, 0, 0, 0, 0, 0, 0, 0, 0, 0, 0, 0, 0, 0, 0, 0, 0, 0, 0]
true label rank:[1 1 1 1 1 1 1 1 1 1 1 1 1 1 1 1 1 1 1 1 1 1 1 1 1 1 1 1 1 1 1 1 1 1 1 2 1
 1 1 1 1 1 1 1 1 1 1 1 1 1 1 1 1 1 1 1 1 1 1 1 1 1 1 1 1 1 1 1 1 1 1 1 1 1
 1 1 1 1 1 1 1 1 1 1 1 1]
predicted label:tf.Tensor(
[0.477862   0.49877727 0.47923157 0.48270682 0.4876587  0.48693317
 0.4950789  0.47482044 0.48700917 0.48270682 0.49497527 0.48956642
 0.4906858  0.48693317 0.4945783  0.4950789  0.48510423 0.47482044
 0.48630026 0.49447337 0.49385032 0.49615914 0.48308054 0.477862
 0.48271337 0.48570445 0.4903467  0.47575724 0.48270682 0.48437524
 0.48693317 0.4950789  0.47482044 0.48700917 0.48270682 0.49497527
 0.48437524 0.4906858  0.48693317 0.4945783  0.4950789  0.48510423
 0.47482044 0.49081293 0.48308054 0.49745902 0.49447337 0.49543655
 0.49615914 0.49807277 0.49385032 0.4881718  0.48630026 0.49081293
 0.47575724 0.49745902 0.48271337 0.49543655 0.4903467  0.49807277
 0.48570445 0.4881718  0.47482044 0.48270682 0.48510423 0.47482044
 0.48700917 0.48270682 0.48308054 0.48630026 0.47575724 0.477862
 0.47482044 0.48270682 0.48510423 0.47482044 0.48700917 0.48270682
 0.4881718  0.48630026 0.49081293 0.48308054 0.4881718  0.477862
 0.49081293 0.47575727], shape=(86,), dtype=float32)
rounded label:tf.Tensor(
[0. 0. 0. 0. 0. 0. 0. 0. 0. 0. 0. 0. 0. 0. 0. 0. 0. 0. 0. 0. 0. 0. 0. 0.
 0. 0. 0. 0. 0. 0. 0. 0. 0. 0. 0. 0. 0. 0. 0. 0. 0. 0. 0. 0. 0. 0. 0. 0.
 0. 0. 0. 0. 0. 0. 0. 0. 0. 0. 0. 0. 0. 0. 0. 0. 0. 0. 0. 0. 0. 0. 0. 0.
 0. 0. 0. 0. 0. 0. 0. 0. 0. 0. 0. 0. 0. 0.], shape=(86,), dtype=float32)
predicted label rank:[1 1 1 1 1 1 1 1 1 1 1 1 1 1 1 1 1 1 1 1 1 1 1 1 1 1 1 1 1 1 1 1 1 1 1 1 1
 1 1 1 1 1 1 1 1 1 1 1 1 1 1 1 1 1 1 1 1 1 1 1 1 1 1 1 1 1 1 1 1 1 1 1 1 1
 1 1 1 1 1 1 1 1 1 1 1 1]
mse:tf.Tensor(0.23683025, shape=(), dtype=float32)
-------
mean(mse_list):0.23683025
