best_valid_epoch:0.0
train loss:0.13997385
valid loss:0.15402287
test loss list:tf.Tensor(0.18542363, shape=(), dtype=float32)
mean test loss:0.18542363
mean loss list:tf.Tensor(0.027006166, shape=(), dtype=float32)
mean mean loss:0.027006166
accuracy list:[<tf.Tensor: shape=(), dtype=float64, numpy=0.9722222222222222>]
mean accuracy:0.9722222222222222
-------
/Users/sherry/Downloads/Systematic-Predicate-Abstraction-using-Machine-Learning-master/Heuristic_selection/benchmarks/single-layer-graph-example/test_data/s_disj_ite_05_000.smt2
true label:[0, 0, 1, 0, 0, 0, 0, 0, 0, 0, 0, 0, 0, 0, 0, 0, 0, 0, 0, 0, 0, 0, 0, 0, 0, 0, 0, 0, 0, 0, 0, 0, 0, 1, 0, 0, 0, 0, 0, 0, 0, 0, 0, 0, 0, 0, 0, 0, 0, 0, 0, 1, 0, 0, 0, 0, 0, 0, 0, 0, 0, 0, 0, 0, 0, 0, 0, 0, 0, 0, 0, 0, 0, 0, 0, 0, 0, 0, 0, 0, 0, 0, 0, 0, 0, 0, 0, 0, 0, 0, 0, 0, 0, 0, 0, 0, 0, 0, 0, 0, 0, 0, 0, 0, 0, 0, 0, 0]
true label rank:[1 1 2 1 1 1 1 1 1 1 1 1 1 1 1 1 1 1 1 1 1 1 1 1 1 1 1 1 1 1 1 1 1 2 1 1 1
 1 1 1 1 1 1 1 1 1 1 1 1 1 1 2 1 1 1 1 1 1 1 1 1 1 1 1 1 1 1 1 1 1 1 1 1 1
 1 1 1 1 1 1 1 1 1 1 1 1 1 1 1 1 1 1 1 1 1 1 1 1 1 1 1 1 1 1 1 1 1 1]
predicted label:tf.Tensor(
[0.09395352 0.04091138 0.04448032 0.06006792 0.165634   0.33618635
 0.1751065  0.3327943  0.1397016  0.1397016  0.07810843 0.07810843
 0.1166099  0.1166099  0.06233349 0.06233346 0.14641243 0.14641243
 0.08576232 0.05339012 0.14806902 0.08136025 0.16063955 0.07127538
 0.04448032 0.09704825 0.09416932 0.2023803  0.09233081 0.06745383
 0.24967    0.06427193 0.20158637 0.15540814 0.09233081 0.06477484
 0.06477493 0.19202709 0.19202712 0.08466583 0.08466586 0.19170976
 0.19170979 0.09193096 0.08576232 0.04772308 0.16063955 0.11741683
 0.08136025 0.06625003 0.14806902 0.09307268 0.05339012 0.08860156
 0.07127538 0.08729953 0.2023803  0.14436597 0.09416932 0.03948614
 0.09704825 0.09444016 0.13114807 0.08200037 0.3327943  0.30756322
 0.03904247 0.03904247 0.05453181 0.05453187 0.14641243 0.14641243
 0.08192131 0.08192131 0.05255598 0.05147672 0.16063955 0.06250772
 0.09395352 0.08208916 0.2023803  0.04278064 0.05489999 0.20158637
 0.17437792 0.07884419 0.07884419 0.04968986 0.04968989 0.19170976
 0.19170979 0.17436314 0.17436314 0.01996505 0.16063955 0.01941267
 0.06250772 0.09307268 0.05255598 0.03460899 0.05147672 0.05401793
 0.2023803  0.02624679 0.04091138 0.09444016 0.04703948 0.08208916], shape=(108,), dtype=float32)
rounded label:tf.Tensor(
[0. 0. 0. 0. 0. 0. 0. 0. 0. 0. 0. 0. 0. 0. 0. 0. 0. 0. 0. 0. 0. 0. 0. 0.
 0. 0. 0. 0. 0. 0. 0. 0. 0. 0. 0. 0. 0. 0. 0. 0. 0. 0. 0. 0. 0. 0. 0. 0.
 0. 0. 0. 0. 0. 0. 0. 0. 0. 0. 0. 0. 0. 0. 0. 0. 0. 0. 0. 0. 0. 0. 0. 0.
 0. 0. 0. 0. 0. 0. 0. 0. 0. 0. 0. 0. 0. 0. 0. 0. 0. 0. 0. 0. 0. 0. 0. 0.
 0. 0. 0. 0. 0. 0. 0. 0. 0. 0. 0. 0.], shape=(108,), dtype=float32)
predicted label rank:[1 1 1 1 1 1 1 1 1 1 1 1 1 1 1 1 1 1 1 1 1 1 1 1 1 1 1 1 1 1 1 1 1 1 1 1 1
 1 1 1 1 1 1 1 1 1 1 1 1 1 1 1 1 1 1 1 1 1 1 1 1 1 1 1 1 1 1 1 1 1 1 1 1 1
 1 1 1 1 1 1 1 1 1 1 1 1 1 1 1 1 1 1 1 1 1 1 1 1 1 1 1 1 1 1 1 1 1 1]
mse:tf.Tensor(0.039182324, shape=(), dtype=float32)
-------
mean(mse_list):0.039182324
