best_valid_epoch:1.0
train loss:0.13408937
valid loss:0.13065608
test loss list:tf.Tensor(0.51590276, shape=(), dtype=float32)
mean test loss:0.51590276
mean loss list:tf.Tensor(0.027006166, shape=(), dtype=float32)
mean mean loss:0.027006166
accuracy list:[<tf.Tensor: shape=(), dtype=float64, numpy=0.9722222222222222>]
mean accuracy:0.9722222222222222
-------
/Users/sherry/Downloads/Systematic-Predicate-Abstraction-using-Machine-Learning-master/Heuristic_selection/benchmarks/single-layer-graph-example/test_data/s_disj_ite_05_000.smt2
true label:[0, 0, 1, 0, 0, 0, 0, 0, 0, 0, 0, 0, 0, 0, 0, 0, 0, 0, 0, 0, 0, 0, 0, 0, 0, 0, 0, 0, 0, 0, 0, 0, 0, 1, 0, 0, 0, 0, 0, 0, 0, 0, 0, 0, 0, 0, 0, 0, 0, 0, 0, 1, 0, 0, 0, 0, 0, 0, 0, 0, 0, 0, 0, 0, 0, 0, 0, 0, 0, 0, 0, 0, 0, 0, 0, 0, 0, 0, 0, 0, 0, 0, 0, 0, 0, 0, 0, 0, 0, 0, 0, 0, 0, 0, 0, 0, 0, 0, 0, 0, 0, 0, 0, 0, 0, 0, 0, 0]
true label rank:[1 1 2 1 1 1 1 1 1 1 1 1 1 1 1 1 1 1 1 1 1 1 1 1 1 1 1 1 1 1 1 1 1 2 1 1 1
 1 1 1 1 1 1 1 1 1 1 1 1 1 1 2 1 1 1 1 1 1 1 1 1 1 1 1 1 1 1 1 1 1 1 1 1 1
 1 1 1 1 1 1 1 1 1 1 1 1 1 1 1 1 1 1 1 1 1 1 1 1 1 1 1 1 1 1 1 1 1 1]
predicted label:tf.Tensor(
[0.4147754  0.4182652  0.41653854 0.31190735 0.430305   0.49097
 0.46761405 0.4388086  0.40686256 0.4137647  0.3751593  0.37910002
 0.40357432 0.42265597 0.40530217 0.41381553 0.36318296 0.37688765
 0.34642142 0.30908933 0.30893505 0.33438355 0.3257907  0.48400548
 0.41653854 0.47895437 0.4732504  0.44792616 0.37244472 0.42667404
 0.48697004 0.46569526 0.43352264 0.45608002 0.37244472 0.42444366
 0.42881253 0.47164685 0.48898178 0.4582317  0.46517003 0.4296453
 0.4383512  0.34845126 0.34642142 0.3134107  0.3257907  0.35185868
 0.33438355 0.34330553 0.30893505 0.30721587 0.30908933 0.37186688
 0.48400548 0.3325894  0.44792616 0.37132385 0.4732504  0.3625769
 0.47895437 0.32741463 0.42619264 0.4388086  0.4388086  0.43286997
 0.3714485  0.37661672 0.36318293 0.37688762 0.36318296 0.37688765
 0.3805133  0.38383457 0.30470958 0.3257907  0.3257907  0.31128755
 0.4147754  0.44792613 0.44792616 0.42297214 0.43352264 0.43352264
 0.42932087 0.42271104 0.4254102  0.4296453  0.4383512  0.4296453
 0.4383512  0.4283121  0.43178707 0.31293666 0.3257907  0.30721587
 0.31128755 0.30721587 0.30470958 0.3154214  0.3257907  0.33179504
 0.44792616 0.32741463 0.4182652  0.32741463 0.33529246 0.44792616], shape=(108,), dtype=float32)
rounded label:tf.Tensor(
[0. 0. 0. 0. 0. 0. 0. 0. 0. 0. 0. 0. 0. 0. 0. 0. 0. 0. 0. 0. 0. 0. 0. 0.
 0. 0. 0. 0. 0. 0. 0. 0. 0. 0. 0. 0. 0. 0. 0. 0. 0. 0. 0. 0. 0. 0. 0. 0.
 0. 0. 0. 0. 0. 0. 0. 0. 0. 0. 0. 0. 0. 0. 0. 0. 0. 0. 0. 0. 0. 0. 0. 0.
 0. 0. 0. 0. 0. 0. 0. 0. 0. 0. 0. 0. 0. 0. 0. 0. 0. 0. 0. 0. 0. 0. 0. 0.
 0. 0. 0. 0. 0. 0. 0. 0. 0. 0. 0. 0.], shape=(108,), dtype=float32)
predicted label rank:[1 1 1 1 1 1 1 1 1 1 1 1 1 1 1 1 1 1 1 1 1 1 1 1 1 1 1 1 1 1 1 1 1 1 1 1 1
 1 1 1 1 1 1 1 1 1 1 1 1 1 1 1 1 1 1 1 1 1 1 1 1 1 1 1 1 1 1 1 1 1 1 1 1 1
 1 1 1 1 1 1 1 1 1 1 1 1 1 1 1 1 1 1 1 1 1 1 1 1 1 1 1 1 1 1 1 1 1 1]
mse:tf.Tensor(0.16358942, shape=(), dtype=float32)
-------
mean(mse_list):0.16358942
