best_valid_epoch:2.0
train loss:0.07355328
valid loss:0.07105371
test loss list:tf.Tensor(0.45664528, shape=(), dtype=float32)
mean test loss:0.45664528
mean loss list:tf.Tensor(0.016388888, shape=(), dtype=float32)
mean mean loss:0.016388888
accuracy list:[<tf.Tensor: shape=(), dtype=float64, numpy=0.9833333333333333>]
mean accuracy:0.9833333333333333
-------
/Users/sherry/Downloads/Systematic-Predicate-Abstraction-using-Machine-Learning-master/Heuristic_selection/benchmarks/single-layer-graph-example/test_data/enc-rev_append_000-772.smt2
true label:[0, 1, 0, 0, 0, 0, 0, 0, 0, 0, 0, 0, 0, 0, 0, 0, 0, 0, 0, 0, 0, 0, 0, 0, 0, 0, 0, 0, 0, 0, 0, 0, 0, 0, 0, 0, 0, 0, 0, 0, 0, 0, 0, 0, 0, 0, 0, 0, 0, 0, 0, 0, 0, 0, 0, 0, 0, 0, 0, 0, 0, 0, 0, 0, 0, 0, 0, 0, 0, 0, 0, 0, 0, 0, 0, 0, 0, 0, 0, 0, 0, 0, 0, 0, 0, 0, 0, 0, 0, 0, 0, 0, 0, 0, 0, 0, 0, 0, 0, 0, 0, 0, 1, 0, 0, 0, 0, 0, 0, 0, 0, 0, 0, 0, 0, 0, 0, 0, 0, 0]
true label rank:[1 2 1 1 1 1 1 1 1 1 1 1 1 1 1 1 1 1 1 1 1 1 1 1 1 1 1 1 1 1 1 1 1 1 1 1 1
 1 1 1 1 1 1 1 1 1 1 1 1 1 1 1 1 1 1 1 1 1 1 1 1 1 1 1 1 1 1 1 1 1 1 1 1 1
 1 1 1 1 1 1 1 1 1 1 1 1 1 1 1 1 1 1 1 1 1 1 1 1 1 1 1 1 2 1 1 1 1 1 1 1 1
 1 1 1 1 1 1 1 1 1]
predicted label:tf.Tensor(
[0.48847017 0.35596037 0.44357696 0.36441565 0.3063949  0.3670899
 0.37001792 0.3784638  0.35785538 0.3501858  0.32155848 0.36100042
 0.3706308  0.3241204  0.32531846 0.37478542 0.3331088  0.44470617
 0.3667531  0.31378335 0.35410056 0.44470617 0.38197538 0.3638323
 0.33554494 0.31203347 0.36217037 0.36100042 0.3830186  0.3241204
 0.3243466  0.3706308  0.3626895  0.32531846 0.37539926 0.3331088
 0.32750207 0.37478542 0.39797896 0.36441565 0.3063949  0.3606193
 0.35993117 0.38508973 0.3644577  0.34373936 0.3161558  0.31826985
 0.3479915  0.3196674  0.42507884 0.36502564 0.3122846  0.35410056
 0.42507884 0.38197538 0.3638323  0.33554494 0.31203347 0.36096743
 0.31826985 0.37249115 0.3196674  0.33314845 0.3479915  0.40403107
 0.36441565 0.3063949  0.36029795 0.35930276 0.3842946  0.3656239
 0.34306517 0.3164481  0.41887477 0.36502564 0.3122846  0.3550099
 0.41887477 0.38273782 0.36675313 0.33417225 0.31378335 0.48699152
 0.44357696 0.36441565 0.3063949  0.3670899  0.37001792 0.3784638
 0.35785538 0.3501858  0.32155848 0.36100042 0.3706308  0.3241204
 0.32531846 0.37478542 0.3331088  0.44470617 0.3667531  0.31378335
 0.35410056 0.44470617 0.38197538 0.3638323  0.33554494 0.31203347
 0.36217037 0.36100042 0.3830186  0.3241204  0.3243466  0.3706308
 0.3626895  0.32531846 0.37539926 0.3331088  0.32750207 0.37478542], shape=(120,), dtype=float32)
rounded label:tf.Tensor(
[0. 0. 0. 0. 0. 0. 0. 0. 0. 0. 0. 0. 0. 0. 0. 0. 0. 0. 0. 0. 0. 0. 0. 0.
 0. 0. 0. 0. 0. 0. 0. 0. 0. 0. 0. 0. 0. 0. 0. 0. 0. 0. 0. 0. 0. 0. 0. 0.
 0. 0. 0. 0. 0. 0. 0. 0. 0. 0. 0. 0. 0. 0. 0. 0. 0. 0. 0. 0. 0. 0. 0. 0.
 0. 0. 0. 0. 0. 0. 0. 0. 0. 0. 0. 0. 0. 0. 0. 0. 0. 0. 0. 0. 0. 0. 0. 0.
 0. 0. 0. 0. 0. 0. 0. 0. 0. 0. 0. 0. 0. 0. 0. 0. 0. 0. 0. 0. 0. 0. 0. 0.], shape=(120,), dtype=float32)
predicted label rank:[1 1 1 1 1 1 1 1 1 1 1 1 1 1 1 1 1 1 1 1 1 1 1 1 1 1 1 1 1 1 1 1 1 1 1 1 1
 1 1 1 1 1 1 1 1 1 1 1 1 1 1 1 1 1 1 1 1 1 1 1 1 1 1 1 1 1 1 1 1 1 1 1 1 1
 1 1 1 1 1 1 1 1 1 1 1 1 1 1 1 1 1 1 1 1 1 1 1 1 1 1 1 1 1 1 1 1 1 1 1 1 1
 1 1 1 1 1 1 1 1 1]
mse:tf.Tensor(0.13518973, shape=(), dtype=float32)
-------
mean(mse_list):0.13518973
