best_valid_epoch:0.0
train loss:0.063045554
valid loss:0.07291345
test loss list:tf.Tensor(0.24424887, shape=(), dtype=float32)
mean test loss:0.24424887
mean loss list:tf.Tensor(0.016388888, shape=(), dtype=float32)
mean mean loss:0.016388888
accuracy list:[<tf.Tensor: shape=(), dtype=float64, numpy=0.9833333333333333>]
mean accuracy:0.9833333333333333
-------
/Users/sherry/Downloads/Systematic-Predicate-Abstraction-using-Machine-Learning-master/Heuristic_selection/benchmarks/single-layer-graph-example/test_data/enc-rev_append_000-772.smt2
true label:[0, 1, 0, 0, 0, 0, 0, 0, 0, 0, 0, 0, 0, 0, 0, 0, 0, 0, 0, 0, 0, 0, 0, 0, 0, 0, 0, 0, 0, 0, 0, 0, 0, 0, 0, 0, 0, 0, 0, 0, 0, 0, 0, 0, 0, 0, 0, 0, 0, 0, 0, 0, 0, 0, 0, 0, 0, 0, 0, 0, 0, 0, 0, 0, 0, 0, 0, 0, 0, 0, 0, 0, 0, 0, 0, 0, 0, 0, 0, 0, 0, 0, 0, 0, 0, 0, 0, 0, 0, 0, 0, 0, 0, 0, 0, 0, 0, 0, 0, 0, 0, 0, 1, 0, 0, 0, 0, 0, 0, 0, 0, 0, 0, 0, 0, 0, 0, 0, 0, 0]
true label rank:[1 2 1 1 1 1 1 1 1 1 1 1 1 1 1 1 1 1 1 1 1 1 1 1 1 1 1 1 1 1 1 1 1 1 1 1 1
 1 1 1 1 1 1 1 1 1 1 1 1 1 1 1 1 1 1 1 1 1 1 1 1 1 1 1 1 1 1 1 1 1 1 1 1 1
 1 1 1 1 1 1 1 1 1 1 1 1 1 1 1 1 1 1 1 1 1 1 1 1 1 1 1 1 2 1 1 1 1 1 1 1 1
 1 1 1 1 1 1 1 1 1]
predicted label:tf.Tensor(
[0.44025686 0.15823004 0.11421993 0.14933166 0.24355578 0.13120872
 0.13129729 0.21193641 0.2107707  0.24084106 0.24280208 0.15908921
 0.2656321  0.181036   0.14623651 0.08958459 0.21691158 0.22770494
 0.18099922 0.22945783 0.09552288 0.22770494 0.15458655 0.15483883
 0.19322333 0.19463342 0.09490535 0.15908921 0.14907312 0.181036
 0.15758023 0.2656321  0.10679242 0.14623651 0.12581533 0.21691158
 0.14493552 0.08958459 0.13926867 0.15354627 0.24987134 0.15266523
 0.15265375 0.20290458 0.20331144 0.2994261  0.302602   0.11126751
 0.18995926 0.27214685 0.20534906 0.18969372 0.29704633 0.09861049
 0.20534906 0.16832179 0.16860497 0.2228874  0.22498515 0.1435911
 0.11126751 0.15957844 0.27214685 0.19723138 0.18995926 0.19167358
 0.15151328 0.23079434 0.16362122 0.1630184  0.21668011 0.2164694
 0.3025803  0.3058821  0.17701733 0.17890608 0.2709539  0.14669481
 0.17701733 0.21321297 0.21153077 0.24458256 0.24574539 0.42745215
 0.11421993 0.14933166 0.24355578 0.13120872 0.13129729 0.21193641
 0.2107707  0.24084106 0.24280208 0.15908921 0.2656321  0.181036
 0.14623651 0.08958459 0.21691158 0.22770494 0.18099922 0.22945783
 0.09552288 0.22770494 0.15458655 0.15483883 0.19322333 0.19463342
 0.09490535 0.15908921 0.14907312 0.181036   0.15758023 0.2656321
 0.10679242 0.14623651 0.12581545 0.21691158 0.14493552 0.08958459], shape=(120,), dtype=float32)
rounded label:tf.Tensor(
[0. 0. 0. 0. 0. 0. 0. 0. 0. 0. 0. 0. 0. 0. 0. 0. 0. 0. 0. 0. 0. 0. 0. 0.
 0. 0. 0. 0. 0. 0. 0. 0. 0. 0. 0. 0. 0. 0. 0. 0. 0. 0. 0. 0. 0. 0. 0. 0.
 0. 0. 0. 0. 0. 0. 0. 0. 0. 0. 0. 0. 0. 0. 0. 0. 0. 0. 0. 0. 0. 0. 0. 0.
 0. 0. 0. 0. 0. 0. 0. 0. 0. 0. 0. 0. 0. 0. 0. 0. 0. 0. 0. 0. 0. 0. 0. 0.
 0. 0. 0. 0. 0. 0. 0. 0. 0. 0. 0. 0. 0. 0. 0. 0. 0. 0. 0. 0. 0. 0. 0. 0.], shape=(120,), dtype=float32)
predicted label rank:[1 1 1 1 1 1 1 1 1 1 1 1 1 1 1 1 1 1 1 1 1 1 1 1 1 1 1 1 1 1 1 1 1 1 1 1 1
 1 1 1 1 1 1 1 1 1 1 1 1 1 1 1 1 1 1 1 1 1 1 1 1 1 1 1 1 1 1 1 1 1 1 1 1 1
 1 1 1 1 1 1 1 1 1 1 1 1 1 1 1 1 1 1 1 1 1 1 1 1 1 1 1 1 1 1 1 1 1 1 1 1 1
 1 1 1 1 1 1 1 1 1]
mse:tf.Tensor(0.051691465, shape=(), dtype=float32)
-------
mean(mse_list):0.051691465
