best_valid_epoch:0.0
train loss:0.10890217
valid loss:0.09920644
test loss list:tf.Tensor(0.25912726, shape=(), dtype=float32)
mean test loss:0.25912726
mean loss list:tf.Tensor(0.027006166, shape=(), dtype=float32)
mean mean loss:0.027006166
accuracy list:[<tf.Tensor: shape=(), dtype=float64, numpy=0.9722222222222222>]
mean accuracy:0.9722222222222222
-------
/Users/sherry/Downloads/Systematic-Predicate-Abstraction-using-Machine-Learning-master/Heuristic_selection/benchmarks/single-layer-graph-example/test_data/s_disj_ite_05_000.smt2
true label:[0, 0, 1, 0, 0, 0, 0, 0, 0, 0, 0, 0, 0, 0, 0, 0, 0, 0, 0, 0, 0, 0, 0, 0, 0, 0, 0, 0, 0, 0, 0, 0, 0, 1, 0, 0, 0, 0, 0, 0, 0, 0, 0, 0, 0, 0, 0, 0, 0, 0, 0, 1, 0, 0, 0, 0, 0, 0, 0, 0, 0, 0, 0, 0, 0, 0, 0, 0, 0, 0, 0, 0, 0, 0, 0, 0, 0, 0, 0, 0, 0, 0, 0, 0, 0, 0, 0, 0, 0, 0, 0, 0, 0, 0, 0, 0, 0, 0, 0, 0, 0, 0, 0, 0, 0, 0, 0, 0]
true label rank:[1 1 2 1 1 1 1 1 1 1 1 1 1 1 1 1 1 1 1 1 1 1 1 1 1 1 1 1 1 1 1 1 1 2 1 1 1
 1 1 1 1 1 1 1 1 1 1 1 1 1 1 2 1 1 1 1 1 1 1 1 1 1 1 1 1 1 1 1 1 1 1 1 1 1
 1 1 1 1 1 1 1 1 1 1 1 1 1 1 1 1 1 1 1 1 1 1 1 1 1 1 1 1 1 1 1 1 1 1]
predicted label:tf.Tensor(
[0.24825934 0.2355594  0.23567078 0.20579651 0.10998979 0.14434925
 0.13339236 0.16370857 0.21140087 0.20967698 0.18744302 0.18728614
 0.17079484 0.16758579 0.1934745  0.18924841 0.31506288 0.3137805
 0.11694923 0.14142686 0.08791155 0.08018607 0.09554219 0.26193506
 0.23567078 0.21468699 0.24105543 0.25818512 0.15816301 0.14331475
 0.20156395 0.18360081 0.2923926  0.25666916 0.15816301 0.1153293
 0.11430925 0.17600957 0.1721068  0.1810841  0.17790708 0.25401214
 0.2537806  0.28054443 0.11694923 0.27648792 0.09554219 0.24222755
 0.08018607 0.3093859  0.08791155 0.32426092 0.14142686 0.19408116
 0.26193506 0.264444   0.25818512 0.20820937 0.24105543 0.22703126
 0.21468699 0.23752171 0.10650387 0.16370857 0.16370857 0.11215362
 0.19397873 0.19392863 0.31506294 0.31378043 0.31506288 0.3137805
 0.22286162 0.22196057 0.13689134 0.09554219 0.09554219 0.11864689
 0.24825934 0.25818512 0.25818512 0.13740602 0.2923927  0.2923926
 0.15443233 0.12581697 0.12421593 0.25401217 0.25378066 0.25401214
 0.2537806  0.13206851 0.12934968 0.2995131  0.09554219 0.32426095
 0.11864689 0.32426092 0.13689134 0.31275025 0.09554219 0.26978207
 0.25818512 0.23752171 0.2355594  0.23752171 0.27979714 0.25818497], shape=(108,), dtype=float32)
rounded label:tf.Tensor(
[0. 0. 0. 0. 0. 0. 0. 0. 0. 0. 0. 0. 0. 0. 0. 0. 0. 0. 0. 0. 0. 0. 0. 0.
 0. 0. 0. 0. 0. 0. 0. 0. 0. 0. 0. 0. 0. 0. 0. 0. 0. 0. 0. 0. 0. 0. 0. 0.
 0. 0. 0. 0. 0. 0. 0. 0. 0. 0. 0. 0. 0. 0. 0. 0. 0. 0. 0. 0. 0. 0. 0. 0.
 0. 0. 0. 0. 0. 0. 0. 0. 0. 0. 0. 0. 0. 0. 0. 0. 0. 0. 0. 0. 0. 0. 0. 0.
 0. 0. 0. 0. 0. 0. 0. 0. 0. 0. 0. 0.], shape=(108,), dtype=float32)
predicted label rank:[1 1 1 1 1 1 1 1 1 1 1 1 1 1 1 1 1 1 1 1 1 1 1 1 1 1 1 1 1 1 1 1 1 1 1 1 1
 1 1 1 1 1 1 1 1 1 1 1 1 1 1 1 1 1 1 1 1 1 1 1 1 1 1 1 1 1 1 1 1 1 1 1 1 1
 1 1 1 1 1 1 1 1 1 1 1 1 1 1 1 1 1 1 1 1 1 1 1 1 1 1 1 1 1 1 1 1 1 1]
mse:tf.Tensor(0.05904457, shape=(), dtype=float32)
-------
mean(mse_list):0.05904457
