best_valid_epoch:1.0
train loss:0.07424245
valid loss:0.10302879
test loss list:tf.Tensor(0.2749558, shape=(), dtype=float32)
mean test loss:0.2749558
mean loss list:tf.Tensor(0.016388888, shape=(), dtype=float32)
mean mean loss:0.016388888
accuracy list:[<tf.Tensor: shape=(), dtype=float64, numpy=0.9833333333333333>]
mean accuracy:0.9833333333333333
-------
/Users/sherry/Downloads/Systematic-Predicate-Abstraction-using-Machine-Learning-master/Heuristic_selection/benchmarks/single-layer-graph-example/test_data/enc-rev_append_000-772.smt2
true label:[0, 1, 0, 0, 0, 0, 0, 0, 0, 0, 0, 0, 0, 0, 0, 0, 0, 0, 0, 0, 0, 0, 0, 0, 0, 0, 0, 0, 0, 0, 0, 0, 0, 0, 0, 0, 0, 0, 0, 0, 0, 0, 0, 0, 0, 0, 0, 0, 0, 0, 0, 0, 0, 0, 0, 0, 0, 0, 0, 0, 0, 0, 0, 0, 0, 0, 0, 0, 0, 0, 0, 0, 0, 0, 0, 0, 0, 0, 0, 0, 0, 0, 0, 0, 0, 0, 0, 0, 0, 0, 0, 0, 0, 0, 0, 0, 0, 0, 0, 0, 0, 0, 1, 0, 0, 0, 0, 0, 0, 0, 0, 0, 0, 0, 0, 0, 0, 0, 0, 0]
true label rank:[1 2 1 1 1 1 1 1 1 1 1 1 1 1 1 1 1 1 1 1 1 1 1 1 1 1 1 1 1 1 1 1 1 1 1 1 1
 1 1 1 1 1 1 1 1 1 1 1 1 1 1 1 1 1 1 1 1 1 1 1 1 1 1 1 1 1 1 1 1 1 1 1 1 1
 1 1 1 1 1 1 1 1 1 1 1 1 1 1 1 1 1 1 1 1 1 1 1 1 1 1 1 1 2 1 1 1 1 1 1 1 1
 1 1 1 1 1 1 1 1 1]
predicted label:tf.Tensor(
[0.4653746  0.10510164 0.14499176 0.3785064  0.28187796 0.0851588
 0.08515891 0.2182098  0.21821079 0.11267394 0.11267453 0.16663513
 0.21302983 0.14259419 0.1395087  0.20882213 0.17495656 0.17330152
 0.3477191  0.25415713 0.13371083 0.17330152 0.33030668 0.33029735
 0.25936645 0.2593637  0.16525489 0.16663513 0.25905585 0.14259419
 0.17721298 0.21302983 0.08402157 0.1395087  0.28232884 0.17495656
 0.17991704 0.20882213 0.16914561 0.3252386  0.22793165 0.12296861
 0.12296873 0.23824668 0.23824817 0.24356258 0.24355829 0.0940913
 0.24647093 0.13698655 0.16190267 0.322973   0.2552811  0.14549601
 0.16190267 0.3585996  0.35859948 0.29592198 0.29592314 0.13571143
 0.0940913  0.22146204 0.13698655 0.27841702 0.24647093 0.17229924
 0.33824903 0.269215   0.11971417 0.11971444 0.20718619 0.20717856
 0.23005113 0.23004854 0.16650054 0.33945534 0.2768549  0.11053342
 0.16650054 0.29547548 0.29546812 0.25628644 0.25629973 0.43544555
 0.14499176 0.3785064  0.28187796 0.0851588  0.08515891 0.2182098
 0.21821079 0.11267394 0.11267453 0.16663513 0.21302983 0.14259419
 0.1395087  0.20882213 0.17495656 0.17330152 0.3477191  0.25415713
 0.13371083 0.17330152 0.33030668 0.33029735 0.25936645 0.2593637
 0.16525489 0.16663513 0.25905585 0.14259419 0.17721298 0.21302983
 0.08402157 0.1395087  0.2823288  0.17495656 0.17991704 0.20882213], shape=(120,), dtype=float32)
rounded label:tf.Tensor(
[0. 0. 0. 0. 0. 0. 0. 0. 0. 0. 0. 0. 0. 0. 0. 0. 0. 0. 0. 0. 0. 0. 0. 0.
 0. 0. 0. 0. 0. 0. 0. 0. 0. 0. 0. 0. 0. 0. 0. 0. 0. 0. 0. 0. 0. 0. 0. 0.
 0. 0. 0. 0. 0. 0. 0. 0. 0. 0. 0. 0. 0. 0. 0. 0. 0. 0. 0. 0. 0. 0. 0. 0.
 0. 0. 0. 0. 0. 0. 0. 0. 0. 0. 0. 0. 0. 0. 0. 0. 0. 0. 0. 0. 0. 0. 0. 0.
 0. 0. 0. 0. 0. 0. 0. 0. 0. 0. 0. 0. 0. 0. 0. 0. 0. 0. 0. 0. 0. 0. 0. 0.], shape=(120,), dtype=float32)
predicted label rank:[1 1 1 1 1 1 1 1 1 1 1 1 1 1 1 1 1 1 1 1 1 1 1 1 1 1 1 1 1 1 1 1 1 1 1 1 1
 1 1 1 1 1 1 1 1 1 1 1 1 1 1 1 1 1 1 1 1 1 1 1 1 1 1 1 1 1 1 1 1 1 1 1 1 1
 1 1 1 1 1 1 1 1 1 1 1 1 1 1 1 1 1 1 1 1 1 1 1 1 1 1 1 1 1 1 1 1 1 1 1 1 1
 1 1 1 1 1 1 1 1 1]
mse:tf.Tensor(0.06347184, shape=(), dtype=float32)
-------
mean(mse_list):0.06347184
