best_valid_epoch:1.0
train loss:0.113106474
valid loss:0.09892072
test loss list:tf.Tensor(0.6655424, shape=(), dtype=float32)
mean test loss:0.6655424
mean loss list:tf.Tensor(0.016388888, shape=(), dtype=float32)
mean mean loss:0.016388888
accuracy list:[<tf.Tensor: shape=(), dtype=float64, numpy=0.9833333333333333>]
mean accuracy:0.9833333333333333
-------
/Users/sherry/Downloads/Systematic-Predicate-Abstraction-using-Machine-Learning-master/Heuristic_selection/benchmarks/single-layer-graph-example/test_data/enc-rev_append_000-772.smt2
true label:[0, 1, 0, 0, 0, 0, 0, 0, 0, 0, 0, 0, 0, 0, 0, 0, 0, 0, 0, 0, 0, 0, 0, 0, 0, 0, 0, 0, 0, 0, 0, 0, 0, 0, 0, 0, 0, 0, 0, 0, 0, 0, 0, 0, 0, 0, 0, 0, 0, 0, 0, 0, 0, 0, 0, 0, 0, 0, 0, 0, 0, 0, 0, 0, 0, 0, 0, 0, 0, 0, 0, 0, 0, 0, 0, 0, 0, 0, 0, 0, 0, 0, 0, 0, 0, 0, 0, 0, 0, 0, 0, 0, 0, 0, 0, 0, 0, 0, 0, 0, 0, 0, 1, 0, 0, 0, 0, 0, 0, 0, 0, 0, 0, 0, 0, 0, 0, 0, 0, 0]
true label rank:[1 2 1 1 1 1 1 1 1 1 1 1 1 1 1 1 1 1 1 1 1 1 1 1 1 1 1 1 1 1 1 1 1 1 1 1 1
 1 1 1 1 1 1 1 1 1 1 1 1 1 1 1 1 1 1 1 1 1 1 1 1 1 1 1 1 1 1 1 1 1 1 1 1 1
 1 1 1 1 1 1 1 1 1 1 1 1 1 1 1 1 1 1 1 1 1 1 1 1 1 1 1 1 2 1 1 1 1 1 1 1 1
 1 1 1 1 1 1 1 1 1]
predicted label:tf.Tensor(
[0.4914021  0.4894854  0.48365915 0.48373958 0.48106527 0.4894854
 0.47547585 0.48989663 0.48373958 0.48354656 0.48106527 0.4868494
 0.49113292 0.4918735  0.48139668 0.487376   0.48725736 0.48970744
 0.48373958 0.48106527 0.4894854  0.48970744 0.48989663 0.48373958
 0.48354656 0.48106527 0.48717546 0.4868494  0.488257   0.4918735
 0.48141003 0.49113292 0.48717546 0.48139668 0.488257   0.48725736
 0.48141003 0.487376   0.4842555  0.48373958 0.48106527 0.4894854
 0.47547585 0.48989663 0.48373958 0.48354656 0.48106527 0.48194572
 0.48858622 0.49095044 0.4877882  0.48373958 0.48106527 0.4894854
 0.4877882  0.48989663 0.48373958 0.48354656 0.48106527 0.48717546
 0.48194572 0.488257   0.49095044 0.48141003 0.48858622 0.4842555
 0.48373958 0.48106527 0.4894854  0.47547585 0.48989663 0.48373958
 0.48354656 0.48106527 0.4900372  0.48373958 0.48106527 0.4894854
 0.4900372  0.48989663 0.48373958 0.48354656 0.48106527 0.4914021
 0.48365915 0.48373958 0.48106527 0.4894854  0.47547585 0.48989663
 0.48373958 0.48354656 0.48106527 0.4868494  0.49113292 0.4918735
 0.48139668 0.487376   0.48725736 0.48970744 0.48373958 0.48106527
 0.4894854  0.48970744 0.48989663 0.48373958 0.48354656 0.48106527
 0.48717546 0.4868494  0.488257   0.4918735  0.48141003 0.49113292
 0.48717546 0.48139668 0.488257   0.48725736 0.48141003 0.487376  ], shape=(120,), dtype=float32)
rounded label:tf.Tensor(
[0. 0. 0. 0. 0. 0. 0. 0. 0. 0. 0. 0. 0. 0. 0. 0. 0. 0. 0. 0. 0. 0. 0. 0.
 0. 0. 0. 0. 0. 0. 0. 0. 0. 0. 0. 0. 0. 0. 0. 0. 0. 0. 0. 0. 0. 0. 0. 0.
 0. 0. 0. 0. 0. 0. 0. 0. 0. 0. 0. 0. 0. 0. 0. 0. 0. 0. 0. 0. 0. 0. 0. 0.
 0. 0. 0. 0. 0. 0. 0. 0. 0. 0. 0. 0. 0. 0. 0. 0. 0. 0. 0. 0. 0. 0. 0. 0.
 0. 0. 0. 0. 0. 0. 0. 0. 0. 0. 0. 0. 0. 0. 0. 0. 0. 0. 0. 0. 0. 0. 0. 0.], shape=(120,), dtype=float32)
predicted label rank:[1 1 1 1 1 1 1 1 1 1 1 1 1 1 1 1 1 1 1 1 1 1 1 1 1 1 1 1 1 1 1 1 1 1 1 1 1
 1 1 1 1 1 1 1 1 1 1 1 1 1 1 1 1 1 1 1 1 1 1 1 1 1 1 1 1 1 1 1 1 1 1 1 1 1
 1 1 1 1 1 1 1 1 1 1 1 1 1 1 1 1 1 1 1 1 1 1 1 1 1 1 1 1 1 1 1 1 1 1 1 1 1
 1 1 1 1 1 1 1 1 1]
mse:tf.Tensor(0.23620246, shape=(), dtype=float32)
-------
mean(mse_list):0.23620246
