best_valid_epoch:2.0
train loss:0.10818574
valid loss:0.08965711
test loss list:tf.Tensor(0.19399332, shape=(), dtype=float32)
mean test loss:0.19399332
mean loss list:tf.Tensor(0.016388888, shape=(), dtype=float32)
mean mean loss:0.016388888
accuracy list:[<tf.Tensor: shape=(), dtype=float64, numpy=0.9833333333333333>]
mean accuracy:0.9833333333333333
-------
/Users/sherry/Downloads/Systematic-Predicate-Abstraction-using-Machine-Learning-master/Heuristic_selection/benchmarks/single-layer-graph-example/test_data/enc-rev_append_000-772.smt2
true label:[0, 1, 0, 0, 0, 0, 0, 0, 0, 0, 0, 0, 0, 0, 0, 0, 0, 0, 0, 0, 0, 0, 0, 0, 0, 0, 0, 0, 0, 0, 0, 0, 0, 0, 0, 0, 0, 0, 0, 0, 0, 0, 0, 0, 0, 0, 0, 0, 0, 0, 0, 0, 0, 0, 0, 0, 0, 0, 0, 0, 0, 0, 0, 0, 0, 0, 0, 0, 0, 0, 0, 0, 0, 0, 0, 0, 0, 0, 0, 0, 0, 0, 0, 0, 0, 0, 0, 0, 0, 0, 0, 0, 0, 0, 0, 0, 0, 0, 0, 0, 0, 0, 1, 0, 0, 0, 0, 0, 0, 0, 0, 0, 0, 0, 0, 0, 0, 0, 0, 0]
true label rank:[1 2 1 1 1 1 1 1 1 1 1 1 1 1 1 1 1 1 1 1 1 1 1 1 1 1 1 1 1 1 1 1 1 1 1 1 1
 1 1 1 1 1 1 1 1 1 1 1 1 1 1 1 1 1 1 1 1 1 1 1 1 1 1 1 1 1 1 1 1 1 1 1 1 1
 1 1 1 1 1 1 1 1 1 1 1 1 1 1 1 1 1 1 1 1 1 1 1 1 1 1 1 1 2 1 1 1 1 1 1 1 1
 1 1 1 1 1 1 1 1 1]
predicted label:tf.Tensor(
[0.3757832  0.16661835 0.16866791 0.31648034 0.07221001 0.13083217
 0.13083214 0.18282413 0.18282425 0.07171544 0.07171547 0.05693862
 0.14649421 0.08295819 0.0402894  0.14398047 0.07553351 0.20112583
 0.22024998 0.03632748 0.099709   0.20112583 0.21962339 0.21962348
 0.07700485 0.07700482 0.08927929 0.05693862 0.09834877 0.08295819
 0.13661951 0.14649421 0.05432498 0.0402894  0.11164066 0.07553351
 0.14015749 0.14398047 0.19452289 0.29846513 0.05610952 0.23240328
 0.23240328 0.27633792 0.27633795 0.06184772 0.06184769 0.15909335
 0.21063223 0.2280308  0.17605144 0.26982164 0.04709929 0.11173406
 0.17605144 0.2560197  0.2560197  0.06546101 0.06546101 0.09461096
 0.15909335 0.15687639 0.2280308  0.06234959 0.21063223 0.25583196
 0.27920085 0.05284271 0.18760526 0.18760526 0.26332265 0.26332265
 0.05549222 0.05549222 0.18131423 0.31392023 0.07085994 0.11711553
 0.18131423 0.30648205 0.30648196 0.04189697 0.04189697 0.33873278
 0.16866791 0.31648034 0.07221001 0.13083217 0.13083214 0.18282413
 0.18282425 0.07171544 0.07171547 0.05693862 0.14649421 0.08295819
 0.0402894  0.14398047 0.07553351 0.20112583 0.22024998 0.03632748
 0.099709   0.20112583 0.21962339 0.21962348 0.07700485 0.07700482
 0.08927929 0.05693862 0.09834877 0.08295819 0.13661951 0.14649421
 0.05432498 0.0402894  0.11164063 0.07553351 0.14015749 0.14398047], shape=(120,), dtype=float32)
rounded label:tf.Tensor(
[0. 0. 0. 0. 0. 0. 0. 0. 0. 0. 0. 0. 0. 0. 0. 0. 0. 0. 0. 0. 0. 0. 0. 0.
 0. 0. 0. 0. 0. 0. 0. 0. 0. 0. 0. 0. 0. 0. 0. 0. 0. 0. 0. 0. 0. 0. 0. 0.
 0. 0. 0. 0. 0. 0. 0. 0. 0. 0. 0. 0. 0. 0. 0. 0. 0. 0. 0. 0. 0. 0. 0. 0.
 0. 0. 0. 0. 0. 0. 0. 0. 0. 0. 0. 0. 0. 0. 0. 0. 0. 0. 0. 0. 0. 0. 0. 0.
 0. 0. 0. 0. 0. 0. 0. 0. 0. 0. 0. 0. 0. 0. 0. 0. 0. 0. 0. 0. 0. 0. 0. 0.], shape=(120,), dtype=float32)
predicted label rank:[1 1 1 1 1 1 1 1 1 1 1 1 1 1 1 1 1 1 1 1 1 1 1 1 1 1 1 1 1 1 1 1 1 1 1 1 1
 1 1 1 1 1 1 1 1 1 1 1 1 1 1 1 1 1 1 1 1 1 1 1 1 1 1 1 1 1 1 1 1 1 1 1 1 1
 1 1 1 1 1 1 1 1 1 1 1 1 1 1 1 1 1 1 1 1 1 1 1 1 1 1 1 1 1 1 1 1 1 1 1 1 1
 1 1 1 1 1 1 1 1 1]
mse:tf.Tensor(0.040208433, shape=(), dtype=float32)
-------
mean(mse_list):0.040208433
