best_valid_epoch:2.0
train loss:0.14311904
valid loss:0.11024157
test loss list:tf.Tensor(0.1763436, shape=(), dtype=float32)
mean test loss:0.1763436
mean loss list:tf.Tensor(0.01785124, shape=(), dtype=float32)
mean mean loss:0.01785124
accuracy list:[<tf.Tensor: shape=(), dtype=float64, numpy=0.9818181818181818>]
mean accuracy:0.9818181818181818
-------
/Users/sherry/Downloads/Systematic-Predicate-Abstraction-using-Machine-Learning-master/Heuristic_selection/benchmarks/single-layer-graph-example/test_data/003b-horn_000.smt2
true label:[0, 0, 0, 0, 0, 0, 0, 0, 0, 0, 0, 0, 0, 0, 0, 0, 1, 0, 0, 0, 0, 0, 0, 0, 0, 0, 0, 0, 0, 0, 0, 0, 0, 0, 0, 0, 0, 0, 0, 0, 0, 0, 0, 0, 0, 0, 0, 0, 0, 0, 0, 0, 0, 0, 0]
true label rank:[1 1 1 1 1 1 1 1 1 1 1 1 1 1 1 1 2 1 1 1 1 1 1 1 1 1 1 1 1 1 1 1 1 1 1 1 1
 1 1 1 1 1 1 1 1 1 1 1 1 1 1 1 1 1 1]
predicted label:tf.Tensor(
[0.09295034 0.08946431 0.33955002 0.3693748  0.10051087 0.08946434
 0.356274   0.09295025 0.33918568 0.09996197 0.13294035 0.09416637
 0.11611789 0.08894539 0.14412898 0.3188296  0.25692433 0.14239341
 0.09156916 0.1795679  0.09792358 0.12770617 0.08843502 0.21335962
 0.08940428 0.1334024  0.09072229 0.23935619 0.08772483 0.17659092
 0.0904268  0.25106627 0.09278128 0.11531356 0.09191465 0.18133089
 0.08987793 0.11125216 0.0900867  0.17516547 0.09350386 0.17405498
 0.09209016 0.19585165 0.09458807 0.12890863 0.09156907 0.10433674
 0.08843502 0.09072217 0.09042671 0.09191465 0.0855566  0.09008673
 0.09209016], shape=(55,), dtype=float32)
rounded label:tf.Tensor(
[0. 0. 0. 0. 0. 0. 0. 0. 0. 0. 0. 0. 0. 0. 0. 0. 0. 0. 0. 0. 0. 0. 0. 0.
 0. 0. 0. 0. 0. 0. 0. 0. 0. 0. 0. 0. 0. 0. 0. 0. 0. 0. 0. 0. 0. 0. 0. 0.
 0. 0. 0. 0. 0. 0. 0.], shape=(55,), dtype=float32)
predicted label rank:[1 1 1 1 1 1 1 1 1 1 1 1 1 1 1 1 1 1 1 1 1 1 1 1 1 1 1 1 1 1 1 1 1 1 1 1 1
 1 1 1 1 1 1 1 1 1 1 1 1 1 1 1 1 1 1]
mse:tf.Tensor(0.034926474, shape=(), dtype=float32)
-------
mean(mse_list):0.034926474
