best_valid_epoch:1.0
train loss:0.0908237
valid loss:0.09020039
test loss list:tf.Tensor(0.4981889, shape=(), dtype=float32)
mean test loss:0.4981889
mean loss list:tf.Tensor(0.01785124, shape=(), dtype=float32)
mean mean loss:0.01785124
accuracy list:[<tf.Tensor: shape=(), dtype=float64, numpy=0.9818181818181818>]
mean accuracy:0.9818181818181818
-------
/Users/sherry/Downloads/Systematic-Predicate-Abstraction-using-Machine-Learning-master/Heuristic_selection/benchmarks/single-layer-graph-example/test_data/003b-horn_000.smt2
true label:[0, 0, 0, 0, 0, 0, 0, 0, 0, 0, 0, 0, 0, 0, 0, 0, 1, 0, 0, 0, 0, 0, 0, 0, 0, 0, 0, 0, 0, 0, 0, 0, 0, 0, 0, 0, 0, 0, 0, 0, 0, 0, 0, 0, 0, 0, 0, 0, 0, 0, 0, 0, 0, 0, 0]
true label rank:[1 1 1 1 1 1 1 1 1 1 1 1 1 1 1 1 2 1 1 1 1 1 1 1 1 1 1 1 1 1 1 1 1 1 1 1 1
 1 1 1 1 1 1 1 1 1 1 1 1 1 1 1 1 1 1]
predicted label:tf.Tensor(
[0.38635874 0.38913128 0.38957942 0.37867767 0.40239206 0.39009264
 0.40869334 0.39146665 0.3888637  0.395872   0.37208223 0.3893054
 0.36964166 0.37851128 0.38209945 0.3888968  0.37464643 0.37740985
 0.40375125 0.38653517 0.3863272  0.3681589  0.39131916 0.37210417
 0.39230108 0.39152676 0.38441652 0.36995018 0.3896615  0.37352484
 0.39638028 0.38435823 0.39235175 0.38398972 0.38739747 0.3839261
 0.39490867 0.37991259 0.38607216 0.39208898 0.39087206 0.38271928
 0.3868118  0.3838819  0.38880116 0.3676003  0.39476967 0.38814533
 0.39302558 0.38888338 0.39922395 0.38670635 0.37780187 0.4003551
 0.38972074], shape=(55,), dtype=float32)
rounded label:tf.Tensor(
[0. 0. 0. 0. 0. 0. 0. 0. 0. 0. 0. 0. 0. 0. 0. 0. 0. 0. 0. 0. 0. 0. 0. 0.
 0. 0. 0. 0. 0. 0. 0. 0. 0. 0. 0. 0. 0. 0. 0. 0. 0. 0. 0. 0. 0. 0. 0. 0.
 0. 0. 0. 0. 0. 0. 0.], shape=(55,), dtype=float32)
predicted label rank:[1 1 1 1 1 1 1 1 1 1 1 1 1 1 1 1 1 1 1 1 1 1 1 1 1 1 1 1 1 1 1 1 1 1 1 1 1
 1 1 1 1 1 1 1 1 1 1 1 1 1 1 1 1 1 1]
mse:tf.Tensor(0.15411201, shape=(), dtype=float32)
-------
mean(mse_list):0.15411201
