best_valid_epoch:0.0
train loss:0.10945735
valid loss:0.109374225
test loss list:tf.Tensor(0.16618313, shape=(), dtype=float32)
mean test loss:0.16618313
mean loss list:tf.Tensor(0.01785124, shape=(), dtype=float32)
mean mean loss:0.01785124
accuracy list:[<tf.Tensor: shape=(), dtype=float64, numpy=0.9818181818181818>]
mean accuracy:0.9818181818181818
-------
/Users/sherry/Downloads/Systematic-Predicate-Abstraction-using-Machine-Learning-master/Heuristic_selection/benchmarks/single-layer-graph-example/test_data/003b-horn_000.smt2
true label:[0, 0, 0, 0, 0, 0, 0, 0, 0, 0, 0, 0, 0, 0, 0, 0, 1, 0, 0, 0, 0, 0, 0, 0, 0, 0, 0, 0, 0, 0, 0, 0, 0, 0, 0, 0, 0, 0, 0, 0, 0, 0, 0, 0, 0, 0, 0, 0, 0, 0, 0, 0, 0, 0, 0]
true label rank:[1 1 1 1 1 1 1 1 1 1 1 1 1 1 1 1 2 1 1 1 1 1 1 1 1 1 1 1 1 1 1 1 1 1 1 1 1
 1 1 1 1 1 1 1 1 1 1 1 1 1 1 1 1 1 1]
predicted label:tf.Tensor(
[0.11230639 0.11257875 0.16720143 0.18299648 0.10878381 0.11257723
 0.16629067 0.11230356 0.16735157 0.109355   0.12713546 0.10225865
 0.10168213 0.11537093 0.1582272  0.16019294 0.13516521 0.14125738
 0.10893852 0.20348266 0.11534089 0.16093433 0.10175097 0.16364086
 0.10211518 0.14379886 0.10487175 0.13733906 0.10485506 0.12733531
 0.09771135 0.12050867 0.10460937 0.10108495 0.10216984 0.16720587
 0.10623586 0.12383845 0.10187045 0.09985682 0.10207465 0.09733665
 0.10175771 0.13871163 0.10452217 0.2002353  0.10893765 0.14183581
 0.10174891 0.10487002 0.09771729 0.10218072 0.09877136 0.10187998
 0.10175931], shape=(55,), dtype=float32)
rounded label:tf.Tensor(
[0. 0. 0. 0. 0. 0. 0. 0. 0. 0. 0. 0. 0. 0. 0. 0. 0. 0. 0. 0. 0. 0. 0. 0.
 0. 0. 0. 0. 0. 0. 0. 0. 0. 0. 0. 0. 0. 0. 0. 0. 0. 0. 0. 0. 0. 0. 0. 0.
 0. 0. 0. 0. 0. 0. 0.], shape=(55,), dtype=float32)
predicted label rank:[1 1 1 1 1 1 1 1 1 1 1 1 1 1 1 1 1 1 1 1 1 1 1 1 1 1 1 1 1 1 1 1 1 1 1 1 1
 1 1 1 1 1 1 1 1 1 1 1 1 1 1 1 1 1 1]
mse:tf.Tensor(0.029327871, shape=(), dtype=float32)
-------
mean(mse_list):0.029327871
