best_valid_epoch:2.0
train loss:0.008938788
valid loss:0.0071911043
test loss list:tf.Tensor(0.15660448, shape=(), dtype=float32)
mean test loss:0.15660448
mean loss list:tf.Tensor(0.0026809457, shape=(), dtype=float32)
mean mean loss:0.0026809457
accuracy list:[<tf.Tensor: shape=(), dtype=float64, numpy=0.9973118279569892>]
mean accuracy:0.9973118279569892
-------
/Users/sherry/Downloads/Systematic-Predicate-Abstraction-using-Machine-Learning-master/Heuristic_selection/benchmarks/single-layer-graph-example/test_data/jayhorn-tmp_0_000-581.smt2
true label:[0, 0, 0, 0, 0, 0, 0, 0, 0, 0, 0, 0, 0, 0, 0, 0, 0, 0, 0, 0, 0, 0, 0, 0, 0, 0, 0, 0, 0, 0, 0, 0, 0, 0, 0, 0, 0, 0, 0, 0, 0, 0, 0, 0, 0, 0, 0, 0, 0, 0, 0, 0, 0, 0, 0, 0, 0, 0, 0, 0, 0, 0, 0, 0, 0, 0, 0, 0, 0, 0, 0, 0, 0, 0, 0, 0, 0, 0, 0, 0, 0, 0, 0, 0, 0, 0, 0, 0, 0, 0, 0, 0, 0, 0, 0, 0, 0, 0, 0, 0, 0, 0, 0, 0, 0, 0, 0, 0, 0, 0, 0, 0, 0, 0, 0, 0, 0, 0, 0, 0, 0, 0, 0, 0, 0, 0, 0, 0, 0, 0, 0, 0, 0, 0, 0, 0, 0, 0, 0, 0, 0, 0, 0, 0, 0, 0, 0, 0, 0, 0, 0, 0, 0, 0, 0, 0, 0, 0, 0, 0, 0, 0, 0, 0, 0, 0, 0, 0, 0, 0, 0, 0, 0, 0, 0, 0, 0, 0, 0, 0, 0, 0, 0, 0, 0, 0, 0, 0, 0, 0, 0, 0, 0, 0, 0, 0, 0, 0, 0, 0, 0, 0, 0, 0, 0, 0, 0, 0, 0, 0, 0, 0, 0, 0, 0, 0, 0, 0, 0, 0, 0, 0, 0, 0, 0, 0, 0, 0, 0, 0, 0, 0, 0, 0, 0, 0, 0, 0, 0, 0, 0, 0, 0, 0, 0, 0, 0, 0, 0, 0, 0, 0, 0, 0, 0, 0, 0, 0, 0, 0, 0, 0, 0, 0, 0, 0, 0, 0, 0, 0, 0, 0, 0, 0, 0, 0, 0, 0, 0, 0, 0, 0, 0, 0, 0, 0, 0, 0, 0, 0, 0, 0, 0, 0, 0, 0, 0, 0, 0, 0, 0, 0, 0, 0, 0, 0, 0, 0, 0, 0, 0, 0, 0, 0, 0, 0, 0, 0, 0, 0, 0, 0, 0, 0, 0, 0, 0, 0, 0, 0, 0, 0, 0, 0, 0, 0, 0, 0, 0, 0, 0, 0, 0, 0, 0, 0, 0, 0, 0, 0, 0, 0, 0, 1, 0, 0, 0, 0, 0, 0, 0, 0, 0, 0, 0, 0, 0, 0, 0, 0, 0, 0]
true label rank:[1 1 1 1 1 1 1 1 1 1 1 1 1 1 1 1 1 1 1 1 1 1 1 1 1 1 1 1 1 1 1 1 1 1 1 1 1
 1 1 1 1 1 1 1 1 1 1 1 1 1 1 1 1 1 1 1 1 1 1 1 1 1 1 1 1 1 1 1 1 1 1 1 1 1
 1 1 1 1 1 1 1 1 1 1 1 1 1 1 1 1 1 1 1 1 1 1 1 1 1 1 1 1 1 1 1 1 1 1 1 1 1
 1 1 1 1 1 1 1 1 1 1 1 1 1 1 1 1 1 1 1 1 1 1 1 1 1 1 1 1 1 1 1 1 1 1 1 1 1
 1 1 1 1 1 1 1 1 1 1 1 1 1 1 1 1 1 1 1 1 1 1 1 1 1 1 1 1 1 1 1 1 1 1 1 1 1
 1 1 1 1 1 1 1 1 1 1 1 1 1 1 1 1 1 1 1 1 1 1 1 1 1 1 1 1 1 1 1 1 1 1 1 1 1
 1 1 1 1 1 1 1 1 1 1 1 1 1 1 1 1 1 1 1 1 1 1 1 1 1 1 1 1 1 1 1 1 1 1 1 1 1
 1 1 1 1 1 1 1 1 1 1 1 1 1 1 1 1 1 1 1 1 1 1 1 1 1 1 1 1 1 1 1 1 1 1 1 1 1
 1 1 1 1 1 1 1 1 1 1 1 1 1 1 1 1 1 1 1 1 1 1 1 1 1 1 1 1 1 1 1 1 1 1 1 1 1
 1 1 1 1 1 1 1 1 1 1 1 1 1 1 1 1 1 1 1 1 2 1 1 1 1 1 1 1 1 1 1 1 1 1 1 1 1
 1 1]
predicted label:tf.Tensor(
[0.30275053 0.22154409 0.16185811 0.13946202 0.09523487 0.09288985
 0.12940931 0.16863409 0.18264827 0.31464046 0.3966664  0.10409012
 0.15851015 0.25655097 0.03840277 0.03840277 0.04382557 0.04382557
 0.04392648 0.04392648 0.0797573  0.0797573  0.10509971 0.10509974
 0.07166043 0.07166043 0.10730895 0.10730895 0.0465287  0.0465287
 0.05310726 0.05310726 0.09677166 0.11659154 0.13946202 0.19249514
 0.14446002 0.12537077 0.118844   0.07565281 0.06727552 0.10599992
 0.14278096 0.16660377 0.09972715 0.07553977 0.05732855 0.087495
 0.18743002 0.13438064 0.2075477  0.16676041 0.38066092 0.46836507
 0.11498082 0.14917383 0.27046493 0.06765947 0.18743002 0.13017932
 0.13017932 0.18851295 0.18851304 0.16750473 0.16750482 0.27704063
 0.27704075 0.44148284 0.4414828  0.09281778 0.09281784 0.14380866
 0.14380863 0.23706496 0.23706502 0.09194374 0.09677166 0.14934632
 0.09523487 0.11175737 0.12537077 0.15620053 0.118844   0.26075128
 0.14446002 0.14497381 0.19249514 0.18156928 0.11659154 0.07820106
 0.12183556 0.26448512 0.07859129 0.07565281 0.0721201  0.07553977
 0.10572132 0.05732855 0.17073503 0.087495   0.14084172 0.09972715
 0.1088571  0.16660377 0.06923151 0.06727552 0.07856706 0.10599992
 0.08231288 0.14278096 0.06001228 0.08745775 0.15387183 0.14930168
 0.31144205 0.41551152 0.07893541 0.11744583 0.25565755 0.06528509
 0.06528512 0.03749731 0.03749731 0.05163407 0.05163407 0.07794183
 0.07794183 0.07046834 0.0704684  0.06213534 0.06213525 0.07811439
 0.07811439 0.09677503 0.09677503 0.15069386 0.15069377 0.04473186
 0.06823805 0.04676211 0.19040802 0.09637055 0.0702399  0.04933316
 0.04065752 0.03567815 0.05595529 0.10368511 0.19313562 0.17307562
 0.37055242 0.42812192 0.09114474 0.16304871 0.25286362 0.08030105
 0.05595529 0.09520486 0.09520486 0.15961516 0.15961516 0.11732611
 0.11732602 0.24778858 0.24778858 0.38917822 0.38917834 0.09406886
 0.09406891 0.12039849 0.12039852 0.27578104 0.27578092 0.05468923
 0.04473186 0.08937621 0.04933316 0.09542623 0.04065752 0.16170505
 0.03567815 0.08862102 0.0702399  0.12303856 0.09637055 0.05959433
 0.06823805 0.06714633 0.04676211 0.06702498 0.19040802 0.07693583
 0.10279155 0.17278299 0.15888768 0.32958227 0.39546615 0.09389028
 0.1482932  0.24456695 0.0719932  0.07199323 0.04208148 0.04208153
 0.08208805 0.08208805 0.07458976 0.07458976 0.1476796  0.14767963
 0.0769507  0.07695064 0.08956107 0.0895611  0.10373521 0.10373521
 0.21928722 0.21928722 0.11954045 0.12105304 0.22190231 0.1422573
 0.3264375  0.4457229  0.10314405 0.17883173 0.31397775 0.08119154
 0.11954045 0.09840292 0.09840292 0.16442376 0.16442376 0.11369309
 0.11369318 0.24832296 0.24832293 0.39074603 0.3907461  0.09240192
 0.09240192 0.10916999 0.10916999 0.29398155 0.29398155 0.2053814
 0.16622168 0.23198304 0.23198709 0.04520676 0.04520682 0.05149558
 0.05149564 0.09994498 0.09994495 0.09994826 0.09994832 0.10135764
 0.13125858 0.15006503 0.1500786  0.069069   0.10210297 0.08372647
 0.08372545 0.24654892 0.16616255 0.23081231 0.23082119 0.19004104
 0.19004107 0.16396672 0.16396672 0.19257447 0.19257447 0.19257805
 0.19257805 0.1094622  0.15006503 0.10559312 0.1500786  0.1724011
 0.10135764 0.17240664 0.13125858 0.08406469 0.08372647 0.10996637
 0.08372545 0.1510497  0.069069   0.15104586 0.10210297 0.201987
 0.1375905  0.20786265 0.20786554 0.05900562 0.05900562 0.03891572
 0.03891569 0.20000216 0.20000216 0.20000106 0.20000109 0.08454418
 0.05825108 0.04324958 0.04325113 0.21361318 0.17656058 0.22593302
 0.22593394 0.18322158 0.18322167 0.12676111 0.12676111 0.18688276
 0.18688273 0.18687949 0.18687949 0.07251695 0.04324958 0.07035965
 0.04325113 0.08283728 0.08454418 0.08284464 0.05825108 0.16835201
 0.1808562  0.19637516 0.19637752 0.07197204 0.07197195 0.0732865
 0.07328656 0.14562869 0.14562854 0.14562368 0.14562374 0.18949386
 0.18707225 0.22230491 0.22230649 0.2115711  0.2115711  0.11206311
 0.11206311 0.19962707 0.19962698 0.19963092 0.19963092 0.3703876
 0.0420624  0.07565281 0.06727552 0.06727552 0.10599992 0.10599992
 0.14278096 0.14278096 0.16660377 0.16660377 0.09972715 0.09972715
 0.07553971 0.07553977 0.05732855 0.05732855 0.087495   0.087495  ], shape=(372,), dtype=float32)
rounded label:tf.Tensor(
[0. 0. 0. 0. 0. 0. 0. 0. 0. 0. 0. 0. 0. 0. 0. 0. 0. 0. 0. 0. 0. 0. 0. 0.
 0. 0. 0. 0. 0. 0. 0. 0. 0. 0. 0. 0. 0. 0. 0. 0. 0. 0. 0. 0. 0. 0. 0. 0.
 0. 0. 0. 0. 0. 0. 0. 0. 0. 0. 0. 0. 0. 0. 0. 0. 0. 0. 0. 0. 0. 0. 0. 0.
 0. 0. 0. 0. 0. 0. 0. 0. 0. 0. 0. 0. 0. 0. 0. 0. 0. 0. 0. 0. 0. 0. 0. 0.
 0. 0. 0. 0. 0. 0. 0. 0. 0. 0. 0. 0. 0. 0. 0. 0. 0. 0. 0. 0. 0. 0. 0. 0.
 0. 0. 0. 0. 0. 0. 0. 0. 0. 0. 0. 0. 0. 0. 0. 0. 0. 0. 0. 0. 0. 0. 0. 0.
 0. 0. 0. 0. 0. 0. 0. 0. 0. 0. 0. 0. 0. 0. 0. 0. 0. 0. 0. 0. 0. 0. 0. 0.
 0. 0. 0. 0. 0. 0. 0. 0. 0. 0. 0. 0. 0. 0. 0. 0. 0. 0. 0. 0. 0. 0. 0. 0.
 0. 0. 0. 0. 0. 0. 0. 0. 0. 0. 0. 0. 0. 0. 0. 0. 0. 0. 0. 0. 0. 0. 0. 0.
 0. 0. 0. 0. 0. 0. 0. 0. 0. 0. 0. 0. 0. 0. 0. 0. 0. 0. 0. 0. 0. 0. 0. 0.
 0. 0. 0. 0. 0. 0. 0. 0. 0. 0. 0. 0. 0. 0. 0. 0. 0. 0. 0. 0. 0. 0. 0. 0.
 0. 0. 0. 0. 0. 0. 0. 0. 0. 0. 0. 0. 0. 0. 0. 0. 0. 0. 0. 0. 0. 0. 0. 0.
 0. 0. 0. 0. 0. 0. 0. 0. 0. 0. 0. 0. 0. 0. 0. 0. 0. 0. 0. 0. 0. 0. 0. 0.
 0. 0. 0. 0. 0. 0. 0. 0. 0. 0. 0. 0. 0. 0. 0. 0. 0. 0. 0. 0. 0. 0. 0. 0.
 0. 0. 0. 0. 0. 0. 0. 0. 0. 0. 0. 0. 0. 0. 0. 0. 0. 0. 0. 0. 0. 0. 0. 0.
 0. 0. 0. 0. 0. 0. 0. 0. 0. 0. 0. 0.], shape=(372,), dtype=float32)
predicted label rank:[1 1 1 1 1 1 1 1 1 1 1 1 1 1 1 1 1 1 1 1 1 1 1 1 1 1 1 1 1 1 1 1 1 1 1 1 1
 1 1 1 1 1 1 1 1 1 1 1 1 1 1 1 1 1 1 1 1 1 1 1 1 1 1 1 1 1 1 1 1 1 1 1 1 1
 1 1 1 1 1 1 1 1 1 1 1 1 1 1 1 1 1 1 1 1 1 1 1 1 1 1 1 1 1 1 1 1 1 1 1 1 1
 1 1 1 1 1 1 1 1 1 1 1 1 1 1 1 1 1 1 1 1 1 1 1 1 1 1 1 1 1 1 1 1 1 1 1 1 1
 1 1 1 1 1 1 1 1 1 1 1 1 1 1 1 1 1 1 1 1 1 1 1 1 1 1 1 1 1 1 1 1 1 1 1 1 1
 1 1 1 1 1 1 1 1 1 1 1 1 1 1 1 1 1 1 1 1 1 1 1 1 1 1 1 1 1 1 1 1 1 1 1 1 1
 1 1 1 1 1 1 1 1 1 1 1 1 1 1 1 1 1 1 1 1 1 1 1 1 1 1 1 1 1 1 1 1 1 1 1 1 1
 1 1 1 1 1 1 1 1 1 1 1 1 1 1 1 1 1 1 1 1 1 1 1 1 1 1 1 1 1 1 1 1 1 1 1 1 1
 1 1 1 1 1 1 1 1 1 1 1 1 1 1 1 1 1 1 1 1 1 1 1 1 1 1 1 1 1 1 1 1 1 1 1 1 1
 1 1 1 1 1 1 1 1 1 1 1 1 1 1 1 1 1 1 1 1 1 1 1 1 1 1 1 1 1 1 1 1 1 1 1 1 1
 1 1]
mse:tf.Tensor(0.027182315, shape=(), dtype=float32)
-------
mean(mse_list):0.027182315
