best_valid_epoch:1.0
train loss:0.0028201486
valid loss:0.0027007367
test loss list:tf.Tensor(0.36699852, shape=(), dtype=float32)
mean test loss:0.36699852
mean loss list:tf.Tensor(0.0026809457, shape=(), dtype=float32)
mean mean loss:0.0026809457
accuracy list:[<tf.Tensor: shape=(), dtype=float64, numpy=0.9973118279569892>]
mean accuracy:0.9973118279569892
-------
/Users/sherry/Downloads/Systematic-Predicate-Abstraction-using-Machine-Learning-master/Heuristic_selection/benchmarks/single-layer-graph-example/test_data/jayhorn-tmp_0_000-581.smt2
true label:[0, 0, 0, 0, 0, 0, 0, 0, 0, 0, 0, 0, 0, 0, 0, 0, 0, 0, 0, 0, 0, 0, 0, 0, 0, 0, 0, 0, 0, 0, 0, 0, 0, 0, 0, 0, 0, 0, 0, 0, 0, 0, 0, 0, 0, 0, 0, 0, 0, 0, 0, 0, 0, 0, 0, 0, 0, 0, 0, 0, 0, 0, 0, 0, 0, 0, 0, 0, 0, 0, 0, 0, 0, 0, 0, 0, 0, 0, 0, 0, 0, 0, 0, 0, 0, 0, 0, 0, 0, 0, 0, 0, 0, 0, 0, 0, 0, 0, 0, 0, 0, 0, 0, 0, 0, 0, 0, 0, 0, 0, 0, 0, 0, 0, 0, 0, 0, 0, 0, 0, 0, 0, 0, 0, 0, 0, 0, 0, 0, 0, 0, 0, 0, 0, 0, 0, 0, 0, 0, 0, 0, 0, 0, 0, 0, 0, 0, 0, 0, 0, 0, 0, 0, 0, 0, 0, 0, 0, 0, 0, 0, 0, 0, 0, 0, 0, 0, 0, 0, 0, 0, 0, 0, 0, 0, 0, 0, 0, 0, 0, 0, 0, 0, 0, 0, 0, 0, 0, 0, 0, 0, 0, 0, 0, 0, 0, 0, 0, 0, 0, 0, 0, 0, 0, 0, 0, 0, 0, 0, 0, 0, 0, 0, 0, 0, 0, 0, 0, 0, 0, 0, 0, 0, 0, 0, 0, 0, 0, 0, 0, 0, 0, 0, 0, 0, 0, 0, 0, 0, 0, 0, 0, 0, 0, 0, 0, 0, 0, 0, 0, 0, 0, 0, 0, 0, 0, 0, 0, 0, 0, 0, 0, 0, 0, 0, 0, 0, 0, 0, 0, 0, 0, 0, 0, 0, 0, 0, 0, 0, 0, 0, 0, 0, 0, 0, 0, 0, 0, 0, 0, 0, 0, 0, 0, 0, 0, 0, 0, 0, 0, 0, 0, 0, 0, 0, 0, 0, 0, 0, 0, 0, 0, 0, 0, 0, 0, 0, 0, 0, 0, 0, 0, 0, 0, 0, 0, 0, 0, 0, 0, 0, 0, 0, 0, 0, 0, 0, 0, 0, 0, 0, 0, 0, 0, 0, 0, 0, 0, 0, 0, 0, 0, 0, 1, 0, 0, 0, 0, 0, 0, 0, 0, 0, 0, 0, 0, 0, 0, 0, 0, 0, 0]
true label rank:[1 1 1 1 1 1 1 1 1 1 1 1 1 1 1 1 1 1 1 1 1 1 1 1 1 1 1 1 1 1 1 1 1 1 1 1 1
 1 1 1 1 1 1 1 1 1 1 1 1 1 1 1 1 1 1 1 1 1 1 1 1 1 1 1 1 1 1 1 1 1 1 1 1 1
 1 1 1 1 1 1 1 1 1 1 1 1 1 1 1 1 1 1 1 1 1 1 1 1 1 1 1 1 1 1 1 1 1 1 1 1 1
 1 1 1 1 1 1 1 1 1 1 1 1 1 1 1 1 1 1 1 1 1 1 1 1 1 1 1 1 1 1 1 1 1 1 1 1 1
 1 1 1 1 1 1 1 1 1 1 1 1 1 1 1 1 1 1 1 1 1 1 1 1 1 1 1 1 1 1 1 1 1 1 1 1 1
 1 1 1 1 1 1 1 1 1 1 1 1 1 1 1 1 1 1 1 1 1 1 1 1 1 1 1 1 1 1 1 1 1 1 1 1 1
 1 1 1 1 1 1 1 1 1 1 1 1 1 1 1 1 1 1 1 1 1 1 1 1 1 1 1 1 1 1 1 1 1 1 1 1 1
 1 1 1 1 1 1 1 1 1 1 1 1 1 1 1 1 1 1 1 1 1 1 1 1 1 1 1 1 1 1 1 1 1 1 1 1 1
 1 1 1 1 1 1 1 1 1 1 1 1 1 1 1 1 1 1 1 1 1 1 1 1 1 1 1 1 1 1 1 1 1 1 1 1 1
 1 1 1 1 1 1 1 1 1 1 1 1 1 1 1 1 1 1 1 1 2 1 1 1 1 1 1 1 1 1 1 1 1 1 1 1 1
 1 1]
predicted label:tf.Tensor(
[0.46844944 0.28779346 0.362059   0.32039914 0.20051458 0.37834918
 0.40758857 0.37403718 0.37403715 0.41887408 0.3477744  0.23472449
 0.2677636  0.26776364 0.28273922 0.27404857 0.38161185 0.37318245
 0.3467049  0.33420563 0.3467049  0.33420563 0.40109196 0.37089694
 0.32326797 0.319135   0.22474295 0.2139923  0.25353444 0.24131933
 0.25353444 0.24131933 0.28488344 0.33333188 0.32039914 0.36862534
 0.26583695 0.24036321 0.24036321 0.13428336 0.22816274 0.20389917
 0.20389917 0.24342707 0.2112552  0.12996775 0.15244582 0.15244582
 0.24644965 0.40812272 0.37465566 0.37465563 0.414182   0.3467365
 0.2328699  0.2657047  0.26570475 0.2853284  0.24644965 0.42386484
 0.40690678 0.3959911  0.37393615 0.39599106 0.37393612 0.42436278
 0.4181645  0.34303692 0.348139   0.24573871 0.23400712 0.28153506
 0.2666574  0.28153506 0.2666574  0.26402807 0.28488344 0.38293958
 0.20051458 0.3661253  0.24036321 0.3661253  0.24036321 0.43963686
 0.26583695 0.37088335 0.36862534 0.21404317 0.33333188 0.25424424
 0.25424424 0.32039914 0.25476873 0.13428336 0.3782072  0.12996775
 0.36459458 0.15244582 0.36459455 0.15244582 0.4425157  0.2112552
 0.35884702 0.24342707 0.20236051 0.22816274 0.24162251 0.20389917
 0.24162251 0.20389917 0.36965135 0.40758857 0.37403718 0.37403715
 0.41887408 0.3477744  0.23472449 0.2677636  0.26776364 0.27818716
 0.269175   0.38026813 0.371022   0.34487557 0.33242577 0.34487554
 0.33242577 0.39676023 0.3662285  0.32288545 0.31780443 0.22301155
 0.2130022  0.25167644 0.239681   0.25167644 0.239681   0.21254438
 0.30844444 0.27875355 0.27875352 0.34614205 0.2876771  0.16484079
 0.18926305 0.18926305 0.2517528  0.40522474 0.372351   0.37235096
 0.4165967  0.3474065  0.23299077 0.26518553 0.26518553 0.2853284
 0.2517528  0.42386484 0.40690678 0.3959911  0.37393615 0.39599106
 0.37393612 0.42436278 0.4181645  0.34303692 0.348139   0.24573871
 0.23400712 0.28153506 0.2666574  0.28153506 0.2666574  0.2708392
 0.21254438 0.39082468 0.16484079 0.37284982 0.18926305 0.37284982
 0.18926305 0.44079876 0.2876771  0.3789564  0.34614205 0.22788447
 0.30844444 0.27124128 0.27875355 0.27124128 0.27875352 0.38030618
 0.40758857 0.37403718 0.37403715 0.41887408 0.3477744  0.23472449
 0.2677636  0.26776364 0.28238094 0.27366042 0.3802075  0.37065768
 0.3448593  0.33103776 0.3448593  0.33103776 0.39950782 0.36797032
 0.32181925 0.31736898 0.22431532 0.21396941 0.2530768  0.24092212
 0.2530768  0.24092212 0.32535094 0.40522474 0.372351   0.37235096
 0.4165967  0.3474065  0.23299077 0.26518553 0.26518553 0.28815818
 0.32535094 0.42605567 0.40812272 0.3959572  0.37465566 0.3959572
 0.37465563 0.42327213 0.414182   0.34309834 0.3467365  0.24619439
 0.2328699  0.28302562 0.2657047  0.28302562 0.2657047  0.40745673
 0.4013549  0.27146247 0.27146247 0.3811866  0.37326977 0.3742185
 0.36583498 0.25709164 0.24570912 0.25709164 0.24570912 0.3352346
 0.33254343 0.24275222 0.24275222 0.22863886 0.22340053 0.15417302
 0.15417305 0.40823594 0.4011773  0.2692929  0.2692929  0.4229685
 0.4067459  0.4167065  0.40057746 0.28561062 0.27041534 0.28561062
 0.2704153  0.38170534 0.24275222 0.3803077  0.24275222 0.25794223
 0.3352346  0.25794223 0.33254343 0.37655404 0.15417302 0.37491727
 0.15417305 0.24483764 0.22863886 0.24483755 0.22340053 0.40745673
 0.4013549  0.27146247 0.27146247 0.37971565 0.37115055 0.37308037
 0.36341682 0.25521404 0.24424887 0.255214   0.24424887 0.30794674
 0.30380577 0.19363225 0.19363222 0.40535027 0.39893186 0.26910055
 0.2691005  0.4229685  0.4067459  0.4167065  0.40057746 0.28561062
 0.27041534 0.28561062 0.2704153  0.38923556 0.19363225 0.3877412
 0.19363222 0.27509344 0.30794674 0.27509338 0.30380577 0.40745673
 0.4013549  0.27146247 0.27146247 0.37998965 0.3710835  0.37236118
 0.36336797 0.2566286  0.24550524 0.2566286  0.24550521 0.40535027
 0.39893186 0.26910055 0.2691005  0.42519832 0.40823594 0.4186603
 0.4011773  0.28718942 0.26929292 0.28718942 0.2692929  0.4970269
 0.1313253  0.13428336 0.23380688 0.22816274 0.21165174 0.20389917
 0.21165177 0.20389917 0.2540838  0.24342707 0.216384   0.2112552
 0.13876477 0.12996775 0.16197836 0.15244582 0.16197836 0.15244582], shape=(372,), dtype=float32)
rounded label:tf.Tensor(
[0. 0. 0. 0. 0. 0. 0. 0. 0. 0. 0. 0. 0. 0. 0. 0. 0. 0. 0. 0. 0. 0. 0. 0.
 0. 0. 0. 0. 0. 0. 0. 0. 0. 0. 0. 0. 0. 0. 0. 0. 0. 0. 0. 0. 0. 0. 0. 0.
 0. 0. 0. 0. 0. 0. 0. 0. 0. 0. 0. 0. 0. 0. 0. 0. 0. 0. 0. 0. 0. 0. 0. 0.
 0. 0. 0. 0. 0. 0. 0. 0. 0. 0. 0. 0. 0. 0. 0. 0. 0. 0. 0. 0. 0. 0. 0. 0.
 0. 0. 0. 0. 0. 0. 0. 0. 0. 0. 0. 0. 0. 0. 0. 0. 0. 0. 0. 0. 0. 0. 0. 0.
 0. 0. 0. 0. 0. 0. 0. 0. 0. 0. 0. 0. 0. 0. 0. 0. 0. 0. 0. 0. 0. 0. 0. 0.
 0. 0. 0. 0. 0. 0. 0. 0. 0. 0. 0. 0. 0. 0. 0. 0. 0. 0. 0. 0. 0. 0. 0. 0.
 0. 0. 0. 0. 0. 0. 0. 0. 0. 0. 0. 0. 0. 0. 0. 0. 0. 0. 0. 0. 0. 0. 0. 0.
 0. 0. 0. 0. 0. 0. 0. 0. 0. 0. 0. 0. 0. 0. 0. 0. 0. 0. 0. 0. 0. 0. 0. 0.
 0. 0. 0. 0. 0. 0. 0. 0. 0. 0. 0. 0. 0. 0. 0. 0. 0. 0. 0. 0. 0. 0. 0. 0.
 0. 0. 0. 0. 0. 0. 0. 0. 0. 0. 0. 0. 0. 0. 0. 0. 0. 0. 0. 0. 0. 0. 0. 0.
 0. 0. 0. 0. 0. 0. 0. 0. 0. 0. 0. 0. 0. 0. 0. 0. 0. 0. 0. 0. 0. 0. 0. 0.
 0. 0. 0. 0. 0. 0. 0. 0. 0. 0. 0. 0. 0. 0. 0. 0. 0. 0. 0. 0. 0. 0. 0. 0.
 0. 0. 0. 0. 0. 0. 0. 0. 0. 0. 0. 0. 0. 0. 0. 0. 0. 0. 0. 0. 0. 0. 0. 0.
 0. 0. 0. 0. 0. 0. 0. 0. 0. 0. 0. 0. 0. 0. 0. 0. 0. 0. 0. 0. 0. 0. 0. 0.
 0. 0. 0. 0. 0. 0. 0. 0. 0. 0. 0. 0.], shape=(372,), dtype=float32)
predicted label rank:[1 1 1 1 1 1 1 1 1 1 1 1 1 1 1 1 1 1 1 1 1 1 1 1 1 1 1 1 1 1 1 1 1 1 1 1 1
 1 1 1 1 1 1 1 1 1 1 1 1 1 1 1 1 1 1 1 1 1 1 1 1 1 1 1 1 1 1 1 1 1 1 1 1 1
 1 1 1 1 1 1 1 1 1 1 1 1 1 1 1 1 1 1 1 1 1 1 1 1 1 1 1 1 1 1 1 1 1 1 1 1 1
 1 1 1 1 1 1 1 1 1 1 1 1 1 1 1 1 1 1 1 1 1 1 1 1 1 1 1 1 1 1 1 1 1 1 1 1 1
 1 1 1 1 1 1 1 1 1 1 1 1 1 1 1 1 1 1 1 1 1 1 1 1 1 1 1 1 1 1 1 1 1 1 1 1 1
 1 1 1 1 1 1 1 1 1 1 1 1 1 1 1 1 1 1 1 1 1 1 1 1 1 1 1 1 1 1 1 1 1 1 1 1 1
 1 1 1 1 1 1 1 1 1 1 1 1 1 1 1 1 1 1 1 1 1 1 1 1 1 1 1 1 1 1 1 1 1 1 1 1 1
 1 1 1 1 1 1 1 1 1 1 1 1 1 1 1 1 1 1 1 1 1 1 1 1 1 1 1 1 1 1 1 1 1 1 1 1 1
 1 1 1 1 1 1 1 1 1 1 1 1 1 1 1 1 1 1 1 1 1 1 1 1 1 1 1 1 1 1 1 1 1 1 1 1 1
 1 1 1 1 1 1 1 1 1 1 1 1 1 1 1 1 1 1 1 1 1 1 1 1 1 1 1 1 1 1 1 1 1 1 1 1 1
 1 1]
mse:tf.Tensor(0.09784042, shape=(), dtype=float32)
-------
mean(mse_list):0.09784042
