best_valid_epoch:5.0
train loss:0.008538823
valid loss:0.0069254683
test loss list:tf.Tensor(0.059602667, shape=(), dtype=float32)
mean test loss:0.059602667
mean loss list:tf.Tensor(0.0026809457, shape=(), dtype=float32)
mean mean loss:0.0026809457
accuracy list:[<tf.Tensor: shape=(), dtype=float64, numpy=0.9973118279569892>]
mean accuracy:0.9973118279569892
-------
/Users/sherry/Downloads/Systematic-Predicate-Abstraction-using-Machine-Learning-master/Heuristic_selection/benchmarks/single-layer-graph-example/test_data/jayhorn-tmp_0_000-581.smt2
true label:[0, 0, 0, 0, 0, 0, 0, 0, 0, 0, 0, 0, 0, 0, 0, 0, 0, 0, 0, 0, 0, 0, 0, 0, 0, 0, 0, 0, 0, 0, 0, 0, 0, 0, 0, 0, 0, 0, 0, 0, 0, 0, 0, 0, 0, 0, 0, 0, 0, 0, 0, 0, 0, 0, 0, 0, 0, 0, 0, 0, 0, 0, 0, 0, 0, 0, 0, 0, 0, 0, 0, 0, 0, 0, 0, 0, 0, 0, 0, 0, 0, 0, 0, 0, 0, 0, 0, 0, 0, 0, 0, 0, 0, 0, 0, 0, 0, 0, 0, 0, 0, 0, 0, 0, 0, 0, 0, 0, 0, 0, 0, 0, 0, 0, 0, 0, 0, 0, 0, 0, 0, 0, 0, 0, 0, 0, 0, 0, 0, 0, 0, 0, 0, 0, 0, 0, 0, 0, 0, 0, 0, 0, 0, 0, 0, 0, 0, 0, 0, 0, 0, 0, 0, 0, 0, 0, 0, 0, 0, 0, 0, 0, 0, 0, 0, 0, 0, 0, 0, 0, 0, 0, 0, 0, 0, 0, 0, 0, 0, 0, 0, 0, 0, 0, 0, 0, 0, 0, 0, 0, 0, 0, 0, 0, 0, 0, 0, 0, 0, 0, 0, 0, 0, 0, 0, 0, 0, 0, 0, 0, 0, 0, 0, 0, 0, 0, 0, 0, 0, 0, 0, 0, 0, 0, 0, 0, 0, 0, 0, 0, 0, 0, 0, 0, 0, 0, 0, 0, 0, 0, 0, 0, 0, 0, 0, 0, 0, 0, 0, 0, 0, 0, 0, 0, 0, 0, 0, 0, 0, 0, 0, 0, 0, 0, 0, 0, 0, 0, 0, 0, 0, 0, 0, 0, 0, 0, 0, 0, 0, 0, 0, 0, 0, 0, 0, 0, 0, 0, 0, 0, 0, 0, 0, 0, 0, 0, 0, 0, 0, 0, 0, 0, 0, 0, 0, 0, 0, 0, 0, 0, 0, 0, 0, 0, 0, 0, 0, 0, 0, 0, 0, 0, 0, 0, 0, 0, 0, 0, 0, 0, 0, 0, 0, 0, 0, 0, 0, 0, 0, 0, 0, 0, 0, 0, 0, 0, 0, 0, 0, 0, 0, 0, 0, 1, 0, 0, 0, 0, 0, 0, 0, 0, 0, 0, 0, 0, 0, 0, 0, 0, 0, 0]
true label rank:[1 1 1 1 1 1 1 1 1 1 1 1 1 1 1 1 1 1 1 1 1 1 1 1 1 1 1 1 1 1 1 1 1 1 1 1 1
 1 1 1 1 1 1 1 1 1 1 1 1 1 1 1 1 1 1 1 1 1 1 1 1 1 1 1 1 1 1 1 1 1 1 1 1 1
 1 1 1 1 1 1 1 1 1 1 1 1 1 1 1 1 1 1 1 1 1 1 1 1 1 1 1 1 1 1 1 1 1 1 1 1 1
 1 1 1 1 1 1 1 1 1 1 1 1 1 1 1 1 1 1 1 1 1 1 1 1 1 1 1 1 1 1 1 1 1 1 1 1 1
 1 1 1 1 1 1 1 1 1 1 1 1 1 1 1 1 1 1 1 1 1 1 1 1 1 1 1 1 1 1 1 1 1 1 1 1 1
 1 1 1 1 1 1 1 1 1 1 1 1 1 1 1 1 1 1 1 1 1 1 1 1 1 1 1 1 1 1 1 1 1 1 1 1 1
 1 1 1 1 1 1 1 1 1 1 1 1 1 1 1 1 1 1 1 1 1 1 1 1 1 1 1 1 1 1 1 1 1 1 1 1 1
 1 1 1 1 1 1 1 1 1 1 1 1 1 1 1 1 1 1 1 1 1 1 1 1 1 1 1 1 1 1 1 1 1 1 1 1 1
 1 1 1 1 1 1 1 1 1 1 1 1 1 1 1 1 1 1 1 1 1 1 1 1 1 1 1 1 1 1 1 1 1 1 1 1 1
 1 1 1 1 1 1 1 1 1 1 1 1 1 1 1 1 1 1 1 1 2 1 1 1 1 1 1 1 1 1 1 1 1 1 1 1 1
 1 1]
predicted label:tf.Tensor(
[0.13700944 0.07362998 0.07079065 0.1509287  0.10281837 0.15670839
 0.03697163 0.01602915 0.01597297 0.03450763 0.04534602 0.0237363
 0.04252398 0.04252395 0.02671695 0.026867   0.03284264 0.03251165
 0.01770297 0.01753262 0.0176304  0.01744938 0.03965977 0.03949204
 0.04135767 0.04068732 0.02072448 0.020538   0.02767447 0.02750114
 0.02767447 0.02750114 0.16539052 0.07509765 0.1509287  0.05865169
 0.17668253 0.1137127  0.11371273 0.12284473 0.06311393 0.05578771
 0.05575639 0.07136273 0.1896503  0.06357741 0.09553295 0.09553292
 0.2887767  0.05943269 0.02623317 0.02614346 0.06108892 0.08145371
 0.0351316  0.06286609 0.06286609 0.03650028 0.2887767  0.03571063
 0.03602841 0.01815715 0.01803973 0.01808676 0.01793066 0.04612279
 0.04512575 0.05696344 0.0555332  0.02152473 0.02151692 0.03150684
 0.03151169 0.03150684 0.03151169 0.11719507 0.16539052 0.06446958
 0.10281837 0.04601544 0.1137127  0.04610646 0.11371273 0.04052371
 0.17668253 0.05670434 0.05865169 0.06097919 0.07509765 0.04854608
 0.04854605 0.15205699 0.07406271 0.12284473 0.07003897 0.06357741
 0.08287501 0.09553295 0.08292869 0.09553292 0.0409297  0.1896503
 0.06093386 0.07136273 0.06615344 0.06311393 0.05072066 0.05578771
 0.05072069 0.05575639 0.05562153 0.04026335 0.01701    0.01698956
 0.05054486 0.05814955 0.02793559 0.05250493 0.05250493 0.02328655
 0.02352655 0.02153349 0.02132022 0.01411179 0.01399201 0.01401097
 0.01388475 0.03578463 0.0355635  0.04020071 0.0397138  0.02169079
 0.0215168  0.02849874 0.02833369 0.02849877 0.02833369 0.03088868
 0.03010201 0.02022523 0.02039054 0.04889834 0.08297059 0.02514783
 0.03260648 0.03260654 0.12248793 0.03063333 0.00972772 0.0096876
 0.0453434  0.04410633 0.02067766 0.03044233 0.03044233 0.04058918
 0.12248793 0.03382492 0.03398591 0.01715738 0.01699716 0.0170989
 0.0169296  0.04669097 0.04624861 0.05835375 0.05727056 0.0215846
 0.02156779 0.03452635 0.03459704 0.03452626 0.03459704 0.15671569
 0.03088868 0.04422814 0.02514783 0.07858244 0.03260648 0.07917014
 0.03260654 0.05832955 0.08297059 0.05431464 0.04889834 0.06367803
 0.03010201 0.04552153 0.02022523 0.04552153 0.02039054 0.05621177
 0.0604738  0.0268628  0.02683425 0.06582767 0.08370194 0.03572077
 0.06139478 0.06139472 0.0258185  0.02606532 0.02605462 0.02571893
 0.0149509  0.01483285 0.0149371  0.0148153  0.03411889 0.03387716
 0.04309082 0.04255363 0.02156296 0.02143928 0.03032404 0.02989271
 0.03032413 0.02989271 0.14055151 0.02992019 0.00950122 0.00947261
 0.04270187 0.04491749 0.02021667 0.0300546  0.03005463 0.07961768
 0.14055151 0.09889546 0.09926927 0.04020268 0.0395785  0.04050127
 0.03987408 0.06588715 0.0645794  0.11049384 0.10815209 0.04804668
 0.04735839 0.0917263  0.09243593 0.09172636 0.09243593 0.03614479
 0.02296036 0.04500693 0.04500693 0.03202024 0.03169119 0.02205104
 0.02174199 0.027996   0.02777433 0.027996   0.02777433 0.07351139
 0.06237692 0.11577392 0.11577392 0.05954522 0.04370904 0.09691948
 0.09691954 0.05780602 0.03573981 0.06439555 0.06439558 0.03404883
 0.0343104  0.0239127  0.02403527 0.03292561 0.03293243 0.03292561
 0.03293243 0.06384259 0.11577392 0.04970449 0.11577392 0.04805559
 0.07351139 0.04805562 0.06237692 0.06978506 0.09691948 0.05745536
 0.09691954 0.05035612 0.05954522 0.05035612 0.04370904 0.03893834
 0.02603769 0.05529317 0.05529314 0.02095443 0.02074298 0.01725051
 0.01699188 0.02920067 0.02902287 0.02920067 0.02902287 0.02944329
 0.01903409 0.03307399 0.0330739  0.02926943 0.02038655 0.03135216
 0.03135216 0.03229153 0.03258571 0.02353558 0.02361703 0.03589785
 0.03598377 0.03589785 0.03598377 0.04355356 0.03307399 0.03661451
 0.0330739  0.04535714 0.02944329 0.04535714 0.01903409 0.05835131
 0.04381859 0.0645119  0.06451192 0.02542576 0.02507117 0.01826078
 0.01776865 0.03009376 0.02968377 0.03009379 0.02968377 0.02859572
 0.01977125 0.03106099 0.03106099 0.09478739 0.09533969 0.05751252
 0.05769837 0.09442124 0.09519741 0.09442124 0.09519747 0.2569765
 0.05442211 0.12284473 0.06313276 0.06311393 0.05571494 0.05578771
 0.05566975 0.05575639 0.07101443 0.07136273 0.18866986 0.1896503
 0.06301707 0.06357741 0.09494311 0.09553295 0.09494314 0.09553292], shape=(372,), dtype=float32)
rounded label:tf.Tensor(
[0. 0. 0. 0. 0. 0. 0. 0. 0. 0. 0. 0. 0. 0. 0. 0. 0. 0. 0. 0. 0. 0. 0. 0.
 0. 0. 0. 0. 0. 0. 0. 0. 0. 0. 0. 0. 0. 0. 0. 0. 0. 0. 0. 0. 0. 0. 0. 0.
 0. 0. 0. 0. 0. 0. 0. 0. 0. 0. 0. 0. 0. 0. 0. 0. 0. 0. 0. 0. 0. 0. 0. 0.
 0. 0. 0. 0. 0. 0. 0. 0. 0. 0. 0. 0. 0. 0. 0. 0. 0. 0. 0. 0. 0. 0. 0. 0.
 0. 0. 0. 0. 0. 0. 0. 0. 0. 0. 0. 0. 0. 0. 0. 0. 0. 0. 0. 0. 0. 0. 0. 0.
 0. 0. 0. 0. 0. 0. 0. 0. 0. 0. 0. 0. 0. 0. 0. 0. 0. 0. 0. 0. 0. 0. 0. 0.
 0. 0. 0. 0. 0. 0. 0. 0. 0. 0. 0. 0. 0. 0. 0. 0. 0. 0. 0. 0. 0. 0. 0. 0.
 0. 0. 0. 0. 0. 0. 0. 0. 0. 0. 0. 0. 0. 0. 0. 0. 0. 0. 0. 0. 0. 0. 0. 0.
 0. 0. 0. 0. 0. 0. 0. 0. 0. 0. 0. 0. 0. 0. 0. 0. 0. 0. 0. 0. 0. 0. 0. 0.
 0. 0. 0. 0. 0. 0. 0. 0. 0. 0. 0. 0. 0. 0. 0. 0. 0. 0. 0. 0. 0. 0. 0. 0.
 0. 0. 0. 0. 0. 0. 0. 0. 0. 0. 0. 0. 0. 0. 0. 0. 0. 0. 0. 0. 0. 0. 0. 0.
 0. 0. 0. 0. 0. 0. 0. 0. 0. 0. 0. 0. 0. 0. 0. 0. 0. 0. 0. 0. 0. 0. 0. 0.
 0. 0. 0. 0. 0. 0. 0. 0. 0. 0. 0. 0. 0. 0. 0. 0. 0. 0. 0. 0. 0. 0. 0. 0.
 0. 0. 0. 0. 0. 0. 0. 0. 0. 0. 0. 0. 0. 0. 0. 0. 0. 0. 0. 0. 0. 0. 0. 0.
 0. 0. 0. 0. 0. 0. 0. 0. 0. 0. 0. 0. 0. 0. 0. 0. 0. 0. 0. 0. 0. 0. 0. 0.
 0. 0. 0. 0. 0. 0. 0. 0. 0. 0. 0. 0.], shape=(372,), dtype=float32)
predicted label rank:[1 1 1 1 1 1 1 1 1 1 1 1 1 1 1 1 1 1 1 1 1 1 1 1 1 1 1 1 1 1 1 1 1 1 1 1 1
 1 1 1 1 1 1 1 1 1 1 1 1 1 1 1 1 1 1 1 1 1 1 1 1 1 1 1 1 1 1 1 1 1 1 1 1 1
 1 1 1 1 1 1 1 1 1 1 1 1 1 1 1 1 1 1 1 1 1 1 1 1 1 1 1 1 1 1 1 1 1 1 1 1 1
 1 1 1 1 1 1 1 1 1 1 1 1 1 1 1 1 1 1 1 1 1 1 1 1 1 1 1 1 1 1 1 1 1 1 1 1 1
 1 1 1 1 1 1 1 1 1 1 1 1 1 1 1 1 1 1 1 1 1 1 1 1 1 1 1 1 1 1 1 1 1 1 1 1 1
 1 1 1 1 1 1 1 1 1 1 1 1 1 1 1 1 1 1 1 1 1 1 1 1 1 1 1 1 1 1 1 1 1 1 1 1 1
 1 1 1 1 1 1 1 1 1 1 1 1 1 1 1 1 1 1 1 1 1 1 1 1 1 1 1 1 1 1 1 1 1 1 1 1 1
 1 1 1 1 1 1 1 1 1 1 1 1 1 1 1 1 1 1 1 1 1 1 1 1 1 1 1 1 1 1 1 1 1 1 1 1 1
 1 1 1 1 1 1 1 1 1 1 1 1 1 1 1 1 1 1 1 1 1 1 1 1 1 1 1 1 1 1 1 1 1 1 1 1 1
 1 1 1 1 1 1 1 1 1 1 1 1 1 1 1 1 1 1 1 1 1 1 1 1 1 1 1 1 1 1 1 1 1 1 1 1 1
 1 1]
mse:tf.Tensor(0.005913361, shape=(), dtype=float32)
-------
mean(mse_list):0.005913361
