best_valid_epoch:2.0
train loss:0.02798286
valid loss:0.025281826
test loss list:tf.Tensor(0.044235446, shape=(), dtype=float32)
mean test loss:0.044235446
mean loss list:tf.Tensor(0.015380859, shape=(), dtype=float32)
mean mean loss:0.015380859
accuracy list:[<tf.Tensor: shape=(), dtype=float64, numpy=1.0>]
mean accuracy:1.0
-------
/Users/sherry/Downloads/Systematic-Predicate-Abstraction-using-Machine-Learning-master/Heuristic_selection/benchmarks/single-layer-graph-example/test_data/underapprox_1-2.c-1_000.smt2
true label:[0, 0, 0, 0, 0, 0, 0, 1, 0, 0, 0, 0, 0, 0, 0, 0, 0, 0, 0, 0, 0, 0, 0, 0, 0, 0, 0, 0, 0, 0, 0, 0, 0, 0, 0, 0, 0, 0, 0, 0, 0, 0, 0, 0, 0, 0, 0, 0, 0, 0, 0, 0, 0, 0, 0, 0, 0, 0, 0, 0, 0, 0, 0, 0]
true label rank:[1 1 1 1 1 1 1 2 1 1 1 1 1 1 1 1 1 1 1 1 1 1 1 1 1 1 1 1 1 1 1 1 1 1 1 1 1
 1 1 1 1 1 1 1 1 1 1 1 1 1 1 1 1 1 1 1 1 1 1 1 1 1 1 1]
predicted label:tf.Tensor(
[0.00705746 0.03757337 0.01113331 0.3687364  0.06222072 0.20254922
 0.00811803 0.53461033 0.06737491 0.05305871 0.04964334 0.01568976
 0.01569015 0.02242205 0.02242288 0.01644272 0.01644254 0.0360657
 0.05838415 0.00618413 0.00988537 0.0118162  0.05998376 0.07801431
 0.02259669 0.0118162  0.05040294 0.05040318 0.03981906 0.03982785
 0.00659931 0.00705746 0.00891712 0.00706801 0.0360657  0.01477107
 0.00618413 0.03538686 0.00988537 0.06602192 0.01113331 0.02735248
 0.0244281  0.0076156  0.00761548 0.00976205 0.00976205 0.02821779
 0.00914767 0.00542912 0.00707236 0.04989243 0.02830026 0.02024522
 0.02024442 0.01828584 0.01828414 0.00847355 0.00914767 0.00388843
 0.02821779 0.03683507 0.00707236 0.01334301], shape=(64,), dtype=float32)
rounded label:tf.Tensor(
[0. 0. 0. 0. 0. 0. 0. 1. 0. 0. 0. 0. 0. 0. 0. 0. 0. 0. 0. 0. 0. 0. 0. 0.
 0. 0. 0. 0. 0. 0. 0. 0. 0. 0. 0. 0. 0. 0. 0. 0. 0. 0. 0. 0. 0. 0. 0. 0.
 0. 0. 0. 0. 0. 0. 0. 0. 0. 0. 0. 0. 0. 0. 0. 0.], shape=(64,), dtype=float32)
predicted label rank:[1 1 1 1 1 1 1 2 1 1 1 1 1 1 1 1 1 1 1 1 1 1 1 1 1 1 1 1 1 1 1 1 1 1 1 1 1
 1 1 1 1 1 1 1 1 1 1 1 1 1 1 1 1 1 1 1 1 1 1 1 1 1 1 1]
mse:tf.Tensor(0.0070638596, shape=(), dtype=float32)
-------
mean(mse_list):0.0070638596
