best_valid_epoch:1.0
train loss:0.041678574
valid loss:0.03281953
test loss list:tf.Tensor(0.22295818, shape=(), dtype=float32)
mean test loss:0.22295818
mean loss list:tf.Tensor(0.015380859, shape=(), dtype=float32)
mean mean loss:0.015380859
accuracy list:[<tf.Tensor: shape=(), dtype=float64, numpy=0.984375>]
mean accuracy:0.984375
-------
/Users/sherry/Downloads/Systematic-Predicate-Abstraction-using-Machine-Learning-master/Heuristic_selection/benchmarks/single-layer-graph-example/test_data/underapprox_1-2.c-1_000.smt2
true label:[0, 0, 0, 0, 0, 0, 0, 1, 0, 0, 0, 0, 0, 0, 0, 0, 0, 0, 0, 0, 0, 0, 0, 0, 0, 0, 0, 0, 0, 0, 0, 0, 0, 0, 0, 0, 0, 0, 0, 0, 0, 0, 0, 0, 0, 0, 0, 0, 0, 0, 0, 0, 0, 0, 0, 0, 0, 0, 0, 0, 0, 0, 0, 0]
true label rank:[1 1 1 1 1 1 1 2 1 1 1 1 1 1 1 1 1 1 1 1 1 1 1 1 1 1 1 1 1 1 1 1 1 1 1 1 1
 1 1 1 1 1 1 1 1 1 1 1 1 1 1 1 1 1 1 1 1 1 1 1 1 1 1 1]
predicted label:tf.Tensor(
[0.159352   0.1698443  0.10818467 0.32694417 0.23711428 0.20280781
 0.07108438 0.32862562 0.25760123 0.31659934 0.2316972  0.17257437
 0.16998908 0.34234345 0.33905262 0.20375925 0.19357732 0.26003456
 0.21114871 0.08290941 0.11096668 0.07983324 0.2874505  0.19934699
 0.12294862 0.07983324 0.28253263 0.27930927 0.20212665 0.19674522
 0.22033119 0.159352   0.35539013 0.27772835 0.26003456 0.21469691
 0.08290941 0.38435164 0.11096668 0.31697613 0.10818467 0.18059826
 0.10233971 0.16793472 0.16596612 0.10337439 0.10223857 0.14186996
 0.0993346  0.09979582 0.09167689 0.17796305 0.08845726 0.16310784
 0.16136509 0.08778319 0.08635139 0.20121676 0.0993346  0.1863493
 0.14186996 0.26683086 0.09167689 0.2074931 ], shape=(64,), dtype=float32)
rounded label:tf.Tensor(
[0. 0. 0. 0. 0. 0. 0. 0. 0. 0. 0. 0. 0. 0. 0. 0. 0. 0. 0. 0. 0. 0. 0. 0.
 0. 0. 0. 0. 0. 0. 0. 0. 0. 0. 0. 0. 0. 0. 0. 0. 0. 0. 0. 0. 0. 0. 0. 0.
 0. 0. 0. 0. 0. 0. 0. 0. 0. 0. 0. 0. 0. 0. 0. 0.], shape=(64,), dtype=float32)
predicted label rank:[1 1 1 1 1 1 1 1 1 1 1 1 1 1 1 1 1 1 1 1 1 1 1 1 1 1 1 1 1 1 1 1 1 1 1 1 1
 1 1 1 1 1 1 1 1 1 1 1 1 1 1 1 1 1 1 1 1 1 1 1 1 1 1 1]
mse:tf.Tensor(0.04701231, shape=(), dtype=float32)
-------
mean(mse_list):0.04701231
