best_valid_epoch:3.0
train loss:0.16340783
valid loss:0.11998869
test loss list:tf.Tensor(0.36093235, shape=(), dtype=float32)
mean test loss:0.36093235
mean loss list:tf.Tensor(0.032016136, shape=(), dtype=float32)
mean mean loss:0.032016136
accuracy list:[<tf.Tensor: shape=(), dtype=float64, numpy=0.9867549668874173>]
mean accuracy:0.9867549668874173
-------
/Users/sherry/Downloads/Systematic-Predicate-Abstraction-using-Machine-Learning-master/Heuristic_selection/benchmarks/single-layer-graph-example/test_data/dillig28.c_000.smt2
true label:[0, 0, 0, 0, 0, 0, 0, 0, 0, 0, 0, 0, 0, 0, 0, 0, 0, 0, 1, 0, 0, 0, 0, 0, 0, 0, 0, 0, 0, 0, 0, 0, 0, 0, 0, 0, 0, 0, 0, 0, 0, 0, 0, 0, 0, 0, 0, 0, 0, 0, 0, 0, 0, 0, 0, 1, 0, 0, 0, 0, 0, 0, 0, 0, 0, 0, 0, 0, 0, 0, 0, 0, 0, 0, 0, 0, 0, 0, 0, 0, 0, 0, 0, 0, 0, 0, 0, 0, 0, 0, 0, 1, 0, 0, 0, 0, 0, 0, 0, 0, 0, 0, 0, 0, 0, 0, 0, 0, 0, 0, 0, 0, 0, 0, 0, 0, 0, 0, 0, 0, 0, 0, 0, 0, 0, 0, 0, 1, 0, 0, 0, 0, 0, 0, 0, 0, 0, 0, 0, 0, 0, 0, 0, 0, 0, 1, 0, 0, 0, 0, 0]
true label rank:[1 1 1 1 1 1 1 1 1 1 1 1 1 1 1 1 1 1 2 1 1 1 1 1 1 1 1 1 1 1 1 1 1 1 1 1 1
 1 1 1 1 1 1 1 1 1 1 1 1 1 1 1 1 1 1 2 1 1 1 1 1 1 1 1 1 1 1 1 1 1 1 1 1 1
 1 1 1 1 1 1 1 1 1 1 1 1 1 1 1 1 1 2 1 1 1 1 1 1 1 1 1 1 1 1 1 1 1 1 1 1 1
 1 1 1 1 1 1 1 1 1 1 1 1 1 1 1 1 2 1 1 1 1 1 1 1 1 1 1 1 1 1 1 1 1 1 2 1 1
 1 1 1]
predicted label:tf.Tensor(
[0.2814713  0.47030038 0.34562385 0.21970922 0.21970922 0.2596833
 0.25968337 0.08119467 0.08119467 0.14898315 0.42416328 0.10789081
 0.24105787 0.35070318 0.22698003 0.20499694 0.46342006 0.32569134
 0.50552815 0.20499694 0.460131   0.4601311  0.346251   0.34625107
 0.38305235 0.14898315 0.39213753 0.10789081 0.17178082 0.42416328
 0.31777918 0.24105787 0.26053765 0.22698003 0.2307882  0.35070318
 0.52819806 0.2814713  0.47030038 0.34562385 0.21970922 0.21970922
 0.2596833  0.25968337 0.08119467 0.08119467 0.14898315 0.42416328
 0.10789081 0.24105787 0.35070318 0.22698003 0.20499694 0.46342006
 0.32569134 0.50552815 0.20499694 0.460131   0.4601311  0.346251
 0.34625107 0.38305235 0.14898315 0.39213753 0.10789081 0.17178082
 0.42416328 0.31777918 0.24105787 0.26053765 0.22698003 0.2307882
 0.35070318 0.2814713  0.47030038 0.34562385 0.21970922 0.21970922
 0.2596833  0.25968337 0.08119467 0.08119467 0.14898315 0.42416328
 0.10789081 0.24105787 0.35070318 0.22698003 0.20499694 0.46342006
 0.32569134 0.50552815 0.20499694 0.460131   0.4601311  0.346251
 0.34625107 0.38305235 0.14898315 0.39213753 0.10789081 0.17178082
 0.42416328 0.31777918 0.24105787 0.26053765 0.22698003 0.2307882
 0.35070318 0.2814713  0.47030038 0.34562385 0.21970922 0.21970922
 0.2596833  0.25968337 0.08119467 0.08119467 0.14898315 0.42416328
 0.10789081 0.24105787 0.35070318 0.22698003 0.20499694 0.46342006
 0.32569134 0.50552815 0.20499694 0.460131   0.4601311  0.346251
 0.34625107 0.38305235 0.14898315 0.39213753 0.10789081 0.17178082
 0.42416328 0.31777918 0.24105787 0.26053765 0.22698003 0.2307882
 0.35070318 0.18245146 0.24105787 0.3507032  0.35070318 0.22697997
 0.22698003], shape=(151,), dtype=float32)
rounded label:tf.Tensor(
[0. 0. 0. 0. 0. 0. 0. 0. 0. 0. 0. 0. 0. 0. 0. 0. 0. 0. 1. 0. 0. 0. 0. 0.
 0. 0. 0. 0. 0. 0. 0. 0. 0. 0. 0. 0. 1. 0. 0. 0. 0. 0. 0. 0. 0. 0. 0. 0.
 0. 0. 0. 0. 0. 0. 0. 1. 0. 0. 0. 0. 0. 0. 0. 0. 0. 0. 0. 0. 0. 0. 0. 0.
 0. 0. 0. 0. 0. 0. 0. 0. 0. 0. 0. 0. 0. 0. 0. 0. 0. 0. 0. 1. 0. 0. 0. 0.
 0. 0. 0. 0. 0. 0. 0. 0. 0. 0. 0. 0. 0. 0. 0. 0. 0. 0. 0. 0. 0. 0. 0. 0.
 0. 0. 0. 0. 0. 0. 0. 1. 0. 0. 0. 0. 0. 0. 0. 0. 0. 0. 0. 0. 0. 0. 0. 0.
 0. 0. 0. 0. 0. 0. 0.], shape=(151,), dtype=float32)
predicted label rank:[1 1 1 1 1 1 1 1 1 1 1 1 1 1 1 1 1 1 2 1 1 1 1 1 1 1 1 1 1 1 1 1 1 1 1 1 2
 1 1 1 1 1 1 1 1 1 1 1 1 1 1 1 1 1 1 2 1 1 1 1 1 1 1 1 1 1 1 1 1 1 1 1 1 1
 1 1 1 1 1 1 1 1 1 1 1 1 1 1 1 1 1 2 1 1 1 1 1 1 1 1 1 1 1 1 1 1 1 1 1 1 1
 1 1 1 1 1 1 1 1 1 1 1 1 1 1 1 1 2 1 1 1 1 1 1 1 1 1 1 1 1 1 1 1 1 1 1 1 1
 1 1 1]
mse:tf.Tensor(0.09961795, shape=(), dtype=float32)
-------
mean(mse_list):0.09961795
