best_valid_epoch:0.0
train loss:0.059245657
valid loss:0.048314292
test loss list:tf.Tensor(0.3569059, shape=(), dtype=float32)
mean test loss:0.3569059
mean loss list:tf.Tensor(0.032016136, shape=(), dtype=float32)
mean mean loss:0.032016136
accuracy list:[<tf.Tensor: shape=(), dtype=float64, numpy=0.9668874172185431>]
mean accuracy:0.9668874172185431
-------
/Users/sherry/Downloads/Systematic-Predicate-Abstraction-using-Machine-Learning-master/Heuristic_selection/benchmarks/single-layer-graph-example/test_data/dillig28.c_000.smt2
true label:[0, 0, 0, 0, 0, 0, 0, 0, 0, 0, 0, 0, 0, 0, 0, 0, 0, 0, 1, 0, 0, 0, 0, 0, 0, 0, 0, 0, 0, 0, 0, 0, 0, 0, 0, 0, 0, 0, 0, 0, 0, 0, 0, 0, 0, 0, 0, 0, 0, 0, 0, 0, 0, 0, 0, 1, 0, 0, 0, 0, 0, 0, 0, 0, 0, 0, 0, 0, 0, 0, 0, 0, 0, 0, 0, 0, 0, 0, 0, 0, 0, 0, 0, 0, 0, 0, 0, 0, 0, 0, 0, 1, 0, 0, 0, 0, 0, 0, 0, 0, 0, 0, 0, 0, 0, 0, 0, 0, 0, 0, 0, 0, 0, 0, 0, 0, 0, 0, 0, 0, 0, 0, 0, 0, 0, 0, 0, 1, 0, 0, 0, 0, 0, 0, 0, 0, 0, 0, 0, 0, 0, 0, 0, 0, 0, 1, 0, 0, 0, 0, 0]
true label rank:[1 1 1 1 1 1 1 1 1 1 1 1 1 1 1 1 1 1 2 1 1 1 1 1 1 1 1 1 1 1 1 1 1 1 1 1 1
 1 1 1 1 1 1 1 1 1 1 1 1 1 1 1 1 1 1 2 1 1 1 1 1 1 1 1 1 1 1 1 1 1 1 1 1 1
 1 1 1 1 1 1 1 1 1 1 1 1 1 1 1 1 1 2 1 1 1 1 1 1 1 1 1 1 1 1 1 1 1 1 1 1 1
 1 1 1 1 1 1 1 1 1 1 1 1 1 1 1 1 2 1 1 1 1 1 1 1 1 1 1 1 1 1 1 1 1 1 2 1 1
 1 1 1]
predicted label:tf.Tensor(
[0.4262179  0.46254626 0.30209917 0.22570962 0.22563809 0.19498968
 0.19108954 0.15060669 0.15077814 0.39251408 0.30025858 0.2239505
 0.22611219 0.19716728 0.14204323 0.13350356 0.23835635 0.21848163
 0.322666   0.13350356 0.41791537 0.41534021 0.29172298 0.293465
 0.20948637 0.39251408 0.49734136 0.2239505  0.32726544 0.30025858
 0.2541568  0.22611219 0.48504716 0.14204323 0.32000023 0.19716728
 0.40251356 0.4262179  0.46254626 0.30209917 0.22570962 0.22563809
 0.19498968 0.19108954 0.15060669 0.15077814 0.39251408 0.30025858
 0.2239505  0.22611219 0.19716728 0.14204323 0.13350356 0.23835635
 0.21848163 0.322666   0.13350356 0.41791537 0.41534021 0.29172298
 0.293465   0.20948637 0.39251408 0.49734136 0.2239505  0.32726544
 0.30025858 0.2541568  0.22611219 0.48504716 0.14204323 0.32000023
 0.19716728 0.4262179  0.46254626 0.30209917 0.22570962 0.22563809
 0.19498968 0.19108954 0.15060669 0.15077814 0.39251408 0.30025858
 0.2239505  0.22611219 0.19716728 0.14204323 0.13350356 0.23835635
 0.21848163 0.322666   0.13350356 0.41791537 0.41534021 0.29172298
 0.293465   0.20948637 0.39251408 0.49734136 0.2239505  0.32726544
 0.30025858 0.2541568  0.22611219 0.48504716 0.14204323 0.32000023
 0.19716728 0.4262179  0.46254626 0.30209917 0.22570962 0.22563809
 0.19498968 0.19108954 0.15060669 0.15077814 0.39251408 0.30025858
 0.2239505  0.22611219 0.19716728 0.14204323 0.13350356 0.23835635
 0.21848163 0.322666   0.13350356 0.41791537 0.41534021 0.29172298
 0.293465   0.20948637 0.39251408 0.49734136 0.2239505  0.32726544
 0.30025858 0.2541568  0.22611219 0.48504716 0.14204323 0.32000026
 0.19716728 0.16848058 0.22611219 0.19886121 0.19716728 0.14221582
 0.14204326], shape=(151,), dtype=float32)
rounded label:tf.Tensor(
[0. 0. 0. 0. 0. 0. 0. 0. 0. 0. 0. 0. 0. 0. 0. 0. 0. 0. 0. 0. 0. 0. 0. 0.
 0. 0. 0. 0. 0. 0. 0. 0. 0. 0. 0. 0. 0. 0. 0. 0. 0. 0. 0. 0. 0. 0. 0. 0.
 0. 0. 0. 0. 0. 0. 0. 0. 0. 0. 0. 0. 0. 0. 0. 0. 0. 0. 0. 0. 0. 0. 0. 0.
 0. 0. 0. 0. 0. 0. 0. 0. 0. 0. 0. 0. 0. 0. 0. 0. 0. 0. 0. 0. 0. 0. 0. 0.
 0. 0. 0. 0. 0. 0. 0. 0. 0. 0. 0. 0. 0. 0. 0. 0. 0. 0. 0. 0. 0. 0. 0. 0.
 0. 0. 0. 0. 0. 0. 0. 0. 0. 0. 0. 0. 0. 0. 0. 0. 0. 0. 0. 0. 0. 0. 0. 0.
 0. 0. 0. 0. 0. 0. 0.], shape=(151,), dtype=float32)
predicted label rank:[1 1 1 1 1 1 1 1 1 1 1 1 1 1 1 1 1 1 1 1 1 1 1 1 1 1 1 1 1 1 1 1 1 1 1 1 1
 1 1 1 1 1 1 1 1 1 1 1 1 1 1 1 1 1 1 1 1 1 1 1 1 1 1 1 1 1 1 1 1 1 1 1 1 1
 1 1 1 1 1 1 1 1 1 1 1 1 1 1 1 1 1 1 1 1 1 1 1 1 1 1 1 1 1 1 1 1 1 1 1 1 1
 1 1 1 1 1 1 1 1 1 1 1 1 1 1 1 1 1 1 1 1 1 1 1 1 1 1 1 1 1 1 1 1 1 1 1 1 1
 1 1 1]
mse:tf.Tensor(0.09779082, shape=(), dtype=float32)
-------
mean(mse_list):0.09779082
