best_valid_epoch:2.0
train loss:0.20350201
valid loss:0.17645253
test loss list:tf.Tensor(0.67660886, shape=(), dtype=float32)
mean test loss:0.67660886
mean loss list:tf.Tensor(0.032016136, shape=(), dtype=float32)
mean mean loss:0.032016136
accuracy list:[<tf.Tensor: shape=(), dtype=float64, numpy=0.9735099337748344>]
mean accuracy:0.9735099337748344
-------
/Users/sherry/Downloads/Systematic-Predicate-Abstraction-using-Machine-Learning-master/Heuristic_selection/benchmarks/single-layer-graph-example/test_data/dillig28.c_000.smt2
true label:[0, 0, 0, 0, 0, 0, 0, 0, 0, 0, 0, 0, 0, 0, 0, 0, 0, 0, 1, 0, 0, 0, 0, 0, 0, 0, 0, 0, 0, 0, 0, 0, 0, 0, 0, 0, 0, 0, 0, 0, 0, 0, 0, 0, 0, 0, 0, 0, 0, 0, 0, 0, 0, 0, 0, 1, 0, 0, 0, 0, 0, 0, 0, 0, 0, 0, 0, 0, 0, 0, 0, 0, 0, 0, 0, 0, 0, 0, 0, 0, 0, 0, 0, 0, 0, 0, 0, 0, 0, 0, 0, 1, 0, 0, 0, 0, 0, 0, 0, 0, 0, 0, 0, 0, 0, 0, 0, 0, 0, 0, 0, 0, 0, 0, 0, 0, 0, 0, 0, 0, 0, 0, 0, 0, 0, 0, 0, 1, 0, 0, 0, 0, 0, 0, 0, 0, 0, 0, 0, 0, 0, 0, 0, 0, 0, 1, 0, 0, 0, 0, 0]
true label rank:[1 1 1 1 1 1 1 1 1 1 1 1 1 1 1 1 1 1 2 1 1 1 1 1 1 1 1 1 1 1 1 1 1 1 1 1 1
 1 1 1 1 1 1 1 1 1 1 1 1 1 1 1 1 1 1 2 1 1 1 1 1 1 1 1 1 1 1 1 1 1 1 1 1 1
 1 1 1 1 1 1 1 1 1 1 1 1 1 1 1 1 1 2 1 1 1 1 1 1 1 1 1 1 1 1 1 1 1 1 1 1 1
 1 1 1 1 1 1 1 1 1 1 1 1 1 1 1 1 2 1 1 1 1 1 1 1 1 1 1 1 1 1 1 1 1 1 2 1 1
 1 1 1]
predicted label:tf.Tensor(
[0.49189064 0.49399275 0.4935133  0.49097738 0.4919848  0.49107087
 0.49399275 0.48970285 0.4935133  0.49053967 0.48889527 0.4857548
 0.49228913 0.49209777 0.4922996  0.49049982 0.49399275 0.4935133
 0.49097738 0.49049982 0.49107087 0.49399275 0.48970285 0.4935133
 0.48878187 0.49053967 0.4905056  0.4857548  0.48926514 0.48889527
 0.48878187 0.49228913 0.4905056  0.4922996  0.48926514 0.49209777
 0.49533874 0.49189064 0.49399275 0.4935133  0.49097738 0.4919848
 0.49107087 0.49399275 0.48970285 0.4935133  0.49053967 0.48889527
 0.4857548  0.49228913 0.49209777 0.4922996  0.49049982 0.49399275
 0.4935133  0.49097738 0.49049982 0.49107087 0.49399275 0.48970285
 0.4935133  0.48878187 0.49053967 0.4905056  0.4857548  0.48926514
 0.48889527 0.48878187 0.49228913 0.4905056  0.4922996  0.48926514
 0.49209777 0.49189064 0.49399275 0.4935133  0.49097738 0.4919848
 0.49107087 0.49399275 0.48970285 0.4935133  0.49053967 0.48889527
 0.4857548  0.49228913 0.49209777 0.4922996  0.49049982 0.49399275
 0.4935133  0.49097738 0.49049982 0.49107087 0.49399275 0.48970285
 0.4935133  0.48878187 0.49053967 0.4905056  0.4857548  0.48926514
 0.48889527 0.48878187 0.49228913 0.4905056  0.4922996  0.48926514
 0.49209777 0.49189064 0.49399275 0.4935133  0.49097738 0.4919848
 0.49107087 0.49399275 0.48970285 0.4935133  0.49053967 0.48889527
 0.4857548  0.49228913 0.49209777 0.4922996  0.49049982 0.49399275
 0.4935133  0.49097738 0.49049982 0.49107087 0.49399275 0.48970285
 0.4935133  0.48878187 0.49053967 0.4905056  0.4857548  0.48926514
 0.48889527 0.48878187 0.49228913 0.4905056  0.4922996  0.48926514
 0.49209777 0.5037325  0.49228913 0.48981246 0.49209777 0.4917625
 0.4922996 ], shape=(151,), dtype=float32)
rounded label:tf.Tensor(
[0. 0. 0. 0. 0. 0. 0. 0. 0. 0. 0. 0. 0. 0. 0. 0. 0. 0. 0. 0. 0. 0. 0. 0.
 0. 0. 0. 0. 0. 0. 0. 0. 0. 0. 0. 0. 0. 0. 0. 0. 0. 0. 0. 0. 0. 0. 0. 0.
 0. 0. 0. 0. 0. 0. 0. 0. 0. 0. 0. 0. 0. 0. 0. 0. 0. 0. 0. 0. 0. 0. 0. 0.
 0. 0. 0. 0. 0. 0. 0. 0. 0. 0. 0. 0. 0. 0. 0. 0. 0. 0. 0. 0. 0. 0. 0. 0.
 0. 0. 0. 0. 0. 0. 0. 0. 0. 0. 0. 0. 0. 0. 0. 0. 0. 0. 0. 0. 0. 0. 0. 0.
 0. 0. 0. 0. 0. 0. 0. 0. 0. 0. 0. 0. 0. 0. 0. 0. 0. 0. 0. 0. 0. 0. 0. 0.
 0. 1. 0. 0. 0. 0. 0.], shape=(151,), dtype=float32)
predicted label rank:[1 1 1 1 1 1 1 1 1 1 1 1 1 1 1 1 1 1 1 1 1 1 1 1 1 1 1 1 1 1 1 1 1 1 1 1 1
 1 1 1 1 1 1 1 1 1 1 1 1 1 1 1 1 1 1 1 1 1 1 1 1 1 1 1 1 1 1 1 1 1 1 1 1 1
 1 1 1 1 1 1 1 1 1 1 1 1 1 1 1 1 1 1 1 1 1 1 1 1 1 1 1 1 1 1 1 1 1 1 1 1 1
 1 1 1 1 1 1 1 1 1 1 1 1 1 1 1 1 1 1 1 1 1 1 1 1 1 1 1 1 1 1 1 1 1 1 2 1 1
 1 1 1]
mse:tf.Tensor(0.24173196, shape=(), dtype=float32)
-------
mean(mse_list):0.24173196
