best_valid_epoch:1.0
train loss:0.08328112
valid loss:0.08135932
test loss list:tf.Tensor(0.48553047, shape=(), dtype=float32)
mean test loss:0.48553047
mean loss list:tf.Tensor(0.014702605, shape=(), dtype=float32)
mean mean loss:0.014702605
accuracy list:[<tf.Tensor: shape=(), dtype=float64, numpy=0.9850746268656716>]
mean accuracy:0.9850746268656716
-------
/Users/sherry/Downloads/Systematic-Predicate-Abstraction-using-Machine-Learning-master/Heuristic_selection/benchmarks/single-layer-graph-example/test_data/chc-lia-nonlin-0051_000-18.smt2
true label:[0, 0, 0, 0, 0, 0, 0, 0, 0, 0, 0, 0, 0, 0, 0, 0, 0, 0, 0, 0, 0, 0, 0, 0, 0, 0, 0, 0, 0, 0, 0, 0, 0, 0, 0, 0, 0, 0, 0, 0, 0, 0, 0, 0, 0, 0, 0, 0, 0, 0, 0, 0, 0, 0, 0, 0, 0, 0, 0, 0, 0, 0, 0, 0, 0, 0, 0, 0, 0, 0, 0, 0, 0, 0, 0, 0, 0, 0, 0, 0, 0, 0, 0, 0, 0, 0, 0, 0, 0, 0, 0, 0, 0, 1, 0, 0, 0, 0, 0, 0, 0, 0, 0, 0, 0, 0, 0, 0, 0, 0, 0, 0, 0, 0, 0, 0, 0, 0, 0, 0, 0, 0, 0, 0, 0, 0, 0, 0, 0, 0, 1, 0, 0, 0]
true label rank:[1 1 1 1 1 1 1 1 1 1 1 1 1 1 1 1 1 1 1 1 1 1 1 1 1 1 1 1 1 1 1 1 1 1 1 1 1
 1 1 1 1 1 1 1 1 1 1 1 1 1 1 1 1 1 1 1 1 1 1 1 1 1 1 1 1 1 1 1 1 1 1 1 1 1
 1 1 1 1 1 1 1 1 1 1 1 1 1 1 1 1 1 1 1 2 1 1 1 1 1 1 1 1 1 1 1 1 1 1 1 1 1
 1 1 1 1 1 1 1 1 1 1 1 1 1 1 1 1 1 1 1 2 1 1 1]
predicted label:tf.Tensor(
[0.33520755 0.3144991  0.4621228  0.33296883 0.4169291  0.29797
 0.4501611  0.48011923 0.462912   0.41064608 0.41025922 0.41272503
 0.4133222  0.43649384 0.4425012  0.41925117 0.43541604 0.43520743
 0.44895828 0.33520755 0.31072766 0.31545648 0.34978426 0.33890927
 0.3213976  0.34037697 0.34811938 0.34967384 0.35429904 0.41511536
 0.3164153  0.45208284 0.4793329  0.46447966 0.4140873  0.41489327
 0.42230844 0.3164153  0.45798218 0.4498118  0.46231532 0.4780352
 0.45451313 0.46327978 0.27079082 0.33890927 0.28272617 0.31072766
 0.3101178  0.34978426 0.31213635 0.31545648 0.3000265  0.2883403
 0.35429904 0.29929176 0.34037697 0.32437515 0.34967384 0.32860413
 0.34811938 0.31458253 0.3213976  0.462912   0.42194536 0.41211626
 0.46130684 0.43520743 0.44895828 0.41369098 0.41382176 0.40637448
 0.406416   0.43133304 0.44509205 0.33890927 0.33669996 0.33240074
 0.33948463 0.35429904 0.32614544 0.31666124 0.35340184 0.46447966
 0.42018017 0.41014344 0.46278837 0.45451313 0.46327978 0.41915953
 0.4199611  0.4092753  0.40982264 0.4521585  0.4617632  0.3000265
 0.33240074 0.27486378 0.33948463 0.2670976  0.33890927 0.29711676
 0.33669996 0.31458253 0.31666124 0.29090178 0.35340184 0.28550363
 0.35429904 0.31162858 0.32614544 0.462912   0.41052902 0.43520743
 0.44895828 0.4008419  0.39958435 0.33890927 0.32995707 0.35429904
 0.46447966 0.4089731  0.45451313 0.46327978 0.40631303 0.40861583
 0.30002654 0.32995707 0.26384324 0.33890927 0.31458253 0.31449908
 0.27987093 0.35429904], shape=(134,), dtype=float32)
rounded label:tf.Tensor(
[0. 0. 0. 0. 0. 0. 0. 0. 0. 0. 0. 0. 0. 0. 0. 0. 0. 0. 0. 0. 0. 0. 0. 0.
 0. 0. 0. 0. 0. 0. 0. 0. 0. 0. 0. 0. 0. 0. 0. 0. 0. 0. 0. 0. 0. 0. 0. 0.
 0. 0. 0. 0. 0. 0. 0. 0. 0. 0. 0. 0. 0. 0. 0. 0. 0. 0. 0. 0. 0. 0. 0. 0.
 0. 0. 0. 0. 0. 0. 0. 0. 0. 0. 0. 0. 0. 0. 0. 0. 0. 0. 0. 0. 0. 0. 0. 0.
 0. 0. 0. 0. 0. 0. 0. 0. 0. 0. 0. 0. 0. 0. 0. 0. 0. 0. 0. 0. 0. 0. 0. 0.
 0. 0. 0. 0. 0. 0. 0. 0. 0. 0. 0. 0. 0. 0.], shape=(134,), dtype=float32)
predicted label rank:[1 1 1 1 1 1 1 1 1 1 1 1 1 1 1 1 1 1 1 1 1 1 1 1 1 1 1 1 1 1 1 1 1 1 1 1 1
 1 1 1 1 1 1 1 1 1 1 1 1 1 1 1 1 1 1 1 1 1 1 1 1 1 1 1 1 1 1 1 1 1 1 1 1 1
 1 1 1 1 1 1 1 1 1 1 1 1 1 1 1 1 1 1 1 1 1 1 1 1 1 1 1 1 1 1 1 1 1 1 1 1 1
 1 1 1 1 1 1 1 1 1 1 1 1 1 1 1 1 1 1 1 1 1 1 1]
mse:tf.Tensor(0.14946291, shape=(), dtype=float32)
-------
mean(mse_list):0.14946291
