best_valid_epoch:0.0
train loss:0.09022332
valid loss:0.08956084
test loss list:tf.Tensor(0.6123766, shape=(), dtype=float32)
mean test loss:0.6123766
mean loss list:tf.Tensor(0.01785124, shape=(), dtype=float32)
mean mean loss:0.01785124
accuracy list:[<tf.Tensor: shape=(), dtype=float64, numpy=0.9818181818181818>]
mean accuracy:0.9818181818181818
-------
/Users/sherry/Downloads/Systematic-Predicate-Abstraction-using-Machine-Learning-master/Heuristic_selection/benchmarks/single-layer-graph-example/test_data/003-horn_000.smt2
true label:[0, 0, 0, 0, 0, 0, 0, 0, 0, 0, 0, 0, 0, 0, 0, 0, 1, 0, 0, 0, 0, 0, 0, 0, 0, 0, 0, 0, 0, 0, 0, 0, 0, 0, 0, 0, 0, 0, 0, 0, 0, 0, 0, 0, 0, 0, 0, 0, 0, 0, 0, 0, 0, 0, 0]
true label rank:[1 1 1 1 1 1 1 1 1 1 1 1 1 1 1 1 2 1 1 1 1 1 1 1 1 1 1 1 1 1 1 1 1 1 1 1 1
 1 1 1 1 1 1 1 1 1 1 1 1 1 1 1 1 1 1]
predicted label:tf.Tensor(
[0.45286727 0.45726556 0.46239775 0.4530366  0.46313304 0.46467504
 0.4501667  0.4763273  0.44565204 0.4498243  0.4662586  0.43599162
 0.4509475  0.45992655 0.46509343 0.45021248 0.43788967 0.44979045
 0.46510464 0.4474625  0.46165162 0.45934257 0.45803693 0.45273829
 0.45998374 0.4426237  0.46035823 0.43843955 0.44516847 0.44770133
 0.44860175 0.4548982  0.46829766 0.45251763 0.4587383  0.46506542
 0.45022362 0.4605795  0.46022567 0.45422468 0.45105657 0.46390036
 0.4559339  0.452664   0.46187535 0.4346633  0.45915055 0.4497086
 0.46631274 0.45970368 0.45949712 0.46401808 0.44575542 0.45823193
 0.46133503], shape=(55,), dtype=float32)
rounded label:tf.Tensor(
[0. 0. 0. 0. 0. 0. 0. 0. 0. 0. 0. 0. 0. 0. 0. 0. 0. 0. 0. 0. 0. 0. 0. 0.
 0. 0. 0. 0. 0. 0. 0. 0. 0. 0. 0. 0. 0. 0. 0. 0. 0. 0. 0. 0. 0. 0. 0. 0.
 0. 0. 0. 0. 0. 0. 0.], shape=(55,), dtype=float32)
predicted label rank:[1 1 1 1 1 1 1 1 1 1 1 1 1 1 1 1 1 1 1 1 1 1 1 1 1 1 1 1 1 1 1 1 1 1 1 1 1
 1 1 1 1 1 1 1 1 1 1 1 1 1 1 1 1 1 1]
mse:tf.Tensor(0.20972578, shape=(), dtype=float32)
-------
mean(mse_list):0.20972578
