best_valid_epoch:2.0
train loss:0.15058203
valid loss:0.116871715
test loss list:tf.Tensor(0.24036723, shape=(), dtype=float32)
mean test loss:0.24036723
mean loss list:tf.Tensor(0.01785124, shape=(), dtype=float32)
mean mean loss:0.01785124
accuracy list:[<tf.Tensor: shape=(), dtype=float64, numpy=0.9818181818181818>]
mean accuracy:0.9818181818181818
-------
/Users/sherry/Downloads/Systematic-Predicate-Abstraction-using-Machine-Learning-master/Heuristic_selection/benchmarks/single-layer-graph-example/test_data/003-horn_000.smt2
true label:[0, 0, 0, 0, 0, 0, 0, 0, 0, 0, 0, 0, 0, 0, 0, 0, 1, 0, 0, 0, 0, 0, 0, 0, 0, 0, 0, 0, 0, 0, 0, 0, 0, 0, 0, 0, 0, 0, 0, 0, 0, 0, 0, 0, 0, 0, 0, 0, 0, 0, 0, 0, 0, 0, 0]
true label rank:[1 1 1 1 1 1 1 1 1 1 1 1 1 1 1 1 2 1 1 1 1 1 1 1 1 1 1 1 1 1 1 1 1 1 1 1 1
 1 1 1 1 1 1 1 1 1 1 1 1 1 1 1 1 1 1]
predicted label:tf.Tensor(
[0.22029969 0.22180948 0.10328054 0.12914655 0.22965497 0.22180998
 0.11472657 0.22029674 0.10292554 0.22956976 0.19426498 0.20011514
 0.20726445 0.18652058 0.05824208 0.09123373 0.06515032 0.1335417
 0.2207585  0.06749919 0.2234686  0.1201506  0.22156036 0.15324304
 0.22254765 0.10322252 0.22328594 0.12364554 0.22448716 0.11017814
 0.22071719 0.08604214 0.2222166  0.10529089 0.22006232 0.06148279
 0.21899483 0.09226382 0.22001216 0.05862507 0.22157302 0.10790566
 0.21940687 0.06857362 0.22364277 0.168621   0.22075066 0.22548893
 0.22155961 0.22328508 0.22071666 0.2200594  0.25163114 0.22000965
 0.21940675], shape=(55,), dtype=float32)
rounded label:tf.Tensor(
[0. 0. 0. 0. 0. 0. 0. 0. 0. 0. 0. 0. 0. 0. 0. 0. 0. 0. 0. 0. 0. 0. 0. 0.
 0. 0. 0. 0. 0. 0. 0. 0. 0. 0. 0. 0. 0. 0. 0. 0. 0. 0. 0. 0. 0. 0. 0. 0.
 0. 0. 0. 0. 0. 0. 0.], shape=(55,), dtype=float32)
predicted label rank:[1 1 1 1 1 1 1 1 1 1 1 1 1 1 1 1 1 1 1 1 1 1 1 1 1 1 1 1 1 1 1 1 1 1 1 1 1
 1 1 1 1 1 1 1 1 1 1 1 1 1 1 1 1 1 1]
mse:tf.Tensor(0.049341682, shape=(), dtype=float32)
-------
mean(mse_list):0.049341682
