best_valid_epoch:2.0
train loss:0.09980366
valid loss:0.080082506
test loss list:tf.Tensor(0.6550385, shape=(), dtype=float32)
mean test loss:0.6550385
mean loss list:tf.Tensor(0.01785124, shape=(), dtype=float32)
mean mean loss:0.01785124
accuracy list:[<tf.Tensor: shape=(), dtype=float64, numpy=0.9818181818181818>]
mean accuracy:0.9818181818181818
-------
/Users/sherry/Downloads/Systematic-Predicate-Abstraction-using-Machine-Learning-master/Heuristic_selection/benchmarks/single-layer-graph-example/test_data/003-horn_000.smt2
true label:[0, 0, 0, 0, 0, 0, 0, 0, 0, 0, 0, 0, 0, 0, 0, 0, 1, 0, 0, 0, 0, 0, 0, 0, 0, 0, 0, 0, 0, 0, 0, 0, 0, 0, 0, 0, 0, 0, 0, 0, 0, 0, 0, 0, 0, 0, 0, 0, 0, 0, 0, 0, 0, 0, 0]
true label rank:[1 1 1 1 1 1 1 1 1 1 1 1 1 1 1 1 2 1 1 1 1 1 1 1 1 1 1 1 1 1 1 1 1 1 1 1 1
 1 1 1 1 1 1 1 1 1 1 1 1 1 1 1 1 1 1]
predicted label:tf.Tensor(
[0.48094717 0.47275323 0.47526908 0.48305845 0.476574   0.47199857
 0.4785366  0.47653252 0.48181993 0.48002216 0.46690017 0.47775537
 0.47394744 0.4961895  0.4756869  0.48012483 0.49197927 0.47421315
 0.46719065 0.48096645 0.47610915 0.47672728 0.4847225  0.48390952
 0.48138583 0.4888751  0.48237118 0.4816796  0.4817962  0.4842861
 0.4761303  0.48849857 0.47673744 0.4870567  0.48094937 0.48612523
 0.48338076 0.48354983 0.4805524  0.4850414  0.4909793  0.47680846
 0.4817003  0.4776462  0.48286417 0.48716813 0.47556263 0.49038312
 0.47425795 0.47044316 0.47715718 0.48098493 0.4886655  0.4730973
 0.47307596], shape=(55,), dtype=float32)
rounded label:tf.Tensor(
[0. 0. 0. 0. 0. 0. 0. 0. 0. 0. 0. 0. 0. 0. 0. 0. 0. 0. 0. 0. 0. 0. 0. 0.
 0. 0. 0. 0. 0. 0. 0. 0. 0. 0. 0. 0. 0. 0. 0. 0. 0. 0. 0. 0. 0. 0. 0. 0.
 0. 0. 0. 0. 0. 0. 0.], shape=(55,), dtype=float32)
predicted label rank:[1 1 1 1 1 1 1 1 1 1 1 1 1 1 1 1 1 1 1 1 1 1 1 1 1 1 1 1 1 1 1 1 1 1 1 1 1
 1 1 1 1 1 1 1 1 1 1 1 1 1 1 1 1 1 1]
mse:tf.Tensor(0.23095845, shape=(), dtype=float32)
-------
mean(mse_list):0.23095845
