best_valid_epoch:0.0
train loss:0.061693188
valid loss:0.038837206
test loss list:tf.Tensor(0.30554643, shape=(), dtype=float32)
mean test loss:0.30554643
mean loss list:tf.Tensor(0.01785124, shape=(), dtype=float32)
mean mean loss:0.01785124
accuracy list:[<tf.Tensor: shape=(), dtype=float64, numpy=0.9818181818181818>]
mean accuracy:0.9818181818181818
-------
/Users/sherry/Downloads/Systematic-Predicate-Abstraction-using-Machine-Learning-master/Heuristic_selection/benchmarks/single-layer-graph-example/test_data/003-horn_000.smt2
true label:[0, 0, 0, 0, 0, 0, 0, 0, 0, 0, 0, 0, 0, 0, 0, 0, 1, 0, 0, 0, 0, 0, 0, 0, 0, 0, 0, 0, 0, 0, 0, 0, 0, 0, 0, 0, 0, 0, 0, 0, 0, 0, 0, 0, 0, 0, 0, 0, 0, 0, 0, 0, 0, 0, 0]
true label rank:[1 1 1 1 1 1 1 1 1 1 1 1 1 1 1 1 2 1 1 1 1 1 1 1 1 1 1 1 1 1 1 1 1 1 1 1 1
 1 1 1 1 1 1 1 1 1 1 1 1 1 1 1 1 1 1]
predicted label:tf.Tensor(
[0.27451807 0.27784348 0.14601126 0.14085677 0.27164447 0.27703676
 0.13970324 0.2754277  0.14716604 0.2727177  0.2732772  0.23362625
 0.28433383 0.29004532 0.18053856 0.14588526 0.16686618 0.1941843
 0.27810824 0.14818278 0.27418628 0.19339803 0.27476466 0.24221355
 0.27730018 0.19801024 0.27513045 0.15615815 0.27806562 0.2200717
 0.27839604 0.18816558 0.27324092 0.17671347 0.28036904 0.16925195
 0.28088462 0.22705781 0.27400213 0.15393353 0.27971652 0.17112884
 0.27566755 0.17073002 0.27611518 0.31371105 0.27518886 0.3309167
 0.28246468 0.27873233 0.27925557 0.2805254  0.29640633 0.27735192
 0.27534807], shape=(55,), dtype=float32)
rounded label:tf.Tensor(
[0. 0. 0. 0. 0. 0. 0. 0. 0. 0. 0. 0. 0. 0. 0. 0. 0. 0. 0. 0. 0. 0. 0. 0.
 0. 0. 0. 0. 0. 0. 0. 0. 0. 0. 0. 0. 0. 0. 0. 0. 0. 0. 0. 0. 0. 0. 0. 0.
 0. 0. 0. 0. 0. 0. 0.], shape=(55,), dtype=float32)
predicted label rank:[1 1 1 1 1 1 1 1 1 1 1 1 1 1 1 1 1 1 1 1 1 1 1 1 1 1 1 1 1 1 1 1 1 1 1 1 1
 1 1 1 1 1 1 1 1 1 1 1 1 1 1 1 1 1 1]
mse:tf.Tensor(0.07247577, shape=(), dtype=float32)
-------
mean(mse_list):0.07247577
