best_valid_epoch:0.0
train loss:0.12437619
valid loss:0.08419496
test loss list:tf.Tensor(0.2180213, shape=(), dtype=float32)
mean test loss:0.2180213
mean loss list:tf.Tensor(0.01785124, shape=(), dtype=float32)
mean mean loss:0.01785124
accuracy list:[<tf.Tensor: shape=(), dtype=float64, numpy=0.9818181818181818>]
mean accuracy:0.9818181818181818
-------
/Users/sherry/Downloads/Systematic-Predicate-Abstraction-using-Machine-Learning-master/Heuristic_selection/benchmarks/single-layer-graph-example/test_data/003-horn_000.smt2
true label:[0, 0, 0, 0, 0, 0, 0, 0, 0, 0, 0, 0, 0, 0, 0, 0, 1, 0, 0, 0, 0, 0, 0, 0, 0, 0, 0, 0, 0, 0, 0, 0, 0, 0, 0, 0, 0, 0, 0, 0, 0, 0, 0, 0, 0, 0, 0, 0, 0, 0, 0, 0, 0, 0, 0]
true label rank:[1 1 1 1 1 1 1 1 1 1 1 1 1 1 1 1 2 1 1 1 1 1 1 1 1 1 1 1 1 1 1 1 1 1 1 1 1
 1 1 1 1 1 1 1 1 1 1 1 1 1 1 1 1 1 1]
predicted label:tf.Tensor(
[0.15595242 0.15503159 0.2959473  0.2942534  0.15703085 0.15503153
 0.25738335 0.15595242 0.29581404 0.15744388 0.13228542 0.13622272
 0.14360788 0.14496648 0.17865464 0.30136144 0.21514493 0.14702931
 0.1631046  0.16754752 0.15838733 0.16262755 0.1616565  0.20103776
 0.1552948  0.16670343 0.16350305 0.21543807 0.15844694 0.12253439
 0.15725216 0.22001222 0.15769583 0.14484179 0.16264793 0.17679298
 0.15941188 0.14912686 0.16175467 0.24861681 0.15475085 0.18815777
 0.15497467 0.21535376 0.15967622 0.13958117 0.1631046  0.14973703
 0.16165647 0.16350305 0.1572521  0.16264787 0.15577799 0.16175473
 0.15497473], shape=(55,), dtype=float32)
rounded label:tf.Tensor(
[0. 0. 0. 0. 0. 0. 0. 0. 0. 0. 0. 0. 0. 0. 0. 0. 0. 0. 0. 0. 0. 0. 0. 0.
 0. 0. 0. 0. 0. 0. 0. 0. 0. 0. 0. 0. 0. 0. 0. 0. 0. 0. 0. 0. 0. 0. 0. 0.
 0. 0. 0. 0. 0. 0. 0.], shape=(55,), dtype=float32)
predicted label rank:[1 1 1 1 1 1 1 1 1 1 1 1 1 1 1 1 1 1 1 1 1 1 1 1 1 1 1 1 1 1 1 1 1 1 1 1 1
 1 1 1 1 1 1 1 1 1 1 1 1 1 1 1 1 1 1]
mse:tf.Tensor(0.042993125, shape=(), dtype=float32)
-------
mean(mse_list):0.042993125
