best_valid_epoch:2.0
train loss:0.114489965
valid loss:0.08828186
test loss list:tf.Tensor(0.1988203, shape=(), dtype=float32)
mean test loss:0.1988203
mean loss list:tf.Tensor(0.014702605, shape=(), dtype=float32)
mean mean loss:0.014702605
accuracy list:[<tf.Tensor: shape=(), dtype=float64, numpy=0.9850746268656716>]
mean accuracy:0.9850746268656716
-------
/Users/sherry/Downloads/Systematic-Predicate-Abstraction-using-Machine-Learning-master/Heuristic_selection/benchmarks/single-layer-graph-example/test_data/chc-lia-nonlin-0051_000-18.smt2
true label:[0, 0, 0, 0, 0, 0, 0, 0, 0, 0, 0, 0, 0, 0, 0, 0, 0, 0, 0, 0, 0, 0, 0, 0, 0, 0, 0, 0, 0, 0, 0, 0, 0, 0, 0, 0, 0, 0, 0, 0, 0, 0, 0, 0, 0, 0, 0, 0, 0, 0, 0, 0, 0, 0, 0, 0, 0, 0, 0, 0, 0, 0, 0, 0, 0, 0, 0, 0, 0, 0, 0, 0, 0, 0, 0, 0, 0, 0, 0, 0, 0, 0, 0, 0, 0, 0, 0, 0, 0, 0, 0, 0, 0, 1, 0, 0, 0, 0, 0, 0, 0, 0, 0, 0, 0, 0, 0, 0, 0, 0, 0, 0, 0, 0, 0, 0, 0, 0, 0, 0, 0, 0, 0, 0, 0, 0, 0, 0, 0, 0, 1, 0, 0, 0]
true label rank:[1 1 1 1 1 1 1 1 1 1 1 1 1 1 1 1 1 1 1 1 1 1 1 1 1 1 1 1 1 1 1 1 1 1 1 1 1
 1 1 1 1 1 1 1 1 1 1 1 1 1 1 1 1 1 1 1 1 1 1 1 1 1 1 1 1 1 1 1 1 1 1 1 1 1
 1 1 1 1 1 1 1 1 1 1 1 1 1 1 1 1 1 1 1 2 1 1 1 1 1 1 1 1 1 1 1 1 1 1 1 1 1
 1 1 1 1 1 1 1 1 1 1 1 1 1 1 1 1 1 1 1 2 1 1 1]
predicted label:tf.Tensor(
[0.04543835 0.09301761 0.31755406 0.05815303 0.15910652 0.03078407
 0.20768213 0.13453019 0.1988833  0.07473814 0.07473814 0.13312739
 0.13312745 0.1457094  0.14570937 0.04785615 0.04785612 0.1917958
 0.19179583 0.04543835 0.06208336 0.04277956 0.03602508 0.09971899
 0.19711095 0.28531352 0.22288689 0.14874834 0.28922966 0.21331337
 0.30663735 0.2192074  0.15813917 0.22512314 0.1737481  0.1737481
 0.21413296 0.30663735 0.17613351 0.17613348 0.13050151 0.13050142
 0.23389998 0.23389998 0.05385751 0.09971899 0.06580353 0.06208336
 0.04469162 0.03602508 0.03115267 0.04277956 0.06228915 0.0573819
 0.28922966 0.06133753 0.28531352 0.05899659 0.14874834 0.03552207
 0.22288689 0.05306336 0.19711095 0.15716276 0.33905986 0.25769803
 0.11461917 0.10763031 0.10763031 0.2481662  0.24816614 0.11541831
 0.11541837 0.06811529 0.06811526 0.07332751 0.14010644 0.0735912
 0.08202153 0.32128903 0.36359787 0.2964753  0.15056214 0.1861993
 0.3787787  0.26108378 0.11201179 0.1625363  0.16253623 0.26077202
 0.26077202 0.19319925 0.1931993  0.13777399 0.13777399 0.07825407
 0.0735912  0.10302621 0.08202153 0.1074293  0.07332751 0.03589165
 0.14010644 0.04104415 0.2964753  0.09112489 0.15056214 0.03519353
 0.32128903 0.04240549 0.36359787 0.18496814 0.16088346 0.12217954
 0.12217948 0.0610154  0.06101534 0.07894009 0.03215361 0.3509157
 0.19342434 0.16839135 0.20925748 0.20925736 0.16251877 0.16251877
 0.06920707 0.03215361 0.01623267 0.07894009 0.0712764  0.09301767
 0.03048298 0.3509156 ], shape=(134,), dtype=float32)
rounded label:tf.Tensor(
[0. 0. 0. 0. 0. 0. 0. 0. 0. 0. 0. 0. 0. 0. 0. 0. 0. 0. 0. 0. 0. 0. 0. 0.
 0. 0. 0. 0. 0. 0. 0. 0. 0. 0. 0. 0. 0. 0. 0. 0. 0. 0. 0. 0. 0. 0. 0. 0.
 0. 0. 0. 0. 0. 0. 0. 0. 0. 0. 0. 0. 0. 0. 0. 0. 0. 0. 0. 0. 0. 0. 0. 0.
 0. 0. 0. 0. 0. 0. 0. 0. 0. 0. 0. 0. 0. 0. 0. 0. 0. 0. 0. 0. 0. 0. 0. 0.
 0. 0. 0. 0. 0. 0. 0. 0. 0. 0. 0. 0. 0. 0. 0. 0. 0. 0. 0. 0. 0. 0. 0. 0.
 0. 0. 0. 0. 0. 0. 0. 0. 0. 0. 0. 0. 0. 0.], shape=(134,), dtype=float32)
predicted label rank:[1 1 1 1 1 1 1 1 1 1 1 1 1 1 1 1 1 1 1 1 1 1 1 1 1 1 1 1 1 1 1 1 1 1 1 1 1
 1 1 1 1 1 1 1 1 1 1 1 1 1 1 1 1 1 1 1 1 1 1 1 1 1 1 1 1 1 1 1 1 1 1 1 1 1
 1 1 1 1 1 1 1 1 1 1 1 1 1 1 1 1 1 1 1 1 1 1 1 1 1 1 1 1 1 1 1 1 1 1 1 1 1
 1 1 1 1 1 1 1 1 1 1 1 1 1 1 1 1 1 1 1 1 1 1 1]
mse:tf.Tensor(0.042022184, shape=(), dtype=float32)
-------
mean(mse_list):0.042022184
