best_valid_epoch:2.0
train loss:0.10325626
valid loss:0.10826253
test loss list:tf.Tensor(0.32681352, shape=(), dtype=float32)
mean test loss:0.32681352
mean loss list:tf.Tensor(0.014702605, shape=(), dtype=float32)
mean mean loss:0.014702605
accuracy list:[<tf.Tensor: shape=(), dtype=float64, numpy=0.9850746268656716>]
mean accuracy:0.9850746268656716
-------
/Users/sherry/Downloads/Systematic-Predicate-Abstraction-using-Machine-Learning-master/Heuristic_selection/benchmarks/single-layer-graph-example/test_data/chc-lia-nonlin-0051_000-18.smt2
true label:[0, 0, 0, 0, 0, 0, 0, 0, 0, 0, 0, 0, 0, 0, 0, 0, 0, 0, 0, 0, 0, 0, 0, 0, 0, 0, 0, 0, 0, 0, 0, 0, 0, 0, 0, 0, 0, 0, 0, 0, 0, 0, 0, 0, 0, 0, 0, 0, 0, 0, 0, 0, 0, 0, 0, 0, 0, 0, 0, 0, 0, 0, 0, 0, 0, 0, 0, 0, 0, 0, 0, 0, 0, 0, 0, 0, 0, 0, 0, 0, 0, 0, 0, 0, 0, 0, 0, 0, 0, 0, 0, 0, 0, 1, 0, 0, 0, 0, 0, 0, 0, 0, 0, 0, 0, 0, 0, 0, 0, 0, 0, 0, 0, 0, 0, 0, 0, 0, 0, 0, 0, 0, 0, 0, 0, 0, 0, 0, 0, 0, 1, 0, 0, 0]
true label rank:[1 1 1 1 1 1 1 1 1 1 1 1 1 1 1 1 1 1 1 1 1 1 1 1 1 1 1 1 1 1 1 1 1 1 1 1 1
 1 1 1 1 1 1 1 1 1 1 1 1 1 1 1 1 1 1 1 1 1 1 1 1 1 1 1 1 1 1 1 1 1 1 1 1 1
 1 1 1 1 1 1 1 1 1 1 1 1 1 1 1 1 1 1 1 2 1 1 1 1 1 1 1 1 1 1 1 1 1 1 1 1 1
 1 1 1 1 1 1 1 1 1 1 1 1 1 1 1 1 1 1 1 2 1 1 1]
predicted label:tf.Tensor(
[0.21740222 0.1778394  0.44557214 0.3037846  0.28975135 0.13113168
 0.24477577 0.4406143  0.3173938  0.26150596 0.2615093  0.40852004
 0.40852195 0.10987261 0.10987779 0.37786508 0.37786502 0.31023976
 0.31023842 0.21740222 0.4342307  0.13149163 0.19853523 0.20149052
 0.20834175 0.3204667  0.16296616 0.16658509 0.15876967 0.22726455
 0.17000535 0.25343674 0.3576812  0.38152176 0.12551442 0.12553582
 0.34349382 0.17000535 0.17605889 0.17606544 0.3169579  0.3169388
 0.2160598  0.21607667 0.31334025 0.20149052 0.38913944 0.4342307
 0.1889334  0.19853523 0.3673589  0.13149163 0.29378027 0.09503597
 0.15876967 0.1625486  0.3204667  0.05823448 0.16658509 0.07856712
 0.16296616 0.0776383  0.20834175 0.31739905 0.43332958 0.28815603
 0.34775728 0.31024015 0.31023887 0.43994558 0.43994644 0.40501276
 0.4050123  0.28480995 0.28481174 0.20149532 0.35562372 0.23515883
 0.13916889 0.15877199 0.2727024  0.2409504  0.11961919 0.38152388
 0.36462995 0.22341591 0.37397718 0.21606192 0.21607876 0.25819576
 0.258267   0.14427084 0.14428571 0.2402597  0.2402747  0.29377997
 0.23515883 0.39828813 0.13916889 0.34400472 0.20149532 0.2693023
 0.35562372 0.07763779 0.2409504  0.10972765 0.11961919 0.1128988
 0.15877199 0.05074519 0.2727024  0.3174003  0.4072922  0.31023586
 0.31023455 0.34208065 0.34207734 0.20149198 0.32677445 0.15876788
 0.38152426 0.34923047 0.21606207 0.21607885 0.23693979 0.23696184
 0.29377988 0.32677445 0.38157833 0.20149198 0.07763976 0.17783946
 0.08474272 0.15876779], shape=(134,), dtype=float32)
rounded label:tf.Tensor(
[0. 0. 0. 0. 0. 0. 0. 0. 0. 0. 0. 0. 0. 0. 0. 0. 0. 0. 0. 0. 0. 0. 0. 0.
 0. 0. 0. 0. 0. 0. 0. 0. 0. 0. 0. 0. 0. 0. 0. 0. 0. 0. 0. 0. 0. 0. 0. 0.
 0. 0. 0. 0. 0. 0. 0. 0. 0. 0. 0. 0. 0. 0. 0. 0. 0. 0. 0. 0. 0. 0. 0. 0.
 0. 0. 0. 0. 0. 0. 0. 0. 0. 0. 0. 0. 0. 0. 0. 0. 0. 0. 0. 0. 0. 0. 0. 0.
 0. 0. 0. 0. 0. 0. 0. 0. 0. 0. 0. 0. 0. 0. 0. 0. 0. 0. 0. 0. 0. 0. 0. 0.
 0. 0. 0. 0. 0. 0. 0. 0. 0. 0. 0. 0. 0. 0.], shape=(134,), dtype=float32)
predicted label rank:[1 1 1 1 1 1 1 1 1 1 1 1 1 1 1 1 1 1 1 1 1 1 1 1 1 1 1 1 1 1 1 1 1 1 1 1 1
 1 1 1 1 1 1 1 1 1 1 1 1 1 1 1 1 1 1 1 1 1 1 1 1 1 1 1 1 1 1 1 1 1 1 1 1 1
 1 1 1 1 1 1 1 1 1 1 1 1 1 1 1 1 1 1 1 1 1 1 1 1 1 1 1 1 1 1 1 1 1 1 1 1 1
 1 1 1 1 1 1 1 1 1 1 1 1 1 1 1 1 1 1 1 1 1 1 1]
mse:tf.Tensor(0.08390101, shape=(), dtype=float32)
-------
mean(mse_list):0.08390101
