best_valid_epoch:6.0
train loss:0.07496174
valid loss:0.08177515
test loss list:tf.Tensor(0.2897315, shape=(), dtype=float32)
mean test loss:0.2897315
mean loss list:tf.Tensor(0.014702605, shape=(), dtype=float32)
mean mean loss:0.014702605
accuracy list:[<tf.Tensor: shape=(), dtype=float64, numpy=0.9850746268656716>]
mean accuracy:0.9850746268656716
-------
/Users/sherry/Downloads/Systematic-Predicate-Abstraction-using-Machine-Learning-master/Heuristic_selection/benchmarks/single-layer-graph-example/test_data/chc-lia-nonlin-0051_000-18.smt2
true label:[0, 0, 0, 0, 0, 0, 0, 0, 0, 0, 0, 0, 0, 0, 0, 0, 0, 0, 0, 0, 0, 0, 0, 0, 0, 0, 0, 0, 0, 0, 0, 0, 0, 0, 0, 0, 0, 0, 0, 0, 0, 0, 0, 0, 0, 0, 0, 0, 0, 0, 0, 0, 0, 0, 0, 0, 0, 0, 0, 0, 0, 0, 0, 0, 0, 0, 0, 0, 0, 0, 0, 0, 0, 0, 0, 0, 0, 0, 0, 0, 0, 0, 0, 0, 0, 0, 0, 0, 0, 0, 0, 0, 0, 1, 0, 0, 0, 0, 0, 0, 0, 0, 0, 0, 0, 0, 0, 0, 0, 0, 0, 0, 0, 0, 0, 0, 0, 0, 0, 0, 0, 0, 0, 0, 0, 0, 0, 0, 0, 0, 1, 0, 0, 0]
true label rank:[1 1 1 1 1 1 1 1 1 1 1 1 1 1 1 1 1 1 1 1 1 1 1 1 1 1 1 1 1 1 1 1 1 1 1 1 1
 1 1 1 1 1 1 1 1 1 1 1 1 1 1 1 1 1 1 1 1 1 1 1 1 1 1 1 1 1 1 1 1 1 1 1 1 1
 1 1 1 1 1 1 1 1 1 1 1 1 1 1 1 1 1 1 1 2 1 1 1 1 1 1 1 1 1 1 1 1 1 1 1 1 1
 1 1 1 1 1 1 1 1 1 1 1 1 1 1 1 1 1 1 1 2 1 1 1]
predicted label:tf.Tensor(
[0.24162644 0.39408836 0.2801935  0.08008415 0.140167   0.33849993
 0.11075363 0.13068062 0.12348729 0.20483658 0.20509964 0.19649819
 0.19654676 0.2881662  0.28805465 0.25386706 0.2541061  0.19302294
 0.19274902 0.24162644 0.20125747 0.28203535 0.25783366 0.20292875
 0.3425256  0.34197783 0.39538255 0.4570588  0.3219709  0.130492
 0.14432794 0.16241282 0.15720376 0.22381285 0.15474072 0.15485859
 0.16911465 0.14432794 0.13885728 0.13861614 0.14199921 0.1420396
 0.194778   0.19465676 0.16287357 0.20292875 0.12957391 0.20125747
 0.16176754 0.25783366 0.20249596 0.28203535 0.1359928  0.38805684
 0.3219709  0.43385845 0.34197783 0.44285855 0.4570588  0.4385534
 0.39538255 0.4040736  0.3425256  0.12348703 0.19112423 0.1416476
 0.09932679 0.19302234 0.19274846 0.1597844  0.1599164  0.19414735
 0.19453675 0.16621223 0.16587788 0.20292807 0.2975983  0.23590714
 0.12693718 0.3219696  0.4128784  0.33470535 0.23770949 0.2238124
 0.19399449 0.13147563 0.16290292 0.19477746 0.19465616 0.19432333
 0.19450834 0.14956379 0.14962372 0.12772986 0.12707281 0.13599247
 0.23590714 0.19067961 0.12693718 0.14007893 0.20292807 0.1386489
 0.2975983  0.4040729  0.33470535 0.45932615 0.23770949 0.3633805
 0.3219696  0.302393   0.4128784  0.12348717 0.15502167 0.19302264
 0.19274879 0.24998483 0.25034422 0.20292827 0.25026494 0.32196975
 0.22381237 0.15511775 0.19477773 0.19465646 0.17868206 0.17881408
 0.13599268 0.25026494 0.18085507 0.20292827 0.4040731  0.39408833
 0.40702015 0.32196966], shape=(134,), dtype=float32)
rounded label:tf.Tensor(
[0. 0. 0. 0. 0. 0. 0. 0. 0. 0. 0. 0. 0. 0. 0. 0. 0. 0. 0. 0. 0. 0. 0. 0.
 0. 0. 0. 0. 0. 0. 0. 0. 0. 0. 0. 0. 0. 0. 0. 0. 0. 0. 0. 0. 0. 0. 0. 0.
 0. 0. 0. 0. 0. 0. 0. 0. 0. 0. 0. 0. 0. 0. 0. 0. 0. 0. 0. 0. 0. 0. 0. 0.
 0. 0. 0. 0. 0. 0. 0. 0. 0. 0. 0. 0. 0. 0. 0. 0. 0. 0. 0. 0. 0. 0. 0. 0.
 0. 0. 0. 0. 0. 0. 0. 0. 0. 0. 0. 0. 0. 0. 0. 0. 0. 0. 0. 0. 0. 0. 0. 0.
 0. 0. 0. 0. 0. 0. 0. 0. 0. 0. 0. 0. 0. 0.], shape=(134,), dtype=float32)
predicted label rank:[1 1 1 1 1 1 1 1 1 1 1 1 1 1 1 1 1 1 1 1 1 1 1 1 1 1 1 1 1 1 1 1 1 1 1 1 1
 1 1 1 1 1 1 1 1 1 1 1 1 1 1 1 1 1 1 1 1 1 1 1 1 1 1 1 1 1 1 1 1 1 1 1 1 1
 1 1 1 1 1 1 1 1 1 1 1 1 1 1 1 1 1 1 1 1 1 1 1 1 1 1 1 1 1 1 1 1 1 1 1 1 1
 1 1 1 1 1 1 1 1 1 1 1 1 1 1 1 1 1 1 1 1 1 1 1]
mse:tf.Tensor(0.0698231, shape=(), dtype=float32)
-------
mean(mse_list):0.0698231
