best_valid_epoch:1.0
train loss:0.04863699
valid loss:0.047546953
test loss list:tf.Tensor(0.27588478, shape=(), dtype=float32)
mean test loss:0.27588478
mean loss list:tf.Tensor(0.014702605, shape=(), dtype=float32)
mean mean loss:0.014702605
accuracy list:[<tf.Tensor: shape=(), dtype=float64, numpy=0.9850746268656716>]
mean accuracy:0.9850746268656716
-------
/Users/sherry/Downloads/Systematic-Predicate-Abstraction-using-Machine-Learning-master/Heuristic_selection/benchmarks/single-layer-graph-example/test_data/chc-lia-nonlin-0051_000-18.smt2
true label:[0, 0, 0, 0, 0, 0, 0, 0, 0, 0, 0, 0, 0, 0, 0, 0, 0, 0, 0, 0, 0, 0, 0, 0, 0, 0, 0, 0, 0, 0, 0, 0, 0, 0, 0, 0, 0, 0, 0, 0, 0, 0, 0, 0, 0, 0, 0, 0, 0, 0, 0, 0, 0, 0, 0, 0, 0, 0, 0, 0, 0, 0, 0, 0, 0, 0, 0, 0, 0, 0, 0, 0, 0, 0, 0, 0, 0, 0, 0, 0, 0, 0, 0, 0, 0, 0, 0, 0, 0, 0, 0, 0, 0, 1, 0, 0, 0, 0, 0, 0, 0, 0, 0, 0, 0, 0, 0, 0, 0, 0, 0, 0, 0, 0, 0, 0, 0, 0, 0, 0, 0, 0, 0, 0, 0, 0, 0, 0, 0, 0, 1, 0, 0, 0]
true label rank:[1 1 1 1 1 1 1 1 1 1 1 1 1 1 1 1 1 1 1 1 1 1 1 1 1 1 1 1 1 1 1 1 1 1 1 1 1
 1 1 1 1 1 1 1 1 1 1 1 1 1 1 1 1 1 1 1 1 1 1 1 1 1 1 1 1 1 1 1 1 1 1 1 1 1
 1 1 1 1 1 1 1 1 1 1 1 1 1 1 1 1 1 1 1 2 1 1 1 1 1 1 1 1 1 1 1 1 1 1 1 1 1
 1 1 1 1 1 1 1 1 1 1 1 1 1 1 1 1 1 1 1 2 1 1 1]
predicted label:tf.Tensor(
[0.27899757 0.11296764 0.4999488  0.15633303 0.2262277  0.2849048
 0.1732032  0.2562614  0.22723988 0.37164068 0.37508285 0.24976557
 0.25086692 0.19983    0.20148659 0.31105882 0.30967653 0.19307372
 0.19473583 0.27899757 0.23429227 0.17811844 0.25422508 0.20076713
 0.12397718 0.08303088 0.10083649 0.05989483 0.07855573 0.41286156
 0.17433864 0.31853265 0.28463382 0.3350583  0.30970812 0.3086156
 0.37036377 0.17433864 0.18910575 0.19160941 0.25087273 0.25178367
 0.30972207 0.31008965 0.19251174 0.20076713 0.12283459 0.23429227
 0.08410826 0.25422508 0.14361316 0.17811844 0.08980313 0.16986957
 0.07855573 0.18852893 0.08303088 0.11207905 0.05989483 0.23378512
 0.10083649 0.12667403 0.12397718 0.22723988 0.22937614 0.23348668
 0.22840273 0.19307378 0.19473585 0.3506577  0.34902936 0.38175276
 0.38824916 0.18480453 0.18566802 0.20076695 0.27166343 0.29881492
 0.18923095 0.07855576 0.11501411 0.1374827  0.07702756 0.3350582
 0.40991253 0.438878   0.3404503  0.309722   0.3100896  0.29618675
 0.29767606 0.35524052 0.35223308 0.29026935 0.29110563 0.08980301
 0.29881492 0.18089008 0.18923095 0.20010912 0.20076695 0.0859428
 0.27166343 0.12667403 0.1374827  0.16674128 0.07702756 0.1774489
 0.07855576 0.12284312 0.11501411 0.22723985 0.18662328 0.19307372
 0.19473594 0.33123124 0.3315189  0.20076701 0.23938984 0.07855573
 0.33505833 0.34473157 0.30972198 0.3100896  0.21366015 0.21326798
 0.08980307 0.23938984 0.1363802  0.20076701 0.12667409 0.11296764
 0.15159598 0.07855582], shape=(134,), dtype=float32)
rounded label:tf.Tensor(
[0. 0. 0. 0. 0. 0. 0. 0. 0. 0. 0. 0. 0. 0. 0. 0. 0. 0. 0. 0. 0. 0. 0. 0.
 0. 0. 0. 0. 0. 0. 0. 0. 0. 0. 0. 0. 0. 0. 0. 0. 0. 0. 0. 0. 0. 0. 0. 0.
 0. 0. 0. 0. 0. 0. 0. 0. 0. 0. 0. 0. 0. 0. 0. 0. 0. 0. 0. 0. 0. 0. 0. 0.
 0. 0. 0. 0. 0. 0. 0. 0. 0. 0. 0. 0. 0. 0. 0. 0. 0. 0. 0. 0. 0. 0. 0. 0.
 0. 0. 0. 0. 0. 0. 0. 0. 0. 0. 0. 0. 0. 0. 0. 0. 0. 0. 0. 0. 0. 0. 0. 0.
 0. 0. 0. 0. 0. 0. 0. 0. 0. 0. 0. 0. 0. 0.], shape=(134,), dtype=float32)
predicted label rank:[1 1 1 1 1 1 1 1 1 1 1 1 1 1 1 1 1 1 1 1 1 1 1 1 1 1 1 1 1 1 1 1 1 1 1 1 1
 1 1 1 1 1 1 1 1 1 1 1 1 1 1 1 1 1 1 1 1 1 1 1 1 1 1 1 1 1 1 1 1 1 1 1 1 1
 1 1 1 1 1 1 1 1 1 1 1 1 1 1 1 1 1 1 1 1 1 1 1 1 1 1 1 1 1 1 1 1 1 1 1 1 1
 1 1 1 1 1 1 1 1 1 1 1 1 1 1 1 1 1 1 1 1 1 1 1]
mse:tf.Tensor(0.06558996, shape=(), dtype=float32)
-------
mean(mse_list):0.06558996
