best_valid_epoch:1.0
train loss:0.036023382
valid loss:0.035957772
test loss list:tf.Tensor(0.555014, shape=(), dtype=float32)
mean test loss:0.555014
mean loss list:tf.Tensor(0.014702605, shape=(), dtype=float32)
mean mean loss:0.014702605
accuracy list:[<tf.Tensor: shape=(), dtype=float64, numpy=0.9850746268656716>]
mean accuracy:0.9850746268656716
-------
/Users/sherry/Downloads/Systematic-Predicate-Abstraction-using-Machine-Learning-master/Heuristic_selection/benchmarks/single-layer-graph-example/test_data/chc-lia-nonlin-0051_000-18.smt2
true label:[0, 0, 0, 0, 0, 0, 0, 0, 0, 0, 0, 0, 0, 0, 0, 0, 0, 0, 0, 0, 0, 0, 0, 0, 0, 0, 0, 0, 0, 0, 0, 0, 0, 0, 0, 0, 0, 0, 0, 0, 0, 0, 0, 0, 0, 0, 0, 0, 0, 0, 0, 0, 0, 0, 0, 0, 0, 0, 0, 0, 0, 0, 0, 0, 0, 0, 0, 0, 0, 0, 0, 0, 0, 0, 0, 0, 0, 0, 0, 0, 0, 0, 0, 0, 0, 0, 0, 0, 0, 0, 0, 0, 0, 1, 0, 0, 0, 0, 0, 0, 0, 0, 0, 0, 0, 0, 0, 0, 0, 0, 0, 0, 0, 0, 0, 0, 0, 0, 0, 0, 0, 0, 0, 0, 0, 0, 0, 0, 0, 0, 1, 0, 0, 0]
true label rank:[1 1 1 1 1 1 1 1 1 1 1 1 1 1 1 1 1 1 1 1 1 1 1 1 1 1 1 1 1 1 1 1 1 1 1 1 1
 1 1 1 1 1 1 1 1 1 1 1 1 1 1 1 1 1 1 1 1 1 1 1 1 1 1 1 1 1 1 1 1 1 1 1 1 1
 1 1 1 1 1 1 1 1 1 1 1 1 1 1 1 1 1 1 1 2 1 1 1 1 1 1 1 1 1 1 1 1 1 1 1 1 1
 1 1 1 1 1 1 1 1 1 1 1 1 1 1 1 1 1 1 1 2 1 1 1]
predicted label:tf.Tensor(
[0.37238643 0.430866   0.49335092 0.39004514 0.4535554  0.35387018
 0.47551113 0.48123437 0.45322645 0.4027077  0.4028365  0.42101842
 0.422202   0.42430195 0.42886588 0.42484832 0.42508894 0.40352073
 0.4020967  0.37238643 0.37053773 0.38652933 0.40824467 0.36253637
 0.44287527 0.4418318  0.4141589  0.45604572 0.41833973 0.45414746
 0.3846896  0.47340903 0.48393166 0.45119843 0.45379496 0.44963217
 0.47140503 0.3846896  0.4620961  0.47236148 0.48127836 0.4802393
 0.45622933 0.44970673 0.42277765 0.36253637 0.41779032 0.37053773
 0.44303507 0.40824467 0.43904698 0.38652933 0.41395575 0.4198254
 0.41833973 0.42090186 0.4418318  0.44283536 0.45604572 0.4347192
 0.4141589  0.41534048 0.44287527 0.45322645 0.45489264 0.45270273
 0.45104584 0.40352073 0.40209672 0.4040954  0.40578347 0.4009047
 0.3999879  0.4019222  0.40019247 0.36253637 0.37230113 0.37199703
 0.35937354 0.41833973 0.44104403 0.44421074 0.41817787 0.45119843
 0.45514482 0.45326212 0.44978696 0.45622933 0.44970673 0.45496023
 0.45084125 0.45265126 0.44864807 0.45486385 0.44754755 0.41395575
 0.37199703 0.4236411  0.35937354 0.42179587 0.36253637 0.4132813
 0.37230113 0.41534048 0.44421074 0.42065293 0.41817787 0.4184944
 0.41833973 0.4129914  0.44104403 0.45322645 0.4454253  0.40352073
 0.4020967  0.39750144 0.39670676 0.36253637 0.3666966  0.41833973
 0.45119843 0.44457698 0.45622933 0.44970673 0.4419846  0.4418304
 0.41395575 0.3666966  0.41566473 0.36253637 0.41534048 0.430866
 0.41218966 0.41833973], shape=(134,), dtype=float32)
rounded label:tf.Tensor(
[0. 0. 0. 0. 0. 0. 0. 0. 0. 0. 0. 0. 0. 0. 0. 0. 0. 0. 0. 0. 0. 0. 0. 0.
 0. 0. 0. 0. 0. 0. 0. 0. 0. 0. 0. 0. 0. 0. 0. 0. 0. 0. 0. 0. 0. 0. 0. 0.
 0. 0. 0. 0. 0. 0. 0. 0. 0. 0. 0. 0. 0. 0. 0. 0. 0. 0. 0. 0. 0. 0. 0. 0.
 0. 0. 0. 0. 0. 0. 0. 0. 0. 0. 0. 0. 0. 0. 0. 0. 0. 0. 0. 0. 0. 0. 0. 0.
 0. 0. 0. 0. 0. 0. 0. 0. 0. 0. 0. 0. 0. 0. 0. 0. 0. 0. 0. 0. 0. 0. 0. 0.
 0. 0. 0. 0. 0. 0. 0. 0. 0. 0. 0. 0. 0. 0.], shape=(134,), dtype=float32)
predicted label rank:[1 1 1 1 1 1 1 1 1 1 1 1 1 1 1 1 1 1 1 1 1 1 1 1 1 1 1 1 1 1 1 1 1 1 1 1 1
 1 1 1 1 1 1 1 1 1 1 1 1 1 1 1 1 1 1 1 1 1 1 1 1 1 1 1 1 1 1 1 1 1 1 1 1 1
 1 1 1 1 1 1 1 1 1 1 1 1 1 1 1 1 1 1 1 1 1 1 1 1 1 1 1 1 1 1 1 1 1 1 1 1 1
 1 1 1 1 1 1 1 1 1 1 1 1 1 1 1 1 1 1 1 1 1 1 1]
mse:tf.Tensor(0.18173747, shape=(), dtype=float32)
-------
mean(mse_list):0.18173747
