best_valid_epoch:5.0
train loss:0.043643143
valid loss:0.050517607
test loss list:tf.Tensor(0.24652217, shape=(), dtype=float32)
mean test loss:0.24652217
mean loss list:tf.Tensor(0.0064099887, shape=(), dtype=float32)
mean mean loss:0.0064099887
accuracy list:[<tf.Tensor: shape=(), dtype=float64, numpy=0.9935483870967742>]
mean accuracy:0.9935483870967742
-------
/Users/sherry/Downloads/Systematic-Predicate-Abstraction-using-Machine-Learning-master/Heuristic_selection/benchmarks/single-layer-graph-example/test_data/027-horn_000.smt2
true label:[0, 0, 0, 0, 0, 0, 0, 0, 0, 0, 0, 0, 0, 0, 0, 0, 0, 0, 0, 0, 0, 0, 0, 0, 0, 0, 0, 0, 0, 0, 0, 0, 0, 0, 0, 0, 0, 0, 0, 0, 0, 0, 0, 0, 0, 0, 0, 0, 0, 0, 0, 0, 0, 0, 0, 0, 0, 0, 0, 0, 0, 0, 0, 0, 0, 0, 0, 0, 0, 0, 0, 0, 0, 0, 0, 0, 0, 0, 0, 0, 0, 0, 0, 0, 0, 0, 0, 0, 0, 0, 0, 0, 0, 0, 0, 0, 0, 0, 0, 0, 0, 0, 0, 0, 0, 0, 0, 0, 0, 0, 0, 0, 0, 0, 0, 0, 0, 0, 0, 0, 0, 0, 0, 0, 0, 0, 0, 0, 0, 0, 0, 0, 0, 0, 0, 0, 0, 0, 0, 0, 0, 0, 0, 0, 0, 0, 0, 0, 0, 0, 0, 0, 1, 0, 0, 0, 0, 0, 0, 0, 0, 0, 0, 0, 0, 0, 0, 0, 0, 0, 0, 0, 0, 0, 0, 0, 0, 0, 0, 0, 0, 0, 0, 0, 0, 0, 0, 0, 0, 0, 0, 0, 0, 0, 0, 0, 0, 0, 0, 0, 0, 0, 0, 0, 0, 0, 1, 0, 0, 0, 0, 0, 0, 0, 0, 0, 0, 0, 0, 0, 0, 0, 0, 0, 0, 0, 0, 0, 0, 0, 0, 0, 0, 0, 0, 0, 0, 0, 0, 0, 0, 0, 0, 0, 0, 0, 0, 0, 0, 0, 0, 0, 0, 0, 0, 0, 0, 0, 0, 0, 0, 0, 0, 0, 0, 0, 0, 0, 0, 0, 0, 0, 0, 0, 0, 0, 0, 0, 0, 0, 0, 0, 0, 0, 0, 0, 0, 0, 0, 0, 0, 0, 0, 0, 0, 0, 0, 0, 0, 0, 0, 0, 0, 0, 0, 0, 0, 0, 0, 0]
true label rank:[1 1 1 1 1 1 1 1 1 1 1 1 1 1 1 1 1 1 1 1 1 1 1 1 1 1 1 1 1 1 1 1 1 1 1 1 1
 1 1 1 1 1 1 1 1 1 1 1 1 1 1 1 1 1 1 1 1 1 1 1 1 1 1 1 1 1 1 1 1 1 1 1 1 1
 1 1 1 1 1 1 1 1 1 1 1 1 1 1 1 1 1 1 1 1 1 1 1 1 1 1 1 1 1 1 1 1 1 1 1 1 1
 1 1 1 1 1 1 1 1 1 1 1 1 1 1 1 1 1 1 1 1 1 1 1 1 1 1 1 1 1 1 1 1 1 1 1 1 1
 1 1 1 1 2 1 1 1 1 1 1 1 1 1 1 1 1 1 1 1 1 1 1 1 1 1 1 1 1 1 1 1 1 1 1 1 1
 1 1 1 1 1 1 1 1 1 1 1 1 1 1 1 1 1 1 1 1 1 2 1 1 1 1 1 1 1 1 1 1 1 1 1 1 1
 1 1 1 1 1 1 1 1 1 1 1 1 1 1 1 1 1 1 1 1 1 1 1 1 1 1 1 1 1 1 1 1 1 1 1 1 1
 1 1 1 1 1 1 1 1 1 1 1 1 1 1 1 1 1 1 1 1 1 1 1 1 1 1 1 1 1 1 1 1 1 1 1 1 1
 1 1 1 1 1 1 1 1 1 1 1 1 1 1]
predicted label:tf.Tensor(
[0.03051654 0.14348117 0.10855424 0.10101146 0.14348117 0.08008948
 0.10855424 0.27152765 0.00070062 0.15662095 0.12898743 0.16228133
 0.07615265 0.39178455 0.10297388 0.10297388 0.13695523 0.1369552
 0.19212115 0.19212115 0.09564206 0.18918571 0.19816226 0.29095954
 0.07265508 0.45645446 0.13014582 0.13014579 0.2522239  0.07265508
 0.37877807 0.37877798 0.09809858 0.13920009 0.16418448 0.21564913
 0.09564206 0.18721452 0.09938598 0.21464607 0.19028446 0.18918571
 0.14762923 0.1269091  0.38863334 0.09166664 0.09166664 0.15849477
 0.15849471 0.205318   0.205318   0.09766963 0.15901718 0.2260809
 0.19839478 0.04352611 0.39647767 0.14917287 0.14917278 0.24140722
 0.04352611 0.46211433 0.4621142  0.10742345 0.2260809  0.11924672
 0.15901718 0.16494042 0.09766963 0.20513442 0.204324   0.41761166
 0.11670697 0.11670709 0.15810421 0.15810418 0.26831764 0.26831764
 0.17235467 0.17358133 0.14100456 0.41648608 0.15573087 0.15573081
 0.27688724 0.14100456 0.41529733 0.41529733 0.12522161 0.25937328
 0.20582753 0.19913834 0.17235467 0.16941273 0.08417273 0.41117066
 0.15699932 0.15699932 0.19930723 0.19930723 0.27644116 0.27644116
 0.07397202 0.12087262 0.19243416 0.19892299 0.04407862 0.41144985
 0.15492004 0.15491998 0.26692247 0.04407862 0.4152038  0.41520372
 0.12702587 0.19243416 0.12332252 0.12087262 0.19541484 0.07397202
 0.1189042  0.04678345 0.40850627 0.13153648 0.13153648 0.32177407
 0.32177407 0.27576458 0.27576458 0.15900844 0.05513817 0.36392474
 0.15781623 0.15781632 0.20209774 0.05513817 0.3930451  0.39304513
 0.1287902  0.1886749  0.3533585  0.13237315 0.13237327 0.17157218
 0.17157218 0.33430415 0.33430415 0.1606704  0.1008361  0.4395575
 0.18770716 0.18770716 0.2658788  0.1008361  0.4726115  0.4726115
 0.12655923 0.04480612 0.38361186 0.12816933 0.12816933 0.22604474
 0.22604471 0.321438   0.321438   0.1748265  0.04917079 0.4068633
 0.24842566 0.24842563 0.27121234 0.04917079 0.44189113 0.44189116
 0.17316726 0.1745708  0.4103752  0.11458996 0.11458996 0.20845401
 0.2084541  0.27096993 0.27096993 0.15872073 0.24689952 0.4602094
 0.20088625 0.20088622 0.2644018  0.24689952 0.4113491  0.41134918
 0.16374978 0.10412216 0.425942   0.149131   0.149131   0.23193762
 0.2319377  0.28259927 0.28259927 0.18942031 0.05232137 0.45323357
 0.21676612 0.21676615 0.27954957 0.05232137 0.48101684 0.48101684
 0.15076664 0.06225941 0.3862614  0.1141091  0.11410913 0.19444752
 0.19444755 0.29265666 0.29265666 0.19528618 0.15117738 0.41089725
 0.12953693 0.12953684 0.17462116 0.15117738 0.35479897 0.35479897
 0.08008948 0.10855424 0.03051654 0.20114562 0.00070062 0.16228133
 0.07615265 0.39178455 0.10297388 0.10297388 0.13695523 0.1369552
 0.19212115 0.19212115 0.09564206 0.18918571 0.19816226 0.29095954
 0.07265508 0.45645446 0.13014582 0.13014579 0.2522239  0.07265508
 0.37877807 0.37877798 0.09809858 0.13920009 0.16418448 0.10855424
 0.21564913 0.09564206 0.18721452 0.09938598 0.21464607 0.19028446
 0.18918571 0.14762923 0.1269091  0.38863334 0.09166664 0.09166664
 0.15849477 0.15849471 0.205318   0.205318   0.09766963 0.15901718
 0.2260809  0.19839478 0.04352611 0.39647767 0.14917287 0.14917278
 0.24140722 0.04352611 0.46211433 0.4621142  0.10742345 0.2260809
 0.11924672 0.15901718 0.16494042 0.09766963 0.1189042  0.04678345
 0.40850627 0.13153648 0.13153648 0.32177407 0.32177407 0.27576458
 0.27576458 0.15900844 0.05513817 0.36392474 0.15781623 0.15781632
 0.20209774 0.05513817 0.3930451  0.39304546], shape=(310,), dtype=float32)
rounded label:tf.Tensor(
[0. 0. 0. 0. 0. 0. 0. 0. 0. 0. 0. 0. 0. 0. 0. 0. 0. 0. 0. 0. 0. 0. 0. 0.
 0. 0. 0. 0. 0. 0. 0. 0. 0. 0. 0. 0. 0. 0. 0. 0. 0. 0. 0. 0. 0. 0. 0. 0.
 0. 0. 0. 0. 0. 0. 0. 0. 0. 0. 0. 0. 0. 0. 0. 0. 0. 0. 0. 0. 0. 0. 0. 0.
 0. 0. 0. 0. 0. 0. 0. 0. 0. 0. 0. 0. 0. 0. 0. 0. 0. 0. 0. 0. 0. 0. 0. 0.
 0. 0. 0. 0. 0. 0. 0. 0. 0. 0. 0. 0. 0. 0. 0. 0. 0. 0. 0. 0. 0. 0. 0. 0.
 0. 0. 0. 0. 0. 0. 0. 0. 0. 0. 0. 0. 0. 0. 0. 0. 0. 0. 0. 0. 0. 0. 0. 0.
 0. 0. 0. 0. 0. 0. 0. 0. 0. 0. 0. 0. 0. 0. 0. 0. 0. 0. 0. 0. 0. 0. 0. 0.
 0. 0. 0. 0. 0. 0. 0. 0. 0. 0. 0. 0. 0. 0. 0. 0. 0. 0. 0. 0. 0. 0. 0. 0.
 0. 0. 0. 0. 0. 0. 0. 0. 0. 0. 0. 0. 0. 0. 0. 0. 0. 0. 0. 0. 0. 0. 0. 0.
 0. 0. 0. 0. 0. 0. 0. 0. 0. 0. 0. 0. 0. 0. 0. 0. 0. 0. 0. 0. 0. 0. 0. 0.
 0. 0. 0. 0. 0. 0. 0. 0. 0. 0. 0. 0. 0. 0. 0. 0. 0. 0. 0. 0. 0. 0. 0. 0.
 0. 0. 0. 0. 0. 0. 0. 0. 0. 0. 0. 0. 0. 0. 0. 0. 0. 0. 0. 0. 0. 0. 0. 0.
 0. 0. 0. 0. 0. 0. 0. 0. 0. 0. 0. 0. 0. 0. 0. 0. 0. 0. 0. 0. 0. 0.], shape=(310,), dtype=float32)
predicted label rank:[1 1 1 1 1 1 1 1 1 1 1 1 1 1 1 1 1 1 1 1 1 1 1 1 1 1 1 1 1 1 1 1 1 1 1 1 1
 1 1 1 1 1 1 1 1 1 1 1 1 1 1 1 1 1 1 1 1 1 1 1 1 1 1 1 1 1 1 1 1 1 1 1 1 1
 1 1 1 1 1 1 1 1 1 1 1 1 1 1 1 1 1 1 1 1 1 1 1 1 1 1 1 1 1 1 1 1 1 1 1 1 1
 1 1 1 1 1 1 1 1 1 1 1 1 1 1 1 1 1 1 1 1 1 1 1 1 1 1 1 1 1 1 1 1 1 1 1 1 1
 1 1 1 1 1 1 1 1 1 1 1 1 1 1 1 1 1 1 1 1 1 1 1 1 1 1 1 1 1 1 1 1 1 1 1 1 1
 1 1 1 1 1 1 1 1 1 1 1 1 1 1 1 1 1 1 1 1 1 1 1 1 1 1 1 1 1 1 1 1 1 1 1 1 1
 1 1 1 1 1 1 1 1 1 1 1 1 1 1 1 1 1 1 1 1 1 1 1 1 1 1 1 1 1 1 1 1 1 1 1 1 1
 1 1 1 1 1 1 1 1 1 1 1 1 1 1 1 1 1 1 1 1 1 1 1 1 1 1 1 1 1 1 1 1 1 1 1 1 1
 1 1 1 1 1 1 1 1 1 1 1 1 1 1]
mse:tf.Tensor(0.05782962, shape=(), dtype=float32)
-------
mean(mse_list):0.05782962
