best_valid_epoch:2.0
train loss:0.040009543
valid loss:0.046646416
test loss list:tf.Tensor(0.10437365, shape=(), dtype=float32)
mean test loss:0.10437365
mean loss list:tf.Tensor(0.0064099887, shape=(), dtype=float32)
mean mean loss:0.0064099887
accuracy list:[<tf.Tensor: shape=(), dtype=float64, numpy=0.9935483870967742>]
mean accuracy:0.9935483870967742
-------
/Users/sherry/Downloads/Systematic-Predicate-Abstraction-using-Machine-Learning-master/Heuristic_selection/benchmarks/single-layer-graph-example/test_data/027-horn_000.smt2
true label:[0, 0, 0, 0, 0, 0, 0, 0, 0, 0, 0, 0, 0, 0, 0, 0, 0, 0, 0, 0, 0, 0, 0, 0, 0, 0, 0, 0, 0, 0, 0, 0, 0, 0, 0, 0, 0, 0, 0, 0, 0, 0, 0, 0, 0, 0, 0, 0, 0, 0, 0, 0, 0, 0, 0, 0, 0, 0, 0, 0, 0, 0, 0, 0, 0, 0, 0, 0, 0, 0, 0, 0, 0, 0, 0, 0, 0, 0, 0, 0, 0, 0, 0, 0, 0, 0, 0, 0, 0, 0, 0, 0, 0, 0, 0, 0, 0, 0, 0, 0, 0, 0, 0, 0, 0, 0, 0, 0, 0, 0, 0, 0, 0, 0, 0, 0, 0, 0, 0, 0, 0, 0, 0, 0, 0, 0, 0, 0, 0, 0, 0, 0, 0, 0, 0, 0, 0, 0, 0, 0, 0, 0, 0, 0, 0, 0, 0, 0, 0, 0, 0, 0, 1, 0, 0, 0, 0, 0, 0, 0, 0, 0, 0, 0, 0, 0, 0, 0, 0, 0, 0, 0, 0, 0, 0, 0, 0, 0, 0, 0, 0, 0, 0, 0, 0, 0, 0, 0, 0, 0, 0, 0, 0, 0, 0, 0, 0, 0, 0, 0, 0, 0, 0, 0, 0, 0, 1, 0, 0, 0, 0, 0, 0, 0, 0, 0, 0, 0, 0, 0, 0, 0, 0, 0, 0, 0, 0, 0, 0, 0, 0, 0, 0, 0, 0, 0, 0, 0, 0, 0, 0, 0, 0, 0, 0, 0, 0, 0, 0, 0, 0, 0, 0, 0, 0, 0, 0, 0, 0, 0, 0, 0, 0, 0, 0, 0, 0, 0, 0, 0, 0, 0, 0, 0, 0, 0, 0, 0, 0, 0, 0, 0, 0, 0, 0, 0, 0, 0, 0, 0, 0, 0, 0, 0, 0, 0, 0, 0, 0, 0, 0, 0, 0, 0, 0, 0, 0, 0, 0, 0]
true label rank:[1 1 1 1 1 1 1 1 1 1 1 1 1 1 1 1 1 1 1 1 1 1 1 1 1 1 1 1 1 1 1 1 1 1 1 1 1
 1 1 1 1 1 1 1 1 1 1 1 1 1 1 1 1 1 1 1 1 1 1 1 1 1 1 1 1 1 1 1 1 1 1 1 1 1
 1 1 1 1 1 1 1 1 1 1 1 1 1 1 1 1 1 1 1 1 1 1 1 1 1 1 1 1 1 1 1 1 1 1 1 1 1
 1 1 1 1 1 1 1 1 1 1 1 1 1 1 1 1 1 1 1 1 1 1 1 1 1 1 1 1 1 1 1 1 1 1 1 1 1
 1 1 1 1 2 1 1 1 1 1 1 1 1 1 1 1 1 1 1 1 1 1 1 1 1 1 1 1 1 1 1 1 1 1 1 1 1
 1 1 1 1 1 1 1 1 1 1 1 1 1 1 1 1 1 1 1 1 1 2 1 1 1 1 1 1 1 1 1 1 1 1 1 1 1
 1 1 1 1 1 1 1 1 1 1 1 1 1 1 1 1 1 1 1 1 1 1 1 1 1 1 1 1 1 1 1 1 1 1 1 1 1
 1 1 1 1 1 1 1 1 1 1 1 1 1 1 1 1 1 1 1 1 1 1 1 1 1 1 1 1 1 1 1 1 1 1 1 1 1
 1 1 1 1 1 1 1 1 1 1 1 1 1 1]
predicted label:tf.Tensor(
[0.1201666  0.0560514  0.05080524 0.05091345 0.0560514  0.16688389
 0.05080524 0.13376036 0.04433948 0.13867587 0.0942553  0.07753986
 0.01089266 0.07504374 0.06195363 0.0619536  0.13316017 0.13315946
 0.06200624 0.06200609 0.03602761 0.05106464 0.14832264 0.06830329
 0.02880687 0.09520277 0.09817445 0.09817481 0.25760975 0.02880687
 0.10645634 0.10645592 0.11065423 0.0513134  0.14229527 0.13961911
 0.03602761 0.06240046 0.12980515 0.15854451 0.0983727  0.05106464
 0.08032566 0.02071485 0.07862759 0.07529765 0.07529768 0.18218964
 0.18218946 0.06678405 0.06678408 0.0330216  0.0724878  0.03749856
 0.07328492 0.01747796 0.10704529 0.06799626 0.0679962  0.23392814
 0.01747796 0.07854041 0.07854053 0.08605224 0.03749856 0.15169296
 0.0724878  0.10359466 0.0330216  0.09799823 0.03049731 0.10888848
 0.06247154 0.06247163 0.18053252 0.18053278 0.06421679 0.06421679
 0.02393779 0.09474495 0.014036   0.10115084 0.0814428  0.08144283
 0.2792611  0.014036   0.0760943  0.07609409 0.03008169 0.04424047
 0.07173413 0.07203445 0.02393779 0.10075659 0.04587814 0.1102443
 0.05378926 0.05378923 0.19480917 0.19480917 0.06639808 0.06639808
 0.07710326 0.08234718 0.08253524 0.06110677 0.07834837 0.06605059
 0.07323259 0.07323259 0.24746266 0.07834837 0.07497713 0.07497728
 0.03170133 0.08253524 0.12761536 0.08234718 0.12953424 0.07710326
 0.06736431 0.02722162 0.08958703 0.07662857 0.07662854 0.18478113
 0.18478152 0.05937496 0.05937499 0.08283716 0.00550678 0.10365373
 0.06671619 0.06671607 0.18154678 0.00550678 0.08997029 0.08997002
 0.10418844 0.03592208 0.10236895 0.10148501 0.10148501 0.23530987
 0.23530966 0.10236973 0.10236973 0.08535281 0.01096857 0.08890837
 0.05960497 0.059605   0.17244053 0.01096857 0.07138208 0.07138169
 0.12124535 0.05954957 0.09218892 0.10477671 0.10477674 0.20809507
 0.2080949  0.08718967 0.08718967 0.07660472 0.03568721 0.07544497
 0.06434661 0.06434679 0.17437926 0.03568721 0.05858901 0.05858919
 0.07355726 0.02316841 0.07846594 0.11272439 0.11272439 0.2451022
 0.24510163 0.08002499 0.08002511 0.06404021 0.00648203 0.07499042
 0.09833208 0.09833109 0.25151038 0.00648203 0.10654891 0.10654879
 0.07236454 0.0331082  0.07902476 0.08783174 0.08783165 0.21127796
 0.21127787 0.05963555 0.05963552 0.05884686 0.00818843 0.06834137
 0.10300392 0.10300446 0.23786986 0.00818843 0.09320772 0.09320772
 0.10016596 0.03557265 0.09734845 0.05028158 0.05028152 0.16416243
 0.16416255 0.06187621 0.06187618 0.05904207 0.10517594 0.0764612
 0.09886321 0.09886342 0.22149959 0.10517594 0.08106852 0.08106777
 0.16688389 0.05080524 0.1201666  0.19032711 0.04433948 0.07753986
 0.01089266 0.07504374 0.06195363 0.0619536  0.13316017 0.13315946
 0.06200624 0.06200609 0.03602761 0.05106464 0.14832264 0.06830329
 0.02880687 0.09520277 0.09817445 0.09817481 0.25760975 0.02880687
 0.10645634 0.10645592 0.11065423 0.0513134  0.14229527 0.05080524
 0.13961911 0.03602761 0.06240046 0.12980515 0.15854451 0.0983727
 0.05106464 0.08032566 0.02071485 0.07862759 0.07529765 0.07529768
 0.18218964 0.18218946 0.06678405 0.06678408 0.0330216  0.0724878
 0.03749856 0.07328492 0.01747796 0.10704529 0.06799626 0.0679962
 0.23392814 0.01747796 0.07854041 0.07854053 0.08605224 0.03749856
 0.15169296 0.0724878  0.10359466 0.0330216  0.06736431 0.02722162
 0.08958703 0.07662857 0.07662854 0.18478113 0.18478152 0.05937496
 0.05937499 0.08283716 0.00550678 0.10365373 0.06671619 0.06671607
 0.18154678 0.00550678 0.08997029 0.08997017], shape=(310,), dtype=float32)
rounded label:tf.Tensor(
[0. 0. 0. 0. 0. 0. 0. 0. 0. 0. 0. 0. 0. 0. 0. 0. 0. 0. 0. 0. 0. 0. 0. 0.
 0. 0. 0. 0. 0. 0. 0. 0. 0. 0. 0. 0. 0. 0. 0. 0. 0. 0. 0. 0. 0. 0. 0. 0.
 0. 0. 0. 0. 0. 0. 0. 0. 0. 0. 0. 0. 0. 0. 0. 0. 0. 0. 0. 0. 0. 0. 0. 0.
 0. 0. 0. 0. 0. 0. 0. 0. 0. 0. 0. 0. 0. 0. 0. 0. 0. 0. 0. 0. 0. 0. 0. 0.
 0. 0. 0. 0. 0. 0. 0. 0. 0. 0. 0. 0. 0. 0. 0. 0. 0. 0. 0. 0. 0. 0. 0. 0.
 0. 0. 0. 0. 0. 0. 0. 0. 0. 0. 0. 0. 0. 0. 0. 0. 0. 0. 0. 0. 0. 0. 0. 0.
 0. 0. 0. 0. 0. 0. 0. 0. 0. 0. 0. 0. 0. 0. 0. 0. 0. 0. 0. 0. 0. 0. 0. 0.
 0. 0. 0. 0. 0. 0. 0. 0. 0. 0. 0. 0. 0. 0. 0. 0. 0. 0. 0. 0. 0. 0. 0. 0.
 0. 0. 0. 0. 0. 0. 0. 0. 0. 0. 0. 0. 0. 0. 0. 0. 0. 0. 0. 0. 0. 0. 0. 0.
 0. 0. 0. 0. 0. 0. 0. 0. 0. 0. 0. 0. 0. 0. 0. 0. 0. 0. 0. 0. 0. 0. 0. 0.
 0. 0. 0. 0. 0. 0. 0. 0. 0. 0. 0. 0. 0. 0. 0. 0. 0. 0. 0. 0. 0. 0. 0. 0.
 0. 0. 0. 0. 0. 0. 0. 0. 0. 0. 0. 0. 0. 0. 0. 0. 0. 0. 0. 0. 0. 0. 0. 0.
 0. 0. 0. 0. 0. 0. 0. 0. 0. 0. 0. 0. 0. 0. 0. 0. 0. 0. 0. 0. 0. 0.], shape=(310,), dtype=float32)
predicted label rank:[1 1 1 1 1 1 1 1 1 1 1 1 1 1 1 1 1 1 1 1 1 1 1 1 1 1 1 1 1 1 1 1 1 1 1 1 1
 1 1 1 1 1 1 1 1 1 1 1 1 1 1 1 1 1 1 1 1 1 1 1 1 1 1 1 1 1 1 1 1 1 1 1 1 1
 1 1 1 1 1 1 1 1 1 1 1 1 1 1 1 1 1 1 1 1 1 1 1 1 1 1 1 1 1 1 1 1 1 1 1 1 1
 1 1 1 1 1 1 1 1 1 1 1 1 1 1 1 1 1 1 1 1 1 1 1 1 1 1 1 1 1 1 1 1 1 1 1 1 1
 1 1 1 1 1 1 1 1 1 1 1 1 1 1 1 1 1 1 1 1 1 1 1 1 1 1 1 1 1 1 1 1 1 1 1 1 1
 1 1 1 1 1 1 1 1 1 1 1 1 1 1 1 1 1 1 1 1 1 1 1 1 1 1 1 1 1 1 1 1 1 1 1 1 1
 1 1 1 1 1 1 1 1 1 1 1 1 1 1 1 1 1 1 1 1 1 1 1 1 1 1 1 1 1 1 1 1 1 1 1 1 1
 1 1 1 1 1 1 1 1 1 1 1 1 1 1 1 1 1 1 1 1 1 1 1 1 1 1 1 1 1 1 1 1 1 1 1 1 1
 1 1 1 1 1 1 1 1 1 1 1 1 1 1]
mse:tf.Tensor(0.014735234, shape=(), dtype=float32)
-------
mean(mse_list):0.014735234
