best_valid_epoch:26.0
train loss:0.025416674
valid loss:0.028821591
test loss list:tf.Tensor(0.05377751, shape=(), dtype=float32)
mean test loss:0.05377751
mean loss list:tf.Tensor(0.031217482, shape=(), dtype=float32)
mean mean loss:0.031217482
accuracy list:[<tf.Tensor: shape=(), dtype=float64, numpy=0.9838709677419355>]
mean accuracy:0.9838709677419355
-------
/Users/sherry/Downloads/Systematic-Predicate-Abstraction-using-Machine-Learning-master/Heuristic_selection/benchmarks/single-layer-graph-example/test_data/const_1-1.c-1_000.smt2
true label:[0, 0, 0, 0, 0, 1, 0, 0, 0, 0, 0, 0, 0, 0, 0, 0, 0, 0, 0, 0, 0, 0, 0, 0, 0, 0, 0, 0, 0, 0, 1, 0, 0, 0, 0, 0, 0, 0, 0, 0, 0, 0, 0, 0, 0, 0, 0, 0, 0, 0, 0, 0, 0, 0, 0, 0, 0, 0, 0, 0, 0, 0]
true label rank:[1 1 1 1 1 2 1 1 1 1 1 1 1 1 1 1 1 1 1 1 1 1 1 1 1 1 1 1 1 1 2 1 1 1 1 1 1
 1 1 1 1 1 1 1 1 1 1 1 1 1 1 1 1 1 1 1 1 1 1 1 1 1]
predicted label:tf.Tensor(
[2.0135945e-01 1.7218441e-02 2.2737682e-03 7.7166557e-03 1.2807700e-01
 5.3774858e-01 5.5311888e-02 1.9075274e-03 1.0853112e-03 3.1792283e-02
 3.3508301e-02 9.2673302e-04 9.7900629e-04 4.2986870e-04 4.3636560e-04
 2.3780817e-01 6.9240928e-03 9.4245464e-02 3.5424531e-03 2.2737682e-03
 8.3941281e-02 2.0022094e-03 1.0789335e-03 2.6463568e-02 8.3941281e-02
 1.8613636e-03 1.9162893e-03 1.0595918e-03 1.0818243e-03 1.7614692e-02
 2.3780817e-01 1.0012686e-03 6.9240928e-03 5.4150820e-04 1.7218441e-02
 3.3904135e-02 1.5614629e-03 6.8172812e-04 3.5424531e-03 1.9123852e-03
 1.7722547e-03 1.0981262e-03 1.2092292e-03 5.6886673e-04 5.7694316e-04
 2.2553951e-02 8.7883174e-03 5.5927336e-03 2.2944808e-03 1.9168556e-03
 1.7474592e-03 1.9484162e-03 2.0610392e-03 1.7149150e-03 1.7203391e-03
 1.6524792e-03 8.7883174e-03 7.1707368e-04 2.9109418e-03 2.2944808e-03
 9.7009540e-04 5.5927336e-03], shape=(62,), dtype=float32)
rounded label:tf.Tensor(
[0. 0. 0. 0. 0. 1. 0. 0. 0. 0. 0. 0. 0. 0. 0. 0. 0. 0. 0. 0. 0. 0. 0. 0.
 0. 0. 0. 0. 0. 0. 0. 0. 0. 0. 0. 0. 0. 0. 0. 0. 0. 0. 0. 0. 0. 0. 0. 0.
 0. 0. 0. 0. 0. 0. 0. 0. 0. 0. 0. 0. 0. 0.], shape=(62,), dtype=float32)
predicted label rank:[1 1 1 1 1 2 1 1 1 1 1 1 1 1 1 1 1 1 1 1 1 1 1 1 1 1 1 1 1 1 1 1 1 1 1 1 1
 1 1 1 1 1 1 1 1 1 1 1 1 1 1 1 1 1 1 1 1 1 1 1 1 1]
mse:tf.Tensor(0.015161801, shape=(), dtype=float32)
-------
mean(mse_list):0.015161801
