best_valid_epoch:32.0
train loss:0.022500398
valid loss:0.022494754
test loss list:tf.Tensor(0.051046826, shape=(), dtype=float32)
mean test loss:0.051046826
mean loss list:tf.Tensor(0.031217482, shape=(), dtype=float32)
mean mean loss:0.031217482
accuracy list:[<tf.Tensor: shape=(), dtype=float64, numpy=0.9838709677419355>]
mean accuracy:0.9838709677419355
-------
/Users/sherry/Downloads/Systematic-Predicate-Abstraction-using-Machine-Learning-master/Heuristic_selection/benchmarks/single-layer-graph-example/test_data/const_1-1.c-1_000.smt2
true label:[0, 0, 0, 0, 0, 1, 0, 0, 0, 0, 0, 0, 0, 0, 0, 0, 0, 0, 0, 0, 0, 0, 0, 0, 0, 0, 0, 0, 0, 0, 1, 0, 0, 0, 0, 0, 0, 0, 0, 0, 0, 0, 0, 0, 0, 0, 0, 0, 0, 0, 0, 0, 0, 0, 0, 0, 0, 0, 0, 0, 0, 0]
true label rank:[1 1 1 1 1 2 1 1 1 1 1 1 1 1 1 1 1 1 1 1 1 1 1 1 1 1 1 1 1 1 2 1 1 1 1 1 1
 1 1 1 1 1 1 1 1 1 1 1 1 1 1 1 1 1 1 1 1 1 1 1 1 1]
predicted label:tf.Tensor(
[6.8054557e-02 5.1058531e-03 9.7980499e-03 4.3445349e-02 1.1749178e-02
 5.0274551e-01 6.0433447e-03 4.0799081e-03 2.8388202e-03 8.4819794e-03
 4.5246065e-02 1.2040280e-04 7.2127581e-04 8.8446497e-05 4.7412515e-04
 3.1752980e-01 3.2654405e-03 3.3141685e-01 1.2413174e-02 9.7980499e-03
 6.8457603e-02 4.2256713e-03 2.9123724e-03 5.2895218e-02 6.8457603e-02
 7.6484680e-04 4.5799613e-03 5.6907535e-04 3.1468570e-03 3.3455193e-03
 3.1752980e-01 4.6143865e-05 3.2654405e-03 3.4899313e-05 5.1058531e-03
 4.8089921e-03 6.6133536e-05 5.0039038e-05 1.2413174e-02 2.4488568e-03
 2.9529035e-03 7.8891710e-05 4.2617321e-04 8.2433893e-05 5.2100420e-04
 3.1636953e-03 3.7632883e-03 8.3747208e-03 1.0162234e-02 2.5385916e-03
 3.0541122e-03 5.1468611e-04 2.7224720e-03 5.0345063e-04 3.2877028e-03
 3.2464097e-05 3.7632883e-03 3.0731848e-05 4.6464724e-05 1.0162234e-02
 4.3702967e-05 8.3747208e-03], shape=(62,), dtype=float32)
rounded label:tf.Tensor(
[0. 0. 0. 0. 0. 1. 0. 0. 0. 0. 0. 0. 0. 0. 0. 0. 0. 0. 0. 0. 0. 0. 0. 0.
 0. 0. 0. 0. 0. 0. 0. 0. 0. 0. 0. 0. 0. 0. 0. 0. 0. 0. 0. 0. 0. 0. 0. 0.
 0. 0. 0. 0. 0. 0. 0. 0. 0. 0. 0. 0. 0. 0.], shape=(62,), dtype=float32)
predicted label rank:[1 1 1 1 1 2 1 1 1 1 1 1 1 1 1 1 1 1 1 1 1 1 1 1 1 1 1 1 1 1 1 1 1 1 1 1 1
 1 1 1 1 1 1 1 1 1 1 1 1 1 1 1 1 1 1 1 1 1 1 1 1 1]
mse:tf.Tensor(0.015254835, shape=(), dtype=float32)
-------
mean(mse_list):0.015254835
