best_valid_epoch:2.0
train loss:0.21044156
valid loss:0.20776565
test loss list:tf.Tensor(0.65718275, shape=(), dtype=float32)
mean test loss:0.65718275
mean loss list:tf.Tensor(0.052469134, shape=(), dtype=float32)
mean mean loss:0.052469134
accuracy list:[<tf.Tensor: shape=(), dtype=float64, numpy=0.9444444444444444>]
mean accuracy:0.9444444444444444
-------
/Users/sherry/Downloads/Systematic-Predicate-Abstraction-using-Machine-Learning-master/Heuristic_selection/benchmarks/single-layer-graph-example/test_data/chc-lia-lin-0006_000.smt2
true label:[0, 1, 0, 0, 0, 0, 0, 0, 0, 0, 0, 0, 0, 0, 0, 0, 0, 0, 0, 1, 0, 0, 0, 0, 0, 0, 0, 0, 0, 0, 0, 0, 0, 0, 0, 0]
true label rank:[1 2 1 1 1 1 1 1 1 1 1 1 1 1 1 1 1 1 1 2 1 1 1 1 1 1 1 1 1 1 1 1 1 1 1 1]
predicted label:tf.Tensor(
[0.47452667 0.47267297 0.4803955  0.47658274 0.48208195 0.473945
 0.49221697 0.47658274 0.4882824  0.48208195 0.489421   0.4800419
 0.47257376 0.4759412  0.47267297 0.47346437 0.47658274 0.48208195
 0.47307995 0.49221697 0.47658274 0.4882824  0.48208195 0.489421
 0.47307995 0.48202035 0.4759412  0.47936535 0.47257376 0.48504388
 0.48202035 0.4803955  0.47936535 0.47346437 0.48504388 0.47452667], shape=(36,), dtype=float32)
rounded label:tf.Tensor(
[0. 0. 0. 0. 0. 0. 0. 0. 0. 0. 0. 0. 0. 0. 0. 0. 0. 0. 0. 0. 0. 0. 0. 0.
 0. 0. 0. 0. 0. 0. 0. 0. 0. 0. 0. 0.], shape=(36,), dtype=float32)
predicted label rank:[1 1 1 1 1 1 1 1 1 1 1 1 1 1 1 1 1 1 1 1 1 1 1 1 1 1 1 1 1 1 1 1 1 1 1 1]
mse:tf.Tensor(0.23202984, shape=(), dtype=float32)
-------
mean(mse_list):0.23202984
best_valid_epoch:1.0
train loss:0.20553888
valid loss:0.208404
test loss list:tf.Tensor(0.67290044, shape=(), dtype=float32)
mean test loss:0.67290044
mean loss list:tf.Tensor(0.052469134, shape=(), dtype=float32)
mean mean loss:0.052469134
accuracy list:[<tf.Tensor: shape=(), dtype=float64, numpy=0.9444444444444444>]
mean accuracy:0.9444444444444444
-------
/Users/sherry/Downloads/Systematic-Predicate-Abstraction-using-Machine-Learning-master/Heuristic_selection/benchmarks/single-layer-graph-example/test_data/chc-lia-lin-0006_000.smt2
true label:[0, 1, 0, 0, 0, 0, 0, 0, 0, 0, 0, 0, 0, 0, 0, 0, 0, 0, 0, 1, 0, 0, 0, 0, 0, 0, 0, 0, 0, 0, 0, 0, 0, 0, 0, 0]
true label rank:[1 2 1 1 1 1 1 1 1 1 1 1 1 1 1 1 1 1 1 2 1 1 1 1 1 1 1 1 1 1 1 1 1 1 1 1]
predicted label:tf.Tensor(
[0.4853507  0.48526403 0.48725075 0.482855   0.48335066 0.48191506
 0.4999196  0.482855   0.49881884 0.48335066 0.49377394 0.48094767
 0.48732066 0.4855426  0.48526403 0.48760518 0.482855   0.48335066
 0.489573   0.4999196  0.482855   0.49881884 0.48335066 0.49377394
 0.489573   0.49758267 0.4855426  0.49490678 0.48732066 0.4934364
 0.49758267 0.48725075 0.49490678 0.48760518 0.4934364  0.4853507 ], shape=(36,), dtype=float32)
rounded label:tf.Tensor(
[0. 0. 0. 0. 0. 0. 0. 0. 0. 0. 0. 0. 0. 0. 0. 0. 0. 0. 0. 0. 0. 0. 0. 0.
 0. 0. 0. 0. 0. 0. 0. 0. 0. 0. 0. 0.], shape=(36,), dtype=float32)
predicted label rank:[1 1 1 1 1 1 1 1 1 1 1 1 1 1 1 1 1 1 1 1 1 1 1 1 1 1 1 1 1 1 1 1 1 1 1 1]
mse:tf.Tensor(0.23987961, shape=(), dtype=float32)
-------
mean(mse_list):0.23987961
best_valid_epoch:2.0
train loss:0.20953545
valid loss:0.21117418
test loss list:tf.Tensor(0.6510737, shape=(), dtype=float32)
mean test loss:0.6510737
mean loss list:tf.Tensor(0.052469134, shape=(), dtype=float32)
mean mean loss:0.052469134
accuracy list:[<tf.Tensor: shape=(), dtype=float64, numpy=0.9444444444444444>]
mean accuracy:0.9444444444444444
-------
/Users/sherry/Downloads/Systematic-Predicate-Abstraction-using-Machine-Learning-master/Heuristic_selection/benchmarks/single-layer-graph-example/test_data/chc-lia-lin-0006_000.smt2
true label:[0, 1, 0, 0, 0, 0, 0, 0, 0, 0, 0, 0, 0, 0, 0, 0, 0, 0, 0, 1, 0, 0, 0, 0, 0, 0, 0, 0, 0, 0, 0, 0, 0, 0, 0, 0]
true label rank:[1 2 1 1 1 1 1 1 1 1 1 1 1 1 1 1 1 1 1 2 1 1 1 1 1 1 1 1 1 1 1 1 1 1 1 1]
predicted label:tf.Tensor(
[0.47355658 0.47275028 0.47519785 0.4651708  0.47052443 0.47218338
 0.4829148  0.4651708  0.48402956 0.47052443 0.49039894 0.46598598
 0.46793678 0.47238174 0.47275028 0.46859884 0.4651708  0.47052443
 0.46836373 0.4829148  0.4651708  0.48402956 0.47052443 0.49039894
 0.46836373 0.48665667 0.47238174 0.48651406 0.46793678 0.4956633
 0.48665667 0.47519785 0.48651406 0.46859884 0.4956633  0.47355658], shape=(36,), dtype=float32)
rounded label:tf.Tensor(
[0. 0. 0. 0. 0. 0. 0. 0. 0. 0. 0. 0. 0. 0. 0. 0. 0. 0. 0. 0. 0. 0. 0. 0.
 0. 0. 0. 0. 0. 0. 0. 0. 0. 0. 0. 0.], shape=(36,), dtype=float32)
predicted label rank:[1 1 1 1 1 1 1 1 1 1 1 1 1 1 1 1 1 1 1 1 1 1 1 1 1 1 1 1 1 1 1 1 1 1 1 1]
mse:tf.Tensor(0.2289864, shape=(), dtype=float32)
-------
mean(mse_list):0.2289864
best_valid_epoch:1.0
train loss:0.20881039
valid loss:0.21233803
test loss list:tf.Tensor(0.6619984, shape=(), dtype=float32)
mean test loss:0.6619984
mean loss list:tf.Tensor(0.052469134, shape=(), dtype=float32)
mean mean loss:0.052469134
accuracy list:[<tf.Tensor: shape=(), dtype=float64, numpy=0.9444444444444444>]
mean accuracy:0.9444444444444444
-------
/Users/sherry/Downloads/Systematic-Predicate-Abstraction-using-Machine-Learning-master/Heuristic_selection/benchmarks/single-layer-graph-example/test_data/chc-lia-lin-0006_000.smt2
true label:[0, 1, 0, 0, 0, 0, 0, 0, 0, 0, 0, 0, 0, 0, 0, 0, 0, 0, 0, 1, 0, 0, 0, 0, 0, 0, 0, 0, 0, 0, 0, 0, 0, 0, 0, 0]
true label rank:[1 2 1 1 1 1 1 1 1 1 1 1 1 1 1 1 1 1 1 2 1 1 1 1 1 1 1 1 1 1 1 1 1 1 1 1]
predicted label:tf.Tensor(
[0.48917684 0.49132788 0.48369497 0.48354566 0.48368526 0.4920291
 0.475936   0.48354566 0.47012225 0.48368526 0.47390056 0.48749763
 0.4857551  0.48665988 0.49132788 0.48628852 0.48354566 0.48368526
 0.48841944 0.475936   0.48354566 0.47012225 0.48368526 0.47390056
 0.48841944 0.47890446 0.48665988 0.47363678 0.4857551  0.4726556
 0.47890446 0.48369497 0.47363678 0.48628852 0.4726556  0.48917684], shape=(36,), dtype=float32)
rounded label:tf.Tensor(
[0. 0. 0. 0. 0. 0. 0. 0. 0. 0. 0. 0. 0. 0. 0. 0. 0. 0. 0. 0. 0. 0. 0. 0.
 0. 0. 0. 0. 0. 0. 0. 0. 0. 0. 0. 0.], shape=(36,), dtype=float32)
predicted label rank:[1 1 1 1 1 1 1 1 1 1 1 1 1 1 1 1 1 1 1 1 1 1 1 1 1 1 1 1 1 1 1 1 1 1 1 1]
mse:tf.Tensor(0.23443474, shape=(), dtype=float32)
-------
mean(mse_list):0.23443474
best_valid_epoch:1.0
train loss:0.22734554
valid loss:0.23235443
test loss list:tf.Tensor(0.65194273, shape=(), dtype=float32)
mean test loss:0.65194273
mean loss list:tf.Tensor(0.052469134, shape=(), dtype=float32)
mean mean loss:0.052469134
accuracy list:[<tf.Tensor: shape=(), dtype=float64, numpy=0.9444444444444444>]
mean accuracy:0.9444444444444444
-------
/Users/sherry/Downloads/Systematic-Predicate-Abstraction-using-Machine-Learning-master/Heuristic_selection/benchmarks/single-layer-graph-example/test_data/chc-lia-lin-0006_000.smt2
true label:[0, 1, 0, 0, 0, 0, 0, 0, 0, 0, 0, 0, 0, 0, 0, 0, 0, 0, 0, 1, 0, 0, 0, 0, 0, 0, 0, 0, 0, 0, 0, 0, 0, 0, 0, 0]
true label rank:[1 2 1 1 1 1 1 1 1 1 1 1 1 1 1 1 1 1 1 2 1 1 1 1 1 1 1 1 1 1 1 1 1 1 1 1]
predicted label:tf.Tensor(
[0.47337288 0.48204094 0.4797234  0.47301942 0.47766614 0.48612562
 0.46568114 0.47301942 0.47055507 0.47766614 0.4665736  0.47057867
 0.48154223 0.4855268  0.48204094 0.47650638 0.47301942 0.47766614
 0.48015252 0.46568114 0.47301942 0.47055507 0.47766614 0.4665736
 0.48015252 0.4731967  0.4855268  0.47627458 0.48154223 0.47535145
 0.4731967  0.4797234  0.47627458 0.47650638 0.47535145 0.47337288], shape=(36,), dtype=float32)
rounded label:tf.Tensor(
[0. 0. 0. 0. 0. 0. 0. 0. 0. 0. 0. 0. 0. 0. 0. 0. 0. 0. 0. 0. 0. 0. 0. 0.
 0. 0. 0. 0. 0. 0. 0. 0. 0. 0. 0. 0.], shape=(36,), dtype=float32)
predicted label rank:[1 1 1 1 1 1 1 1 1 1 1 1 1 1 1 1 1 1 1 1 1 1 1 1 1 1 1 1 1 1 1 1 1 1 1 1]
mse:tf.Tensor(0.22941507, shape=(), dtype=float32)
-------
mean(mse_list):0.22941507
best_valid_epoch:2.0
train loss:0.21799532
valid loss:0.22289626
test loss list:tf.Tensor(0.61708313, shape=(), dtype=float32)
mean test loss:0.61708313
mean loss list:tf.Tensor(0.052469134, shape=(), dtype=float32)
mean mean loss:0.052469134
accuracy list:[<tf.Tensor: shape=(), dtype=float64, numpy=0.9444444444444444>]
mean accuracy:0.9444444444444444
-------
/Users/sherry/Downloads/Systematic-Predicate-Abstraction-using-Machine-Learning-master/Heuristic_selection/benchmarks/single-layer-graph-example/test_data/chc-lia-lin-0006_000.smt2
true label:[0, 1, 0, 0, 0, 0, 0, 0, 0, 0, 0, 0, 0, 0, 0, 0, 0, 0, 0, 1, 0, 0, 0, 0, 0, 0, 0, 0, 0, 0, 0, 0, 0, 0, 0, 0]
true label rank:[1 2 1 1 1 1 1 1 1 1 1 1 1 1 1 1 1 1 1 2 1 1 1 1 1 1 1 1 1 1 1 1 1 1 1 1]
predicted label:tf.Tensor(
[0.45462024 0.44520593 0.44535178 0.44131824 0.4395293  0.43747622
 0.48245654 0.44131824 0.48600522 0.4395293  0.48075324 0.44742635
 0.4387737  0.43686664 0.44520593 0.44602773 0.44131824 0.4395293
 0.4453835  0.48245654 0.44131824 0.48600522 0.4395293  0.48075324
 0.4453835  0.4794069  0.43686664 0.4812997  0.4387737  0.47804785
 0.4794069  0.44535178 0.4812997  0.44602773 0.47804785 0.45462024], shape=(36,), dtype=float32)
rounded label:tf.Tensor(
[0. 0. 0. 0. 0. 0. 0. 0. 0. 0. 0. 0. 0. 0. 0. 0. 0. 0. 0. 0. 0. 0. 0. 0.
 0. 0. 0. 0. 0. 0. 0. 0. 0. 0. 0. 0.], shape=(36,), dtype=float32)
predicted label rank:[1 1 1 1 1 1 1 1 1 1 1 1 1 1 1 1 1 1 1 1 1 1 1 1 1 1 1 1 1 1 1 1 1 1 1 1]
mse:tf.Tensor(0.21211268, shape=(), dtype=float32)
-------
mean(mse_list):0.21211268
best_valid_epoch:1.0
train loss:0.20850351
valid loss:0.20746195
test loss list:tf.Tensor(0.67562515, shape=(), dtype=float32)
mean test loss:0.67562515
mean loss list:tf.Tensor(0.052469134, shape=(), dtype=float32)
mean mean loss:0.052469134
accuracy list:[<tf.Tensor: shape=(), dtype=float64, numpy=0.9444444444444444>]
mean accuracy:0.9444444444444444
-------
/Users/sherry/Downloads/Systematic-Predicate-Abstraction-using-Machine-Learning-master/Heuristic_selection/benchmarks/single-layer-graph-example/test_data/chc-lia-lin-0006_000.smt2
true label:[0, 1, 0, 0, 0, 0, 0, 0, 0, 0, 0, 0, 0, 0, 0, 0, 0, 0, 0, 1, 0, 0, 0, 0, 0, 0, 0, 0, 0, 0, 0, 0, 0, 0, 0, 0]
true label rank:[1 2 1 1 1 1 1 1 1 1 1 1 1 1 1 1 1 1 1 2 1 1 1 1 1 1 1 1 1 1 1 1 1 1 1 1]
predicted label:tf.Tensor(
[0.48981708 0.49502918 0.48884428 0.4872853  0.4898599  0.49182737
 0.4931015  0.4872853  0.49535656 0.4898599  0.49209958 0.4907199
 0.48691425 0.49236223 0.49502918 0.48587093 0.4872853  0.4898599
 0.4882204  0.4931015  0.4872853  0.49535656 0.4898599  0.49209958
 0.4882204  0.49105075 0.49236223 0.49351534 0.48691425 0.4909514
 0.49105075 0.48884428 0.49351534 0.48587093 0.4909514  0.48981708], shape=(36,), dtype=float32)
rounded label:tf.Tensor(
[0. 0. 0. 0. 0. 0. 0. 0. 0. 0. 0. 0. 0. 0. 0. 0. 0. 0. 0. 0. 0. 0. 0. 0.
 0. 0. 0. 0. 0. 0. 0. 0. 0. 0. 0. 0.], shape=(36,), dtype=float32)
predicted label rank:[1 1 1 1 1 1 1 1 1 1 1 1 1 1 1 1 1 1 1 1 1 1 1 1 1 1 1 1 1 1 1 1 1 1 1 1]
mse:tf.Tensor(0.24124047, shape=(), dtype=float32)
-------
mean(mse_list):0.24124047
best_valid_epoch:2.0
train loss:0.20667557
valid loss:0.20900962
test loss list:tf.Tensor(0.65139174, shape=(), dtype=float32)
mean test loss:0.65139174
mean loss list:tf.Tensor(0.052469134, shape=(), dtype=float32)
mean mean loss:0.052469134
accuracy list:[<tf.Tensor: shape=(), dtype=float64, numpy=0.9444444444444444>]
mean accuracy:0.9444444444444444
-------
/Users/sherry/Downloads/Systematic-Predicate-Abstraction-using-Machine-Learning-master/Heuristic_selection/benchmarks/single-layer-graph-example/test_data/chc-lia-lin-0006_000.smt2
true label:[0, 1, 0, 0, 0, 0, 0, 0, 0, 0, 0, 0, 0, 0, 0, 0, 0, 0, 0, 1, 0, 0, 0, 0, 0, 0, 0, 0, 0, 0, 0, 0, 0, 0, 0, 0]
true label rank:[1 2 1 1 1 1 1 1 1 1 1 1 1 1 1 1 1 1 1 2 1 1 1 1 1 1 1 1 1 1 1 1 1 1 1 1]
predicted label:tf.Tensor(
[0.46521026 0.4716573  0.46269366 0.4690069  0.46437165 0.47584465
 0.50106823 0.4690069  0.48800144 0.46437165 0.49596128 0.4663952
 0.48164704 0.46917507 0.4716573  0.46970603 0.4690069  0.46437165
 0.4697903  0.50106823 0.4690069  0.48800144 0.46437165 0.49596128
 0.4697903  0.495293   0.46917507 0.48250487 0.48164704 0.49445042
 0.495293   0.46269366 0.48250487 0.46970603 0.49445042 0.46521026], shape=(36,), dtype=float32)
rounded label:tf.Tensor(
[0. 0. 0. 0. 0. 0. 1. 0. 0. 0. 0. 0. 0. 0. 0. 0. 0. 0. 0. 1. 0. 0. 0. 0.
 0. 0. 0. 0. 0. 0. 0. 0. 0. 0. 0. 0.], shape=(36,), dtype=float32)
predicted label rank:[1 1 1 1 1 1 2 1 1 1 1 1 1 1 1 1 1 1 1 2 1 1 1 1 1 1 1 1 1 1 1 1 1 1 1 1]
mse:tf.Tensor(0.22914833, shape=(), dtype=float32)
-------
mean(mse_list):0.22914833
best_valid_epoch:2.0
train loss:0.21660957
valid loss:0.21412696
test loss list:tf.Tensor(0.66435385, shape=(), dtype=float32)
mean test loss:0.66435385
mean loss list:tf.Tensor(0.052469134, shape=(), dtype=float32)
mean mean loss:0.052469134
accuracy list:[<tf.Tensor: shape=(), dtype=float64, numpy=0.9444444444444444>]
mean accuracy:0.9444444444444444
-------
/Users/sherry/Downloads/Systematic-Predicate-Abstraction-using-Machine-Learning-master/Heuristic_selection/benchmarks/single-layer-graph-example/test_data/chc-lia-lin-0006_000.smt2
true label:[0, 1, 0, 0, 0, 0, 0, 0, 0, 0, 0, 0, 0, 0, 0, 0, 0, 0, 0, 1, 0, 0, 0, 0, 0, 0, 0, 0, 0, 0, 0, 0, 0, 0, 0, 0]
true label rank:[1 2 1 1 1 1 1 1 1 1 1 1 1 1 1 1 1 1 1 2 1 1 1 1 1 1 1 1 1 1 1 1 1 1 1 1]
predicted label:tf.Tensor(
[0.47268504 0.4723097  0.48340303 0.48504972 0.48825565 0.4759998
 0.49073204 0.48504972 0.49906206 0.48825565 0.4873194  0.48224622
 0.47456536 0.47986215 0.4723097  0.4781114  0.48504972 0.48825565
 0.4724802  0.49073204 0.48504972 0.49906206 0.48825565 0.4873194
 0.4724802  0.48767078 0.47986215 0.4937923  0.47456536 0.48024645
 0.48767078 0.48340303 0.4937923  0.4781114  0.48024645 0.47268504], shape=(36,), dtype=float32)
rounded label:tf.Tensor(
[0. 0. 0. 0. 0. 0. 0. 0. 0. 0. 0. 0. 0. 0. 0. 0. 0. 0. 0. 0. 0. 0. 0. 0.
 0. 0. 0. 0. 0. 0. 0. 0. 0. 0. 0. 0.], shape=(36,), dtype=float32)
predicted label rank:[1 1 1 1 1 1 1 1 1 1 1 1 1 1 1 1 1 1 1 1 1 1 1 1 1 1 1 1 1 1 1 1 1 1 1 1]
mse:tf.Tensor(0.23561144, shape=(), dtype=float32)
-------
mean(mse_list):0.23561144
best_valid_epoch:1.0
train loss:0.21074444
valid loss:0.21569818
test loss list:tf.Tensor(0.66132325, shape=(), dtype=float32)
mean test loss:0.66132325
mean loss list:tf.Tensor(0.052469134, shape=(), dtype=float32)
mean mean loss:0.052469134
accuracy list:[<tf.Tensor: shape=(), dtype=float64, numpy=0.9444444444444444>]
mean accuracy:0.9444444444444444
-------
/Users/sherry/Downloads/Systematic-Predicate-Abstraction-using-Machine-Learning-master/Heuristic_selection/benchmarks/single-layer-graph-example/test_data/chc-lia-lin-0006_000.smt2
true label:[0, 1, 0, 0, 0, 0, 0, 0, 0, 0, 0, 0, 0, 0, 0, 0, 0, 0, 0, 1, 0, 0, 0, 0, 0, 0, 0, 0, 0, 0, 0, 0, 0, 0, 0, 0]
true label rank:[1 2 1 1 1 1 1 1 1 1 1 1 1 1 1 1 1 1 1 2 1 1 1 1 1 1 1 1 1 1 1 1 1 1 1 1]
predicted label:tf.Tensor(
[0.47602367 0.47737792 0.47662973 0.4911282  0.47869447 0.47705895
 0.48094165 0.4911282  0.48879525 0.47869447 0.48040897 0.48449147
 0.48332384 0.47583914 0.47737792 0.48601943 0.4911282  0.47869447
 0.47741193 0.48094165 0.4911282  0.48879525 0.47869447 0.48040897
 0.47741193 0.47862965 0.47583914 0.48556706 0.48332384 0.47800246
 0.47862965 0.47662973 0.48556706 0.48601943 0.47800246 0.47602367], shape=(36,), dtype=float32)
rounded label:tf.Tensor(
[0. 0. 0. 0. 0. 0. 0. 0. 0. 0. 0. 0. 0. 0. 0. 0. 0. 0. 0. 0. 0. 0. 0. 0.
 0. 0. 0. 0. 0. 0. 0. 0. 0. 0. 0. 0.], shape=(36,), dtype=float32)
predicted label rank:[1 1 1 1 1 1 1 1 1 1 1 1 1 1 1 1 1 1 1 1 1 1 1 1 1 1 1 1 1 1 1 1 1 1 1 1]
mse:tf.Tensor(0.2340968, shape=(), dtype=float32)
-------
mean(mse_list):0.2340968
best_valid_epoch:1.0
train loss:0.21018103
valid loss:0.20844838
test loss list:tf.Tensor(0.67806697, shape=(), dtype=float32)
mean test loss:0.67806697
mean loss list:tf.Tensor(0.052469134, shape=(), dtype=float32)
mean mean loss:0.052469134
accuracy list:[<tf.Tensor: shape=(), dtype=float64, numpy=0.9444444444444444>]
mean accuracy:0.9444444444444444
-------
/Users/sherry/Downloads/Systematic-Predicate-Abstraction-using-Machine-Learning-master/Heuristic_selection/benchmarks/single-layer-graph-example/test_data/chc-lia-lin-0006_000.smt2
true label:[0, 1, 0, 0, 0, 0, 0, 0, 0, 0, 0, 0, 0, 0, 0, 0, 0, 0, 0, 1, 0, 0, 0, 0, 0, 0, 0, 0, 0, 0, 0, 0, 0, 0, 0, 0]
true label rank:[1 2 1 1 1 1 1 1 1 1 1 1 1 1 1 1 1 1 1 2 1 1 1 1 1 1 1 1 1 1 1 1 1 1 1 1]
predicted label:tf.Tensor(
[0.48545057 0.4896336  0.4854484  0.49238133 0.49273467 0.49047172
 0.49994683 0.49238133 0.49655485 0.49273467 0.49439427 0.49355334
 0.48808518 0.48852006 0.4896336  0.48602083 0.49238133 0.49273467
 0.48289645 0.49994683 0.49238133 0.49655485 0.49273467 0.49439427
 0.48289645 0.49849197 0.48852006 0.49893358 0.48808518 0.49561918
 0.49849197 0.4854484  0.49893358 0.48602083 0.49561918 0.48545057], shape=(36,), dtype=float32)
rounded label:tf.Tensor(
[0. 0. 0. 0. 0. 0. 0. 0. 0. 0. 0. 0. 0. 0. 0. 0. 0. 0. 0. 0. 0. 0. 0. 0.
 0. 0. 0. 0. 0. 0. 0. 0. 0. 0. 0. 0.], shape=(36,), dtype=float32)
predicted label rank:[1 1 1 1 1 1 1 1 1 1 1 1 1 1 1 1 1 1 1 1 1 1 1 1 1 1 1 1 1 1 1 1 1 1 1 1]
mse:tf.Tensor(0.24246144, shape=(), dtype=float32)
-------
mean(mse_list):0.24246144
best_valid_epoch:3.0
train loss:0.21681437
valid loss:0.21352784
test loss list:tf.Tensor(0.6416076, shape=(), dtype=float32)
mean test loss:0.6416076
mean loss list:tf.Tensor(0.052469134, shape=(), dtype=float32)
mean mean loss:0.052469134
accuracy list:[<tf.Tensor: shape=(), dtype=float64, numpy=0.9444444444444444>]
mean accuracy:0.9444444444444444
-------
/Users/sherry/Downloads/Systematic-Predicate-Abstraction-using-Machine-Learning-master/Heuristic_selection/benchmarks/single-layer-graph-example/test_data/chc-lia-lin-0006_000.smt2
true label:[0, 1, 0, 0, 0, 0, 0, 0, 0, 0, 0, 0, 0, 0, 0, 0, 0, 0, 0, 1, 0, 0, 0, 0, 0, 0, 0, 0, 0, 0, 0, 0, 0, 0, 0, 0]
true label rank:[1 2 1 1 1 1 1 1 1 1 1 1 1 1 1 1 1 1 1 2 1 1 1 1 1 1 1 1 1 1 1 1 1 1 1 1]
predicted label:tf.Tensor(
[0.47768092 0.47736356 0.48128858 0.46504554 0.4658272  0.49322742
 0.4519719  0.46504554 0.4492079  0.4658272  0.44882894 0.45932555
 0.47891417 0.48159924 0.47736356 0.47883466 0.46504554 0.4658272
 0.48420426 0.4519719  0.46504554 0.4492079  0.4658272  0.44882894
 0.48420426 0.46932507 0.48159924 0.46450126 0.47891417 0.465122
 0.46932507 0.48128858 0.46450126 0.47883466 0.465122   0.47768092], shape=(36,), dtype=float32)
rounded label:tf.Tensor(
[0. 0. 0. 0. 0. 0. 0. 0. 0. 0. 0. 0. 0. 0. 0. 0. 0. 0. 0. 0. 0. 0. 0. 0.
 0. 0. 0. 0. 0. 0. 0. 0. 0. 0. 0. 0.], shape=(36,), dtype=float32)
predicted label rank:[1 1 1 1 1 1 1 1 1 1 1 1 1 1 1 1 1 1 1 1 1 1 1 1 1 1 1 1 1 1 1 1 1 1 1 1]
mse:tf.Tensor(0.22427347, shape=(), dtype=float32)
-------
mean(mse_list):0.22427347
