best_valid_epoch:48.0
train loss:0.080216125
valid loss:0.098277226
test loss list:tf.Tensor(0.09182619, shape=(), dtype=float32)
mean test loss:0.09182619
mean loss list:tf.Tensor(0.031217482, shape=(), dtype=float32)
mean mean loss:0.031217482
accuracy list:[<tf.Tensor: shape=(), dtype=float64, numpy=0.9838709677419355>]
mean accuracy:0.9838709677419355
-------
/Users/sherry/Downloads/Systematic-Predicate-Abstraction-using-Machine-Learning-master/Heuristic_selection/benchmarks/single-layer-graph-example/test_data/const_1-1.c-1_000.smt2
true label:[0, 0, 0, 0, 0, 1, 0, 0, 0, 0, 0, 0, 0, 0, 0, 0, 0, 0, 0, 0, 0, 0, 0, 0, 0, 0, 0, 0, 0, 0, 1, 0, 0, 0, 0, 0, 0, 0, 0, 0, 0, 0, 0, 0, 0, 0, 0, 0, 0, 0, 0, 0, 0, 0, 0, 0, 0, 0, 0, 0, 0, 0]
true label rank:[1 1 1 1 1 2 1 1 1 1 1 1 1 1 1 1 1 1 1 1 1 1 1 1 1 1 1 1 1 1 2 1 1 1 1 1 1
 1 1 1 1 1 1 1 1 1 1 1 1 1 1 1 1 1 1 1 1 1 1 1 1 1]
predicted label:tf.Tensor(
[0.02626288 0.03327832 0.0240207  0.00418481 0.486875   0.6406933
 0.02765784 0.01378953 0.0075773  0.01434144 0.01434818 0.02128834
 0.02120584 0.00947478 0.00948042 0.0335151  0.02153468 0.02871674
 0.03012824 0.0240207  0.01917228 0.01332638 0.00841546 0.00699395
 0.01917228 0.01095241 0.01094452 0.00646409 0.00646076 0.01617852
 0.0335151  0.01692474 0.02153468 0.01284239 0.03327832 0.02226585
 0.02247027 0.01787904 0.03012824 0.02597857 0.00763389 0.03832662
 0.03820291 0.01213422 0.01209125 0.03346005 0.02919218 0.03414479
 0.02076545 0.02617887 0.00893712 0.01944798 0.01936424 0.00730053
 0.00727996 0.02240571 0.02919218 0.01280954 0.03292817 0.02076545
 0.01769501 0.03414482], shape=(62,), dtype=float32)
rounded label:tf.Tensor(
[0. 0. 0. 0. 0. 1. 0. 0. 0. 0. 0. 0. 0. 0. 0. 0. 0. 0. 0. 0. 0. 0. 0. 0.
 0. 0. 0. 0. 0. 0. 0. 0. 0. 0. 0. 0. 0. 0. 0. 0. 0. 0. 0. 0. 0. 0. 0. 0.
 0. 0. 0. 0. 0. 0. 0. 0. 0. 0. 0. 0. 0. 0.], shape=(62,), dtype=float32)
predicted label rank:[1 1 1 1 1 2 1 1 1 1 1 1 1 1 1 1 1 1 1 1 1 1 1 1 1 1 1 1 1 1 1 1 1 1 1 1 1
 1 1 1 1 1 1 1 1 1 1 1 1 1 1 1 1 1 1 1 1 1 1 1 1 1]
mse:tf.Tensor(0.021428477, shape=(), dtype=float32)
-------
mean(mse_list):0.021428477
