best_valid_epoch:19.0
train loss:0.11082218
valid loss:0.11366142
test loss list:tf.Tensor(0.221669, shape=(), dtype=float32)
mean test loss:0.221669
mean loss list:tf.Tensor(0.031217482, shape=(), dtype=float32)
mean mean loss:0.031217482
accuracy list:[<tf.Tensor: shape=(), dtype=float64, numpy=0.9838709677419355>]
mean accuracy:0.9838709677419355
-------
/Users/sherry/Downloads/Systematic-Predicate-Abstraction-using-Machine-Learning-master/Heuristic_selection/benchmarks/single-layer-graph-example/test_data/const_1-1.c-1_000.smt2
true label:[0, 0, 0, 0, 0, 1, 0, 0, 0, 0, 0, 0, 0, 0, 0, 0, 0, 0, 0, 0, 0, 0, 0, 0, 0, 0, 0, 0, 0, 0, 1, 0, 0, 0, 0, 0, 0, 0, 0, 0, 0, 0, 0, 0, 0, 0, 0, 0, 0, 0, 0, 0, 0, 0, 0, 0, 0, 0, 0, 0, 0, 0]
true label rank:[1 1 1 1 1 2 1 1 1 1 1 1 1 1 1 1 1 1 1 1 1 1 1 1 1 1 1 1 1 1 2 1 1 1 1 1 1
 1 1 1 1 1 1 1 1 1 1 1 1 1 1 1 1 1 1 1 1 1 1 1 1 1]
predicted label:tf.Tensor(
[0.05922759 0.14135158 0.211714   0.06352079 0.34681427 0.5303325
 0.11201358 0.15231577 0.14119837 0.1203568  0.12036437 0.22179967
 0.22181442 0.2633934  0.26338074 0.11923307 0.14495671 0.197703
 0.21223643 0.211714   0.04657656 0.12004745 0.12834612 0.182818
 0.04657656 0.2142649  0.21431509 0.2098411  0.20979643 0.21917924
 0.11923307 0.19803804 0.14495671 0.18049905 0.14135158 0.25968492
 0.30353117 0.315745   0.21223643 0.11093184 0.06775895 0.1270169
 0.1270375  0.14124745 0.14125624 0.09119171 0.07453009 0.11379293
 0.18895158 0.10505655 0.05408975 0.16690654 0.16691512 0.11002371
 0.11005539 0.16849655 0.07453009 0.19832122 0.29211643 0.18895158
 0.25193325 0.11379293], shape=(62,), dtype=float32)
rounded label:tf.Tensor(
[0. 0. 0. 0. 0. 1. 0. 0. 0. 0. 0. 0. 0. 0. 0. 0. 0. 0. 0. 0. 0. 0. 0. 0.
 0. 0. 0. 0. 0. 0. 0. 0. 0. 0. 0. 0. 0. 0. 0. 0. 0. 0. 0. 0. 0. 0. 0. 0.
 0. 0. 0. 0. 0. 0. 0. 0. 0. 0. 0. 0. 0. 0.], shape=(62,), dtype=float32)
predicted label rank:[1 1 1 1 1 2 1 1 1 1 1 1 1 1 1 1 1 1 1 1 1 1 1 1 1 1 1 1 1 1 1 1 1 1 1 1 1
 1 1 1 1 1 1 1 1 1 1 1 1 1 1 1 1 1 1 1 1 1 1 1 1 1]
mse:tf.Tensor(0.046852298, shape=(), dtype=float32)
-------
mean(mse_list):0.046852298
best_valid_epoch:44.0
train loss:0.08454331
valid loss:0.089230925
test loss list:tf.Tensor(0.10140065, shape=(), dtype=float32)
mean test loss:0.10140065
mean loss list:tf.Tensor(0.031217482, shape=(), dtype=float32)
mean mean loss:0.031217482
accuracy list:[<tf.Tensor: shape=(), dtype=float64, numpy=0.9838709677419355>]
mean accuracy:0.9838709677419355
-------
/Users/sherry/Downloads/Systematic-Predicate-Abstraction-using-Machine-Learning-master/Heuristic_selection/benchmarks/single-layer-graph-example/test_data/const_1-1.c-1_000.smt2
true label:[0, 0, 0, 0, 0, 1, 0, 0, 0, 0, 0, 0, 0, 0, 0, 0, 0, 0, 0, 0, 0, 0, 0, 0, 0, 0, 0, 0, 0, 0, 1, 0, 0, 0, 0, 0, 0, 0, 0, 0, 0, 0, 0, 0, 0, 0, 0, 0, 0, 0, 0, 0, 0, 0, 0, 0, 0, 0, 0, 0, 0, 0]
true label rank:[1 1 1 1 1 2 1 1 1 1 1 1 1 1 1 1 1 1 1 1 1 1 1 1 1 1 1 1 1 1 2 1 1 1 1 1 1
 1 1 1 1 1 1 1 1 1 1 1 1 1 1 1 1 1 1 1 1 1 1 1 1 1]
predicted label:tf.Tensor(
[0.00386831 0.00393862 0.01896238 0.00102291 0.36442262 0.6019344
 0.0066309  0.00230882 0.00251552 0.00479943 0.00479937 0.00435823
 0.00435811 0.00707471 0.00707462 0.00723901 0.00659689 0.0180344
 0.01035339 0.01896238 0.00873277 0.00217441 0.00235131 0.00567052
 0.00873277 0.00374031 0.00374088 0.00479516 0.00479522 0.00943932
 0.00723901 0.00788915 0.00659689 0.01046339 0.00393862 0.01165313
 0.00875461 0.01049551 0.01035339 0.00231713 0.00219855 0.00430107
 0.00430116 0.00461632 0.00461632 0.00481156 0.00353789 0.01123703
 0.01554134 0.00224862 0.00216478 0.00414753 0.00414798 0.00312594
 0.00312594 0.00738573 0.00353789 0.00749215 0.00873864 0.01554134
 0.00829467 0.01123703], shape=(62,), dtype=float32)
rounded label:tf.Tensor(
[0. 0. 0. 0. 0. 1. 0. 0. 0. 0. 0. 0. 0. 0. 0. 0. 0. 0. 0. 0. 0. 0. 0. 0.
 0. 0. 0. 0. 0. 0. 0. 0. 0. 0. 0. 0. 0. 0. 0. 0. 0. 0. 0. 0. 0. 0. 0. 0.
 0. 0. 0. 0. 0. 0. 0. 0. 0. 0. 0. 0. 0. 0.], shape=(62,), dtype=float32)
predicted label rank:[1 1 1 1 1 2 1 1 1 1 1 1 1 1 1 1 1 1 1 1 1 1 1 1 1 1 1 1 1 1 1 1 1 1 1 1 1
 1 1 1 1 1 1 1 1 1 1 1 1 1 1 1 1 1 1 1 1 1 1 1 1 1]
mse:tf.Tensor(0.020654274, shape=(), dtype=float32)
-------
mean(mse_list):0.020654274
best_valid_epoch:40.0
train loss:0.10845794
valid loss:0.09034996
test loss list:tf.Tensor(0.100127704, shape=(), dtype=float32)
mean test loss:0.100127704
mean loss list:tf.Tensor(0.031217482, shape=(), dtype=float32)
mean mean loss:0.031217482
accuracy list:[<tf.Tensor: shape=(), dtype=float64, numpy=0.9838709677419355>]
mean accuracy:0.9838709677419355
-------
/Users/sherry/Downloads/Systematic-Predicate-Abstraction-using-Machine-Learning-master/Heuristic_selection/benchmarks/single-layer-graph-example/test_data/const_1-1.c-1_000.smt2
true label:[0, 0, 0, 0, 0, 1, 0, 0, 0, 0, 0, 0, 0, 0, 0, 0, 0, 0, 0, 0, 0, 0, 0, 0, 0, 0, 0, 0, 0, 0, 1, 0, 0, 0, 0, 0, 0, 0, 0, 0, 0, 0, 0, 0, 0, 0, 0, 0, 0, 0, 0, 0, 0, 0, 0, 0, 0, 0, 0, 0, 0, 0]
true label rank:[1 1 1 1 1 2 1 1 1 1 1 1 1 1 1 1 1 1 1 1 1 1 1 1 1 1 1 1 1 1 2 1 1 1 1 1 1
 1 1 1 1 1 1 1 1 1 1 1 1 1 1 1 1 1 1 1 1 1 1 1 1 1]
predicted label:tf.Tensor(
[0.02041784 0.02083334 0.01493964 0.00248194 0.49382025 0.5278436
 0.00846827 0.00527048 0.00585613 0.02556354 0.02556258 0.01643646
 0.01643717 0.0179491  0.01794991 0.01716399 0.01366526 0.02645534
 0.0169037  0.01493964 0.04707691 0.00645897 0.00873378 0.00950053
 0.04707691 0.00444978 0.00444958 0.00540951 0.00540972 0.02302504
 0.01716399 0.01154211 0.01366526 0.01234895 0.02083334 0.0159204
 0.00879073 0.00817412 0.0169037  0.00632277 0.00366455 0.0152424
 0.0152427  0.00979239 0.00979245 0.0169012  0.01566175 0.02900663
 0.01414192 0.00804493 0.00469357 0.00527593 0.00527596 0.00355932
 0.00355926 0.00889573 0.01566175 0.00937366 0.00819662 0.01414192
 0.00637022 0.02900663], shape=(62,), dtype=float32)
rounded label:tf.Tensor(
[0. 0. 0. 0. 0. 1. 0. 0. 0. 0. 0. 0. 0. 0. 0. 0. 0. 0. 0. 0. 0. 0. 0. 0.
 0. 0. 0. 0. 0. 0. 0. 0. 0. 0. 0. 0. 0. 0. 0. 0. 0. 0. 0. 0. 0. 0. 0. 0.
 0. 0. 0. 0. 0. 0. 0. 0. 0. 0. 0. 0. 0. 0.], shape=(62,), dtype=float32)
predicted label rank:[1 1 1 1 1 2 1 1 1 1 1 1 1 1 1 1 1 1 1 1 1 1 1 1 1 1 1 1 1 1 1 1 1 1 1 1 1
 1 1 1 1 1 1 1 1 1 1 1 1 1 1 1 1 1 1 1 1 1 1 1 1 1]
mse:tf.Tensor(0.023371333, shape=(), dtype=float32)
-------
mean(mse_list):0.023371333
best_valid_epoch:56.0
train loss:0.10869528
valid loss:0.1005694
test loss list:tf.Tensor(0.101361945, shape=(), dtype=float32)
mean test loss:0.101361945
mean loss list:tf.Tensor(0.031217482, shape=(), dtype=float32)
mean mean loss:0.031217482
accuracy list:[<tf.Tensor: shape=(), dtype=float64, numpy=0.9838709677419355>]
mean accuracy:0.9838709677419355
-------
/Users/sherry/Downloads/Systematic-Predicate-Abstraction-using-Machine-Learning-master/Heuristic_selection/benchmarks/single-layer-graph-example/test_data/const_1-1.c-1_000.smt2
true label:[0, 0, 0, 0, 0, 1, 0, 0, 0, 0, 0, 0, 0, 0, 0, 0, 0, 0, 0, 0, 0, 0, 0, 0, 0, 0, 0, 0, 0, 0, 1, 0, 0, 0, 0, 0, 0, 0, 0, 0, 0, 0, 0, 0, 0, 0, 0, 0, 0, 0, 0, 0, 0, 0, 0, 0, 0, 0, 0, 0, 0, 0]
true label rank:[1 1 1 1 1 2 1 1 1 1 1 1 1 1 1 1 1 1 1 1 1 1 1 1 1 1 1 1 1 1 2 1 1 1 1 1 1
 1 1 1 1 1 1 1 1 1 1 1 1 1 1 1 1 1 1 1 1 1 1 1 1 1]
predicted label:tf.Tensor(
[0.02327657 0.0209035  0.02468327 0.01100847 0.39479527 0.59929043
 0.01301548 0.00836158 0.01648927 0.00938413 0.00938436 0.00690183
 0.0069018  0.01210731 0.01210684 0.01313922 0.02496907 0.01900819
 0.02434009 0.02468327 0.02757749 0.00940934 0.01950368 0.01248369
 0.02757749 0.00864026 0.00864211 0.01818967 0.01818952 0.02208591
 0.01313922 0.01927969 0.02496907 0.02509058 0.0209035  0.00689405
 0.00914112 0.0092451  0.02434009 0.01398796 0.01017812 0.01399377
 0.01399386 0.00700769 0.00700811 0.01563755 0.01592401 0.01965302
 0.01766303 0.01867136 0.01198277 0.01874849 0.01874799 0.0112491
 0.01124853 0.02216905 0.01592401 0.0210537  0.00738168 0.01766303
 0.00718036 0.01965302], shape=(62,), dtype=float32)
rounded label:tf.Tensor(
[0. 0. 0. 0. 0. 1. 0. 0. 0. 0. 0. 0. 0. 0. 0. 0. 0. 0. 0. 0. 0. 0. 0. 0.
 0. 0. 0. 0. 0. 0. 0. 0. 0. 0. 0. 0. 0. 0. 0. 0. 0. 0. 0. 0. 0. 0. 0. 0.
 0. 0. 0. 0. 0. 0. 0. 0. 0. 0. 0. 0. 0. 0.], shape=(62,), dtype=float32)
predicted label rank:[1 1 1 1 1 2 1 1 1 1 1 1 1 1 1 1 1 1 1 1 1 1 1 1 1 1 1 1 1 1 1 1 1 1 1 1 1
 1 1 1 1 1 1 1 1 1 1 1 1 1 1 1 1 1 1 1 1 1 1 1 1 1]
mse:tf.Tensor(0.021084053, shape=(), dtype=float32)
-------
mean(mse_list):0.021084053
