best_valid_epoch:3.0
train loss:0.1125462
valid loss:0.089686975
test loss list:tf.Tensor(0.6437144, shape=(), dtype=float32)
mean test loss:0.6437144
mean loss list:tf.Tensor(0.0064099887, shape=(), dtype=float32)
mean mean loss:0.0064099887
accuracy list:[<tf.Tensor: shape=(), dtype=float64, numpy=0.9935483870967742>]
mean accuracy:0.9935483870967742
-------
/Users/sherry/Downloads/Systematic-Predicate-Abstraction-using-Machine-Learning-master/Heuristic_selection/benchmarks/single-layer-graph-example/test_data/027-horn_000.smt2
true label:[0, 0, 0, 0, 0, 0, 0, 0, 0, 0, 0, 0, 0, 0, 0, 0, 0, 0, 0, 0, 0, 0, 0, 0, 0, 0, 0, 0, 0, 0, 0, 0, 0, 0, 0, 0, 0, 0, 0, 0, 0, 0, 0, 0, 0, 0, 0, 0, 0, 0, 0, 0, 0, 0, 0, 0, 0, 0, 0, 0, 0, 0, 0, 0, 0, 0, 0, 0, 0, 0, 0, 0, 0, 0, 0, 0, 0, 0, 0, 0, 0, 0, 0, 0, 0, 0, 0, 0, 0, 0, 0, 0, 0, 0, 0, 0, 0, 0, 0, 0, 0, 0, 0, 0, 0, 0, 0, 0, 0, 0, 0, 0, 0, 0, 0, 0, 0, 0, 0, 0, 0, 0, 0, 0, 0, 0, 0, 0, 0, 0, 0, 0, 0, 0, 0, 0, 0, 0, 0, 0, 0, 0, 0, 0, 0, 0, 0, 0, 0, 0, 0, 0, 1, 0, 0, 0, 0, 0, 0, 0, 0, 0, 0, 0, 0, 0, 0, 0, 0, 0, 0, 0, 0, 0, 0, 0, 0, 0, 0, 0, 0, 0, 0, 0, 0, 0, 0, 0, 0, 0, 0, 0, 0, 0, 0, 0, 0, 0, 0, 0, 0, 0, 0, 0, 0, 0, 1, 0, 0, 0, 0, 0, 0, 0, 0, 0, 0, 0, 0, 0, 0, 0, 0, 0, 0, 0, 0, 0, 0, 0, 0, 0, 0, 0, 0, 0, 0, 0, 0, 0, 0, 0, 0, 0, 0, 0, 0, 0, 0, 0, 0, 0, 0, 0, 0, 0, 0, 0, 0, 0, 0, 0, 0, 0, 0, 0, 0, 0, 0, 0, 0, 0, 0, 0, 0, 0, 0, 0, 0, 0, 0, 0, 0, 0, 0, 0, 0, 0, 0, 0, 0, 0, 0, 0, 0, 0, 0, 0, 0, 0, 0, 0, 0, 0, 0, 0, 0, 0, 0, 0]
true label rank:[1 1 1 1 1 1 1 1 1 1 1 1 1 1 1 1 1 1 1 1 1 1 1 1 1 1 1 1 1 1 1 1 1 1 1 1 1
 1 1 1 1 1 1 1 1 1 1 1 1 1 1 1 1 1 1 1 1 1 1 1 1 1 1 1 1 1 1 1 1 1 1 1 1 1
 1 1 1 1 1 1 1 1 1 1 1 1 1 1 1 1 1 1 1 1 1 1 1 1 1 1 1 1 1 1 1 1 1 1 1 1 1
 1 1 1 1 1 1 1 1 1 1 1 1 1 1 1 1 1 1 1 1 1 1 1 1 1 1 1 1 1 1 1 1 1 1 1 1 1
 1 1 1 1 2 1 1 1 1 1 1 1 1 1 1 1 1 1 1 1 1 1 1 1 1 1 1 1 1 1 1 1 1 1 1 1 1
 1 1 1 1 1 1 1 1 1 1 1 1 1 1 1 1 1 1 1 1 1 2 1 1 1 1 1 1 1 1 1 1 1 1 1 1 1
 1 1 1 1 1 1 1 1 1 1 1 1 1 1 1 1 1 1 1 1 1 1 1 1 1 1 1 1 1 1 1 1 1 1 1 1 1
 1 1 1 1 1 1 1 1 1 1 1 1 1 1 1 1 1 1 1 1 1 1 1 1 1 1 1 1 1 1 1 1 1 1 1 1 1
 1 1 1 1 1 1 1 1 1 1 1 1 1 1]
predicted label:tf.Tensor(
[0.4704393  0.46892723 0.4715347  0.46731114 0.46892723 0.47161382
 0.4715347  0.4894852  0.4373621  0.4894852  0.49590865 0.4622448
 0.47232878 0.47174025 0.48515514 0.4622448  0.48664182 0.46571454
 0.48810035 0.47174025 0.46886614 0.46971858 0.4745324  0.4622448
 0.47332993 0.47174025 0.48515514 0.4622448  0.48664182 0.47332993
 0.48810035 0.47174025 0.4888088  0.47174752 0.4887479  0.49289328
 0.46886614 0.4888088  0.47439253 0.4887479  0.49289328 0.46971858
 0.4622448  0.46690905 0.47174025 0.48515514 0.4622448  0.48664182
 0.46571454 0.48810035 0.47174025 0.4616162  0.46509358 0.46995667
 0.4622448  0.46750307 0.47174025 0.48515514 0.4622448  0.48664182
 0.46750307 0.48810035 0.47174025 0.4888088  0.46995667 0.4887479
 0.46509358 0.49289328 0.4616162  0.4622448  0.47088695 0.47174025
 0.48515514 0.4622448  0.48664182 0.46571454 0.48810035 0.47174025
 0.46628505 0.4622448  0.4709377  0.47174025 0.48515514 0.4622448
 0.48664182 0.4709377  0.48810035 0.47174025 0.4888088  0.47227362
 0.4887479  0.49289328 0.46628505 0.4622448  0.4701463  0.47174025
 0.48515514 0.4622448  0.48664182 0.46571454 0.48810035 0.47174025
 0.46419513 0.4675572  0.47157845 0.4622448  0.47153518 0.47174025
 0.48515514 0.4622448  0.48664182 0.47153518 0.48810035 0.47174025
 0.4888088  0.47157845 0.4887479  0.4675572  0.49289328 0.46419513
 0.4622448  0.46690905 0.47174025 0.48515514 0.4622448  0.48664182
 0.46571454 0.48810035 0.47174025 0.4622448  0.4667898  0.47174025
 0.48515514 0.4622448  0.48664182 0.4667898  0.48810035 0.47174025
 0.4622448  0.47088695 0.47174025 0.48515514 0.4622448  0.48664182
 0.46571454 0.48810035 0.47174025 0.4622448  0.47151905 0.47174025
 0.48515514 0.4622448  0.48664182 0.47151905 0.48810035 0.47174025
 0.4622448  0.4701463  0.47174025 0.48515514 0.4622448  0.48664182
 0.46571454 0.48810035 0.47174025 0.4622448  0.469487   0.47174025
 0.48515514 0.4622448  0.48664182 0.469487   0.48810035 0.47174025
 0.4622448  0.47088695 0.47174025 0.48515514 0.4622448  0.48664182
 0.46571454 0.48810035 0.47174025 0.4622448  0.46761262 0.47174025
 0.48515514 0.4622448  0.48664182 0.46761262 0.48810035 0.47174025
 0.4622448  0.4701463  0.47174025 0.48515514 0.4622448  0.48664182
 0.46571454 0.48810035 0.47174025 0.4622448  0.46449238 0.47174025
 0.48515514 0.4622448  0.48664182 0.46449238 0.48810035 0.47174025
 0.4622448  0.4701463  0.47174025 0.48515514 0.4622448  0.48664182
 0.46571454 0.48810035 0.47174025 0.4622448  0.46915737 0.47174025
 0.48515514 0.4622448  0.48664182 0.46915737 0.48810035 0.47174025
 0.47161382 0.4715347  0.4704393  0.49010608 0.4373621  0.4622448
 0.47232878 0.47174025 0.48515514 0.4622448  0.48664182 0.46571454
 0.48810035 0.47174025 0.46886614 0.46971858 0.4745324  0.4622448
 0.47332993 0.47174025 0.48515514 0.4622448  0.48664182 0.47332993
 0.48810035 0.47174025 0.4888088  0.47174752 0.4887479  0.4715347
 0.49289328 0.46886614 0.4888088  0.47439253 0.4887479  0.49289328
 0.46971858 0.4622448  0.46690905 0.47174025 0.48515514 0.4622448
 0.48664182 0.46571454 0.48810035 0.47174025 0.4616162  0.46509358
 0.46995667 0.4622448  0.46750307 0.47174025 0.48515514 0.4622448
 0.48664182 0.46750307 0.48810035 0.47174025 0.4888088  0.46995667
 0.4887479  0.46509358 0.49289328 0.4616162  0.4622448  0.46690905
 0.47174025 0.48515514 0.4622448  0.48664182 0.46571454 0.48810035
 0.47174025 0.4622448  0.4667898  0.47174025 0.48515514 0.4622448
 0.48664182 0.4667898  0.48810035 0.47174025], shape=(310,), dtype=float32)
rounded label:tf.Tensor(
[0. 0. 0. 0. 0. 0. 0. 0. 0. 0. 0. 0. 0. 0. 0. 0. 0. 0. 0. 0. 0. 0. 0. 0.
 0. 0. 0. 0. 0. 0. 0. 0. 0. 0. 0. 0. 0. 0. 0. 0. 0. 0. 0. 0. 0. 0. 0. 0.
 0. 0. 0. 0. 0. 0. 0. 0. 0. 0. 0. 0. 0. 0. 0. 0. 0. 0. 0. 0. 0. 0. 0. 0.
 0. 0. 0. 0. 0. 0. 0. 0. 0. 0. 0. 0. 0. 0. 0. 0. 0. 0. 0. 0. 0. 0. 0. 0.
 0. 0. 0. 0. 0. 0. 0. 0. 0. 0. 0. 0. 0. 0. 0. 0. 0. 0. 0. 0. 0. 0. 0. 0.
 0. 0. 0. 0. 0. 0. 0. 0. 0. 0. 0. 0. 0. 0. 0. 0. 0. 0. 0. 0. 0. 0. 0. 0.
 0. 0. 0. 0. 0. 0. 0. 0. 0. 0. 0. 0. 0. 0. 0. 0. 0. 0. 0. 0. 0. 0. 0. 0.
 0. 0. 0. 0. 0. 0. 0. 0. 0. 0. 0. 0. 0. 0. 0. 0. 0. 0. 0. 0. 0. 0. 0. 0.
 0. 0. 0. 0. 0. 0. 0. 0. 0. 0. 0. 0. 0. 0. 0. 0. 0. 0. 0. 0. 0. 0. 0. 0.
 0. 0. 0. 0. 0. 0. 0. 0. 0. 0. 0. 0. 0. 0. 0. 0. 0. 0. 0. 0. 0. 0. 0. 0.
 0. 0. 0. 0. 0. 0. 0. 0. 0. 0. 0. 0. 0. 0. 0. 0. 0. 0. 0. 0. 0. 0. 0. 0.
 0. 0. 0. 0. 0. 0. 0. 0. 0. 0. 0. 0. 0. 0. 0. 0. 0. 0. 0. 0. 0. 0. 0. 0.
 0. 0. 0. 0. 0. 0. 0. 0. 0. 0. 0. 0. 0. 0. 0. 0. 0. 0. 0. 0. 0. 0.], shape=(310,), dtype=float32)
predicted label rank:[1 1 1 1 1 1 1 1 1 1 1 1 1 1 1 1 1 1 1 1 1 1 1 1 1 1 1 1 1 1 1 1 1 1 1 1 1
 1 1 1 1 1 1 1 1 1 1 1 1 1 1 1 1 1 1 1 1 1 1 1 1 1 1 1 1 1 1 1 1 1 1 1 1 1
 1 1 1 1 1 1 1 1 1 1 1 1 1 1 1 1 1 1 1 1 1 1 1 1 1 1 1 1 1 1 1 1 1 1 1 1 1
 1 1 1 1 1 1 1 1 1 1 1 1 1 1 1 1 1 1 1 1 1 1 1 1 1 1 1 1 1 1 1 1 1 1 1 1 1
 1 1 1 1 1 1 1 1 1 1 1 1 1 1 1 1 1 1 1 1 1 1 1 1 1 1 1 1 1 1 1 1 1 1 1 1 1
 1 1 1 1 1 1 1 1 1 1 1 1 1 1 1 1 1 1 1 1 1 1 1 1 1 1 1 1 1 1 1 1 1 1 1 1 1
 1 1 1 1 1 1 1 1 1 1 1 1 1 1 1 1 1 1 1 1 1 1 1 1 1 1 1 1 1 1 1 1 1 1 1 1 1
 1 1 1 1 1 1 1 1 1 1 1 1 1 1 1 1 1 1 1 1 1 1 1 1 1 1 1 1 1 1 1 1 1 1 1 1 1
 1 1 1 1 1 1 1 1 1 1 1 1 1 1]
mse:tf.Tensor(0.22531554, shape=(), dtype=float32)
-------
mean(mse_list):0.22531554
best_valid_epoch:1.0
train loss:0.049350925
valid loss:0.04298384
test loss list:tf.Tensor(0.6455916, shape=(), dtype=float32)
mean test loss:0.6455916
mean loss list:tf.Tensor(0.0064099887, shape=(), dtype=float32)
mean mean loss:0.0064099887
accuracy list:[<tf.Tensor: shape=(), dtype=float64, numpy=0.9935483870967742>]
mean accuracy:0.9935483870967742
-------
/Users/sherry/Downloads/Systematic-Predicate-Abstraction-using-Machine-Learning-master/Heuristic_selection/benchmarks/single-layer-graph-example/test_data/027-horn_000.smt2
true label:[0, 0, 0, 0, 0, 0, 0, 0, 0, 0, 0, 0, 0, 0, 0, 0, 0, 0, 0, 0, 0, 0, 0, 0, 0, 0, 0, 0, 0, 0, 0, 0, 0, 0, 0, 0, 0, 0, 0, 0, 0, 0, 0, 0, 0, 0, 0, 0, 0, 0, 0, 0, 0, 0, 0, 0, 0, 0, 0, 0, 0, 0, 0, 0, 0, 0, 0, 0, 0, 0, 0, 0, 0, 0, 0, 0, 0, 0, 0, 0, 0, 0, 0, 0, 0, 0, 0, 0, 0, 0, 0, 0, 0, 0, 0, 0, 0, 0, 0, 0, 0, 0, 0, 0, 0, 0, 0, 0, 0, 0, 0, 0, 0, 0, 0, 0, 0, 0, 0, 0, 0, 0, 0, 0, 0, 0, 0, 0, 0, 0, 0, 0, 0, 0, 0, 0, 0, 0, 0, 0, 0, 0, 0, 0, 0, 0, 0, 0, 0, 0, 0, 0, 1, 0, 0, 0, 0, 0, 0, 0, 0, 0, 0, 0, 0, 0, 0, 0, 0, 0, 0, 0, 0, 0, 0, 0, 0, 0, 0, 0, 0, 0, 0, 0, 0, 0, 0, 0, 0, 0, 0, 0, 0, 0, 0, 0, 0, 0, 0, 0, 0, 0, 0, 0, 0, 0, 1, 0, 0, 0, 0, 0, 0, 0, 0, 0, 0, 0, 0, 0, 0, 0, 0, 0, 0, 0, 0, 0, 0, 0, 0, 0, 0, 0, 0, 0, 0, 0, 0, 0, 0, 0, 0, 0, 0, 0, 0, 0, 0, 0, 0, 0, 0, 0, 0, 0, 0, 0, 0, 0, 0, 0, 0, 0, 0, 0, 0, 0, 0, 0, 0, 0, 0, 0, 0, 0, 0, 0, 0, 0, 0, 0, 0, 0, 0, 0, 0, 0, 0, 0, 0, 0, 0, 0, 0, 0, 0, 0, 0, 0, 0, 0, 0, 0, 0, 0, 0, 0, 0, 0]
true label rank:[1 1 1 1 1 1 1 1 1 1 1 1 1 1 1 1 1 1 1 1 1 1 1 1 1 1 1 1 1 1 1 1 1 1 1 1 1
 1 1 1 1 1 1 1 1 1 1 1 1 1 1 1 1 1 1 1 1 1 1 1 1 1 1 1 1 1 1 1 1 1 1 1 1 1
 1 1 1 1 1 1 1 1 1 1 1 1 1 1 1 1 1 1 1 1 1 1 1 1 1 1 1 1 1 1 1 1 1 1 1 1 1
 1 1 1 1 1 1 1 1 1 1 1 1 1 1 1 1 1 1 1 1 1 1 1 1 1 1 1 1 1 1 1 1 1 1 1 1 1
 1 1 1 1 2 1 1 1 1 1 1 1 1 1 1 1 1 1 1 1 1 1 1 1 1 1 1 1 1 1 1 1 1 1 1 1 1
 1 1 1 1 1 1 1 1 1 1 1 1 1 1 1 1 1 1 1 1 1 2 1 1 1 1 1 1 1 1 1 1 1 1 1 1 1
 1 1 1 1 1 1 1 1 1 1 1 1 1 1 1 1 1 1 1 1 1 1 1 1 1 1 1 1 1 1 1 1 1 1 1 1 1
 1 1 1 1 1 1 1 1 1 1 1 1 1 1 1 1 1 1 1 1 1 1 1 1 1 1 1 1 1 1 1 1 1 1 1 1 1
 1 1 1 1 1 1 1 1 1 1 1 1 1 1]
predicted label:tf.Tensor(
[0.47926518 0.48794377 0.4657174  0.48160183 0.48794377 0.4779737
 0.4657174  0.48827973 0.44873425 0.48827973 0.48831403 0.4637629
 0.47186893 0.47332594 0.47847402 0.4637629  0.4756764  0.4688373
 0.48459107 0.47332594 0.46271616 0.47430766 0.482239   0.4637629
 0.47302666 0.47332594 0.47847402 0.4637629  0.4756764  0.47302666
 0.48459107 0.47332594 0.48686463 0.4735164  0.47802314 0.49062842
 0.46271616 0.48686463 0.4812343  0.47802314 0.49062842 0.47430766
 0.4637629  0.48705897 0.47332594 0.47847402 0.4637629  0.4756764
 0.4688373  0.48459107 0.47332594 0.4714212  0.47742552 0.47832236
 0.4637629  0.48255157 0.47332594 0.47847402 0.4637629  0.4756764
 0.48255157 0.48459107 0.47332594 0.48686463 0.47832236 0.47802314
 0.47742552 0.49062842 0.4714212  0.4637629  0.4967774  0.47332594
 0.47847402 0.4637629  0.4756764  0.4688373  0.48459107 0.47332594
 0.47975492 0.4637629  0.49104568 0.47332594 0.47847402 0.4637629
 0.4756764  0.49104568 0.48459107 0.47332594 0.48686463 0.48309702
 0.47802314 0.49062842 0.47975492 0.4637629  0.48581272 0.47332594
 0.47847402 0.4637629  0.4756764  0.4688373  0.48459107 0.47332594
 0.4701302  0.4740296  0.47752944 0.4637629  0.4802541  0.47332594
 0.47847402 0.4637629  0.4756764  0.4802541  0.48459107 0.47332594
 0.48686463 0.47752944 0.47802314 0.4740296  0.49062842 0.4701302
 0.4637629  0.48705897 0.47332594 0.47847402 0.4637629  0.4756764
 0.4688373  0.48459107 0.47332594 0.4637629  0.46780416 0.47332594
 0.47847402 0.4637629  0.4756764  0.46780416 0.48459107 0.47332594
 0.4637629  0.4967774  0.47332594 0.47847402 0.4637629  0.4756764
 0.4688373  0.48459107 0.47332594 0.4637629  0.47985676 0.47332594
 0.47847402 0.4637629  0.4756764  0.47985676 0.48459107 0.47332594
 0.4637629  0.48581272 0.47332594 0.47847402 0.4637629  0.4756764
 0.4688373  0.48459107 0.47332594 0.4637629  0.47045225 0.47332594
 0.47847402 0.4637629  0.4756764  0.47045225 0.48459107 0.47332594
 0.4637629  0.4967774  0.47332594 0.47847402 0.4637629  0.4756764
 0.4688373  0.48459107 0.47332594 0.4637629  0.48548537 0.47332594
 0.47847402 0.4637629  0.4756764  0.48548537 0.48459107 0.47332594
 0.4637629  0.48581272 0.47332594 0.47847402 0.4637629  0.4756764
 0.4688373  0.48459107 0.47332594 0.4637629  0.47582304 0.47332594
 0.47847402 0.4637629  0.4756764  0.47582304 0.48459107 0.47332594
 0.4637629  0.48581272 0.47332594 0.47847402 0.4637629  0.4756764
 0.4688373  0.48459107 0.47332594 0.4637629  0.48172408 0.47332594
 0.47847402 0.4637629  0.4756764  0.48172408 0.48459107 0.47332594
 0.4779737  0.4657174  0.47926518 0.49146825 0.44873425 0.4637629
 0.47186893 0.47332594 0.47847402 0.4637629  0.4756764  0.4688373
 0.48459107 0.47332594 0.46271616 0.47430766 0.482239   0.4637629
 0.47302666 0.47332594 0.47847402 0.4637629  0.4756764  0.47302666
 0.48459107 0.47332594 0.48686463 0.4735164  0.47802314 0.4657174
 0.49062842 0.46271616 0.48686463 0.4812343  0.47802314 0.49062842
 0.47430766 0.4637629  0.48705897 0.47332594 0.47847402 0.4637629
 0.4756764  0.4688373  0.48459107 0.47332594 0.4714212  0.47742552
 0.47832236 0.4637629  0.48255157 0.47332594 0.47847402 0.4637629
 0.4756764  0.48255157 0.48459107 0.47332594 0.48686463 0.47832236
 0.47802314 0.47742552 0.49062842 0.4714212  0.4637629  0.48705897
 0.47332594 0.47847402 0.4637629  0.4756764  0.4688373  0.48459107
 0.47332594 0.4637629  0.46780416 0.47332594 0.47847402 0.4637629
 0.4756764  0.46780416 0.48459107 0.47332594], shape=(310,), dtype=float32)
rounded label:tf.Tensor(
[0. 0. 0. 0. 0. 0. 0. 0. 0. 0. 0. 0. 0. 0. 0. 0. 0. 0. 0. 0. 0. 0. 0. 0.
 0. 0. 0. 0. 0. 0. 0. 0. 0. 0. 0. 0. 0. 0. 0. 0. 0. 0. 0. 0. 0. 0. 0. 0.
 0. 0. 0. 0. 0. 0. 0. 0. 0. 0. 0. 0. 0. 0. 0. 0. 0. 0. 0. 0. 0. 0. 0. 0.
 0. 0. 0. 0. 0. 0. 0. 0. 0. 0. 0. 0. 0. 0. 0. 0. 0. 0. 0. 0. 0. 0. 0. 0.
 0. 0. 0. 0. 0. 0. 0. 0. 0. 0. 0. 0. 0. 0. 0. 0. 0. 0. 0. 0. 0. 0. 0. 0.
 0. 0. 0. 0. 0. 0. 0. 0. 0. 0. 0. 0. 0. 0. 0. 0. 0. 0. 0. 0. 0. 0. 0. 0.
 0. 0. 0. 0. 0. 0. 0. 0. 0. 0. 0. 0. 0. 0. 0. 0. 0. 0. 0. 0. 0. 0. 0. 0.
 0. 0. 0. 0. 0. 0. 0. 0. 0. 0. 0. 0. 0. 0. 0. 0. 0. 0. 0. 0. 0. 0. 0. 0.
 0. 0. 0. 0. 0. 0. 0. 0. 0. 0. 0. 0. 0. 0. 0. 0. 0. 0. 0. 0. 0. 0. 0. 0.
 0. 0. 0. 0. 0. 0. 0. 0. 0. 0. 0. 0. 0. 0. 0. 0. 0. 0. 0. 0. 0. 0. 0. 0.
 0. 0. 0. 0. 0. 0. 0. 0. 0. 0. 0. 0. 0. 0. 0. 0. 0. 0. 0. 0. 0. 0. 0. 0.
 0. 0. 0. 0. 0. 0. 0. 0. 0. 0. 0. 0. 0. 0. 0. 0. 0. 0. 0. 0. 0. 0. 0. 0.
 0. 0. 0. 0. 0. 0. 0. 0. 0. 0. 0. 0. 0. 0. 0. 0. 0. 0. 0. 0. 0. 0.], shape=(310,), dtype=float32)
predicted label rank:[1 1 1 1 1 1 1 1 1 1 1 1 1 1 1 1 1 1 1 1 1 1 1 1 1 1 1 1 1 1 1 1 1 1 1 1 1
 1 1 1 1 1 1 1 1 1 1 1 1 1 1 1 1 1 1 1 1 1 1 1 1 1 1 1 1 1 1 1 1 1 1 1 1 1
 1 1 1 1 1 1 1 1 1 1 1 1 1 1 1 1 1 1 1 1 1 1 1 1 1 1 1 1 1 1 1 1 1 1 1 1 1
 1 1 1 1 1 1 1 1 1 1 1 1 1 1 1 1 1 1 1 1 1 1 1 1 1 1 1 1 1 1 1 1 1 1 1 1 1
 1 1 1 1 1 1 1 1 1 1 1 1 1 1 1 1 1 1 1 1 1 1 1 1 1 1 1 1 1 1 1 1 1 1 1 1 1
 1 1 1 1 1 1 1 1 1 1 1 1 1 1 1 1 1 1 1 1 1 1 1 1 1 1 1 1 1 1 1 1 1 1 1 1 1
 1 1 1 1 1 1 1 1 1 1 1 1 1 1 1 1 1 1 1 1 1 1 1 1 1 1 1 1 1 1 1 1 1 1 1 1 1
 1 1 1 1 1 1 1 1 1 1 1 1 1 1 1 1 1 1 1 1 1 1 1 1 1 1 1 1 1 1 1 1 1 1 1 1 1
 1 1 1 1 1 1 1 1 1 1 1 1 1 1]
mse:tf.Tensor(0.22624776, shape=(), dtype=float32)
-------
mean(mse_list):0.22624776
