best_valid_epoch:2.0
train loss:0.031937197
valid loss:0.031591516
test loss list:tf.Tensor(0.30709785, shape=(), dtype=float32)
mean test loss:0.30709785
mean loss list:tf.Tensor(0.0064099887, shape=(), dtype=float32)
mean mean loss:0.0064099887
accuracy list:[<tf.Tensor: shape=(), dtype=float64, numpy=0.9935483870967742>]
mean accuracy:0.9935483870967742
-------
/Users/sherry/Downloads/Systematic-Predicate-Abstraction-using-Machine-Learning-master/Heuristic_selection/benchmarks/single-layer-graph-example/test_data/027-horn_000.smt2
true label:[0, 0, 0, 0, 0, 0, 0, 0, 0, 0, 0, 0, 0, 0, 0, 0, 0, 0, 0, 0, 0, 0, 0, 0, 0, 0, 0, 0, 0, 0, 0, 0, 0, 0, 0, 0, 0, 0, 0, 0, 0, 0, 0, 0, 0, 0, 0, 0, 0, 0, 0, 0, 0, 0, 0, 0, 0, 0, 0, 0, 0, 0, 0, 0, 0, 0, 0, 0, 0, 0, 0, 0, 0, 0, 0, 0, 0, 0, 0, 0, 0, 0, 0, 0, 0, 0, 0, 0, 0, 0, 0, 0, 0, 0, 0, 0, 0, 0, 0, 0, 0, 0, 0, 0, 0, 0, 0, 0, 0, 0, 0, 0, 0, 0, 0, 0, 0, 0, 0, 0, 0, 0, 0, 0, 0, 0, 0, 0, 0, 0, 0, 0, 0, 0, 0, 0, 0, 0, 0, 0, 0, 0, 0, 0, 0, 0, 0, 0, 0, 0, 0, 0, 1, 0, 0, 0, 0, 0, 0, 0, 0, 0, 0, 0, 0, 0, 0, 0, 0, 0, 0, 0, 0, 0, 0, 0, 0, 0, 0, 0, 0, 0, 0, 0, 0, 0, 0, 0, 0, 0, 0, 0, 0, 0, 0, 0, 0, 0, 0, 0, 0, 0, 0, 0, 0, 0, 1, 0, 0, 0, 0, 0, 0, 0, 0, 0, 0, 0, 0, 0, 0, 0, 0, 0, 0, 0, 0, 0, 0, 0, 0, 0, 0, 0, 0, 0, 0, 0, 0, 0, 0, 0, 0, 0, 0, 0, 0, 0, 0, 0, 0, 0, 0, 0, 0, 0, 0, 0, 0, 0, 0, 0, 0, 0, 0, 0, 0, 0, 0, 0, 0, 0, 0, 0, 0, 0, 0, 0, 0, 0, 0, 0, 0, 0, 0, 0, 0, 0, 0, 0, 0, 0, 0, 0, 0, 0, 0, 0, 0, 0, 0, 0, 0, 0, 0, 0, 0, 0, 0, 0]
true label rank:[1 1 1 1 1 1 1 1 1 1 1 1 1 1 1 1 1 1 1 1 1 1 1 1 1 1 1 1 1 1 1 1 1 1 1 1 1
 1 1 1 1 1 1 1 1 1 1 1 1 1 1 1 1 1 1 1 1 1 1 1 1 1 1 1 1 1 1 1 1 1 1 1 1 1
 1 1 1 1 1 1 1 1 1 1 1 1 1 1 1 1 1 1 1 1 1 1 1 1 1 1 1 1 1 1 1 1 1 1 1 1 1
 1 1 1 1 1 1 1 1 1 1 1 1 1 1 1 1 1 1 1 1 1 1 1 1 1 1 1 1 1 1 1 1 1 1 1 1 1
 1 1 1 1 2 1 1 1 1 1 1 1 1 1 1 1 1 1 1 1 1 1 1 1 1 1 1 1 1 1 1 1 1 1 1 1 1
 1 1 1 1 1 1 1 1 1 1 1 1 1 1 1 1 1 1 1 1 1 2 1 1 1 1 1 1 1 1 1 1 1 1 1 1 1
 1 1 1 1 1 1 1 1 1 1 1 1 1 1 1 1 1 1 1 1 1 1 1 1 1 1 1 1 1 1 1 1 1 1 1 1 1
 1 1 1 1 1 1 1 1 1 1 1 1 1 1 1 1 1 1 1 1 1 1 1 1 1 1 1 1 1 1 1 1 1 1 1 1 1
 1 1 1 1 1 1 1 1 1 1 1 1 1 1]
predicted label:tf.Tensor(
[0.18560994 0.28109658 0.23336136 0.18457064 0.28109658 0.23799598
 0.23336136 0.48873055 0.16556436 0.48902804 0.49595478 0.24807495
 0.31636238 0.2372328  0.24699754 0.23856989 0.31804156 0.3005913
 0.2441468  0.23550808 0.16906923 0.2167589  0.24616924 0.25138292
 0.2728417  0.23909068 0.26112875 0.25042683 0.33337402 0.2728417
 0.24851516 0.23920465 0.25686827 0.16275334 0.28342807 0.23562688
 0.16906923 0.25959733 0.18210736 0.28623736 0.23294052 0.2167589
 0.24807495 0.33020404 0.2372328  0.24968508 0.24110329 0.3221197
 0.30322215 0.2459901  0.23714676 0.25753438 0.2538513  0.2009696
 0.2504191  0.29232654 0.2398969  0.26112875 0.25042683 0.33337402
 0.29232654 0.24851516 0.23920465 0.25490177 0.2009696  0.28265542
 0.2538513  0.24056312 0.25753438 0.24807495 0.34205577 0.2372328
 0.25639582 0.24437407 0.32500705 0.3108029  0.2437306  0.23573926
 0.18973863 0.2531371  0.31077635 0.23921946 0.26112875 0.25042683
 0.33337402 0.31077635 0.24851516 0.23920465 0.25811845 0.1823554
 0.29236585 0.24288362 0.18973863 0.24807495 0.2801266  0.2372328
 0.25280184 0.2414498  0.3220374  0.3073535  0.24276781 0.23503605
 0.19895548 0.22208849 0.17702857 0.24856722 0.26708186 0.23755184
 0.26112875 0.25042683 0.33337402 0.26708186 0.24851516 0.23920465
 0.2557065  0.17702857 0.28884426 0.22208849 0.24311051 0.19895548
 0.24807495 0.32616138 0.2372328  0.2484129  0.23978046 0.31989798
 0.30198503 0.24490592 0.23628667 0.2504191  0.27321646 0.2398969
 0.26086348 0.25138298 0.33234987 0.27321646 0.2489498  0.23909068
 0.24807495 0.3434286  0.2372328  0.25713533 0.24527141 0.3247551
 0.31069273 0.24322307 0.23564363 0.2531371  0.27318752 0.23921946
 0.26086348 0.25138298 0.33234987 0.27318752 0.2489498  0.23909068
 0.24807495 0.27811766 0.2372328  0.25412202 0.24310064 0.32149398
 0.30780068 0.24250233 0.23487926 0.24856722 0.23969701 0.23755184
 0.26086348 0.25138298 0.33234987 0.23969701 0.2489498  0.23909068
 0.24807495 0.34264645 0.2372328  0.25712824 0.24538773 0.32618058
 0.31241256 0.24421233 0.23638329 0.2531371  0.30736494 0.23921946
 0.26166794 0.2504191  0.33418617 0.30736494 0.24933738 0.2398969
 0.24807495 0.2784518  0.2372328  0.25365686 0.24224123 0.32327476
 0.3094353  0.2430802  0.23530379 0.24856722 0.2500785  0.23755184
 0.26166794 0.2504191  0.33418617 0.2500785  0.24933738 0.2398969
 0.24807495 0.2926225  0.2372328  0.25496268 0.24305305 0.324331
 0.31032354 0.24231663 0.23473299 0.24856722 0.24741042 0.23755184
 0.26361737 0.25313717 0.3364436  0.24741042 0.2488389  0.23921949
 0.23799598 0.23336136 0.18560994 0.48196825 0.16556436 0.24807495
 0.31636238 0.2372328  0.24699754 0.23856989 0.31804156 0.3005913
 0.2441468  0.23550808 0.16906923 0.2167589  0.24616924 0.25138292
 0.2728417  0.23909068 0.26112875 0.25042683 0.33337402 0.2728417
 0.24851516 0.23920465 0.25686827 0.16275334 0.28342807 0.23336136
 0.23562688 0.16906923 0.25959733 0.18210736 0.28623736 0.23294052
 0.2167589  0.24807495 0.33020404 0.2372328  0.24968508 0.24110329
 0.3221197  0.30322215 0.2459901  0.23714676 0.25753438 0.2538513
 0.2009696  0.2504191  0.29232654 0.2398969  0.26112875 0.25042683
 0.33337402 0.29232654 0.24851516 0.23920465 0.25490177 0.2009696
 0.28265542 0.2538513  0.24056312 0.25753438 0.24807495 0.32616138
 0.2372328  0.2484129  0.23978046 0.31989798 0.30198503 0.24490592
 0.23628667 0.2504191  0.27321646 0.2398969  0.26086348 0.25138298
 0.33234987 0.27321646 0.2489498  0.23909068], shape=(310,), dtype=float32)
rounded label:tf.Tensor(
[0. 0. 0. 0. 0. 0. 0. 0. 0. 0. 0. 0. 0. 0. 0. 0. 0. 0. 0. 0. 0. 0. 0. 0.
 0. 0. 0. 0. 0. 0. 0. 0. 0. 0. 0. 0. 0. 0. 0. 0. 0. 0. 0. 0. 0. 0. 0. 0.
 0. 0. 0. 0. 0. 0. 0. 0. 0. 0. 0. 0. 0. 0. 0. 0. 0. 0. 0. 0. 0. 0. 0. 0.
 0. 0. 0. 0. 0. 0. 0. 0. 0. 0. 0. 0. 0. 0. 0. 0. 0. 0. 0. 0. 0. 0. 0. 0.
 0. 0. 0. 0. 0. 0. 0. 0. 0. 0. 0. 0. 0. 0. 0. 0. 0. 0. 0. 0. 0. 0. 0. 0.
 0. 0. 0. 0. 0. 0. 0. 0. 0. 0. 0. 0. 0. 0. 0. 0. 0. 0. 0. 0. 0. 0. 0. 0.
 0. 0. 0. 0. 0. 0. 0. 0. 0. 0. 0. 0. 0. 0. 0. 0. 0. 0. 0. 0. 0. 0. 0. 0.
 0. 0. 0. 0. 0. 0. 0. 0. 0. 0. 0. 0. 0. 0. 0. 0. 0. 0. 0. 0. 0. 0. 0. 0.
 0. 0. 0. 0. 0. 0. 0. 0. 0. 0. 0. 0. 0. 0. 0. 0. 0. 0. 0. 0. 0. 0. 0. 0.
 0. 0. 0. 0. 0. 0. 0. 0. 0. 0. 0. 0. 0. 0. 0. 0. 0. 0. 0. 0. 0. 0. 0. 0.
 0. 0. 0. 0. 0. 0. 0. 0. 0. 0. 0. 0. 0. 0. 0. 0. 0. 0. 0. 0. 0. 0. 0. 0.
 0. 0. 0. 0. 0. 0. 0. 0. 0. 0. 0. 0. 0. 0. 0. 0. 0. 0. 0. 0. 0. 0. 0. 0.
 0. 0. 0. 0. 0. 0. 0. 0. 0. 0. 0. 0. 0. 0. 0. 0. 0. 0. 0. 0. 0. 0.], shape=(310,), dtype=float32)
predicted label rank:[1 1 1 1 1 1 1 1 1 1 1 1 1 1 1 1 1 1 1 1 1 1 1 1 1 1 1 1 1 1 1 1 1 1 1 1 1
 1 1 1 1 1 1 1 1 1 1 1 1 1 1 1 1 1 1 1 1 1 1 1 1 1 1 1 1 1 1 1 1 1 1 1 1 1
 1 1 1 1 1 1 1 1 1 1 1 1 1 1 1 1 1 1 1 1 1 1 1 1 1 1 1 1 1 1 1 1 1 1 1 1 1
 1 1 1 1 1 1 1 1 1 1 1 1 1 1 1 1 1 1 1 1 1 1 1 1 1 1 1 1 1 1 1 1 1 1 1 1 1
 1 1 1 1 1 1 1 1 1 1 1 1 1 1 1 1 1 1 1 1 1 1 1 1 1 1 1 1 1 1 1 1 1 1 1 1 1
 1 1 1 1 1 1 1 1 1 1 1 1 1 1 1 1 1 1 1 1 1 1 1 1 1 1 1 1 1 1 1 1 1 1 1 1 1
 1 1 1 1 1 1 1 1 1 1 1 1 1 1 1 1 1 1 1 1 1 1 1 1 1 1 1 1 1 1 1 1 1 1 1 1 1
 1 1 1 1 1 1 1 1 1 1 1 1 1 1 1 1 1 1 1 1 1 1 1 1 1 1 1 1 1 1 1 1 1 1 1 1 1
 1 1 1 1 1 1 1 1 1 1 1 1 1 1]
mse:tf.Tensor(0.07160373, shape=(), dtype=float32)
-------
mean(mse_list):0.07160373
