best_valid_epoch:2.0
train loss:0.04430818
valid loss:0.043019723
test loss list:tf.Tensor(0.24339907, shape=(), dtype=float32)
mean test loss:0.24339907
mean loss list:tf.Tensor(0.0064099887, shape=(), dtype=float32)
mean mean loss:0.0064099887
accuracy list:[<tf.Tensor: shape=(), dtype=float64, numpy=0.9935483870967742>]
mean accuracy:0.9935483870967742
-------
/Users/sherry/Downloads/Systematic-Predicate-Abstraction-using-Machine-Learning-master/Heuristic_selection/benchmarks/single-layer-graph-example/test_data/027-horn_000.smt2
true label:[0, 0, 0, 0, 0, 0, 0, 0, 0, 0, 0, 0, 0, 0, 0, 0, 0, 0, 0, 0, 0, 0, 0, 0, 0, 0, 0, 0, 0, 0, 0, 0, 0, 0, 0, 0, 0, 0, 0, 0, 0, 0, 0, 0, 0, 0, 0, 0, 0, 0, 0, 0, 0, 0, 0, 0, 0, 0, 0, 0, 0, 0, 0, 0, 0, 0, 0, 0, 0, 0, 0, 0, 0, 0, 0, 0, 0, 0, 0, 0, 0, 0, 0, 0, 0, 0, 0, 0, 0, 0, 0, 0, 0, 0, 0, 0, 0, 0, 0, 0, 0, 0, 0, 0, 0, 0, 0, 0, 0, 0, 0, 0, 0, 0, 0, 0, 0, 0, 0, 0, 0, 0, 0, 0, 0, 0, 0, 0, 0, 0, 0, 0, 0, 0, 0, 0, 0, 0, 0, 0, 0, 0, 0, 0, 0, 0, 0, 0, 0, 0, 0, 0, 1, 0, 0, 0, 0, 0, 0, 0, 0, 0, 0, 0, 0, 0, 0, 0, 0, 0, 0, 0, 0, 0, 0, 0, 0, 0, 0, 0, 0, 0, 0, 0, 0, 0, 0, 0, 0, 0, 0, 0, 0, 0, 0, 0, 0, 0, 0, 0, 0, 0, 0, 0, 0, 0, 1, 0, 0, 0, 0, 0, 0, 0, 0, 0, 0, 0, 0, 0, 0, 0, 0, 0, 0, 0, 0, 0, 0, 0, 0, 0, 0, 0, 0, 0, 0, 0, 0, 0, 0, 0, 0, 0, 0, 0, 0, 0, 0, 0, 0, 0, 0, 0, 0, 0, 0, 0, 0, 0, 0, 0, 0, 0, 0, 0, 0, 0, 0, 0, 0, 0, 0, 0, 0, 0, 0, 0, 0, 0, 0, 0, 0, 0, 0, 0, 0, 0, 0, 0, 0, 0, 0, 0, 0, 0, 0, 0, 0, 0, 0, 0, 0, 0, 0, 0, 0, 0, 0, 0]
true label rank:[1 1 1 1 1 1 1 1 1 1 1 1 1 1 1 1 1 1 1 1 1 1 1 1 1 1 1 1 1 1 1 1 1 1 1 1 1
 1 1 1 1 1 1 1 1 1 1 1 1 1 1 1 1 1 1 1 1 1 1 1 1 1 1 1 1 1 1 1 1 1 1 1 1 1
 1 1 1 1 1 1 1 1 1 1 1 1 1 1 1 1 1 1 1 1 1 1 1 1 1 1 1 1 1 1 1 1 1 1 1 1 1
 1 1 1 1 1 1 1 1 1 1 1 1 1 1 1 1 1 1 1 1 1 1 1 1 1 1 1 1 1 1 1 1 1 1 1 1 1
 1 1 1 1 2 1 1 1 1 1 1 1 1 1 1 1 1 1 1 1 1 1 1 1 1 1 1 1 1 1 1 1 1 1 1 1 1
 1 1 1 1 1 1 1 1 1 1 1 1 1 1 1 1 1 1 1 1 1 2 1 1 1 1 1 1 1 1 1 1 1 1 1 1 1
 1 1 1 1 1 1 1 1 1 1 1 1 1 1 1 1 1 1 1 1 1 1 1 1 1 1 1 1 1 1 1 1 1 1 1 1 1
 1 1 1 1 1 1 1 1 1 1 1 1 1 1 1 1 1 1 1 1 1 1 1 1 1 1 1 1 1 1 1 1 1 1 1 1 1
 1 1 1 1 1 1 1 1 1 1 1 1 1 1]
predicted label:tf.Tensor(
[0.20328659 0.39467424 0.35245186 0.26323232 0.39467424 0.2277421
 0.35245186 0.45603386 0.379764   0.38715467 0.2751971  0.15451044
 0.26169312 0.13125134 0.12449256 0.12577093 0.3845183  0.38635188
 0.08707431 0.08757839 0.20021015 0.13377535 0.2506339  0.13604185
 0.24933305 0.1551154  0.10947391 0.11022538 0.35694933 0.24933305
 0.06997854 0.07092428 0.16966599 0.09281427 0.33529222 0.2335591
 0.20021015 0.15093261 0.1375114  0.2833093  0.18048999 0.13377535
 0.15575004 0.29961997 0.1337102  0.10955492 0.11049137 0.39173955
 0.39089996 0.07375139 0.07405043 0.10750958 0.34952986 0.19559228
 0.13683802 0.19690323 0.09001461 0.11554414 0.11629936 0.35442957
 0.19690323 0.07163185 0.07256106 0.19375673 0.19559228 0.3973556
 0.34952986 0.21546653 0.10750958 0.15917575 0.3234861  0.1371836
 0.12318486 0.12426585 0.38209412 0.38363785 0.08663228 0.08706164
 0.20052904 0.1611813  0.2578988  0.11531001 0.10310522 0.10389519
 0.35100976 0.2578988  0.07014453 0.07111815 0.11967641 0.2099632
 0.3201133  0.15690401 0.20052904 0.15934083 0.22551516 0.1358954
 0.10333171 0.10423124 0.30939633 0.31193048 0.08036864 0.08048561
 0.09399557 0.3290645  0.18133962 0.13022661 0.19228223 0.10371652
 0.10639152 0.10713568 0.35615152 0.19228223 0.06740531 0.06834036
 0.12629828 0.18133962 0.3475459  0.3290645  0.18717164 0.09399557
 0.1522151  0.3271285  0.12724444 0.16005448 0.16114181 0.36256677
 0.36363098 0.14313045 0.1444157  0.1393308  0.44279042 0.08918065
 0.12750247 0.1292057  0.3881923  0.44279042 0.14379722 0.14464593
 0.15658948 0.3739676  0.13109085 0.1540975  0.15592054 0.44130987
 0.44255364 0.11382201 0.11446542 0.1573067  0.49610972 0.12199768
 0.14615038 0.14673185 0.41507605 0.49610972 0.16926256 0.16929829
 0.15690067 0.28555846 0.13053715 0.18996727 0.19064113 0.41140336
 0.4134784  0.14591432 0.14714104 0.13768414 0.38666022 0.11174124
 0.14124292 0.14181158 0.41318443 0.38666022 0.1655268  0.16571054
 0.15954337 0.39862418 0.1336475  0.13260445 0.13391683 0.3448186
 0.3476243  0.09740409 0.0978516  0.1587098  0.44054565 0.12675115
 0.1397259  0.14114308 0.32288057 0.44054565 0.09384829 0.09459814
 0.15955898 0.29695126 0.13382015 0.13619289 0.13722351 0.27847046
 0.28105193 0.08856568 0.08941299 0.13926888 0.21628919 0.11313754
 0.13745654 0.13891518 0.3244553  0.21628919 0.09189045 0.09252641
 0.15960386 0.1817494  0.13855913 0.14902133 0.15033722 0.37819585
 0.37979597 0.10043204 0.10116634 0.1320852  0.21785292 0.10983479
 0.16488358 0.16662678 0.4265315  0.21785292 0.11706829 0.11825076
 0.2277421  0.35245186 0.20328659 0.38534734 0.379764   0.15451044
 0.26169312 0.13125134 0.12449256 0.12577093 0.3845183  0.38635188
 0.08707431 0.08757839 0.20021015 0.13377535 0.2506339  0.13604185
 0.24933305 0.1551154  0.10947391 0.11022538 0.35694933 0.24933305
 0.06997854 0.07092428 0.16966599 0.09281427 0.33529222 0.35245186
 0.2335591  0.20021015 0.15093261 0.1375114  0.2833093  0.18048999
 0.13377535 0.15575004 0.29961997 0.1337102  0.10955492 0.11049137
 0.39173955 0.39089996 0.07375139 0.07405043 0.10750958 0.34952986
 0.19559228 0.13683802 0.19690323 0.09001461 0.11554414 0.11629936
 0.35442957 0.19690323 0.07163185 0.07256106 0.19375673 0.19559228
 0.3973556  0.34952986 0.21546653 0.10750958 0.1522151  0.3271285
 0.12724444 0.16005448 0.16114181 0.36256677 0.36363098 0.14313045
 0.1444157  0.1393308  0.44279042 0.08918065 0.12750247 0.1292057
 0.3881923  0.44279042 0.14379722 0.14464587], shape=(310,), dtype=float32)
rounded label:tf.Tensor(
[0. 0. 0. 0. 0. 0. 0. 0. 0. 0. 0. 0. 0. 0. 0. 0. 0. 0. 0. 0. 0. 0. 0. 0.
 0. 0. 0. 0. 0. 0. 0. 0. 0. 0. 0. 0. 0. 0. 0. 0. 0. 0. 0. 0. 0. 0. 0. 0.
 0. 0. 0. 0. 0. 0. 0. 0. 0. 0. 0. 0. 0. 0. 0. 0. 0. 0. 0. 0. 0. 0. 0. 0.
 0. 0. 0. 0. 0. 0. 0. 0. 0. 0. 0. 0. 0. 0. 0. 0. 0. 0. 0. 0. 0. 0. 0. 0.
 0. 0. 0. 0. 0. 0. 0. 0. 0. 0. 0. 0. 0. 0. 0. 0. 0. 0. 0. 0. 0. 0. 0. 0.
 0. 0. 0. 0. 0. 0. 0. 0. 0. 0. 0. 0. 0. 0. 0. 0. 0. 0. 0. 0. 0. 0. 0. 0.
 0. 0. 0. 0. 0. 0. 0. 0. 0. 0. 0. 0. 0. 0. 0. 0. 0. 0. 0. 0. 0. 0. 0. 0.
 0. 0. 0. 0. 0. 0. 0. 0. 0. 0. 0. 0. 0. 0. 0. 0. 0. 0. 0. 0. 0. 0. 0. 0.
 0. 0. 0. 0. 0. 0. 0. 0. 0. 0. 0. 0. 0. 0. 0. 0. 0. 0. 0. 0. 0. 0. 0. 0.
 0. 0. 0. 0. 0. 0. 0. 0. 0. 0. 0. 0. 0. 0. 0. 0. 0. 0. 0. 0. 0. 0. 0. 0.
 0. 0. 0. 0. 0. 0. 0. 0. 0. 0. 0. 0. 0. 0. 0. 0. 0. 0. 0. 0. 0. 0. 0. 0.
 0. 0. 0. 0. 0. 0. 0. 0. 0. 0. 0. 0. 0. 0. 0. 0. 0. 0. 0. 0. 0. 0. 0. 0.
 0. 0. 0. 0. 0. 0. 0. 0. 0. 0. 0. 0. 0. 0. 0. 0. 0. 0. 0. 0. 0. 0.], shape=(310,), dtype=float32)
predicted label rank:[1 1 1 1 1 1 1 1 1 1 1 1 1 1 1 1 1 1 1 1 1 1 1 1 1 1 1 1 1 1 1 1 1 1 1 1 1
 1 1 1 1 1 1 1 1 1 1 1 1 1 1 1 1 1 1 1 1 1 1 1 1 1 1 1 1 1 1 1 1 1 1 1 1 1
 1 1 1 1 1 1 1 1 1 1 1 1 1 1 1 1 1 1 1 1 1 1 1 1 1 1 1 1 1 1 1 1 1 1 1 1 1
 1 1 1 1 1 1 1 1 1 1 1 1 1 1 1 1 1 1 1 1 1 1 1 1 1 1 1 1 1 1 1 1 1 1 1 1 1
 1 1 1 1 1 1 1 1 1 1 1 1 1 1 1 1 1 1 1 1 1 1 1 1 1 1 1 1 1 1 1 1 1 1 1 1 1
 1 1 1 1 1 1 1 1 1 1 1 1 1 1 1 1 1 1 1 1 1 1 1 1 1 1 1 1 1 1 1 1 1 1 1 1 1
 1 1 1 1 1 1 1 1 1 1 1 1 1 1 1 1 1 1 1 1 1 1 1 1 1 1 1 1 1 1 1 1 1 1 1 1 1
 1 1 1 1 1 1 1 1 1 1 1 1 1 1 1 1 1 1 1 1 1 1 1 1 1 1 1 1 1 1 1 1 1 1 1 1 1
 1 1 1 1 1 1 1 1 1 1 1 1 1 1]
mse:tf.Tensor(0.05592599, shape=(), dtype=float32)
-------
mean(mse_list):0.05592599
