best_valid_epoch:1.0
train loss:0.2952528
valid loss:0.27414125
test loss list:tf.Tensor(0.3374002, shape=(), dtype=float32)
mean test loss:0.3374002
mean loss list:tf.Tensor(0.072021484, shape=(), dtype=float32)
mean mean loss:0.072021484
accuracy list:[<tf.Tensor: shape=(), dtype=float64, numpy=0.921875>]
mean accuracy:0.921875
-------
/Users/sherry/Downloads/Systematic-Predicate-Abstraction-using-Machine-Learning-master/Heuristic_selection/benchmarks/single-layer-graph-example/test_data/02.c_000.smt2
true label:[1, 1, 0, 0, 0, 0, 0, 0, 0, 0, 0, 0, 0, 0, 0, 0, 0, 0, 0, 0, 0, 0, 0, 0, 0, 0, 0, 1, 1, 0, 0, 0, 0, 0, 0, 0, 0, 0, 0, 0, 0, 0, 0, 0, 0, 0, 0, 0, 0, 0, 0, 0, 0, 1, 0, 0, 0, 0, 0, 0, 0, 0, 0, 0]
true label rank:[2 2 1 1 1 1 1 1 1 1 1 1 1 1 1 1 1 1 1 1 1 1 1 1 1 1 1 2 2 1 1 1 1 1 1 1 1
 1 1 1 1 1 1 1 1 1 1 1 1 1 1 1 1 2 1 1 1 1 1 1 1 1 1 1]
predicted label:tf.Tensor(
[0.11503401 0.12352097 0.08367744 0.16505802 0.12352091 0.09095651
 0.11833712 0.14478761 0.12571308 0.10167554 0.11702949 0.14737076
 0.12353769 0.09945089 0.11777571 0.13153768 0.1254775  0.09542587
 0.11700785 0.14137691 0.1261661  0.08805054 0.1197027  0.15784466
 0.12650809 0.18988717 0.37236655 0.2288757  0.23503572 0.21287516
 0.1993478  0.20742753 0.20742762 0.21287522 0.44677028 0.21113402
 0.20698985 0.20073739 0.33315772 0.21326554 0.21930009 0.20311794
 0.2112337  0.20094705 0.3383221  0.21191934 0.20173985 0.38272852
 0.21011662 0.20316222 0.39081177 0.21274766 0.21255168 0.1993478
 0.19732809 0.20073742 0.20666769 0.20311797 0.21885833 0.2009471
 0.21598107 0.20173979 0.22268417 0.2031622 ], shape=(64,), dtype=float32)
rounded label:tf.Tensor(
[0. 0. 0. 0. 0. 0. 0. 0. 0. 0. 0. 0. 0. 0. 0. 0. 0. 0. 0. 0. 0. 0. 0. 0.
 0. 0. 0. 0. 0. 0. 0. 0. 0. 0. 0. 0. 0. 0. 0. 0. 0. 0. 0. 0. 0. 0. 0. 0.
 0. 0. 0. 0. 0. 0. 0. 0. 0. 0. 0. 0. 0. 0. 0. 0.], shape=(64,), dtype=float32)
predicted label rank:[1 1 1 1 1 1 1 1 1 1 1 1 1 1 1 1 1 1 1 1 1 1 1 1 1 1 1 1 1 1 1 1 1 1 1 1 1
 1 1 1 1 1 1 1 1 1 1 1 1 1 1 1 1 1 1 1 1 1 1 1 1 1 1 1]
mse:tf.Tensor(0.09178788, shape=(), dtype=float32)
-------
mean(mse_list):0.09178788
