best_valid_epoch:0.0
train loss:0.2160568
valid loss:0.20834538
test loss list:tf.Tensor(0.5082531, shape=(), dtype=float32)
mean test loss:0.5082531
mean loss list:tf.Tensor(0.072021484, shape=(), dtype=float32)
mean mean loss:0.072021484
accuracy list:[<tf.Tensor: shape=(), dtype=float64, numpy=0.921875>]
mean accuracy:0.921875
-------
/Users/sherry/Downloads/Systematic-Predicate-Abstraction-using-Machine-Learning-master/Heuristic_selection/benchmarks/single-layer-graph-example/test_data/02.c_000.smt2
true label:[1, 1, 0, 0, 0, 0, 0, 0, 0, 0, 0, 0, 0, 0, 0, 0, 0, 0, 0, 0, 0, 0, 0, 0, 0, 0, 0, 1, 1, 0, 0, 0, 0, 0, 0, 0, 0, 0, 0, 0, 0, 0, 0, 0, 0, 0, 0, 0, 0, 0, 0, 0, 0, 1, 0, 0, 0, 0, 0, 0, 0, 0, 0, 0]
true label rank:[2 2 1 1 1 1 1 1 1 1 1 1 1 1 1 1 1 1 1 1 1 1 1 1 1 1 1 2 2 1 1 1 1 1 1 1 1
 1 1 1 1 1 1 1 1 1 1 1 1 1 1 1 1 2 1 1 1 1 1 1 1 1 1 1]
predicted label:tf.Tensor(
[0.37494633 0.37972146 0.39016315 0.3766101  0.36515406 0.37540948
 0.41144887 0.36144948 0.3707253  0.37939134 0.39217484 0.36770868
 0.37895197 0.3663386  0.38051128 0.37645358 0.37803122 0.3784152
 0.39585143 0.36251724 0.38392684 0.38033685 0.38314715 0.3726641
 0.4023117  0.36089516 0.3561616  0.37654948 0.3613522  0.37340182
 0.37271672 0.35696128 0.38378185 0.36486745 0.37808388 0.38220036
 0.37070084 0.37250587 0.36501086 0.38941064 0.3692746  0.38265994
 0.354832   0.3808117  0.36593163 0.37909323 0.3632828  0.36647302
 0.37753302 0.38650304 0.3511173  0.3790417  0.35708264 0.35804772
 0.36210233 0.38060465 0.3635669  0.37144193 0.37153855 0.34899783
 0.35567993 0.36025447 0.3550461  0.370197  ], shape=(64,), dtype=float32)
rounded label:tf.Tensor(
[0. 0. 0. 0. 0. 0. 0. 0. 0. 0. 0. 0. 0. 0. 0. 0. 0. 0. 0. 0. 0. 0. 0. 0.
 0. 0. 0. 0. 0. 0. 0. 0. 0. 0. 0. 0. 0. 0. 0. 0. 0. 0. 0. 0. 0. 0. 0. 0.
 0. 0. 0. 0. 0. 0. 0. 0. 0. 0. 0. 0. 0. 0. 0. 0.], shape=(64,), dtype=float32)
predicted label rank:[1 1 1 1 1 1 1 1 1 1 1 1 1 1 1 1 1 1 1 1 1 1 1 1 1 1 1 1 1 1 1 1 1 1 1 1 1
 1 1 1 1 1 1 1 1 1 1 1 1 1 1 1 1 1 1 1 1 1 1 1 1 1 1 1]
mse:tf.Tensor(0.15943119, shape=(), dtype=float32)
-------
mean(mse_list):0.15943119
