best_valid_epoch:4.0
train loss:0.31792647
valid loss:0.2795384
test loss list:tf.Tensor(0.6676663, shape=(), dtype=float32)
mean test loss:0.6676663
mean loss list:tf.Tensor(0.072021484, shape=(), dtype=float32)
mean mean loss:0.072021484
accuracy list:[<tf.Tensor: shape=(), dtype=float64, numpy=0.921875>]
mean accuracy:0.921875
-------
/Users/sherry/Downloads/Systematic-Predicate-Abstraction-using-Machine-Learning-master/Heuristic_selection/benchmarks/single-layer-graph-example/test_data/02.c_000.smt2
true label:[1, 1, 0, 0, 0, 0, 0, 0, 0, 0, 0, 0, 0, 0, 0, 0, 0, 0, 0, 0, 0, 0, 0, 0, 0, 0, 0, 1, 1, 0, 0, 0, 0, 0, 0, 0, 0, 0, 0, 0, 0, 0, 0, 0, 0, 0, 0, 0, 0, 0, 0, 0, 0, 1, 0, 0, 0, 0, 0, 0, 0, 0, 0, 0]
true label rank:[2 2 1 1 1 1 1 1 1 1 1 1 1 1 1 1 1 1 1 1 1 1 1 1 1 1 1 2 2 1 1 1 1 1 1 1 1
 1 1 1 1 1 1 1 1 1 1 1 1 1 1 1 1 2 1 1 1 1 1 1 1 1 1 1]
predicted label:tf.Tensor(
[0.49090368 0.49156266 0.47839192 0.48462763 0.48898196 0.48131758
 0.4880337  0.48441765 0.48771504 0.48430428 0.48167738 0.4915136
 0.49039245 0.48247126 0.48207575 0.4764483  0.4810229  0.48076665
 0.48375523 0.48113102 0.48335096 0.48304042 0.49051923 0.4809607
 0.48242307 0.48534802 0.4897713  0.49240446 0.49281272 0.49376982
 0.49051738 0.4759387  0.48382893 0.49090162 0.4773305  0.48809692
 0.48683682 0.4911351  0.4734156  0.49018517 0.4852595  0.481123
 0.48618254 0.49445006 0.48669115 0.48626885 0.4863866  0.4894237
 0.48762944 0.48559952 0.48454443 0.49453014 0.4808833  0.4952748
 0.48579523 0.48742002 0.48743194 0.48120904 0.48885128 0.48265204
 0.49381337 0.48607248 0.47479498 0.49007103], shape=(64,), dtype=float32)
rounded label:tf.Tensor(
[0. 0. 0. 0. 0. 0. 0. 0. 0. 0. 0. 0. 0. 0. 0. 0. 0. 0. 0. 0. 0. 0. 0. 0.
 0. 0. 0. 0. 0. 0. 0. 0. 0. 0. 0. 0. 0. 0. 0. 0. 0. 0. 0. 0. 0. 0. 0. 0.
 0. 0. 0. 0. 0. 0. 0. 0. 0. 0. 0. 0. 0. 0. 0. 0.], shape=(64,), dtype=float32)
predicted label rank:[1 1 1 1 1 1 1 1 1 1 1 1 1 1 1 1 1 1 1 1 1 1 1 1 1 1 1 1 1 1 1 1 1 1 1 1 1
 1 1 1 1 1 1 1 1 1 1 1 1 1 1 1 1 1 1 1 1 1 1 1 1 1 1 1]
mse:tf.Tensor(0.23726466, shape=(), dtype=float32)
-------
mean(mse_list):0.23726466
