best_valid_epoch:2.0
train loss:0.2733817
valid loss:0.26364627
test loss list:tf.Tensor(0.42607316, shape=(), dtype=float32)
mean test loss:0.42607316
mean loss list:tf.Tensor(0.072021484, shape=(), dtype=float32)
mean mean loss:0.072021484
accuracy list:[<tf.Tensor: shape=(), dtype=float64, numpy=0.921875>]
mean accuracy:0.921875
-------
/Users/sherry/Downloads/Systematic-Predicate-Abstraction-using-Machine-Learning-master/Heuristic_selection/benchmarks/single-layer-graph-example/test_data/02.c_000.smt2
true label:[1, 1, 0, 0, 0, 0, 0, 0, 0, 0, 0, 0, 0, 0, 0, 0, 0, 0, 0, 0, 0, 0, 0, 0, 0, 0, 0, 1, 1, 0, 0, 0, 0, 0, 0, 0, 0, 0, 0, 0, 0, 0, 0, 0, 0, 0, 0, 0, 0, 0, 0, 0, 0, 1, 0, 0, 0, 0, 0, 0, 0, 0, 0, 0]
true label rank:[2 2 1 1 1 1 1 1 1 1 1 1 1 1 1 1 1 1 1 1 1 1 1 1 1 1 1 2 2 1 1 1 1 1 1 1 1
 1 1 1 1 1 1 1 1 1 1 1 1 1 1 1 1 2 1 1 1 1 1 1 1 1 1 1]
predicted label:tf.Tensor(
[0.26034072 0.26081198 0.25191927 0.27683794 0.2593429  0.25786012
 0.25993246 0.28460264 0.26174188 0.26324692 0.25831836 0.28273785
 0.25904205 0.26509267 0.26135847 0.2925793  0.25950146 0.26548478
 0.2606207  0.27865928 0.26003033 0.26610363 0.26049358 0.25622427
 0.26227707 0.32035396 0.4083031  0.30222848 0.31034756 0.3055519
 0.2993732  0.30193368 0.3006096  0.30327532 0.40894932 0.2997141
 0.29606348 0.29686308 0.39828178 0.29919916 0.29860353 0.29929215
 0.298265   0.30036974 0.41639882 0.30007488 0.30127618 0.4108433
 0.29990748 0.30328426 0.40183744 0.29788083 0.30270463 0.2986383
 0.30666852 0.2988295  0.30632532 0.2978729  0.30379212 0.29673338
 0.3043859  0.29877704 0.30714577 0.3017401 ], shape=(64,), dtype=float32)
rounded label:tf.Tensor(
[0. 0. 0. 0. 0. 0. 0. 0. 0. 0. 0. 0. 0. 0. 0. 0. 0. 0. 0. 0. 0. 0. 0. 0.
 0. 0. 0. 0. 0. 0. 0. 0. 0. 0. 0. 0. 0. 0. 0. 0. 0. 0. 0. 0. 0. 0. 0. 0.
 0. 0. 0. 0. 0. 0. 0. 0. 0. 0. 0. 0. 0. 0. 0. 0.], shape=(64,), dtype=float32)
predicted label rank:[1 1 1 1 1 1 1 1 1 1 1 1 1 1 1 1 1 1 1 1 1 1 1 1 1 1 1 1 1 1 1 1 1 1 1 1 1
 1 1 1 1 1 1 1 1 1 1 1 1 1 1 1 1 1 1 1 1 1 1 1 1 1 1 1]
mse:tf.Tensor(0.12336361, shape=(), dtype=float32)
-------
mean(mse_list):0.12336361
