best_valid_epoch:2.0
train loss:0.022919405
valid loss:0.020604223
test loss list:tf.Tensor(0.07754738, shape=(), dtype=float32)
mean test loss:0.07754738
mean loss list:tf.Tensor(0.015380859, shape=(), dtype=float32)
mean mean loss:0.015380859
accuracy list:[<tf.Tensor: shape=(), dtype=float64, numpy=0.984375>]
mean accuracy:0.984375
-------
/Users/sherry/Downloads/Systematic-Predicate-Abstraction-using-Machine-Learning-master/Heuristic_selection/benchmarks/single-layer-graph-example/test_data/underapprox_1-2.c-1_000.smt2
true label:[0, 0, 0, 0, 0, 0, 0, 1, 0, 0, 0, 0, 0, 0, 0, 0, 0, 0, 0, 0, 0, 0, 0, 0, 0, 0, 0, 0, 0, 0, 0, 0, 0, 0, 0, 0, 0, 0, 0, 0, 0, 0, 0, 0, 0, 0, 0, 0, 0, 0, 0, 0, 0, 0, 0, 0, 0, 0, 0, 0, 0, 0, 0, 0]
true label rank:[1 1 1 1 1 1 1 2 1 1 1 1 1 1 1 1 1 1 1 1 1 1 1 1 1 1 1 1 1 1 1 1 1 1 1 1 1
 1 1 1 1 1 1 1 1 1 1 1 1 1 1 1 1 1 1 1 1 1 1 1 1 1 1 1]
predicted label:tf.Tensor(
[0.01627484 0.10875186 0.05627421 0.21357295 0.02982095 0.03953764
 0.03383914 0.22254634 0.02792659 0.04349688 0.05019063 0.07245442
 0.07245445 0.08404639 0.08404639 0.10684973 0.10684985 0.02647072
 0.03647512 0.10458595 0.08235136 0.02565995 0.02319264 0.03674895
 0.05052239 0.02565995 0.02957201 0.02957201 0.04596823 0.04596823
 0.06230658 0.01627484 0.02633262 0.0335387  0.02647072 0.02049312
 0.10458595 0.0195024  0.08235136 0.01553944 0.05627421 0.04472959
 0.03821194 0.09218171 0.09218171 0.07271171 0.0727118  0.05223021
 0.01590028 0.08834845 0.05724922 0.04250908 0.031452   0.03950816
 0.03950816 0.04949397 0.04949397 0.07037383 0.01590028 0.03654245
 0.05223021 0.03394261 0.05724922 0.0101282 ], shape=(64,), dtype=float32)
rounded label:tf.Tensor(
[0. 0. 0. 0. 0. 0. 0. 0. 0. 0. 0. 0. 0. 0. 0. 0. 0. 0. 0. 0. 0. 0. 0. 0.
 0. 0. 0. 0. 0. 0. 0. 0. 0. 0. 0. 0. 0. 0. 0. 0. 0. 0. 0. 0. 0. 0. 0. 0.
 0. 0. 0. 0. 0. 0. 0. 0. 0. 0. 0. 0. 0. 0. 0. 0.], shape=(64,), dtype=float32)
predicted label rank:[1 1 1 1 1 1 1 1 1 1 1 1 1 1 1 1 1 1 1 1 1 1 1 1 1 1 1 1 1 1 1 1 1 1 1 1 1
 1 1 1 1 1 1 1 1 1 1 1 1 1 1 1 1 1 1 1 1 1 1 1 1 1 1 1]
mse:tf.Tensor(0.013302274, shape=(), dtype=float32)
-------
mean(mse_list):0.013302274
