best_valid_epoch:2.0
train loss:0.11270333
valid loss:0.087546915
test loss list:tf.Tensor(0.66048545, shape=(), dtype=float32)
mean test loss:0.66048545
mean loss list:tf.Tensor(0.015380859, shape=(), dtype=float32)
mean mean loss:0.015380859
accuracy list:[<tf.Tensor: shape=(), dtype=float64, numpy=0.984375>]
mean accuracy:0.984375
-------
/Users/sherry/Downloads/Systematic-Predicate-Abstraction-using-Machine-Learning-master/Heuristic_selection/benchmarks/single-layer-graph-example/test_data/underapprox_1-2.c-1_000.smt2
true label:[0, 0, 0, 0, 0, 0, 0, 1, 0, 0, 0, 0, 0, 0, 0, 0, 0, 0, 0, 0, 0, 0, 0, 0, 0, 0, 0, 0, 0, 0, 0, 0, 0, 0, 0, 0, 0, 0, 0, 0, 0, 0, 0, 0, 0, 0, 0, 0, 0, 0, 0, 0, 0, 0, 0, 0, 0, 0, 0, 0, 0, 0, 0, 0]
true label rank:[1 1 1 1 1 1 1 2 1 1 1 1 1 1 1 1 1 1 1 1 1 1 1 1 1 1 1 1 1 1 1 1 1 1 1 1 1
 1 1 1 1 1 1 1 1 1 1 1 1 1 1 1 1 1 1 1 1 1 1 1 1 1 1 1]
predicted label:tf.Tensor(
[0.49109846 0.4883211  0.4889961  0.49231428 0.47482565 0.4941389
 0.48196343 0.49810728 0.4871355  0.47705823 0.46839428 0.48194844
 0.48333034 0.48283258 0.47705823 0.4840303  0.46839428 0.4860327
 0.4781874  0.49588937 0.48002657 0.48805174 0.47705823 0.46839428
 0.48194844 0.48805174 0.48283258 0.47705823 0.4840303  0.46839428
 0.4820633  0.49109846 0.48460338 0.487152   0.4860327  0.4820633
 0.49588937 0.48460338 0.48002657 0.487152   0.4889961  0.4813687
 0.4774958  0.4826141  0.4813687  0.480552   0.4774958  0.4864498
 0.4870329  0.4883211  0.48834756 0.4813687  0.4774958  0.4826141
 0.4813687  0.480552   0.4774958  0.4823666  0.4870329  0.48357123
 0.4864498  0.4823666  0.48834756 0.48357123], shape=(64,), dtype=float32)
rounded label:tf.Tensor(
[0. 0. 0. 0. 0. 0. 0. 0. 0. 0. 0. 0. 0. 0. 0. 0. 0. 0. 0. 0. 0. 0. 0. 0.
 0. 0. 0. 0. 0. 0. 0. 0. 0. 0. 0. 0. 0. 0. 0. 0. 0. 0. 0. 0. 0. 0. 0. 0.
 0. 0. 0. 0. 0. 0. 0. 0. 0. 0. 0. 0. 0. 0. 0. 0.], shape=(64,), dtype=float32)
predicted label rank:[1 1 1 1 1 1 1 1 1 1 1 1 1 1 1 1 1 1 1 1 1 1 1 1 1 1 1 1 1 1 1 1 1 1 1 1 1
 1 1 1 1 1 1 1 1 1 1 1 1 1 1 1 1 1 1 1 1 1 1 1 1 1 1 1]
mse:tf.Tensor(0.23367786, shape=(), dtype=float32)
-------
mean(mse_list):0.23367786
