best_valid_epoch:2.0
train loss:0.022741387
valid loss:0.021528117
test loss list:tf.Tensor(0.58438647, shape=(), dtype=float32)
mean test loss:0.58438647
mean loss list:tf.Tensor(0.015380859, shape=(), dtype=float32)
mean mean loss:0.015380859
accuracy list:[<tf.Tensor: shape=(), dtype=float64, numpy=0.984375>]
mean accuracy:0.984375
-------
/Users/sherry/Downloads/Systematic-Predicate-Abstraction-using-Machine-Learning-master/Heuristic_selection/benchmarks/single-layer-graph-example/test_data/underapprox_1-2.c-1_000.smt2
true label:[0, 0, 0, 0, 0, 0, 0, 1, 0, 0, 0, 0, 0, 0, 0, 0, 0, 0, 0, 0, 0, 0, 0, 0, 0, 0, 0, 0, 0, 0, 0, 0, 0, 0, 0, 0, 0, 0, 0, 0, 0, 0, 0, 0, 0, 0, 0, 0, 0, 0, 0, 0, 0, 0, 0, 0, 0, 0, 0, 0, 0, 0, 0, 0]
true label rank:[1 1 1 1 1 1 1 2 1 1 1 1 1 1 1 1 1 1 1 1 1 1 1 1 1 1 1 1 1 1 1 1 1 1 1 1 1
 1 1 1 1 1 1 1 1 1 1 1 1 1 1 1 1 1 1 1 1 1 1 1 1 1 1 1]
predicted label:tf.Tensor(
[0.40571225 0.46955585 0.45231605 0.50867337 0.4355328  0.48674002
 0.42823434 0.5039357  0.42793766 0.45923996 0.46743727 0.41785824
 0.42979047 0.4257505  0.44093567 0.42386764 0.4434671  0.39780965
 0.4476146  0.43966424 0.46547177 0.42830846 0.4581257  0.46616068
 0.4326383  0.42830846 0.44381434 0.4578389  0.44247007 0.46317023
 0.4212022  0.40571225 0.44807753 0.4553798  0.39780965 0.4297526
 0.43966424 0.44950822 0.46547177 0.45789316 0.45231605 0.473535
 0.43086037 0.43677247 0.4511447  0.4105679  0.41275078 0.44046128
 0.40490463 0.44714418 0.43331462 0.47229272 0.42885512 0.46344033
 0.47206613 0.43187404 0.43005264 0.44591424 0.40490463 0.42662913
 0.44046128 0.4526381  0.43331462 0.43628237], shape=(64,), dtype=float32)
rounded label:tf.Tensor(
[0. 0. 0. 1. 0. 0. 0. 1. 0. 0. 0. 0. 0. 0. 0. 0. 0. 0. 0. 0. 0. 0. 0. 0.
 0. 0. 0. 0. 0. 0. 0. 0. 0. 0. 0. 0. 0. 0. 0. 0. 0. 0. 0. 0. 0. 0. 0. 0.
 0. 0. 0. 0. 0. 0. 0. 0. 0. 0. 0. 0. 0. 0. 0. 0.], shape=(64,), dtype=float32)
predicted label rank:[1 1 1 2 1 1 1 2 1 1 1 1 1 1 1 1 1 1 1 1 1 1 1 1 1 1 1 1 1 1 1 1 1 1 1 1 1
 1 1 1 1 1 1 1 1 1 1 1 1 1 1 1 1 1 1 1 1 1 1 1 1 1 1 1]
mse:tf.Tensor(0.19595446, shape=(), dtype=float32)
-------
mean(mse_list):0.19595446
