best_valid_epoch:3.0
train loss:0.09348695
valid loss:0.07909738
test loss list:tf.Tensor(0.62672484, shape=(), dtype=float32)
mean test loss:0.62672484
mean loss list:tf.Tensor(0.011492698, shape=(), dtype=float32)
mean mean loss:0.011492698
accuracy list:[<tf.Tensor: shape=(), dtype=float64, numpy=0.9883720930232558>]
mean accuracy:0.9883720930232558
-------
/Users/sherry/Downloads/Systematic-Predicate-Abstraction-using-Machine-Learning-master/Heuristic_selection/benchmarks/single-layer-graph-example/test_data/multivar_true-unreach-call1.c.flat_000.smt2
true label:[0, 0, 0, 0, 0, 0, 0, 0, 0, 0, 0, 0, 0, 0, 0, 0, 0, 0, 0, 0, 0, 0, 0, 0, 0, 0, 0, 0, 0, 0, 0, 0, 0, 0, 0, 1, 0, 0, 0, 0, 0, 0, 0, 0, 0, 0, 0, 0, 0, 0, 0, 0, 0, 0, 0, 0, 0, 0, 0, 0, 0, 0, 0, 0, 0, 0, 0, 0, 0, 0, 0, 0, 0, 0, 0, 0, 0, 0, 0, 0, 0, 0, 0, 0, 0, 0]
true label rank:[1 1 1 1 1 1 1 1 1 1 1 1 1 1 1 1 1 1 1 1 1 1 1 1 1 1 1 1 1 1 1 1 1 1 1 2 1
 1 1 1 1 1 1 1 1 1 1 1 1 1 1 1 1 1 1 1 1 1 1 1 1 1 1 1 1 1 1 1 1 1 1 1 1 1
 1 1 1 1 1 1 1 1 1 1 1 1]
predicted label:tf.Tensor(
[0.45968744 0.4950276  0.45947763 0.4555712  0.47106385 0.46260962
 0.45813784 0.4546436  0.4724421  0.4555712  0.47610986 0.45836905
 0.47515267 0.46260962 0.47618657 0.45813784 0.47063622 0.4546436
 0.46314585 0.4629856  0.4690154  0.46598074 0.46170837 0.45968744
 0.46242666 0.46610332 0.46039325 0.46055666 0.4555712  0.46387234
 0.46260962 0.45813784 0.4546436  0.4724421  0.4555712  0.47610986
 0.46387234 0.47515267 0.46260962 0.47618657 0.45813784 0.47063622
 0.4546436  0.47242564 0.46170837 0.47636345 0.4629856  0.47464886
 0.46598074 0.47788644 0.4690154  0.47134516 0.46314585 0.47242564
 0.46055666 0.47636345 0.46242666 0.47464886 0.46039325 0.47788644
 0.46610332 0.47134516 0.4546436  0.4555712  0.47063622 0.4546436
 0.4724421  0.4555712  0.46170837 0.46314585 0.46055666 0.45968744
 0.4546436  0.4555712  0.47063622 0.4546436  0.4724421  0.4555712
 0.47134516 0.46314585 0.47242564 0.46170837 0.47134516 0.45968744
 0.47242567 0.46055666], shape=(86,), dtype=float32)
rounded label:tf.Tensor(
[0. 0. 0. 0. 0. 0. 0. 0. 0. 0. 0. 0. 0. 0. 0. 0. 0. 0. 0. 0. 0. 0. 0. 0.
 0. 0. 0. 0. 0. 0. 0. 0. 0. 0. 0. 0. 0. 0. 0. 0. 0. 0. 0. 0. 0. 0. 0. 0.
 0. 0. 0. 0. 0. 0. 0. 0. 0. 0. 0. 0. 0. 0. 0. 0. 0. 0. 0. 0. 0. 0. 0. 0.
 0. 0. 0. 0. 0. 0. 0. 0. 0. 0. 0. 0. 0. 0.], shape=(86,), dtype=float32)
predicted label rank:[1 1 1 1 1 1 1 1 1 1 1 1 1 1 1 1 1 1 1 1 1 1 1 1 1 1 1 1 1 1 1 1 1 1 1 1 1
 1 1 1 1 1 1 1 1 1 1 1 1 1 1 1 1 1 1 1 1 1 1 1 1 1 1 1 1 1 1 1 1 1 1 1 1 1
 1 1 1 1 1 1 1 1 1 1 1 1]
mse:tf.Tensor(0.21685028, shape=(), dtype=float32)
-------
mean(mse_list):0.21685028
