best_valid_epoch:2.0
train loss:0.08975479
valid loss:0.08973579
test loss list:tf.Tensor(0.3082892, shape=(), dtype=float32)
mean test loss:0.3082892
mean loss list:tf.Tensor(0.011492698, shape=(), dtype=float32)
mean mean loss:0.011492698
accuracy list:[<tf.Tensor: shape=(), dtype=float64, numpy=0.9883720930232558>]
mean accuracy:0.9883720930232558
-------
/Users/sherry/Downloads/Systematic-Predicate-Abstraction-using-Machine-Learning-master/Heuristic_selection/benchmarks/single-layer-graph-example/test_data/multivar_true-unreach-call1.c.flat_000.smt2
true label:[0, 0, 0, 0, 0, 0, 0, 0, 0, 0, 0, 0, 0, 0, 0, 0, 0, 0, 0, 0, 0, 0, 0, 0, 0, 0, 0, 0, 0, 0, 0, 0, 0, 0, 0, 1, 0, 0, 0, 0, 0, 0, 0, 0, 0, 0, 0, 0, 0, 0, 0, 0, 0, 0, 0, 0, 0, 0, 0, 0, 0, 0, 0, 0, 0, 0, 0, 0, 0, 0, 0, 0, 0, 0, 0, 0, 0, 0, 0, 0, 0, 0, 0, 0, 0, 0]
true label rank:[1 1 1 1 1 1 1 1 1 1 1 1 1 1 1 1 1 1 1 1 1 1 1 1 1 1 1 1 1 1 1 1 1 1 1 2 1
 1 1 1 1 1 1 1 1 1 1 1 1 1 1 1 1 1 1 1 1 1 1 1 1 1 1 1 1 1 1 1 1 1 1 1 1 1
 1 1 1 1 1 1 1 1 1 1 1 1]
predicted label:tf.Tensor(
[0.17992693 0.31231594 0.1260846  0.15809646 0.26648402 0.17085004
 0.24848378 0.367258   0.29639882 0.29640087 0.30371547 0.30371225
 0.23028773 0.2302889  0.34343803 0.343427   0.33434343 0.33432496
 0.27619815 0.43794733 0.27582937 0.42523915 0.39320323 0.17992693
 0.30816427 0.17090565 0.2253772  0.15900367 0.11293462 0.3424515
 0.16997465 0.20216617 0.2813694  0.17808676 0.17810073 0.33888724
 0.3424515  0.21618906 0.21616516 0.26363683 0.2636392  0.36669633
 0.36665452 0.1082952  0.39320323 0.18054947 0.43794733 0.11428529
 0.42523915 0.18496764 0.27582937 0.15224954 0.27619815 0.11932367
 0.15900367 0.23552924 0.30816427 0.09737456 0.2253772  0.18232456
 0.17090565 0.23934016 0.36725798 0.17346358 0.33434343 0.33432508
 0.26342857 0.26342577 0.39320356 0.31772733 0.15900391 0.18455058
 0.28136957 0.13696569 0.36669633 0.36665446 0.1850437  0.18502259
 0.15224928 0.31772733 0.11593786 0.39320356 0.23934004 0.18455058
 0.13813302 0.15900391], shape=(86,), dtype=float32)
rounded label:tf.Tensor(
[0. 0. 0. 0. 0. 0. 0. 0. 0. 0. 0. 0. 0. 0. 0. 0. 0. 0. 0. 0. 0. 0. 0. 0.
 0. 0. 0. 0. 0. 0. 0. 0. 0. 0. 0. 0. 0. 0. 0. 0. 0. 0. 0. 0. 0. 0. 0. 0.
 0. 0. 0. 0. 0. 0. 0. 0. 0. 0. 0. 0. 0. 0. 0. 0. 0. 0. 0. 0. 0. 0. 0. 0.
 0. 0. 0. 0. 0. 0. 0. 0. 0. 0. 0. 0. 0. 0.], shape=(86,), dtype=float32)
predicted label rank:[1 1 1 1 1 1 1 1 1 1 1 1 1 1 1 1 1 1 1 1 1 1 1 1 1 1 1 1 1 1 1 1 1 1 1 1 1
 1 1 1 1 1 1 1 1 1 1 1 1 1 1 1 1 1 1 1 1 1 1 1 1 1 1 1 1 1 1 1 1 1 1 1 1 1
 1 1 1 1 1 1 1 1 1 1 1 1]
mse:tf.Tensor(0.076435335, shape=(), dtype=float32)
-------
mean(mse_list):0.076435335
