best_valid_epoch:2.0
train loss:0.058750313
valid loss:0.06291986
test loss list:tf.Tensor(0.3013118, shape=(), dtype=float32)
mean test loss:0.3013118
mean loss list:tf.Tensor(0.011492698, shape=(), dtype=float32)
mean mean loss:0.011492698
accuracy list:[<tf.Tensor: shape=(), dtype=float64, numpy=0.9883720930232558>]
mean accuracy:0.9883720930232558
-------
/Users/sherry/Downloads/Systematic-Predicate-Abstraction-using-Machine-Learning-master/Heuristic_selection/benchmarks/single-layer-graph-example/test_data/multivar_true-unreach-call1.c.flat_000.smt2
true label:[0, 0, 0, 0, 0, 0, 0, 0, 0, 0, 0, 0, 0, 0, 0, 0, 0, 0, 0, 0, 0, 0, 0, 0, 0, 0, 0, 0, 0, 0, 0, 0, 0, 0, 0, 1, 0, 0, 0, 0, 0, 0, 0, 0, 0, 0, 0, 0, 0, 0, 0, 0, 0, 0, 0, 0, 0, 0, 0, 0, 0, 0, 0, 0, 0, 0, 0, 0, 0, 0, 0, 0, 0, 0, 0, 0, 0, 0, 0, 0, 0, 0, 0, 0, 0, 0]
true label rank:[1 1 1 1 1 1 1 1 1 1 1 1 1 1 1 1 1 1 1 1 1 1 1 1 1 1 1 1 1 1 1 1 1 1 1 2 1
 1 1 1 1 1 1 1 1 1 1 1 1 1 1 1 1 1 1 1 1 1 1 1 1 1 1 1 1 1 1 1 1 1 1 1 1 1
 1 1 1 1 1 1 1 1 1 1 1 1]
predicted label:tf.Tensor(
[0.1693933  0.24307457 0.26200688 0.23911566 0.31337738 0.29134363
 0.20408171 0.21164447 0.21928722 0.21793443 0.23720726 0.2341139
 0.24405605 0.24621081 0.20230761 0.202041   0.2464641  0.24434504
 0.43368262 0.41924602 0.41751495 0.34255797 0.39239544 0.1693933
 0.15157214 0.21792656 0.14910328 0.19770318 0.17718658 0.31219023
 0.25256807 0.16632923 0.21285978 0.24505612 0.24162579 0.21809417
 0.31219023 0.27116328 0.26523    0.1935431  0.19310102 0.21485806
 0.20932698 0.15574256 0.39239544 0.15728903 0.41924602 0.17738861
 0.34255797 0.14885482 0.41751495 0.22695813 0.43368262 0.19558927
 0.19770318 0.20245817 0.15157214 0.18824536 0.14910328 0.172732
 0.21792656 0.23523742 0.21164444 0.23954195 0.2464641  0.24434507
 0.20966128 0.20827273 0.3923955  0.42217854 0.19770318 0.16799438
 0.21285978 0.17265865 0.21485797 0.20932695 0.25263804 0.24891725
 0.22695816 0.42217854 0.15242454 0.3923955  0.23523742 0.16799438
 0.19426712 0.19770315], shape=(86,), dtype=float32)
rounded label:tf.Tensor(
[0. 0. 0. 0. 0. 0. 0. 0. 0. 0. 0. 0. 0. 0. 0. 0. 0. 0. 0. 0. 0. 0. 0. 0.
 0. 0. 0. 0. 0. 0. 0. 0. 0. 0. 0. 0. 0. 0. 0. 0. 0. 0. 0. 0. 0. 0. 0. 0.
 0. 0. 0. 0. 0. 0. 0. 0. 0. 0. 0. 0. 0. 0. 0. 0. 0. 0. 0. 0. 0. 0. 0. 0.
 0. 0. 0. 0. 0. 0. 0. 0. 0. 0. 0. 0. 0. 0.], shape=(86,), dtype=float32)
predicted label rank:[1 1 1 1 1 1 1 1 1 1 1 1 1 1 1 1 1 1 1 1 1 1 1 1 1 1 1 1 1 1 1 1 1 1 1 1 1
 1 1 1 1 1 1 1 1 1 1 1 1 1 1 1 1 1 1 1 1 1 1 1 1 1 1 1 1 1 1 1 1 1 1 1 1 1
 1 1 1 1 1 1 1 1 1 1 1 1]
mse:tf.Tensor(0.072634846, shape=(), dtype=float32)
-------
mean(mse_list):0.072634846
