best_valid_epoch:0.0
train loss:0.035602782
valid loss:0.033279367
test loss list:tf.Tensor(0.55459964, shape=(), dtype=float32)
mean test loss:0.55459964
mean loss list:tf.Tensor(0.011492698, shape=(), dtype=float32)
mean mean loss:0.011492698
accuracy list:[<tf.Tensor: shape=(), dtype=float64, numpy=0.9883720930232558>]
mean accuracy:0.9883720930232558
-------
/Users/sherry/Downloads/Systematic-Predicate-Abstraction-using-Machine-Learning-master/Heuristic_selection/benchmarks/single-layer-graph-example/test_data/multivar_true-unreach-call1.c.flat_000.smt2
true label:[0, 0, 0, 0, 0, 0, 0, 0, 0, 0, 0, 0, 0, 0, 0, 0, 0, 0, 0, 0, 0, 0, 0, 0, 0, 0, 0, 0, 0, 0, 0, 0, 0, 0, 0, 1, 0, 0, 0, 0, 0, 0, 0, 0, 0, 0, 0, 0, 0, 0, 0, 0, 0, 0, 0, 0, 0, 0, 0, 0, 0, 0, 0, 0, 0, 0, 0, 0, 0, 0, 0, 0, 0, 0, 0, 0, 0, 0, 0, 0, 0, 0, 0, 0, 0, 0]
true label rank:[1 1 1 1 1 1 1 1 1 1 1 1 1 1 1 1 1 1 1 1 1 1 1 1 1 1 1 1 1 1 1 1 1 1 1 2 1
 1 1 1 1 1 1 1 1 1 1 1 1 1 1 1 1 1 1 1 1 1 1 1 1 1 1 1 1 1 1 1 1 1 1 1 1 1
 1 1 1 1 1 1 1 1 1 1 1 1]
predicted label:tf.Tensor(
[0.3578519  0.47405562 0.37258935 0.4941138  0.3773322  0.43713826
 0.45785955 0.46190533 0.44855052 0.4499531  0.45750704 0.45658976
 0.4097517  0.4203109  0.4192668  0.42135823 0.43295887 0.42905962
 0.48346487 0.45142    0.40898553 0.44567746 0.43666893 0.3578519
 0.37411535 0.34635764 0.33312342 0.34936666 0.49707773 0.3349934
 0.440219   0.45964295 0.46627373 0.49603507 0.4885889  0.48661184
 0.3349934  0.4197034  0.4340331  0.46135598 0.45459962 0.45445335
 0.4588964  0.38768    0.43666893 0.39963078 0.45142    0.36839488
 0.44567746 0.37668383 0.40898553 0.3789159  0.48346487 0.41981214
 0.34936666 0.4229454  0.37411535 0.38471848 0.33312342 0.40549734
 0.34635764 0.396079   0.46190533 0.49206325 0.43295887 0.42905962
 0.44726282 0.4478647  0.43666893 0.48160318 0.34936666 0.35404423
 0.46627373 0.4951648  0.45445335 0.4588964  0.4952969  0.48670742
 0.3789159  0.48160318 0.3860561  0.43666893 0.396079   0.35404423
 0.41840714 0.34936666], shape=(86,), dtype=float32)
rounded label:tf.Tensor(
[0. 0. 0. 0. 0. 0. 0. 0. 0. 0. 0. 0. 0. 0. 0. 0. 0. 0. 0. 0. 0. 0. 0. 0.
 0. 0. 0. 0. 0. 0. 0. 0. 0. 0. 0. 0. 0. 0. 0. 0. 0. 0. 0. 0. 0. 0. 0. 0.
 0. 0. 0. 0. 0. 0. 0. 0. 0. 0. 0. 0. 0. 0. 0. 0. 0. 0. 0. 0. 0. 0. 0. 0.
 0. 0. 0. 0. 0. 0. 0. 0. 0. 0. 0. 0. 0. 0.], shape=(86,), dtype=float32)
predicted label rank:[1 1 1 1 1 1 1 1 1 1 1 1 1 1 1 1 1 1 1 1 1 1 1 1 1 1 1 1 1 1 1 1 1 1 1 1 1
 1 1 1 1 1 1 1 1 1 1 1 1 1 1 1 1 1 1 1 1 1 1 1 1 1 1 1 1 1 1 1 1 1 1 1 1 1
 1 1 1 1 1 1 1 1 1 1 1 1]
mse:tf.Tensor(0.18184367, shape=(), dtype=float32)
-------
mean(mse_list):0.18184367
