best_valid_epoch:1.0
train loss:0.06914736
valid loss:0.06596843
test loss list:tf.Tensor(0.64451104, shape=(), dtype=float32)
mean test loss:0.64451104
mean loss list:tf.Tensor(0.014702605, shape=(), dtype=float32)
mean mean loss:0.014702605
accuracy list:[<tf.Tensor: shape=(), dtype=float64, numpy=0.9850746268656716>]
mean accuracy:0.9850746268656716
-------
/Users/sherry/Downloads/Systematic-Predicate-Abstraction-using-Machine-Learning-master/Heuristic_selection/benchmarks/single-layer-graph-example/test_data/chc-lia-nonlin-0051_000-18.smt2
true label:[0, 0, 0, 0, 0, 0, 0, 0, 0, 0, 0, 0, 0, 0, 0, 0, 0, 0, 0, 0, 0, 0, 0, 0, 0, 0, 0, 0, 0, 0, 0, 0, 0, 0, 0, 0, 0, 0, 0, 0, 0, 0, 0, 0, 0, 0, 0, 0, 0, 0, 0, 0, 0, 0, 0, 0, 0, 0, 0, 0, 0, 0, 0, 0, 0, 0, 0, 0, 0, 0, 0, 0, 0, 0, 0, 0, 0, 0, 0, 0, 0, 0, 0, 0, 0, 0, 0, 0, 0, 0, 0, 0, 0, 1, 0, 0, 0, 0, 0, 0, 0, 0, 0, 0, 0, 0, 0, 0, 0, 0, 0, 0, 0, 0, 0, 0, 0, 0, 0, 0, 0, 0, 0, 0, 0, 0, 0, 0, 0, 0, 1, 0, 0, 0]
true label rank:[1 1 1 1 1 1 1 1 1 1 1 1 1 1 1 1 1 1 1 1 1 1 1 1 1 1 1 1 1 1 1 1 1 1 1 1 1
 1 1 1 1 1 1 1 1 1 1 1 1 1 1 1 1 1 1 1 1 1 1 1 1 1 1 1 1 1 1 1 1 1 1 1 1 1
 1 1 1 1 1 1 1 1 1 1 1 1 1 1 1 1 1 1 1 2 1 1 1 1 1 1 1 1 1 1 1 1 1 1 1 1 1
 1 1 1 1 1 1 1 1 1 1 1 1 1 1 1 1 1 1 1 2 1 1 1]
predicted label:tf.Tensor(
[0.4717812  0.45866707 0.49093187 0.44855243 0.4691412  0.47861633
 0.4735081  0.4697284  0.47216207 0.48422697 0.4691412  0.48404363
 0.47069874 0.48974416 0.4735081  0.4855085  0.4697284  0.481706
 0.47216207 0.4717812  0.47093064 0.47318667 0.47191826 0.4761926
 0.45866707 0.46257055 0.46777254 0.46251273 0.46760362 0.4691412
 0.4685657  0.4735081  0.4697284  0.47216207 0.48422697 0.4691412
 0.48404363 0.4685657  0.48974416 0.4735081  0.4855085  0.4697284
 0.481706   0.47216207 0.48297656 0.4761926  0.48437777 0.47093064
 0.49079525 0.47191826 0.48644412 0.47318667 0.48456824 0.48297656
 0.46760362 0.48437777 0.46257055 0.49079525 0.46251273 0.48644412
 0.46777254 0.48456824 0.45866707 0.47216207 0.4691412  0.4691412
 0.47216207 0.481706   0.47216207 0.48422697 0.4691412  0.48422697
 0.4691412  0.481706   0.47216207 0.4761926  0.4717812  0.4717812
 0.4761926  0.46760362 0.45866707 0.45866707 0.46760362 0.47216207
 0.4691412  0.4691412  0.47216207 0.481706   0.47216207 0.48422697
 0.4691412  0.48422697 0.4691412  0.481706   0.47216207 0.48456824
 0.4717812  0.48297656 0.4761926  0.48297656 0.4761926  0.48456824
 0.4717812  0.48456824 0.45866707 0.48297656 0.46760362 0.48297656
 0.46760362 0.48456824 0.45866707 0.47216207 0.4691412  0.481706
 0.47216207 0.48422697 0.4691412  0.4761926  0.4717812  0.46760362
 0.47216207 0.4691412  0.481706   0.47216207 0.48422697 0.4691412
 0.48456824 0.4717812  0.48297656 0.4761926  0.48456824 0.45866707
 0.48297656 0.46760362], shape=(134,), dtype=float32)
rounded label:tf.Tensor(
[0. 0. 0. 0. 0. 0. 0. 0. 0. 0. 0. 0. 0. 0. 0. 0. 0. 0. 0. 0. 0. 0. 0. 0.
 0. 0. 0. 0. 0. 0. 0. 0. 0. 0. 0. 0. 0. 0. 0. 0. 0. 0. 0. 0. 0. 0. 0. 0.
 0. 0. 0. 0. 0. 0. 0. 0. 0. 0. 0. 0. 0. 0. 0. 0. 0. 0. 0. 0. 0. 0. 0. 0.
 0. 0. 0. 0. 0. 0. 0. 0. 0. 0. 0. 0. 0. 0. 0. 0. 0. 0. 0. 0. 0. 0. 0. 0.
 0. 0. 0. 0. 0. 0. 0. 0. 0. 0. 0. 0. 0. 0. 0. 0. 0. 0. 0. 0. 0. 0. 0. 0.
 0. 0. 0. 0. 0. 0. 0. 0. 0. 0. 0. 0. 0. 0.], shape=(134,), dtype=float32)
predicted label rank:[1 1 1 1 1 1 1 1 1 1 1 1 1 1 1 1 1 1 1 1 1 1 1 1 1 1 1 1 1 1 1 1 1 1 1 1 1
 1 1 1 1 1 1 1 1 1 1 1 1 1 1 1 1 1 1 1 1 1 1 1 1 1 1 1 1 1 1 1 1 1 1 1 1 1
 1 1 1 1 1 1 1 1 1 1 1 1 1 1 1 1 1 1 1 1 1 1 1 1 1 1 1 1 1 1 1 1 1 1 1 1 1
 1 1 1 1 1 1 1 1 1 1 1 1 1 1 1 1 1 1 1 1 1 1 1]
mse:tf.Tensor(0.22570981, shape=(), dtype=float32)
-------
mean(mse_list):0.22570981
best_valid_epoch:2.0
train loss:0.19817363
valid loss:0.17077024
test loss list:tf.Tensor(0.67305523, shape=(), dtype=float32)
mean test loss:0.67305523
mean loss list:tf.Tensor(0.022210745, shape=(), dtype=float32)
mean mean loss:0.022210745
accuracy list:[<tf.Tensor: shape=(), dtype=float64, numpy=0.9772727272727273>]
mean accuracy:0.9772727272727273
-------
/Users/sherry/Downloads/Systematic-Predicate-Abstraction-using-Machine-Learning-master/Heuristic_selection/benchmarks/single-layer-graph-example/test_data/chc-lia-nonlin-0006_000-18.smt2
true label:[0, 0, 0, 0, 0, 0, 0, 0, 0, 0, 0, 0, 0, 0, 0, 0, 0, 0, 0, 0, 0, 0, 0, 0, 0, 0, 1, 0, 0, 0, 0, 0, 0, 0, 0, 0, 0, 0, 0, 0, 0, 0, 0, 0]
true label rank:[1 1 1 1 1 1 1 1 1 1 1 1 1 1 1 1 1 1 1 1 1 1 1 1 1 1 2 1 1 1 1 1 1 1 1 1 1
 1 1 1 1 1 1 1]
predicted label:tf.Tensor(
[0.49990258 0.4853464  0.48451164 0.48657092 0.48523232 0.48660043
 0.4872361  0.49990258 0.4931685  0.48763254 0.4934784  0.49293554
 0.4895528  0.49477687 0.48763254 0.48970458 0.4934784  0.48874918
 0.4875093  0.49051213 0.48451164 0.48523232 0.4872361  0.4861762
 0.48763254 0.4934784  0.49293554 0.4861762  0.49477687 0.48763254
 0.48970458 0.4934784  0.49194497 0.48874918 0.48999718 0.49051213
 0.4887234  0.4875093  0.49194497 0.48451164 0.48999718 0.4872361
 0.4887234  0.48523232], shape=(44,), dtype=float32)
rounded label:tf.Tensor(
[0. 0. 0. 0. 0. 0. 0. 0. 0. 0. 0. 0. 0. 0. 0. 0. 0. 0. 0. 0. 0. 0. 0. 0.
 0. 0. 0. 0. 0. 0. 0. 0. 0. 0. 0. 0. 0. 0. 0. 0. 0. 0. 0. 0.], shape=(44,), dtype=float32)
predicted label rank:[1 1 1 1 1 1 1 1 1 1 1 1 1 1 1 1 1 1 1 1 1 1 1 1 1 1 1 1 1 1 1 1 1 1 1 1 1
 1 1 1 1 1 1 1]
mse:tf.Tensor(0.23995613, shape=(), dtype=float32)
-------
mean(mse_list):0.23995613
