best_valid_epoch:0.0
train loss:0.1880434
valid loss:0.21025684
test loss list:tf.Tensor(0.34541115, shape=(), dtype=float32)
mean test loss:0.34541115
mean loss list:tf.Tensor(0.052469134, shape=(), dtype=float32)
mean mean loss:0.052469134
accuracy list:[<tf.Tensor: shape=(), dtype=float64, numpy=0.9444444444444444>]
mean accuracy:0.9444444444444444
-------
/Users/sherry/Downloads/Systematic-Predicate-Abstraction-using-Machine-Learning-master/Heuristic_selection/benchmarks/single-layer-graph-example/test_data/chc-lia-lin-0006_000.smt2
true label:[0, 1, 0, 0, 0, 0, 0, 0, 0, 0, 0, 0, 0, 0, 0, 0, 0, 0, 0, 1, 0, 0, 0, 0, 0, 0, 0, 0, 0, 0, 0, 0, 0, 0, 0, 0]
true label rank:[1 2 1 1 1 1 1 1 1 1 1 1 1 1 1 1 1 1 1 2 1 1 1 1 1 1 1 1 1 1 1 1 1 1 1 1]
predicted label:tf.Tensor(
[0.48359767 0.07768461 0.41336182 0.26581657 0.27970442 0.06488815
 0.09312996 0.0931381  0.10494009 0.10494763 0.11413589 0.11413732
 0.09282711 0.09476721 0.07768461 0.36520514 0.3113745  0.30236003
 0.14912677 0.24790686 0.24789682 0.23488319 0.2348902  0.13875964
 0.14912677 0.18384895 0.09476721 0.20085448 0.09282711 0.11317256
 0.24007758 0.41336182 0.15689889 0.36520514 0.28144047 0.48359767], shape=(36,), dtype=float32)
rounded label:tf.Tensor(
[0. 0. 0. 0. 0. 0. 0. 0. 0. 0. 0. 0. 0. 0. 0. 0. 0. 0. 0. 0. 0. 0. 0. 0.
 0. 0. 0. 0. 0. 0. 0. 0. 0. 0. 0. 0.], shape=(36,), dtype=float32)
predicted label rank:[1 1 1 1 1 1 1 1 1 1 1 1 1 1 1 1 1 1 1 1 1 1 1 1 1 1 1 1 1 1 1 1 1 1 1 1]
mse:tf.Tensor(0.09512803, shape=(), dtype=float32)
-------
mean(mse_list):0.09512803
