best_valid_epoch:4.0
train loss:0.11177354
valid loss:0.09838094
test loss list:tf.Tensor(0.29520696, shape=(), dtype=float32)
mean test loss:0.29520696
mean loss list:tf.Tensor(0.0161247, shape=(), dtype=float32)
mean mean loss:0.0161247
accuracy list:[<tf.Tensor: shape=(), dtype=float64, numpy=0.9836065573770492>]
mean accuracy:0.9836065573770492
-------
/Users/sherry/Downloads/Systematic-Predicate-Abstraction-using-Machine-Learning-master/Heuristic_selection/benchmarks/single-layer-graph-example/test_data/enc-zip4_000-772.smt2
true label:[0, 0, 0, 0, 0, 0, 0, 0, 0, 0, 0, 0, 0, 0, 0, 0, 0, 0, 0, 0, 0, 1, 0, 0, 0, 0, 0, 0, 0, 0, 0, 0, 0, 0, 0, 0, 0, 0, 0, 0, 0, 0, 0, 0, 0, 0, 0, 0, 0, 0, 0, 0, 0, 0, 0, 0, 0, 0, 0, 0, 0, 0, 0, 0, 0, 0, 0, 0, 0, 0, 0, 0, 0, 0, 0, 0, 0, 0, 0, 0, 0, 0, 0, 0, 0, 0, 0, 0, 0, 0, 0, 0, 1, 0, 0, 0, 0, 0, 0, 0, 0, 0, 0, 0, 0, 0, 0, 0, 0, 0, 0, 0, 0, 0, 0, 0, 0, 0, 0, 0, 0, 0]
true label rank:[1 1 1 1 1 1 1 1 1 1 1 1 1 1 1 1 1 1 1 1 1 2 1 1 1 1 1 1 1 1 1 1 1 1 1 1 1
 1 1 1 1 1 1 1 1 1 1 1 1 1 1 1 1 1 1 1 1 1 1 1 1 1 1 1 1 1 1 1 1 1 1 1 1 1
 1 1 1 1 1 1 1 1 1 1 1 1 1 1 1 1 1 1 2 1 1 1 1 1 1 1 1 1 1 1 1 1 1 1 1 1 1
 1 1 1 1 1 1 1 1 1 1 1]
predicted label:tf.Tensor(
[0.43459934 0.30544546 0.25016215 0.10554978 0.31442028 0.31320626
 0.25955325 0.25955337 0.21409565 0.21409559 0.34884048 0.34884042
 0.18335155 0.08590376 0.21632019 0.20395768 0.16861942 0.294271
 0.1328637  0.24914786 0.22604564 0.23070529 0.1328637  0.21448877
 0.21448281 0.26549417 0.26549548 0.17227763 0.18335155 0.12457713
 0.21632019 0.1499328  0.08590376 0.23933932 0.20395768 0.26827884
 0.294271   0.45908716 0.16861942 0.4365412  0.49102128 0.10554978
 0.31442028 0.31320626 0.25955325 0.25955337 0.21409565 0.21409559
 0.34884048 0.34884042 0.18335155 0.08590376 0.21632019 0.20395768
 0.16861942 0.294271   0.1328637  0.24914786 0.22604564 0.23070529
 0.1328637  0.21448877 0.21448281 0.26549417 0.26549548 0.17227763
 0.18335155 0.12457713 0.21632019 0.1499328  0.08590376 0.23933932
 0.20395768 0.26827884 0.294271   0.45908716 0.16861942 0.18173748
 0.2613368  0.27660167 0.24462834 0.24462408 0.22653651 0.22653559
 0.38263375 0.3826377  0.210828   0.18032885 0.2807734  0.26350117
 0.24571717 0.27010062 0.16957709 0.26350117 0.14820248 0.14820278
 0.21992385 0.21991846 0.30302602 0.210828   0.2603574  0.2807734
 0.4036283  0.18032885 0.17531618 0.20285934 0.24354976 0.19377583
 0.19377387 0.25421724 0.25421727 0.25757784 0.2575873  0.1992341
 0.21304387 0.2510985  0.21628892 0.1992341  0.22491473 0.22489765
 0.1701479  0.17015365], shape=(122,), dtype=float32)
rounded label:tf.Tensor(
[0. 0. 0. 0. 0. 0. 0. 0. 0. 0. 0. 0. 0. 0. 0. 0. 0. 0. 0. 0. 0. 0. 0. 0.
 0. 0. 0. 0. 0. 0. 0. 0. 0. 0. 0. 0. 0. 0. 0. 0. 0. 0. 0. 0. 0. 0. 0. 0.
 0. 0. 0. 0. 0. 0. 0. 0. 0. 0. 0. 0. 0. 0. 0. 0. 0. 0. 0. 0. 0. 0. 0. 0.
 0. 0. 0. 0. 0. 0. 0. 0. 0. 0. 0. 0. 0. 0. 0. 0. 0. 0. 0. 0. 0. 0. 0. 0.
 0. 0. 0. 0. 0. 0. 0. 0. 0. 0. 0. 0. 0. 0. 0. 0. 0. 0. 0. 0. 0. 0. 0. 0.
 0. 0.], shape=(122,), dtype=float32)
predicted label rank:[1 1 1 1 1 1 1 1 1 1 1 1 1 1 1 1 1 1 1 1 1 1 1 1 1 1 1 1 1 1 1 1 1 1 1 1 1
 1 1 1 1 1 1 1 1 1 1 1 1 1 1 1 1 1 1 1 1 1 1 1 1 1 1 1 1 1 1 1 1 1 1 1 1 1
 1 1 1 1 1 1 1 1 1 1 1 1 1 1 1 1 1 1 1 1 1 1 1 1 1 1 1 1 1 1 1 1 1 1 1 1 1
 1 1 1 1 1 1 1 1 1 1 1]
mse:tf.Tensor(0.07069439, shape=(), dtype=float32)
-------
mean(mse_list):0.07069439
