best_valid_epoch:8.0
train loss:0.10014194
valid loss:0.0970979
test loss list:tf.Tensor(0.17773198, shape=(), dtype=float32)
mean test loss:0.17773198
mean loss list:tf.Tensor(0.0161247, shape=(), dtype=float32)
mean mean loss:0.0161247
accuracy list:[<tf.Tensor: shape=(), dtype=float64, numpy=0.9836065573770492>]
mean accuracy:0.9836065573770492
-------
/Users/sherry/Downloads/Systematic-Predicate-Abstraction-using-Machine-Learning-master/Heuristic_selection/benchmarks/single-layer-graph-example/test_data/enc-zip4_000-772.smt2
true label:[0, 0, 0, 0, 0, 0, 0, 0, 0, 0, 0, 0, 0, 0, 0, 0, 0, 0, 0, 0, 0, 1, 0, 0, 0, 0, 0, 0, 0, 0, 0, 0, 0, 0, 0, 0, 0, 0, 0, 0, 0, 0, 0, 0, 0, 0, 0, 0, 0, 0, 0, 0, 0, 0, 0, 0, 0, 0, 0, 0, 0, 0, 0, 0, 0, 0, 0, 0, 0, 0, 0, 0, 0, 0, 0, 0, 0, 0, 0, 0, 0, 0, 0, 0, 0, 0, 0, 0, 0, 0, 0, 0, 1, 0, 0, 0, 0, 0, 0, 0, 0, 0, 0, 0, 0, 0, 0, 0, 0, 0, 0, 0, 0, 0, 0, 0, 0, 0, 0, 0, 0, 0]
true label rank:[1 1 1 1 1 1 1 1 1 1 1 1 1 1 1 1 1 1 1 1 1 2 1 1 1 1 1 1 1 1 1 1 1 1 1 1 1
 1 1 1 1 1 1 1 1 1 1 1 1 1 1 1 1 1 1 1 1 1 1 1 1 1 1 1 1 1 1 1 1 1 1 1 1 1
 1 1 1 1 1 1 1 1 1 1 1 1 1 1 1 1 1 1 2 1 1 1 1 1 1 1 1 1 1 1 1 1 1 1 1 1 1
 1 1 1 1 1 1 1 1 1 1 1]
predicted label:tf.Tensor(
[0.08707955 0.38769388 0.3839357  0.09343356 0.04839012 0.26904595
 0.08591557 0.08591557 0.0386596  0.03865966 0.10212108 0.10212103
 0.06541878 0.08342072 0.1627577  0.06043416 0.03348935 0.14410758
 0.11868441 0.0642058  0.30721802 0.11870083 0.11868441 0.0536117
 0.05361155 0.31289524 0.31289524 0.07577211 0.06541878 0.03069484
 0.1627577  0.10408345 0.08342072 0.0585964  0.06043416 0.02370065
 0.14410758 0.13989305 0.03348935 0.2484037  0.2846486  0.09343356
 0.04839012 0.26904595 0.08591557 0.08591557 0.0386596  0.03865966
 0.10212108 0.10212103 0.06541878 0.08342072 0.1627577  0.06043416
 0.03348935 0.14410758 0.11868441 0.0642058  0.30721802 0.11870083
 0.11868441 0.0536117  0.05361155 0.31289524 0.31289524 0.07577211
 0.06541878 0.03069484 0.1627577  0.10408345 0.08342072 0.0585964
 0.06043416 0.02370065 0.14410758 0.13989305 0.03348935 0.06887108
 0.0524731  0.28083146 0.24440828 0.24440822 0.07758635 0.07758635
 0.2707547  0.27075472 0.05237103 0.04675698 0.09515041 0.09434125
 0.06076658 0.32121077 0.10696989 0.09434125 0.03789076 0.03789082
 0.3020261  0.30202606 0.04570484 0.05237103 0.02145734 0.09515041
 0.08163559 0.04675698 0.07831541 0.04969487 0.29353303 0.25363907
 0.2536391  0.07915786 0.07915786 0.30944476 0.30944476 0.09095579
 0.05008125 0.26732343 0.12880445 0.09095579 0.04679292 0.04679289
 0.3041234  0.30412346], shape=(122,), dtype=float32)
rounded label:tf.Tensor(
[0. 0. 0. 0. 0. 0. 0. 0. 0. 0. 0. 0. 0. 0. 0. 0. 0. 0. 0. 0. 0. 0. 0. 0.
 0. 0. 0. 0. 0. 0. 0. 0. 0. 0. 0. 0. 0. 0. 0. 0. 0. 0. 0. 0. 0. 0. 0. 0.
 0. 0. 0. 0. 0. 0. 0. 0. 0. 0. 0. 0. 0. 0. 0. 0. 0. 0. 0. 0. 0. 0. 0. 0.
 0. 0. 0. 0. 0. 0. 0. 0. 0. 0. 0. 0. 0. 0. 0. 0. 0. 0. 0. 0. 0. 0. 0. 0.
 0. 0. 0. 0. 0. 0. 0. 0. 0. 0. 0. 0. 0. 0. 0. 0. 0. 0. 0. 0. 0. 0. 0. 0.
 0. 0.], shape=(122,), dtype=float32)
predicted label rank:[1 1 1 1 1 1 1 1 1 1 1 1 1 1 1 1 1 1 1 1 1 1 1 1 1 1 1 1 1 1 1 1 1 1 1 1 1
 1 1 1 1 1 1 1 1 1 1 1 1 1 1 1 1 1 1 1 1 1 1 1 1 1 1 1 1 1 1 1 1 1 1 1 1 1
 1 1 1 1 1 1 1 1 1 1 1 1 1 1 1 1 1 1 1 1 1 1 1 1 1 1 1 1 1 1 1 1 1 1 1 1 1
 1 1 1 1 1 1 1 1 1 1 1]
mse:tf.Tensor(0.038588017, shape=(), dtype=float32)
-------
mean(mse_list):0.038588017
