best_valid_epoch:1.0
train loss:0.10087485
valid loss:0.092051014
test loss list:tf.Tensor(0.6653737, shape=(), dtype=float32)
mean test loss:0.6653737
mean loss list:tf.Tensor(0.0161247, shape=(), dtype=float32)
mean mean loss:0.0161247
accuracy list:[<tf.Tensor: shape=(), dtype=float64, numpy=0.9836065573770492>]
mean accuracy:0.9836065573770492
-------
/Users/sherry/Downloads/Systematic-Predicate-Abstraction-using-Machine-Learning-master/Heuristic_selection/benchmarks/single-layer-graph-example/test_data/enc-zip4_000-772.smt2
true label:[0, 0, 0, 0, 0, 0, 0, 0, 0, 0, 0, 0, 0, 0, 0, 0, 0, 0, 0, 0, 0, 1, 0, 0, 0, 0, 0, 0, 0, 0, 0, 0, 0, 0, 0, 0, 0, 0, 0, 0, 0, 0, 0, 0, 0, 0, 0, 0, 0, 0, 0, 0, 0, 0, 0, 0, 0, 0, 0, 0, 0, 0, 0, 0, 0, 0, 0, 0, 0, 0, 0, 0, 0, 0, 0, 0, 0, 0, 0, 0, 0, 0, 0, 0, 0, 0, 0, 0, 0, 0, 0, 0, 1, 0, 0, 0, 0, 0, 0, 0, 0, 0, 0, 0, 0, 0, 0, 0, 0, 0, 0, 0, 0, 0, 0, 0, 0, 0, 0, 0, 0, 0]
true label rank:[1 1 1 1 1 1 1 1 1 1 1 1 1 1 1 1 1 1 1 1 1 2 1 1 1 1 1 1 1 1 1 1 1 1 1 1 1
 1 1 1 1 1 1 1 1 1 1 1 1 1 1 1 1 1 1 1 1 1 1 1 1 1 1 1 1 1 1 1 1 1 1 1 1 1
 1 1 1 1 1 1 1 1 1 1 1 1 1 1 1 1 1 1 2 1 1 1 1 1 1 1 1 1 1 1 1 1 1 1 1 1 1
 1 1 1 1 1 1 1 1 1 1 1]
predicted label:tf.Tensor(
[0.49800253 0.49311215 0.49311215 0.48778155 0.4863844  0.48811015
 0.4811576  0.4884501  0.47860646 0.4863844  0.48225814 0.48811015
 0.4882055  0.48843607 0.48788586 0.48026386 0.48138908 0.48448396
 0.47909874 0.4863844  0.48811015 0.4811576  0.47909874 0.47860646
 0.4863844  0.48225814 0.48811015 0.48038664 0.4882055  0.48026174
 0.48788586 0.47953272 0.48843607 0.48038664 0.48026386 0.48026174
 0.48448396 0.47953272 0.48138908 0.49311215 0.49311215 0.48778155
 0.4863844  0.48811015 0.4811576  0.4884501  0.47860646 0.4863844
 0.48225814 0.48811015 0.4882055  0.48843607 0.48788586 0.48026386
 0.48138908 0.48448396 0.47909874 0.4863844  0.48811015 0.4811576
 0.47909874 0.47860646 0.4863844  0.48225814 0.48811015 0.48038664
 0.4882055  0.48026174 0.48788586 0.47953272 0.48843607 0.48038664
 0.48026386 0.48026174 0.48448396 0.47953272 0.48138908 0.49494672
 0.4863844  0.48811015 0.4811576  0.4884501  0.47860646 0.4863844
 0.48225814 0.48811015 0.4909337  0.49413022 0.4955225  0.48721576
 0.4863844  0.48811015 0.4811576  0.48721576 0.47860646 0.4863844
 0.48225814 0.48811015 0.48038664 0.4909337  0.48026174 0.4955225
 0.47953272 0.49413022 0.49494672 0.4863844  0.48811015 0.4811576
 0.4884501  0.47860646 0.4863844  0.48225814 0.48811015 0.4942166
 0.4863844  0.48811015 0.4811576  0.4942166  0.47860646 0.4863844
 0.48225814 0.48811015], shape=(122,), dtype=float32)
rounded label:tf.Tensor(
[0. 0. 0. 0. 0. 0. 0. 0. 0. 0. 0. 0. 0. 0. 0. 0. 0. 0. 0. 0. 0. 0. 0. 0.
 0. 0. 0. 0. 0. 0. 0. 0. 0. 0. 0. 0. 0. 0. 0. 0. 0. 0. 0. 0. 0. 0. 0. 0.
 0. 0. 0. 0. 0. 0. 0. 0. 0. 0. 0. 0. 0. 0. 0. 0. 0. 0. 0. 0. 0. 0. 0. 0.
 0. 0. 0. 0. 0. 0. 0. 0. 0. 0. 0. 0. 0. 0. 0. 0. 0. 0. 0. 0. 0. 0. 0. 0.
 0. 0. 0. 0. 0. 0. 0. 0. 0. 0. 0. 0. 0. 0. 0. 0. 0. 0. 0. 0. 0. 0. 0. 0.
 0. 0.], shape=(122,), dtype=float32)
predicted label rank:[1 1 1 1 1 1 1 1 1 1 1 1 1 1 1 1 1 1 1 1 1 1 1 1 1 1 1 1 1 1 1 1 1 1 1 1 1
 1 1 1 1 1 1 1 1 1 1 1 1 1 1 1 1 1 1 1 1 1 1 1 1 1 1 1 1 1 1 1 1 1 1 1 1 1
 1 1 1 1 1 1 1 1 1 1 1 1 1 1 1 1 1 1 1 1 1 1 1 1 1 1 1 1 1 1 1 1 1 1 1 1 1
 1 1 1 1 1 1 1 1 1 1 1]
mse:tf.Tensor(0.23611847, shape=(), dtype=float32)
-------
mean(mse_list):0.23611847
