best_valid_epoch:2.0
train loss:0.074939504
valid loss:0.058565628
test loss list:tf.Tensor(0.21317118, shape=(), dtype=float32)
mean test loss:0.21317118
mean loss list:tf.Tensor(0.0161247, shape=(), dtype=float32)
mean mean loss:0.0161247
accuracy list:[<tf.Tensor: shape=(), dtype=float64, numpy=0.9836065573770492>]
mean accuracy:0.9836065573770492
-------
/Users/sherry/Downloads/Systematic-Predicate-Abstraction-using-Machine-Learning-master/Heuristic_selection/benchmarks/single-layer-graph-example/test_data/enc-zip4_000-772.smt2
true label:[0, 0, 0, 0, 0, 0, 0, 0, 0, 0, 0, 0, 0, 0, 0, 0, 0, 0, 0, 0, 0, 1, 0, 0, 0, 0, 0, 0, 0, 0, 0, 0, 0, 0, 0, 0, 0, 0, 0, 0, 0, 0, 0, 0, 0, 0, 0, 0, 0, 0, 0, 0, 0, 0, 0, 0, 0, 0, 0, 0, 0, 0, 0, 0, 0, 0, 0, 0, 0, 0, 0, 0, 0, 0, 0, 0, 0, 0, 0, 0, 0, 0, 0, 0, 0, 0, 0, 0, 0, 0, 0, 0, 1, 0, 0, 0, 0, 0, 0, 0, 0, 0, 0, 0, 0, 0, 0, 0, 0, 0, 0, 0, 0, 0, 0, 0, 0, 0, 0, 0, 0, 0]
true label rank:[1 1 1 1 1 1 1 1 1 1 1 1 1 1 1 1 1 1 1 1 1 2 1 1 1 1 1 1 1 1 1 1 1 1 1 1 1
 1 1 1 1 1 1 1 1 1 1 1 1 1 1 1 1 1 1 1 1 1 1 1 1 1 1 1 1 1 1 1 1 1 1 1 1 1
 1 1 1 1 1 1 1 1 1 1 1 1 1 1 1 1 1 1 2 1 1 1 1 1 1 1 1 1 1 1 1 1 1 1 1 1 1
 1 1 1 1 1 1 1 1 1 1 1]
predicted label:tf.Tensor(
[0.38934362 0.4966113  0.4379846  0.20221567 0.21472141 0.0917379
 0.04236108 0.0425781  0.08363643 0.08371076 0.06561771 0.06507301
 0.07205534 0.2509249  0.13868815 0.10197288 0.1207121  0.2479057
 0.1975959  0.18055624 0.1040096  0.03722402 0.1975959  0.15581086
 0.15934482 0.07720131 0.07621923 0.0446116  0.07205534 0.17227343
 0.13868815 0.07388663 0.2509249  0.04923508 0.10197288 0.21229795
 0.2479057  0.07572863 0.1207121  0.43339413 0.48266542 0.20221567
 0.21472141 0.0917379  0.04236108 0.0425781  0.08363643 0.08371076
 0.06561771 0.06507301 0.07205534 0.2509249  0.13868815 0.10197288
 0.1207121  0.2479057  0.1975959  0.18055624 0.1040096  0.03722402
 0.1975959  0.15581086 0.15934482 0.07720131 0.07621923 0.0446116
 0.07205534 0.17227343 0.13868815 0.07388663 0.2509249  0.04923508
 0.10197288 0.21229795 0.2479057  0.07572863 0.1207121  0.29293233
 0.22457147 0.09464484 0.03616694 0.03612486 0.16163182 0.16601169
 0.08445692 0.08428311 0.04831931 0.2049194  0.07550898 0.32856154
 0.16239494 0.08160305 0.03554481 0.32856154 0.16902149 0.1730626
 0.07481399 0.0740779  0.05211279 0.04831931 0.13931277 0.07550898
 0.08067214 0.2049194  0.17875403 0.20848379 0.09020543 0.04530025
 0.04531372 0.13320792 0.13427931 0.08839247 0.0878675  0.24206728
 0.1445553  0.07408568 0.04029447 0.24206728 0.18332231 0.18576074
 0.10154548 0.10027602], shape=(122,), dtype=float32)
rounded label:tf.Tensor(
[0. 0. 0. 0. 0. 0. 0. 0. 0. 0. 0. 0. 0. 0. 0. 0. 0. 0. 0. 0. 0. 0. 0. 0.
 0. 0. 0. 0. 0. 0. 0. 0. 0. 0. 0. 0. 0. 0. 0. 0. 0. 0. 0. 0. 0. 0. 0. 0.
 0. 0. 0. 0. 0. 0. 0. 0. 0. 0. 0. 0. 0. 0. 0. 0. 0. 0. 0. 0. 0. 0. 0. 0.
 0. 0. 0. 0. 0. 0. 0. 0. 0. 0. 0. 0. 0. 0. 0. 0. 0. 0. 0. 0. 0. 0. 0. 0.
 0. 0. 0. 0. 0. 0. 0. 0. 0. 0. 0. 0. 0. 0. 0. 0. 0. 0. 0. 0. 0. 0. 0. 0.
 0. 0.], shape=(122,), dtype=float32)
predicted label rank:[1 1 1 1 1 1 1 1 1 1 1 1 1 1 1 1 1 1 1 1 1 1 1 1 1 1 1 1 1 1 1 1 1 1 1 1 1
 1 1 1 1 1 1 1 1 1 1 1 1 1 1 1 1 1 1 1 1 1 1 1 1 1 1 1 1 1 1 1 1 1 1 1 1 1
 1 1 1 1 1 1 1 1 1 1 1 1 1 1 1 1 1 1 1 1 1 1 1 1 1 1 1 1 1 1 1 1 1 1 1 1 1
 1 1 1 1 1 1 1 1 1 1 1]
mse:tf.Tensor(0.044179864, shape=(), dtype=float32)
-------
mean(mse_list):0.044179864
