best_valid_epoch:2.0
train loss:0.07881644
valid loss:0.07632336
test loss list:tf.Tensor(0.478161, shape=(), dtype=float32)
mean test loss:0.478161
mean loss list:tf.Tensor(0.0161247, shape=(), dtype=float32)
mean mean loss:0.0161247
accuracy list:[<tf.Tensor: shape=(), dtype=float64, numpy=0.9836065573770492>]
mean accuracy:0.9836065573770492
-------
/Users/sherry/Downloads/Systematic-Predicate-Abstraction-using-Machine-Learning-master/Heuristic_selection/benchmarks/single-layer-graph-example/test_data/enc-zip4_000-772.smt2
true label:[0, 0, 0, 0, 0, 0, 0, 0, 0, 0, 0, 0, 0, 0, 0, 0, 0, 0, 0, 0, 0, 1, 0, 0, 0, 0, 0, 0, 0, 0, 0, 0, 0, 0, 0, 0, 0, 0, 0, 0, 0, 0, 0, 0, 0, 0, 0, 0, 0, 0, 0, 0, 0, 0, 0, 0, 0, 0, 0, 0, 0, 0, 0, 0, 0, 0, 0, 0, 0, 0, 0, 0, 0, 0, 0, 0, 0, 0, 0, 0, 0, 0, 0, 0, 0, 0, 0, 0, 0, 0, 0, 0, 1, 0, 0, 0, 0, 0, 0, 0, 0, 0, 0, 0, 0, 0, 0, 0, 0, 0, 0, 0, 0, 0, 0, 0, 0, 0, 0, 0, 0, 0]
true label rank:[1 1 1 1 1 1 1 1 1 1 1 1 1 1 1 1 1 1 1 1 1 2 1 1 1 1 1 1 1 1 1 1 1 1 1 1 1
 1 1 1 1 1 1 1 1 1 1 1 1 1 1 1 1 1 1 1 1 1 1 1 1 1 1 1 1 1 1 1 1 1 1 1 1 1
 1 1 1 1 1 1 1 1 1 1 1 1 1 1 1 1 1 1 2 1 1 1 1 1 1 1 1 1 1 1 1 1 1 1 1 1 1
 1 1 1 1 1 1 1 1 1 1 1]
predicted label:tf.Tensor(
[0.48724717 0.4957622  0.49852887 0.48432237 0.40817535 0.38579893
 0.30427212 0.300325   0.37833247 0.39730656 0.38129628 0.37131196
 0.34409714 0.40510705 0.3882184  0.2865645  0.30561423 0.29846606
 0.3480484  0.40802526 0.38435394 0.32499507 0.3480484  0.39196488
 0.41241628 0.40519416 0.38689232 0.2705571  0.34409714 0.35791975
 0.3882184  0.37430143 0.40510705 0.2835921  0.2865645  0.3683439
 0.29846606 0.38411838 0.30561423 0.49628434 0.49426812 0.48432237
 0.40817535 0.38579893 0.30427212 0.300325   0.37833247 0.39730656
 0.38129628 0.37131196 0.34409714 0.40510705 0.3882184  0.2865645
 0.30561423 0.29846606 0.3480484  0.40802526 0.38435394 0.32499507
 0.3480484  0.39196488 0.41241628 0.40519416 0.38689232 0.2705571
 0.34409714 0.35791975 0.3882184  0.37430143 0.40510705 0.2835921
 0.2865645  0.3683439  0.29846606 0.38411838 0.30561423 0.4439686
 0.40817535 0.38579893 0.31541324 0.31346375 0.38863075 0.4089831
 0.38725147 0.37379867 0.31987825 0.3629207  0.36597845 0.3527544
 0.41197366 0.38477194 0.32499507 0.3527544  0.39196488 0.41241628
 0.40519416 0.38689232 0.28207996 0.31987825 0.3598338  0.36597845
 0.3809902  0.3629207  0.4323362  0.40817535 0.38579893 0.31445223
 0.313914   0.3884235  0.40667313 0.3836798  0.37206402 0.4093014
 0.41197366 0.38477194 0.32255816 0.4093014  0.3903615  0.40802526
 0.40318605 0.38435394], shape=(122,), dtype=float32)
rounded label:tf.Tensor(
[0. 0. 0. 0. 0. 0. 0. 0. 0. 0. 0. 0. 0. 0. 0. 0. 0. 0. 0. 0. 0. 0. 0. 0.
 0. 0. 0. 0. 0. 0. 0. 0. 0. 0. 0. 0. 0. 0. 0. 0. 0. 0. 0. 0. 0. 0. 0. 0.
 0. 0. 0. 0. 0. 0. 0. 0. 0. 0. 0. 0. 0. 0. 0. 0. 0. 0. 0. 0. 0. 0. 0. 0.
 0. 0. 0. 0. 0. 0. 0. 0. 0. 0. 0. 0. 0. 0. 0. 0. 0. 0. 0. 0. 0. 0. 0. 0.
 0. 0. 0. 0. 0. 0. 0. 0. 0. 0. 0. 0. 0. 0. 0. 0. 0. 0. 0. 0. 0. 0. 0. 0.
 0. 0.], shape=(122,), dtype=float32)
predicted label rank:[1 1 1 1 1 1 1 1 1 1 1 1 1 1 1 1 1 1 1 1 1 1 1 1 1 1 1 1 1 1 1 1 1 1 1 1 1
 1 1 1 1 1 1 1 1 1 1 1 1 1 1 1 1 1 1 1 1 1 1 1 1 1 1 1 1 1 1 1 1 1 1 1 1 1
 1 1 1 1 1 1 1 1 1 1 1 1 1 1 1 1 1 1 1 1 1 1 1 1 1 1 1 1 1 1 1 1 1 1 1 1 1
 1 1 1 1 1 1 1 1 1 1 1]
mse:tf.Tensor(0.14560051, shape=(), dtype=float32)
-------
mean(mse_list):0.14560051
