best_valid_epoch:2.0
train loss:0.1122668
valid loss:0.08641064
test loss list:tf.Tensor(0.6657986, shape=(), dtype=float32)
mean test loss:0.6657986
mean loss list:tf.Tensor(0.01785124, shape=(), dtype=float32)
mean mean loss:0.01785124
accuracy list:[<tf.Tensor: shape=(), dtype=float64, numpy=0.9818181818181818>]
mean accuracy:0.9818181818181818
-------
/Users/sherry/Downloads/Systematic-Predicate-Abstraction-using-Machine-Learning-master/Heuristic_selection/benchmarks/single-layer-graph-example/test_data/003b-horn_000.smt2
true label:[0, 0, 0, 0, 0, 0, 0, 0, 0, 0, 0, 0, 0, 0, 0, 0, 1, 0, 0, 0, 0, 0, 0, 0, 0, 0, 0, 0, 0, 0, 0, 0, 0, 0, 0, 0, 0, 0, 0, 0, 0, 0, 0, 0, 0, 0, 0, 0, 0, 0, 0, 0, 0, 0, 0]
true label rank:[1 1 1 1 1 1 1 1 1 1 1 1 1 1 1 1 2 1 1 1 1 1 1 1 1 1 1 1 1 1 1 1 1 1 1 1 1
 1 1 1 1 1 1 1 1 1 1 1 1 1 1 1 1 1 1]
predicted label:tf.Tensor(
[0.49130532 0.48969185 0.48667997 0.4839486  0.47768867 0.48034677
 0.4844909  0.48049453 0.4859671  0.48887601 0.4832922  0.49011934
 0.49245808 0.4819314  0.49401698 0.47994483 0.489026   0.48956433
 0.4851433  0.48482335 0.48909605 0.48130533 0.48161504 0.48437974
 0.48892477 0.48222265 0.4886434  0.48072964 0.48046622 0.49294785
 0.49156034 0.48807296 0.48558253 0.49291107 0.48957282 0.47531593
 0.48708797 0.4831236  0.48491496 0.4882769  0.48038855 0.48717344
 0.48314688 0.48944914 0.49207264 0.49096593 0.48557186 0.47634315
 0.4802172  0.48532385 0.47732827 0.48670232 0.48074046 0.48657626
 0.49521118], shape=(55,), dtype=float32)
rounded label:tf.Tensor(
[0. 0. 0. 0. 0. 0. 0. 0. 0. 0. 0. 0. 0. 0. 0. 0. 0. 0. 0. 0. 0. 0. 0. 0.
 0. 0. 0. 0. 0. 0. 0. 0. 0. 0. 0. 0. 0. 0. 0. 0. 0. 0. 0. 0. 0. 0. 0. 0.
 0. 0. 0. 0. 0. 0. 0.], shape=(55,), dtype=float32)
predicted label rank:[1 1 1 1 1 1 1 1 1 1 1 1 1 1 1 1 1 1 1 1 1 1 1 1 1 1 1 1 1 1 1 1 1 1 1 1 1
 1 1 1 1 1 1 1 1 1 1 1 1 1 1 1 1 1 1]
mse:tf.Tensor(0.2363308, shape=(), dtype=float32)
-------
mean(mse_list):0.2363308
best_valid_epoch:1.0
train loss:0.07750918
valid loss:0.062684335
test loss list:tf.Tensor(0.66224426, shape=(), dtype=float32)
mean test loss:0.66224426
mean loss list:tf.Tensor(0.01785124, shape=(), dtype=float32)
mean mean loss:0.01785124
accuracy list:[<tf.Tensor: shape=(), dtype=float64, numpy=0.9818181818181818>]
mean accuracy:0.9818181818181818
-------
/Users/sherry/Downloads/Systematic-Predicate-Abstraction-using-Machine-Learning-master/Heuristic_selection/benchmarks/single-layer-graph-example/test_data/003-horn_000.smt2
true label:[0, 0, 0, 0, 0, 0, 0, 0, 0, 0, 0, 0, 0, 0, 0, 0, 1, 0, 0, 0, 0, 0, 0, 0, 0, 0, 0, 0, 0, 0, 0, 0, 0, 0, 0, 0, 0, 0, 0, 0, 0, 0, 0, 0, 0, 0, 0, 0, 0, 0, 0, 0, 0, 0, 0]
true label rank:[1 1 1 1 1 1 1 1 1 1 1 1 1 1 1 1 2 1 1 1 1 1 1 1 1 1 1 1 1 1 1 1 1 1 1 1 1
 1 1 1 1 1 1 1 1 1 1 1 1 1 1 1 1 1 1]
predicted label:tf.Tensor(
[0.48615852 0.48107493 0.4904353  0.48295912 0.48376828 0.48837176
 0.4902005  0.48204687 0.49087507 0.4762     0.4749156  0.4857275
 0.48211595 0.49281794 0.49056092 0.4798352  0.49108848 0.48433208
 0.48402277 0.47196078 0.47942424 0.47122264 0.48209456 0.48562875
 0.4798221  0.47593608 0.4813599  0.4888419  0.4812187  0.48137262
 0.48381802 0.479122   0.48473817 0.48930356 0.4800494  0.49622053
 0.4902888  0.49388325 0.47505188 0.48414502 0.4760381  0.49637723
 0.4760607  0.4928256  0.48817873 0.48675922 0.48800135 0.48342198
 0.48947483 0.48022223 0.48098767 0.4789271  0.48496023 0.48375076
 0.47766322], shape=(55,), dtype=float32)
rounded label:tf.Tensor(
[0. 0. 0. 0. 0. 0. 0. 0. 0. 0. 0. 0. 0. 0. 0. 0. 0. 0. 0. 0. 0. 0. 0. 0.
 0. 0. 0. 0. 0. 0. 0. 0. 0. 0. 0. 0. 0. 0. 0. 0. 0. 0. 0. 0. 0. 0. 0. 0.
 0. 0. 0. 0. 0. 0. 0.], shape=(55,), dtype=float32)
predicted label rank:[1 1 1 1 1 1 1 1 1 1 1 1 1 1 1 1 1 1 1 1 1 1 1 1 1 1 1 1 1 1 1 1 1 1 1 1 1
 1 1 1 1 1 1 1 1 1 1 1 1 1 1 1 1 1 1]
mse:tf.Tensor(0.23455615, shape=(), dtype=float32)
-------
mean(mse_list):0.23455615
