best_valid_epoch:0.0
train loss:0.07105114
valid loss:0.06975555
test loss list:tf.Tensor(0.54570025, shape=(), dtype=float32)
mean test loss:0.54570025
mean loss list:tf.Tensor(0.01785124, shape=(), dtype=float32)
mean mean loss:0.01785124
accuracy list:[<tf.Tensor: shape=(), dtype=float64, numpy=0.9818181818181818>]
mean accuracy:0.9818181818181818
-------
/Users/sherry/Downloads/Systematic-Predicate-Abstraction-using-Machine-Learning-master/Heuristic_selection/benchmarks/single-layer-graph-example/test_data/003b-horn_000.smt2
true label:[0, 0, 0, 0, 0, 0, 0, 0, 0, 0, 0, 0, 0, 0, 0, 0, 1, 0, 0, 0, 0, 0, 0, 0, 0, 0, 0, 0, 0, 0, 0, 0, 0, 0, 0, 0, 0, 0, 0, 0, 0, 0, 0, 0, 0, 0, 0, 0, 0, 0, 0, 0, 0, 0, 0]
true label rank:[1 1 1 1 1 1 1 1 1 1 1 1 1 1 1 1 2 1 1 1 1 1 1 1 1 1 1 1 1 1 1 1 1 1 1 1 1
 1 1 1 1 1 1 1 1 1 1 1 1 1 1 1 1 1 1]
predicted label:tf.Tensor(
[0.4175142  0.41388786 0.4678902  0.46361494 0.40669936 0.41525444
 0.46366644 0.41264746 0.46635187 0.40843555 0.4135188  0.46012616
 0.4043659  0.3964251  0.29551575 0.46896103 0.38861844 0.37451893
 0.41347104 0.3274825  0.41063324 0.45298564 0.41367388 0.36919355
 0.41008493 0.48306954 0.4150925  0.46579006 0.41747773 0.47166082
 0.41423005 0.37849554 0.41011405 0.4474458  0.41243652 0.41817668
 0.40980172 0.4381464  0.4152391  0.37282595 0.40854722 0.45979673
 0.4110035  0.39458394 0.4094384  0.3400374  0.4137714  0.39175612
 0.41326702 0.41401267 0.41148958 0.41274846 0.4020651  0.41151175
 0.4110968 ], shape=(55,), dtype=float32)
rounded label:tf.Tensor(
[0. 0. 0. 0. 0. 0. 0. 0. 0. 0. 0. 0. 0. 0. 0. 0. 0. 0. 0. 0. 0. 0. 0. 0.
 0. 0. 0. 0. 0. 0. 0. 0. 0. 0. 0. 0. 0. 0. 0. 0. 0. 0. 0. 0. 0. 0. 0. 0.
 0. 0. 0. 0. 0. 0. 0.], shape=(55,), dtype=float32)
predicted label rank:[1 1 1 1 1 1 1 1 1 1 1 1 1 1 1 1 1 1 1 1 1 1 1 1 1 1 1 1 1 1 1 1 1 1 1 1 1
 1 1 1 1 1 1 1 1 1 1 1 1 1 1 1 1 1 1]
mse:tf.Tensor(0.17728883, shape=(), dtype=float32)
-------
mean(mse_list):0.17728883
